[0.008s] Invoking command in '/home/victor/Caramelo_workspace/build/caramelo_one': CMAKE_PREFIX_PATH=/opt/ros/humble /usr/bin/cmake /home/victor/Caramelo_workspace/src/caramelo_one -DAMENT_CMAKE_SYMLINK_INSTALL=1 -DCMAKE_INSTALL_PREFIX=/home/victor/Caramelo_workspace/install/caramelo_one
[0.021s] -- Found ament_cmake: 1.3.10 (/opt/ros/humble/share/ament_cmake/cmake)
[0.125s] -- Override CMake install command with custom implementation using symlinks instead of copying resources
[0.133s] -- Found ament_lint_auto: 0.12.11 (/opt/ros/humble/share/ament_lint_auto/cmake)
[0.195s] -- Added test 'copyright' to check source files copyright and LICENSE
[0.287s] -- Added test 'flake8' to check Python code syntax and style conventions
[0.298s] -- Added test 'lint_cmake' to check CMake code style
[0.304s] -- Added test 'pep257' to check Python code against some of the docstring style conventions in PEP 257
[0.354s] -- Added test 'xmllint' to check XML markup files
[0.354s] -- Configuring done
[0.357s] -- Generating done
[0.358s] -- Build files have been written to: /home/victor/Caramelo_workspace/build/caramelo_one
[0.361s] Invoked command in '/home/victor/Caramelo_workspace/build/caramelo_one' returned '0': CMAKE_PREFIX_PATH=/opt/ros/humble /usr/bin/cmake /home/victor/Caramelo_workspace/src/caramelo_one -DAMENT_CMAKE_SYMLINK_INSTALL=1 -DCMAKE_INSTALL_PREFIX=/home/victor/Caramelo_workspace/install/caramelo_one
[0.363s] Invoking command in '/home/victor/Caramelo_workspace/build/caramelo_one': CMAKE_PREFIX_PATH=/opt/ros/humble /usr/bin/cmake --build /home/victor/Caramelo_workspace/build/caramelo_one -- -j8 -l8
[0.397s] Invoked command in '/home/victor/Caramelo_workspace/build/caramelo_one' returned '0': CMAKE_PREFIX_PATH=/opt/ros/humble /usr/bin/cmake --build /home/victor/Caramelo_workspace/build/caramelo_one -- -j8 -l8
[0.425s] Invoking command in '/home/victor/Caramelo_workspace/build/caramelo_one': CMAKE_PREFIX_PATH=/opt/ros/humble /usr/bin/cmake --install /home/victor/Caramelo_workspace/build/caramelo_one
[0.433s] -- Install configuration: ""
[0.433s] -- Execute custom install script
[0.434s] -- Symlinking: /home/victor/Caramelo_workspace/install/caramelo_one/share/caramelo_one/config/mapper_params_online_async.yaml
[0.442s] -- Symlinking: /home/victor/Caramelo_workspace/install/caramelo_one/share/caramelo_one/config/view_robot.rviz
[0.450s] -- Symlinking: /home/victor/Caramelo_workspace/install/caramelo_one/share/caramelo_one/description/camera.xacro
[0.458s] -- Symlinking: /home/victor/Caramelo_workspace/install/caramelo_one/share/caramelo_one/description/gazebo_control.xacro
[0.466s] -- Symlinking: /home/victor/Caramelo_workspace/install/caramelo_one/share/caramelo_one/description/inertial_macros.xacro
[0.474s] -- Symlinking: /home/victor/Caramelo_workspace/install/caramelo_one/share/caramelo_one/description/laser.xacro
[0.482s] -- Symlinking: /home/victor/Caramelo_workspace/install/caramelo_one/share/caramelo_one/description/robot.urdf.xacro
[0.490s] -- Symlinking: /home/victor/Caramelo_workspace/install/caramelo_one/share/caramelo_one/description/robot_core.xacro
[0.498s] -- Symlinking: /home/victor/Caramelo_workspace/install/caramelo_one/share/caramelo_one/launch/camera.launch..py
[0.506s] -- Symlinking: /home/victor/Caramelo_workspace/install/caramelo_one/share/caramelo_one/launch/launch_sim.launch.py
[0.514s] -- Symlinking: /home/victor/Caramelo_workspace/install/caramelo_one/share/caramelo_one/launch/rplidar.launch.py
[0.522s] -- Symlinking: /home/victor/Caramelo_workspace/install/caramelo_one/share/caramelo_one/launch/rsp.launch.py
[0.531s] -- Symlinking: /home/victor/Caramelo_workspace/install/caramelo_one/share/caramelo_one/worlds/empty.world
[0.539s] -- Symlinking: /home/victor/Caramelo_workspace/install/caramelo_one/share/caramelo_one/worlds/obstacles
[0.547s] -- Symlinking: /home/victor/Caramelo_workspace/install/caramelo_one/share/caramelo_one/worlds/simple_room_with_fixed_boxes.world
[0.555s] -- Symlinking: /home/victor/Caramelo_workspace/install/caramelo_one/share/caramelo_one/worlds/small_house.world
[0.563s] -- Symlinking: /home/victor/Caramelo_workspace/install/caramelo_one/share/caramelo_one/worlds/small_warehouse.world
[0.578s] -- Symlinking: /home/victor/Caramelo_workspace/install/caramelo_one/share/caramelo_one/models/aws_robomaker_residential_AirconditionerA_01/materials/textures/aws_AirconditionerA_01.png
[0.586s] -- Symlinking: /home/victor/Caramelo_workspace/install/caramelo_one/share/caramelo_one/models/aws_robomaker_residential_AirconditionerA_01/meshes/aws_AirconditionerA_01_collision.DAE
[0.594s] -- Symlinking: /home/victor/Caramelo_workspace/install/caramelo_one/share/caramelo_one/models/aws_robomaker_residential_AirconditionerA_01/meshes/aws_AirconditionerA_01_visual.DAE
[0.602s] -- Symlinking: /home/victor/Caramelo_workspace/install/caramelo_one/share/caramelo_one/models/aws_robomaker_residential_AirconditionerA_01/meshes/aws__Air conditioner_01.DAE
[0.611s] -- Symlinking: /home/victor/Caramelo_workspace/install/caramelo_one/share/caramelo_one/models/aws_robomaker_residential_AirconditionerA_01/model.config
[0.619s] -- Symlinking: /home/victor/Caramelo_workspace/install/caramelo_one/share/caramelo_one/models/aws_robomaker_residential_AirconditionerA_01/model.sdf
[0.627s] -- Symlinking: /home/victor/Caramelo_workspace/install/caramelo_one/share/caramelo_one/models/aws_robomaker_residential_AirconditionerB_01/materials/textures/aws_AirconditionerB_01.png
[0.635s] -- Symlinking: /home/victor/Caramelo_workspace/install/caramelo_one/share/caramelo_one/models/aws_robomaker_residential_AirconditionerB_01/meshes/aws_AirconditionerB_01_collision.DAE
[0.644s] -- Symlinking: /home/victor/Caramelo_workspace/install/caramelo_one/share/caramelo_one/models/aws_robomaker_residential_AirconditionerB_01/meshes/aws_AirconditionerB_01_visual.DAE
[0.652s] -- Symlinking: /home/victor/Caramelo_workspace/install/caramelo_one/share/caramelo_one/models/aws_robomaker_residential_AirconditionerB_01/model.config
[0.660s] -- Symlinking: /home/victor/Caramelo_workspace/install/caramelo_one/share/caramelo_one/models/aws_robomaker_residential_AirconditionerB_01/model.sdf
[0.668s] -- Symlinking: /home/victor/Caramelo_workspace/install/caramelo_one/share/caramelo_one/models/aws_robomaker_residential_BalconyTable_01/materials/textures/aws_BalconyTable_01.png
[0.676s] -- Symlinking: /home/victor/Caramelo_workspace/install/caramelo_one/share/caramelo_one/models/aws_robomaker_residential_BalconyTable_01/meshes/aws_BalconyTable_01_collision.DAE
[0.684s] -- Symlinking: /home/victor/Caramelo_workspace/install/caramelo_one/share/caramelo_one/models/aws_robomaker_residential_BalconyTable_01/meshes/aws_BalconyTable_01_visual.DAE
[0.692s] -- Symlinking: /home/victor/Caramelo_workspace/install/caramelo_one/share/caramelo_one/models/aws_robomaker_residential_BalconyTable_01/model.config
[0.700s] -- Symlinking: /home/victor/Caramelo_workspace/install/caramelo_one/share/caramelo_one/models/aws_robomaker_residential_BalconyTable_01/model.sdf
[0.708s] -- Symlinking: /home/victor/Caramelo_workspace/install/caramelo_one/share/caramelo_one/models/aws_robomaker_residential_Ball_01/materials/textures/aws_Ball_01.png
[0.716s] -- Symlinking: /home/victor/Caramelo_workspace/install/caramelo_one/share/caramelo_one/models/aws_robomaker_residential_Ball_01/meshes/aws_Ball_01_collision.DAE
[0.724s] -- Symlinking: /home/victor/Caramelo_workspace/install/caramelo_one/share/caramelo_one/models/aws_robomaker_residential_Ball_01/meshes/aws_Ball_01_visual.DAE
[0.733s] -- Symlinking: /home/victor/Caramelo_workspace/install/caramelo_one/share/caramelo_one/models/aws_robomaker_residential_Ball_01/model.config
[0.741s] -- Symlinking: /home/victor/Caramelo_workspace/install/caramelo_one/share/caramelo_one/models/aws_robomaker_residential_Ball_01/model.sdf
[0.749s] -- Symlinking: /home/victor/Caramelo_workspace/install/caramelo_one/share/caramelo_one/models/aws_robomaker_residential_Bed_01/materials/textures/aws_BedA_01.png
[0.757s] -- Symlinking: /home/victor/Caramelo_workspace/install/caramelo_one/share/caramelo_one/models/aws_robomaker_residential_Bed_01/materials/textures/aws_BedB_01.png
[0.766s] -- Symlinking: /home/victor/Caramelo_workspace/install/caramelo_one/share/caramelo_one/models/aws_robomaker_residential_Bed_01/materials/textures/aws_BedC_01.png
[0.774s] -- Symlinking: /home/victor/Caramelo_workspace/install/caramelo_one/share/caramelo_one/models/aws_robomaker_residential_Bed_01/materials/textures/aws_Bed_01.png
[0.782s] -- Symlinking: /home/victor/Caramelo_workspace/install/caramelo_one/share/caramelo_one/models/aws_robomaker_residential_Bed_01/meshes/aws_Bed_01_collision.DAE
[0.790s] -- Symlinking: /home/victor/Caramelo_workspace/install/caramelo_one/share/caramelo_one/models/aws_robomaker_residential_Bed_01/meshes/aws_Bed_01_visual.DAE
[0.799s] -- Symlinking: /home/victor/Caramelo_workspace/install/caramelo_one/share/caramelo_one/models/aws_robomaker_residential_Bed_01/model.config
[0.807s] -- Symlinking: /home/victor/Caramelo_workspace/install/caramelo_one/share/caramelo_one/models/aws_robomaker_residential_Bed_01/model.sdf
[0.814s] -- Symlinking: /home/victor/Caramelo_workspace/install/caramelo_one/share/caramelo_one/models/aws_robomaker_residential_Board_01/materials/textures/aws_Board_01.png
[0.823s] -- Symlinking: /home/victor/Caramelo_workspace/install/caramelo_one/share/caramelo_one/models/aws_robomaker_residential_Board_01/meshes/aws_Board_01_collision.DAE
[0.831s] -- Symlinking: /home/victor/Caramelo_workspace/install/caramelo_one/share/caramelo_one/models/aws_robomaker_residential_Board_01/meshes/aws_Board_01_visual.DAE
[0.840s] -- Symlinking: /home/victor/Caramelo_workspace/install/caramelo_one/share/caramelo_one/models/aws_robomaker_residential_Board_01/model.config
[0.848s] -- Symlinking: /home/victor/Caramelo_workspace/install/caramelo_one/share/caramelo_one/models/aws_robomaker_residential_Board_01/model.sdf
[0.856s] -- Symlinking: /home/victor/Caramelo_workspace/install/caramelo_one/share/caramelo_one/models/aws_robomaker_residential_Carpet_01/materials/textures/aws_Carpet_01.png
[0.865s] -- Symlinking: /home/victor/Caramelo_workspace/install/caramelo_one/share/caramelo_one/models/aws_robomaker_residential_Carpet_01/meshes/aws_Carpet_01_collision.DAE
[0.873s] -- Symlinking: /home/victor/Caramelo_workspace/install/caramelo_one/share/caramelo_one/models/aws_robomaker_residential_Carpet_01/meshes/aws_Carpet_01_visual.DAE
[0.881s] -- Symlinking: /home/victor/Caramelo_workspace/install/caramelo_one/share/caramelo_one/models/aws_robomaker_residential_Carpet_01/model.config
[0.888s] -- Symlinking: /home/victor/Caramelo_workspace/install/caramelo_one/share/caramelo_one/models/aws_robomaker_residential_Carpet_01/model.sdf
[0.896s] -- Symlinking: /home/victor/Caramelo_workspace/install/caramelo_one/share/caramelo_one/models/aws_robomaker_residential_ChairA_01/materials/textures/aws_ChairA_01.png
[0.904s] -- Symlinking: /home/victor/Caramelo_workspace/install/caramelo_one/share/caramelo_one/models/aws_robomaker_residential_ChairA_01/meshes/aws_ChairA_01_collision.DAE
[0.913s] -- Symlinking: /home/victor/Caramelo_workspace/install/caramelo_one/share/caramelo_one/models/aws_robomaker_residential_ChairA_01/meshes/aws_ChairA_01_visual.DAE
[0.921s] -- Symlinking: /home/victor/Caramelo_workspace/install/caramelo_one/share/caramelo_one/models/aws_robomaker_residential_ChairA_01/model.config
[0.929s] -- Symlinking: /home/victor/Caramelo_workspace/install/caramelo_one/share/caramelo_one/models/aws_robomaker_residential_ChairA_01/model.sdf
[0.938s] -- Symlinking: /home/victor/Caramelo_workspace/install/caramelo_one/share/caramelo_one/models/aws_robomaker_residential_ChairD_01/materials/textures/aws_ChairD_01.png
[0.946s] -- Symlinking: /home/victor/Caramelo_workspace/install/caramelo_one/share/caramelo_one/models/aws_robomaker_residential_ChairD_01/meshes/aws_ChairD_01_collision.DAE
[0.954s] -- Symlinking: /home/victor/Caramelo_workspace/install/caramelo_one/share/caramelo_one/models/aws_robomaker_residential_ChairD_01/meshes/aws_ChairD_01_visual.DAE
[0.962s] -- Symlinking: /home/victor/Caramelo_workspace/install/caramelo_one/share/caramelo_one/models/aws_robomaker_residential_ChairD_01/model.config
[0.970s] -- Symlinking: /home/victor/Caramelo_workspace/install/caramelo_one/share/caramelo_one/models/aws_robomaker_residential_ChairD_01/model.sdf
[0.978s] -- Symlinking: /home/victor/Caramelo_workspace/install/caramelo_one/share/caramelo_one/models/aws_robomaker_residential_Chandelier_01/materials/textures/aws_Chandelier_01.png
[0.986s] -- Symlinking: /home/victor/Caramelo_workspace/install/caramelo_one/share/caramelo_one/models/aws_robomaker_residential_Chandelier_01/meshes/aws_Chandelier_01.DAE
[0.994s] -- Symlinking: /home/victor/Caramelo_workspace/install/caramelo_one/share/caramelo_one/models/aws_robomaker_residential_Chandelier_01/meshes/aws_Chandelier_01_collision.DAE
[1.002s] -- Symlinking: /home/victor/Caramelo_workspace/install/caramelo_one/share/caramelo_one/models/aws_robomaker_residential_Chandelier_01/meshes/aws_Chandelier_01_visual.DAE
[1.010s] -- Symlinking: /home/victor/Caramelo_workspace/install/caramelo_one/share/caramelo_one/models/aws_robomaker_residential_Chandelier_01/model.config
[1.018s] -- Symlinking: /home/victor/Caramelo_workspace/install/caramelo_one/share/caramelo_one/models/aws_robomaker_residential_Chandelier_01/model.sdf
[1.026s] -- Symlinking: /home/victor/Caramelo_workspace/install/caramelo_one/share/caramelo_one/models/aws_robomaker_residential_CoffeeTable_01/materials/textures/aws_CoffeeTable_01.png
[1.035s] -- Symlinking: /home/victor/Caramelo_workspace/install/caramelo_one/share/caramelo_one/models/aws_robomaker_residential_CoffeeTable_01/meshes/aws_CoffeeTable_01_collision.DAE
[1.043s] -- Symlinking: /home/victor/Caramelo_workspace/install/caramelo_one/share/caramelo_one/models/aws_robomaker_residential_CoffeeTable_01/meshes/aws_CoffeeTable_01_visual.DAE
[1.051s] -- Symlinking: /home/victor/Caramelo_workspace/install/caramelo_one/share/caramelo_one/models/aws_robomaker_residential_CoffeeTable_01/model.config
[1.059s] -- Symlinking: /home/victor/Caramelo_workspace/install/caramelo_one/share/caramelo_one/models/aws_robomaker_residential_CoffeeTable_01/model.sdf
[1.067s] -- Symlinking: /home/victor/Caramelo_workspace/install/caramelo_one/share/caramelo_one/models/aws_robomaker_residential_CookingBench_01/materials/textures/aws_CookingBench_01.png
[1.075s] -- Symlinking: /home/victor/Caramelo_workspace/install/caramelo_one/share/caramelo_one/models/aws_robomaker_residential_CookingBench_01/meshes/aws_CookingBench_01.DAE
[1.083s] -- Symlinking: /home/victor/Caramelo_workspace/install/caramelo_one/share/caramelo_one/models/aws_robomaker_residential_CookingBench_01/meshes/aws_CookingBench_01_collision.DAE
[1.091s] -- Symlinking: /home/victor/Caramelo_workspace/install/caramelo_one/share/caramelo_one/models/aws_robomaker_residential_CookingBench_01/meshes/aws_CookingBench_01_visual.DAE
[1.099s] -- Symlinking: /home/victor/Caramelo_workspace/install/caramelo_one/share/caramelo_one/models/aws_robomaker_residential_CookingBench_01/model.config
[1.107s] -- Symlinking: /home/victor/Caramelo_workspace/install/caramelo_one/share/caramelo_one/models/aws_robomaker_residential_CookingBench_01/model.sdf
[1.115s] -- Symlinking: /home/victor/Caramelo_workspace/install/caramelo_one/share/caramelo_one/models/aws_robomaker_residential_Curtain_01/materials/textures/aws_Curtain_01.png
[1.123s] -- Symlinking: /home/victor/Caramelo_workspace/install/caramelo_one/share/caramelo_one/models/aws_robomaker_residential_Curtain_01/meshes/aws_Curtain_01_collision.DAE
[1.132s] -- Symlinking: /home/victor/Caramelo_workspace/install/caramelo_one/share/caramelo_one/models/aws_robomaker_residential_Curtain_01/meshes/aws_Curtain_01_visual.DAE
[1.140s] -- Symlinking: /home/victor/Caramelo_workspace/install/caramelo_one/share/caramelo_one/models/aws_robomaker_residential_Curtain_01/model.config
[1.148s] -- Symlinking: /home/victor/Caramelo_workspace/install/caramelo_one/share/caramelo_one/models/aws_robomaker_residential_Curtain_01/model.sdf
[1.156s] -- Symlinking: /home/victor/Caramelo_workspace/install/caramelo_one/share/caramelo_one/models/aws_robomaker_residential_DeskPortraitA_01/materials/textures/aws_DeskPortraitA_01.png
[1.164s] -- Symlinking: /home/victor/Caramelo_workspace/install/caramelo_one/share/caramelo_one/models/aws_robomaker_residential_DeskPortraitA_01/materials/textures/aws_DeskPortraitA_02.png
[1.172s] -- Symlinking: /home/victor/Caramelo_workspace/install/caramelo_one/share/caramelo_one/models/aws_robomaker_residential_DeskPortraitA_01/meshes/aws_DeskPortraitA_01_collision.DAE
[1.181s] -- Symlinking: /home/victor/Caramelo_workspace/install/caramelo_one/share/caramelo_one/models/aws_robomaker_residential_DeskPortraitA_01/meshes/aws_DeskPortraitA_01_visual.DAE
[1.189s] -- Symlinking: /home/victor/Caramelo_workspace/install/caramelo_one/share/caramelo_one/models/aws_robomaker_residential_DeskPortraitA_01/model.config
[1.197s] -- Symlinking: /home/victor/Caramelo_workspace/install/caramelo_one/share/caramelo_one/models/aws_robomaker_residential_DeskPortraitA_01/model.sdf
[1.205s] -- Symlinking: /home/victor/Caramelo_workspace/install/caramelo_one/share/caramelo_one/models/aws_robomaker_residential_DeskPortraitA_02/materials/textures/aws_DeskPortraitA_01.png
[1.213s] -- Symlinking: /home/victor/Caramelo_workspace/install/caramelo_one/share/caramelo_one/models/aws_robomaker_residential_DeskPortraitA_02/materials/textures/aws_DeskPortraitA_02.png
[1.221s] -- Symlinking: /home/victor/Caramelo_workspace/install/caramelo_one/share/caramelo_one/models/aws_robomaker_residential_DeskPortraitA_02/meshes/aws_DeskPortraitA_01_collision.DAE
[1.229s] -- Symlinking: /home/victor/Caramelo_workspace/install/caramelo_one/share/caramelo_one/models/aws_robomaker_residential_DeskPortraitA_02/meshes/aws_DeskPortraitA_01_visual.DAE
[1.238s] -- Symlinking: /home/victor/Caramelo_workspace/install/caramelo_one/share/caramelo_one/models/aws_robomaker_residential_DeskPortraitA_02/model.config
[1.246s] -- Symlinking: /home/victor/Caramelo_workspace/install/caramelo_one/share/caramelo_one/models/aws_robomaker_residential_DeskPortraitA_02/model.sdf
[1.254s] -- Symlinking: /home/victor/Caramelo_workspace/install/caramelo_one/share/caramelo_one/models/aws_robomaker_residential_DeskPortraitB_01/materials/textures/aws_DeskPortraitB_01.png
[1.262s] -- Symlinking: /home/victor/Caramelo_workspace/install/caramelo_one/share/caramelo_one/models/aws_robomaker_residential_DeskPortraitB_01/materials/textures/aws_DeskPortraitB_02.png
[1.270s] -- Symlinking: /home/victor/Caramelo_workspace/install/caramelo_one/share/caramelo_one/models/aws_robomaker_residential_DeskPortraitB_01/meshes/aws_DeskPortraitB_01_collision.DAE
[1.278s] -- Symlinking: /home/victor/Caramelo_workspace/install/caramelo_one/share/caramelo_one/models/aws_robomaker_residential_DeskPortraitB_01/meshes/aws_DeskPortraitB_01_visual.DAE
[1.286s] -- Symlinking: /home/victor/Caramelo_workspace/install/caramelo_one/share/caramelo_one/models/aws_robomaker_residential_DeskPortraitB_01/model.config
[1.294s] -- Symlinking: /home/victor/Caramelo_workspace/install/caramelo_one/share/caramelo_one/models/aws_robomaker_residential_DeskPortraitB_01/model.sdf
[1.302s] -- Symlinking: /home/victor/Caramelo_workspace/install/caramelo_one/share/caramelo_one/models/aws_robomaker_residential_DeskPortraitB_02/materials/textures/aws_DeskPortraitB_01.png
[1.310s] -- Symlinking: /home/victor/Caramelo_workspace/install/caramelo_one/share/caramelo_one/models/aws_robomaker_residential_DeskPortraitB_02/materials/textures/aws_DeskPortraitB_02.png
[1.318s] -- Symlinking: /home/victor/Caramelo_workspace/install/caramelo_one/share/caramelo_one/models/aws_robomaker_residential_DeskPortraitB_02/meshes/aws_DeskPortraitB_01_collision.DAE
[1.326s] -- Symlinking: /home/victor/Caramelo_workspace/install/caramelo_one/share/caramelo_one/models/aws_robomaker_residential_DeskPortraitB_02/meshes/aws_DeskPortraitB_01_visual.DAE
[1.335s] -- Symlinking: /home/victor/Caramelo_workspace/install/caramelo_one/share/caramelo_one/models/aws_robomaker_residential_DeskPortraitB_02/model.config
[1.343s] -- Symlinking: /home/victor/Caramelo_workspace/install/caramelo_one/share/caramelo_one/models/aws_robomaker_residential_DeskPortraitB_02/model.sdf
[1.351s] -- Symlinking: /home/victor/Caramelo_workspace/install/caramelo_one/share/caramelo_one/models/aws_robomaker_residential_DeskPortraitC_01/materials/textures/aws_DeskPortraitC_01.png
[1.359s] -- Symlinking: /home/victor/Caramelo_workspace/install/caramelo_one/share/caramelo_one/models/aws_robomaker_residential_DeskPortraitC_01/materials/textures/aws_DeskPortraitC_02.png
[1.367s] -- Symlinking: /home/victor/Caramelo_workspace/install/caramelo_one/share/caramelo_one/models/aws_robomaker_residential_DeskPortraitC_01/meshes/aws_DeskPortraitC_01_collision.DAE
[1.375s] -- Symlinking: /home/victor/Caramelo_workspace/install/caramelo_one/share/caramelo_one/models/aws_robomaker_residential_DeskPortraitC_01/meshes/aws_DeskPortraitC_01_visual.DAE
[1.384s] -- Symlinking: /home/victor/Caramelo_workspace/install/caramelo_one/share/caramelo_one/models/aws_robomaker_residential_DeskPortraitC_01/model.config
[1.392s] -- Symlinking: /home/victor/Caramelo_workspace/install/caramelo_one/share/caramelo_one/models/aws_robomaker_residential_DeskPortraitC_01/model.sdf
[1.400s] -- Symlinking: /home/victor/Caramelo_workspace/install/caramelo_one/share/caramelo_one/models/aws_robomaker_residential_DeskPortraitC_02/materials/textures/aws_DeskPortraitC_01.png
[1.408s] -- Symlinking: /home/victor/Caramelo_workspace/install/caramelo_one/share/caramelo_one/models/aws_robomaker_residential_DeskPortraitC_02/materials/textures/aws_DeskPortraitC_02.png
[1.416s] -- Symlinking: /home/victor/Caramelo_workspace/install/caramelo_one/share/caramelo_one/models/aws_robomaker_residential_DeskPortraitC_02/meshes/aws_DeskPortraitC_01_collision.DAE
[1.425s] -- Symlinking: /home/victor/Caramelo_workspace/install/caramelo_one/share/caramelo_one/models/aws_robomaker_residential_DeskPortraitC_02/meshes/aws_DeskPortraitC_01_visual.DAE
[1.434s] -- Symlinking: /home/victor/Caramelo_workspace/install/caramelo_one/share/caramelo_one/models/aws_robomaker_residential_DeskPortraitC_02/model.config
[1.442s] -- Symlinking: /home/victor/Caramelo_workspace/install/caramelo_one/share/caramelo_one/models/aws_robomaker_residential_DeskPortraitC_02/model.sdf
[1.450s] -- Symlinking: /home/victor/Caramelo_workspace/install/caramelo_one/share/caramelo_one/models/aws_robomaker_residential_DeskPortraitD_01/materials/textures/aws_DeskPortraitD_01.png
[1.458s] -- Symlinking: /home/victor/Caramelo_workspace/install/caramelo_one/share/caramelo_one/models/aws_robomaker_residential_DeskPortraitD_01/materials/textures/aws_DeskPortraitD_02.png
[1.466s] -- Symlinking: /home/victor/Caramelo_workspace/install/caramelo_one/share/caramelo_one/models/aws_robomaker_residential_DeskPortraitD_01/meshes/aws_DeskPortraitD_01_collision.DAE
[1.474s] -- Symlinking: /home/victor/Caramelo_workspace/install/caramelo_one/share/caramelo_one/models/aws_robomaker_residential_DeskPortraitD_01/meshes/aws_DeskPortraitD_01_visual.DAE
[1.482s] -- Symlinking: /home/victor/Caramelo_workspace/install/caramelo_one/share/caramelo_one/models/aws_robomaker_residential_DeskPortraitD_01/model.config
[1.490s] -- Symlinking: /home/victor/Caramelo_workspace/install/caramelo_one/share/caramelo_one/models/aws_robomaker_residential_DeskPortraitD_01/model.sdf
[1.498s] -- Symlinking: /home/victor/Caramelo_workspace/install/caramelo_one/share/caramelo_one/models/aws_robomaker_residential_DeskPortraitD_02/materials/textures/aws_DeskPortraitD_01.png
[1.506s] -- Symlinking: /home/victor/Caramelo_workspace/install/caramelo_one/share/caramelo_one/models/aws_robomaker_residential_DeskPortraitD_02/materials/textures/aws_DeskPortraitD_02.png
[1.514s] -- Symlinking: /home/victor/Caramelo_workspace/install/caramelo_one/share/caramelo_one/models/aws_robomaker_residential_DeskPortraitD_02/meshes/aws_DeskPortraitD_01_collision.DAE
[1.523s] -- Symlinking: /home/victor/Caramelo_workspace/install/caramelo_one/share/caramelo_one/models/aws_robomaker_residential_DeskPortraitD_02/meshes/aws_DeskPortraitD_01_visual.DAE
[1.531s] -- Symlinking: /home/victor/Caramelo_workspace/install/caramelo_one/share/caramelo_one/models/aws_robomaker_residential_DeskPortraitD_02/model.config
[1.539s] -- Symlinking: /home/victor/Caramelo_workspace/install/caramelo_one/share/caramelo_one/models/aws_robomaker_residential_DeskPortraitD_02/model.sdf
[1.547s] -- Symlinking: /home/victor/Caramelo_workspace/install/caramelo_one/share/caramelo_one/models/aws_robomaker_residential_DeskPortraitD_03/materials/textures/aws_DeskPortraitD_01.png
[1.555s] -- Symlinking: /home/victor/Caramelo_workspace/install/caramelo_one/share/caramelo_one/models/aws_robomaker_residential_DeskPortraitD_03/materials/textures/aws_DeskPortraitD_02.png
[1.563s] -- Symlinking: /home/victor/Caramelo_workspace/install/caramelo_one/share/caramelo_one/models/aws_robomaker_residential_DeskPortraitD_03/meshes/aws_DeskPortraitD_01_collision.DAE
[1.571s] -- Symlinking: /home/victor/Caramelo_workspace/install/caramelo_one/share/caramelo_one/models/aws_robomaker_residential_DeskPortraitD_03/meshes/aws_DeskPortraitD_01_visual.DAE
[1.580s] -- Symlinking: /home/victor/Caramelo_workspace/install/caramelo_one/share/caramelo_one/models/aws_robomaker_residential_DeskPortraitD_03/model.config
[1.588s] -- Symlinking: /home/victor/Caramelo_workspace/install/caramelo_one/share/caramelo_one/models/aws_robomaker_residential_DeskPortraitD_03/model.sdf
[1.596s] -- Symlinking: /home/victor/Caramelo_workspace/install/caramelo_one/share/caramelo_one/models/aws_robomaker_residential_DeskPortraitD_04/materials/textures/aws_DeskPortraitD_01.png
[1.604s] -- Symlinking: /home/victor/Caramelo_workspace/install/caramelo_one/share/caramelo_one/models/aws_robomaker_residential_DeskPortraitD_04/materials/textures/aws_DeskPortraitD_02.png
[1.612s] -- Symlinking: /home/victor/Caramelo_workspace/install/caramelo_one/share/caramelo_one/models/aws_robomaker_residential_DeskPortraitD_04/meshes/aws_DeskPortraitD_01_collision.DAE
[1.620s] -- Symlinking: /home/victor/Caramelo_workspace/install/caramelo_one/share/caramelo_one/models/aws_robomaker_residential_DeskPortraitD_04/meshes/aws_DeskPortraitD_01_visual.DAE
[1.628s] -- Symlinking: /home/victor/Caramelo_workspace/install/caramelo_one/share/caramelo_one/models/aws_robomaker_residential_DeskPortraitD_04/model.config
[1.637s] -- Symlinking: /home/victor/Caramelo_workspace/install/caramelo_one/share/caramelo_one/models/aws_robomaker_residential_DeskPortraitD_04/model.sdf
[1.645s] -- Symlinking: /home/victor/Caramelo_workspace/install/caramelo_one/share/caramelo_one/models/aws_robomaker_residential_Door_01/materials/textures/aws_Door_01.png
[1.654s] -- Symlinking: /home/victor/Caramelo_workspace/install/caramelo_one/share/caramelo_one/models/aws_robomaker_residential_Door_01/meshes/aws_Door_01_collision.DAE
[1.662s] -- Symlinking: /home/victor/Caramelo_workspace/install/caramelo_one/share/caramelo_one/models/aws_robomaker_residential_Door_01/meshes/aws_Door_01_visual.DAE
[1.670s] -- Symlinking: /home/victor/Caramelo_workspace/install/caramelo_one/share/caramelo_one/models/aws_robomaker_residential_Door_01/model.config
[1.678s] -- Symlinking: /home/victor/Caramelo_workspace/install/caramelo_one/share/caramelo_one/models/aws_robomaker_residential_Door_01/model.sdf
[1.686s] -- Symlinking: /home/victor/Caramelo_workspace/install/caramelo_one/share/caramelo_one/models/aws_robomaker_residential_Dumbbell_01/materials/textures/aws_Dumbbell_01.png
[1.694s] -- Symlinking: /home/victor/Caramelo_workspace/install/caramelo_one/share/caramelo_one/models/aws_robomaker_residential_Dumbbell_01/meshes/aws_Dumbbell_01_collision.DAE
[1.702s] -- Symlinking: /home/victor/Caramelo_workspace/install/caramelo_one/share/caramelo_one/models/aws_robomaker_residential_Dumbbell_01/meshes/aws_Dumbbell_01_visual.DAE
[1.710s] -- Symlinking: /home/victor/Caramelo_workspace/install/caramelo_one/share/caramelo_one/models/aws_robomaker_residential_Dumbbell_01/model.config
[1.718s] -- Symlinking: /home/victor/Caramelo_workspace/install/caramelo_one/share/caramelo_one/models/aws_robomaker_residential_Dumbbell_01/model.sdf
[1.726s] -- Symlinking: /home/victor/Caramelo_workspace/install/caramelo_one/share/caramelo_one/models/aws_robomaker_residential_FitnessEquipment_01/materials/textures/aws_FitnessEquipment_01.png
[1.735s] -- Symlinking: /home/victor/Caramelo_workspace/install/caramelo_one/share/caramelo_one/models/aws_robomaker_residential_FitnessEquipment_01/meshes/aws_FitnessEquipment_01_collision.DAE
[1.743s] -- Symlinking: /home/victor/Caramelo_workspace/install/caramelo_one/share/caramelo_one/models/aws_robomaker_residential_FitnessEquipment_01/meshes/aws_FitnessEquipment_01_visual.DAE
[1.751s] -- Symlinking: /home/victor/Caramelo_workspace/install/caramelo_one/share/caramelo_one/models/aws_robomaker_residential_FitnessEquipment_01/model.config
[1.759s] -- Symlinking: /home/victor/Caramelo_workspace/install/caramelo_one/share/caramelo_one/models/aws_robomaker_residential_FitnessEquipment_01/model.sdf
[1.767s] -- Symlinking: /home/victor/Caramelo_workspace/install/caramelo_one/share/caramelo_one/models/aws_robomaker_residential_FloorB_01/materials/textures/aws_FloorB_01.png
[1.775s] -- Symlinking: /home/victor/Caramelo_workspace/install/caramelo_one/share/caramelo_one/models/aws_robomaker_residential_FloorB_01/meshes/aws_FloorB_01_collision.DAE
[1.783s] -- Symlinking: /home/victor/Caramelo_workspace/install/caramelo_one/share/caramelo_one/models/aws_robomaker_residential_FloorB_01/meshes/aws_FloorB_01_visual.DAE
[1.791s] -- Symlinking: /home/victor/Caramelo_workspace/install/caramelo_one/share/caramelo_one/models/aws_robomaker_residential_FloorB_01/model.config
[1.799s] -- Symlinking: /home/victor/Caramelo_workspace/install/caramelo_one/share/caramelo_one/models/aws_robomaker_residential_FloorB_01/model.sdf
[1.807s] -- Symlinking: /home/victor/Caramelo_workspace/install/caramelo_one/share/caramelo_one/models/aws_robomaker_residential_FoldingDoor_01/materials/textures/aws_FoldingDoor_01.png
[1.815s] -- Symlinking: /home/victor/Caramelo_workspace/install/caramelo_one/share/caramelo_one/models/aws_robomaker_residential_FoldingDoor_01/meshes/aws_FoldingDoor_01_collision.DAE
[1.823s] -- Symlinking: /home/victor/Caramelo_workspace/install/caramelo_one/share/caramelo_one/models/aws_robomaker_residential_FoldingDoor_01/meshes/aws_FoldingDoor_01_visual.DAE
[1.832s] -- Symlinking: /home/victor/Caramelo_workspace/install/caramelo_one/share/caramelo_one/models/aws_robomaker_residential_FoldingDoor_01/model.config
[1.840s] -- Symlinking: /home/victor/Caramelo_workspace/install/caramelo_one/share/caramelo_one/models/aws_robomaker_residential_FoldingDoor_01/model.sdf
[1.848s] -- Symlinking: /home/victor/Caramelo_workspace/install/caramelo_one/share/caramelo_one/models/aws_robomaker_residential_FoldingDoor_02/materials/textures/aws_FoldingDoor_02.png
[1.857s] -- Symlinking: /home/victor/Caramelo_workspace/install/caramelo_one/share/caramelo_one/models/aws_robomaker_residential_FoldingDoor_02/meshes/aws_FoldingDoor_02_collision.DAE
[1.865s] -- Symlinking: /home/victor/Caramelo_workspace/install/caramelo_one/share/caramelo_one/models/aws_robomaker_residential_FoldingDoor_02/meshes/aws_FoldingDoor_02_visual.DAE
[1.873s] -- Symlinking: /home/victor/Caramelo_workspace/install/caramelo_one/share/caramelo_one/models/aws_robomaker_residential_FoldingDoor_02/model.config
[1.881s] -- Symlinking: /home/victor/Caramelo_workspace/install/caramelo_one/share/caramelo_one/models/aws_robomaker_residential_FoldingDoor_02/model.sdf
[1.889s] -- Symlinking: /home/victor/Caramelo_workspace/install/caramelo_one/share/caramelo_one/models/aws_robomaker_residential_Handle_01/materials/textures/aws_Handle_01.png
[1.897s] -- Symlinking: /home/victor/Caramelo_workspace/install/caramelo_one/share/caramelo_one/models/aws_robomaker_residential_Handle_01/meshes/aws_ handle_01_collision.DAE
[1.905s] -- Symlinking: /home/victor/Caramelo_workspace/install/caramelo_one/share/caramelo_one/models/aws_robomaker_residential_Handle_01/meshes/aws_Handle_01_collision.DAE
[1.913s] -- Symlinking: /home/victor/Caramelo_workspace/install/caramelo_one/share/caramelo_one/models/aws_robomaker_residential_Handle_01/meshes/aws_Handle_01_visual.DAE
[1.921s] -- Symlinking: /home/victor/Caramelo_workspace/install/caramelo_one/share/caramelo_one/models/aws_robomaker_residential_Handle_01/model.config
[1.930s] -- Symlinking: /home/victor/Caramelo_workspace/install/caramelo_one/share/caramelo_one/models/aws_robomaker_residential_Handle_01/model.sdf
[1.938s] -- Symlinking: /home/victor/Caramelo_workspace/install/caramelo_one/share/caramelo_one/models/aws_robomaker_residential_HouseWallB_01/materials/textures/aws_HouseWallB_01.png
[1.947s] -- Symlinking: /home/victor/Caramelo_workspace/install/caramelo_one/share/caramelo_one/models/aws_robomaker_residential_HouseWallB_01/meshes/aws_HouseWallB_01_collision.DAE
[1.955s] -- Symlinking: /home/victor/Caramelo_workspace/install/caramelo_one/share/caramelo_one/models/aws_robomaker_residential_HouseWallB_01/meshes/aws_HouseWallB_01_visual.DAE
[1.963s] -- Symlinking: /home/victor/Caramelo_workspace/install/caramelo_one/share/caramelo_one/models/aws_robomaker_residential_HouseWallB_01/model.config
[1.971s] -- Symlinking: /home/victor/Caramelo_workspace/install/caramelo_one/share/caramelo_one/models/aws_robomaker_residential_HouseWallB_01/model.sdf
[1.979s] -- Symlinking: /home/victor/Caramelo_workspace/install/caramelo_one/share/caramelo_one/models/aws_robomaker_residential_KitchenCabinet_01/materials/textures/aws_KitchenCabinet_01.png
[1.988s] -- Symlinking: /home/victor/Caramelo_workspace/install/caramelo_one/share/caramelo_one/models/aws_robomaker_residential_KitchenCabinet_01/meshes/aws_KitchenCabinet_01_collision.DAE
[1.997s] -- Symlinking: /home/victor/Caramelo_workspace/install/caramelo_one/share/caramelo_one/models/aws_robomaker_residential_KitchenCabinet_01/meshes/aws_KitchenCabinet_01_visual.DAE
[2.005s] -- Symlinking: /home/victor/Caramelo_workspace/install/caramelo_one/share/caramelo_one/models/aws_robomaker_residential_KitchenCabinet_01/model.config
[2.013s] -- Symlinking: /home/victor/Caramelo_workspace/install/caramelo_one/share/caramelo_one/models/aws_robomaker_residential_KitchenCabinet_01/model.sdf
[2.021s] -- Symlinking: /home/victor/Caramelo_workspace/install/caramelo_one/share/caramelo_one/models/aws_robomaker_residential_KitchenTable_01/materials/textures/aws_KitchenTable_01.png
[2.030s] -- Symlinking: /home/victor/Caramelo_workspace/install/caramelo_one/share/caramelo_one/models/aws_robomaker_residential_KitchenTable_01/meshes/aws_KitchenTable_01_collision.DAE
[2.039s] -- Symlinking: /home/victor/Caramelo_workspace/install/caramelo_one/share/caramelo_one/models/aws_robomaker_residential_KitchenTable_01/meshes/aws_KitchenTable_01_visual.DAE
[2.047s] -- Symlinking: /home/victor/Caramelo_workspace/install/caramelo_one/share/caramelo_one/models/aws_robomaker_residential_KitchenTable_01/model.config
[2.055s] -- Symlinking: /home/victor/Caramelo_workspace/install/caramelo_one/share/caramelo_one/models/aws_robomaker_residential_KitchenTable_01/model.sdf
[2.063s] -- Symlinking: /home/victor/Caramelo_workspace/install/caramelo_one/share/caramelo_one/models/aws_robomaker_residential_KitchenUtensils_01/materials/textures/aws_KitchenUtensils_01.png
[2.071s] -- Symlinking: /home/victor/Caramelo_workspace/install/caramelo_one/share/caramelo_one/models/aws_robomaker_residential_KitchenUtensils_01/meshes/aws_KitchenUtensils_01_collision.DAE
[2.079s] -- Symlinking: /home/victor/Caramelo_workspace/install/caramelo_one/share/caramelo_one/models/aws_robomaker_residential_KitchenUtensils_01/meshes/aws_KitchenUtensils_01_visual.DAE
[2.088s] -- Symlinking: /home/victor/Caramelo_workspace/install/caramelo_one/share/caramelo_one/models/aws_robomaker_residential_KitchenUtensils_01/model.config
[2.096s] -- Symlinking: /home/victor/Caramelo_workspace/install/caramelo_one/share/caramelo_one/models/aws_robomaker_residential_KitchenUtensils_01/model.sdf
[2.104s] -- Symlinking: /home/victor/Caramelo_workspace/install/caramelo_one/share/caramelo_one/models/aws_robomaker_residential_LightC_01/materials/textures/aws_LightC_01.png
[2.112s] -- Symlinking: /home/victor/Caramelo_workspace/install/caramelo_one/share/caramelo_one/models/aws_robomaker_residential_LightC_01/meshes/aws_LightC_01_collision.DAE
[2.120s] -- Symlinking: /home/victor/Caramelo_workspace/install/caramelo_one/share/caramelo_one/models/aws_robomaker_residential_LightC_01/meshes/aws_LightC_01_visual.DAE
[2.128s] -- Symlinking: /home/victor/Caramelo_workspace/install/caramelo_one/share/caramelo_one/models/aws_robomaker_residential_LightC_01/model.config
[2.137s] -- Symlinking: /home/victor/Caramelo_workspace/install/caramelo_one/share/caramelo_one/models/aws_robomaker_residential_LightC_01/model.sdf
[2.145s] -- Symlinking: /home/victor/Caramelo_workspace/install/caramelo_one/share/caramelo_one/models/aws_robomaker_residential_NightStand_01/materials/textures/aws_NightStand_01.png
[2.153s] -- Symlinking: /home/victor/Caramelo_workspace/install/caramelo_one/share/caramelo_one/models/aws_robomaker_residential_NightStand_01/meshes/aws_NightStand_01_collision.DAE
[2.161s] -- Symlinking: /home/victor/Caramelo_workspace/install/caramelo_one/share/caramelo_one/models/aws_robomaker_residential_NightStand_01/meshes/aws_NightStand_01_visual.DAE
[2.169s] -- Symlinking: /home/victor/Caramelo_workspace/install/caramelo_one/share/caramelo_one/models/aws_robomaker_residential_NightStand_01/model.config
[2.177s] -- Symlinking: /home/victor/Caramelo_workspace/install/caramelo_one/share/caramelo_one/models/aws_robomaker_residential_NightStand_01/model.sdf
[2.186s] -- Symlinking: /home/victor/Caramelo_workspace/install/caramelo_one/share/caramelo_one/models/aws_robomaker_residential_Pillow_01/materials/textures/aws_Pillow_01.png
[2.194s] -- Symlinking: /home/victor/Caramelo_workspace/install/caramelo_one/share/caramelo_one/models/aws_robomaker_residential_Pillow_01/meshes/aws_Pillow_01_collision.DAE
[2.202s] -- Symlinking: /home/victor/Caramelo_workspace/install/caramelo_one/share/caramelo_one/models/aws_robomaker_residential_Pillow_01/meshes/aws_Pillow_01_visual.DAE
[2.210s] -- Symlinking: /home/victor/Caramelo_workspace/install/caramelo_one/share/caramelo_one/models/aws_robomaker_residential_Pillow_01/model.config
[2.219s] -- Symlinking: /home/victor/Caramelo_workspace/install/caramelo_one/share/caramelo_one/models/aws_robomaker_residential_Pillow_01/model.sdf
[2.227s] -- Symlinking: /home/victor/Caramelo_workspace/install/caramelo_one/share/caramelo_one/models/aws_robomaker_residential_PortraitA_01/materials/textures/aws_PortraitA_01.png
[2.235s] -- Symlinking: /home/victor/Caramelo_workspace/install/caramelo_one/share/caramelo_one/models/aws_robomaker_residential_PortraitA_01/materials/textures/aws_PortraitA_02.png
[2.244s] -- Symlinking: /home/victor/Caramelo_workspace/install/caramelo_one/share/caramelo_one/models/aws_robomaker_residential_PortraitA_01/meshes/aws_PortraitA_01_collision.DAE
[2.252s] -- Symlinking: /home/victor/Caramelo_workspace/install/caramelo_one/share/caramelo_one/models/aws_robomaker_residential_PortraitA_01/meshes/aws_PortraitA_01_visual.DAE
[2.260s] -- Symlinking: /home/victor/Caramelo_workspace/install/caramelo_one/share/caramelo_one/models/aws_robomaker_residential_PortraitA_01/model.config
[2.268s] -- Symlinking: /home/victor/Caramelo_workspace/install/caramelo_one/share/caramelo_one/models/aws_robomaker_residential_PortraitA_01/model.sdf
[2.276s] -- Symlinking: /home/victor/Caramelo_workspace/install/caramelo_one/share/caramelo_one/models/aws_robomaker_residential_PortraitA_02/materials/textures/aws_PortraitA_01.png
[2.284s] -- Symlinking: /home/victor/Caramelo_workspace/install/caramelo_one/share/caramelo_one/models/aws_robomaker_residential_PortraitA_02/materials/textures/aws_PortraitA_02.png
[2.292s] -- Symlinking: /home/victor/Caramelo_workspace/install/caramelo_one/share/caramelo_one/models/aws_robomaker_residential_PortraitA_02/meshes/aws_PortraitA_01_collision.DAE
[2.300s] -- Symlinking: /home/victor/Caramelo_workspace/install/caramelo_one/share/caramelo_one/models/aws_robomaker_residential_PortraitA_02/meshes/aws_PortraitA_01_visual.DAE
[2.308s] -- Symlinking: /home/victor/Caramelo_workspace/install/caramelo_one/share/caramelo_one/models/aws_robomaker_residential_PortraitA_02/model.config
[2.316s] -- Symlinking: /home/victor/Caramelo_workspace/install/caramelo_one/share/caramelo_one/models/aws_robomaker_residential_PortraitA_02/model.sdf
[2.324s] -- Symlinking: /home/victor/Caramelo_workspace/install/caramelo_one/share/caramelo_one/models/aws_robomaker_residential_PortraitB_01/materials/textures/aws_PortraitB_01.png
[2.333s] -- Symlinking: /home/victor/Caramelo_workspace/install/caramelo_one/share/caramelo_one/models/aws_robomaker_residential_PortraitB_01/materials/textures/aws_PortraitB_02.png
[2.342s] -- Symlinking: /home/victor/Caramelo_workspace/install/caramelo_one/share/caramelo_one/models/aws_robomaker_residential_PortraitB_01/meshes/aws_PortraitB_01_collision.DAE
[2.350s] -- Symlinking: /home/victor/Caramelo_workspace/install/caramelo_one/share/caramelo_one/models/aws_robomaker_residential_PortraitB_01/meshes/aws_PortraitB_01_visual.DAE
[2.358s] -- Symlinking: /home/victor/Caramelo_workspace/install/caramelo_one/share/caramelo_one/models/aws_robomaker_residential_PortraitB_01/model.config
[2.367s] -- Symlinking: /home/victor/Caramelo_workspace/install/caramelo_one/share/caramelo_one/models/aws_robomaker_residential_PortraitB_01/model.sdf
[2.375s] -- Symlinking: /home/victor/Caramelo_workspace/install/caramelo_one/share/caramelo_one/models/aws_robomaker_residential_PortraitB_02/materials/textures/aws_PortraitB_01.png
[2.384s] -- Symlinking: /home/victor/Caramelo_workspace/install/caramelo_one/share/caramelo_one/models/aws_robomaker_residential_PortraitB_02/materials/textures/aws_PortraitB_02.png
[2.392s] -- Symlinking: /home/victor/Caramelo_workspace/install/caramelo_one/share/caramelo_one/models/aws_robomaker_residential_PortraitB_02/meshes/aws_PortraitB_01_collision.DAE
[2.400s] -- Symlinking: /home/victor/Caramelo_workspace/install/caramelo_one/share/caramelo_one/models/aws_robomaker_residential_PortraitB_02/meshes/aws_PortraitB_01_visual.DAE
[2.408s] -- Symlinking: /home/victor/Caramelo_workspace/install/caramelo_one/share/caramelo_one/models/aws_robomaker_residential_PortraitB_02/model.config
[2.416s] -- Symlinking: /home/victor/Caramelo_workspace/install/caramelo_one/share/caramelo_one/models/aws_robomaker_residential_PortraitB_02/model.sdf
[2.424s] -- Symlinking: /home/victor/Caramelo_workspace/install/caramelo_one/share/caramelo_one/models/aws_robomaker_residential_PortraitB_03/materials/textures/aws_PortraitB_01.png
[2.433s] -- Symlinking: /home/victor/Caramelo_workspace/install/caramelo_one/share/caramelo_one/models/aws_robomaker_residential_PortraitB_03/materials/textures/aws_PortraitB_02.png
[2.441s] -- Symlinking: /home/victor/Caramelo_workspace/install/caramelo_one/share/caramelo_one/models/aws_robomaker_residential_PortraitB_03/meshes/aws_PortraitB_01_collision.DAE
[2.450s] -- Symlinking: /home/victor/Caramelo_workspace/install/caramelo_one/share/caramelo_one/models/aws_robomaker_residential_PortraitB_03/meshes/aws_PortraitB_01_visual.DAE
[2.458s] -- Symlinking: /home/victor/Caramelo_workspace/install/caramelo_one/share/caramelo_one/models/aws_robomaker_residential_PortraitB_03/model.config
[2.466s] -- Symlinking: /home/victor/Caramelo_workspace/install/caramelo_one/share/caramelo_one/models/aws_robomaker_residential_PortraitB_03/model.sdf
[2.474s] -- Symlinking: /home/victor/Caramelo_workspace/install/caramelo_one/share/caramelo_one/models/aws_robomaker_residential_PortraitC_01/materials/textures/aws_PortraitC_01.png
[2.482s] -- Symlinking: /home/victor/Caramelo_workspace/install/caramelo_one/share/caramelo_one/models/aws_robomaker_residential_PortraitC_01/materials/textures/aws_PortraitC_02.png
[2.491s] -- Symlinking: /home/victor/Caramelo_workspace/install/caramelo_one/share/caramelo_one/models/aws_robomaker_residential_PortraitC_01/meshes/aws_PortraitC_01_collision.DAE
[2.499s] -- Symlinking: /home/victor/Caramelo_workspace/install/caramelo_one/share/caramelo_one/models/aws_robomaker_residential_PortraitC_01/meshes/aws_PortraitC_01_visual.DAE
[2.507s] -- Symlinking: /home/victor/Caramelo_workspace/install/caramelo_one/share/caramelo_one/models/aws_robomaker_residential_PortraitC_01/model.config
[2.515s] -- Symlinking: /home/victor/Caramelo_workspace/install/caramelo_one/share/caramelo_one/models/aws_robomaker_residential_PortraitC_01/model.sdf
[2.523s] -- Symlinking: /home/victor/Caramelo_workspace/install/caramelo_one/share/caramelo_one/models/aws_robomaker_residential_PortraitD_01/materials/textures/aws_PortraitD_01.png
[2.532s] -- Symlinking: /home/victor/Caramelo_workspace/install/caramelo_one/share/caramelo_one/models/aws_robomaker_residential_PortraitD_01/materials/textures/aws_PortraitD_02.png
[2.540s] -- Symlinking: /home/victor/Caramelo_workspace/install/caramelo_one/share/caramelo_one/models/aws_robomaker_residential_PortraitD_01/meshes/aws_PortraitD_01_collision.DAE
[2.548s] -- Symlinking: /home/victor/Caramelo_workspace/install/caramelo_one/share/caramelo_one/models/aws_robomaker_residential_PortraitD_01/meshes/aws_PortraitD_01_visual.DAE
[2.556s] -- Symlinking: /home/victor/Caramelo_workspace/install/caramelo_one/share/caramelo_one/models/aws_robomaker_residential_PortraitD_01/model.config
[2.564s] -- Symlinking: /home/victor/Caramelo_workspace/install/caramelo_one/share/caramelo_one/models/aws_robomaker_residential_PortraitD_01/model.sdf
[2.572s] -- Symlinking: /home/victor/Caramelo_workspace/install/caramelo_one/share/caramelo_one/models/aws_robomaker_residential_PortraitD_02/materials/textures/aws_PortraitD_01.png
[2.581s] -- Symlinking: /home/victor/Caramelo_workspace/install/caramelo_one/share/caramelo_one/models/aws_robomaker_residential_PortraitD_02/materials/textures/aws_PortraitD_02.png
[2.589s] -- Symlinking: /home/victor/Caramelo_workspace/install/caramelo_one/share/caramelo_one/models/aws_robomaker_residential_PortraitD_02/meshes/aws_PortraitD_01_collision.DAE
[2.598s] -- Symlinking: /home/victor/Caramelo_workspace/install/caramelo_one/share/caramelo_one/models/aws_robomaker_residential_PortraitD_02/meshes/aws_PortraitD_01_visual.DAE
[2.606s] -- Symlinking: /home/victor/Caramelo_workspace/install/caramelo_one/share/caramelo_one/models/aws_robomaker_residential_PortraitD_02/model.config
[2.614s] -- Symlinking: /home/victor/Caramelo_workspace/install/caramelo_one/share/caramelo_one/models/aws_robomaker_residential_PortraitD_02/model.sdf
[2.622s] -- Symlinking: /home/victor/Caramelo_workspace/install/caramelo_one/share/caramelo_one/models/aws_robomaker_residential_PortraitE_01/materials/textures/aws_PortraitE_01.png
[2.631s] -- Symlinking: /home/victor/Caramelo_workspace/install/caramelo_one/share/caramelo_one/models/aws_robomaker_residential_PortraitE_01/materials/textures/aws_PortraitE_02.png
[2.640s] -- Symlinking: /home/victor/Caramelo_workspace/install/caramelo_one/share/caramelo_one/models/aws_robomaker_residential_PortraitE_01/meshes/aws_PortraitE_01_collision.DAE
[2.648s] -- Symlinking: /home/victor/Caramelo_workspace/install/caramelo_one/share/caramelo_one/models/aws_robomaker_residential_PortraitE_01/meshes/aws_PortraitE_01_visual.DAE
[2.656s] -- Symlinking: /home/victor/Caramelo_workspace/install/caramelo_one/share/caramelo_one/models/aws_robomaker_residential_PortraitE_01/model.config
[2.664s] -- Symlinking: /home/victor/Caramelo_workspace/install/caramelo_one/share/caramelo_one/models/aws_robomaker_residential_PortraitE_01/model.sdf
[2.672s] -- Symlinking: /home/victor/Caramelo_workspace/install/caramelo_one/share/caramelo_one/models/aws_robomaker_residential_PortraitE_02/materials/textures/aws_PortraitE_01.png
[2.680s] -- Symlinking: /home/victor/Caramelo_workspace/install/caramelo_one/share/caramelo_one/models/aws_robomaker_residential_PortraitE_02/materials/textures/aws_PortraitE_02.png
[2.689s] -- Symlinking: /home/victor/Caramelo_workspace/install/caramelo_one/share/caramelo_one/models/aws_robomaker_residential_PortraitE_02/meshes/aws_PortraitE_01_collision.DAE
[2.697s] -- Symlinking: /home/victor/Caramelo_workspace/install/caramelo_one/share/caramelo_one/models/aws_robomaker_residential_PortraitE_02/meshes/aws_PortraitE_01_visual.DAE
[2.705s] -- Symlinking: /home/victor/Caramelo_workspace/install/caramelo_one/share/caramelo_one/models/aws_robomaker_residential_PortraitE_02/model.config
[2.713s] -- Symlinking: /home/victor/Caramelo_workspace/install/caramelo_one/share/caramelo_one/models/aws_robomaker_residential_PortraitE_02/model.sdf
[2.721s] -- Symlinking: /home/victor/Caramelo_workspace/install/caramelo_one/share/caramelo_one/models/aws_robomaker_residential_Quilt_01/materials/textures/aws_Quilt_01.png
[2.730s] -- Symlinking: /home/victor/Caramelo_workspace/install/caramelo_one/share/caramelo_one/models/aws_robomaker_residential_Quilt_01/meshes/aws_Quilt_01_collision.DAE
[2.738s] -- Symlinking: /home/victor/Caramelo_workspace/install/caramelo_one/share/caramelo_one/models/aws_robomaker_residential_Quilt_01/meshes/aws_Quilt_01_visual.DAE
[2.747s] -- Symlinking: /home/victor/Caramelo_workspace/install/caramelo_one/share/caramelo_one/models/aws_robomaker_residential_Quilt_01/model.config
[2.755s] -- Symlinking: /home/victor/Caramelo_workspace/install/caramelo_one/share/caramelo_one/models/aws_robomaker_residential_Quilt_01/model.sdf
[2.763s] -- Symlinking: /home/victor/Caramelo_workspace/install/caramelo_one/share/caramelo_one/models/aws_robomaker_residential_Rangehood_01/materials/textures/aws_Rangehood_01.png
[2.771s] -- Symlinking: /home/victor/Caramelo_workspace/install/caramelo_one/share/caramelo_one/models/aws_robomaker_residential_Rangehood_01/meshes/aws_Rangehood_01_collision.DAE
[2.779s] -- Symlinking: /home/victor/Caramelo_workspace/install/caramelo_one/share/caramelo_one/models/aws_robomaker_residential_Rangehood_01/meshes/aws_Rangehood_01_visual.DAE
[2.788s] -- Symlinking: /home/victor/Caramelo_workspace/install/caramelo_one/share/caramelo_one/models/aws_robomaker_residential_Rangehood_01/model.config
[2.796s] -- Symlinking: /home/victor/Caramelo_workspace/install/caramelo_one/share/caramelo_one/models/aws_robomaker_residential_Rangehood_01/model.sdf
[2.804s] -- Symlinking: /home/victor/Caramelo_workspace/install/caramelo_one/share/caramelo_one/models/aws_robomaker_residential_ReadingDesk_01/materials/textures/aws_ReadingDesk_01.png
[2.812s] -- Symlinking: /home/victor/Caramelo_workspace/install/caramelo_one/share/caramelo_one/models/aws_robomaker_residential_ReadingDesk_01/meshes/aws_ReadingDesk_01_collision.DAE
[2.820s] -- Symlinking: /home/victor/Caramelo_workspace/install/caramelo_one/share/caramelo_one/models/aws_robomaker_residential_ReadingDesk_01/meshes/aws_ReadingDesk_01_visual.DAE
[2.828s] -- Symlinking: /home/victor/Caramelo_workspace/install/caramelo_one/share/caramelo_one/models/aws_robomaker_residential_ReadingDesk_01/model.config
[2.837s] -- Symlinking: /home/victor/Caramelo_workspace/install/caramelo_one/share/caramelo_one/models/aws_robomaker_residential_ReadingDesk_01/model.sdf
[2.845s] -- Symlinking: /home/victor/Caramelo_workspace/install/caramelo_one/share/caramelo_one/models/aws_robomaker_residential_Refrigerator_01/materials/textures/aws_Refrigerator_01.png
[2.853s] -- Symlinking: /home/victor/Caramelo_workspace/install/caramelo_one/share/caramelo_one/models/aws_robomaker_residential_Refrigerator_01/materials/textures/aws_Refrigerator_02.png
[2.861s] -- Symlinking: /home/victor/Caramelo_workspace/install/caramelo_one/share/caramelo_one/models/aws_robomaker_residential_Refrigerator_01/meshes/aws_Refrigerator_01.DAE
[2.869s] -- Symlinking: /home/victor/Caramelo_workspace/install/caramelo_one/share/caramelo_one/models/aws_robomaker_residential_Refrigerator_01/meshes/aws_Refrigerator_01_collision.DAE
[2.877s] -- Symlinking: /home/victor/Caramelo_workspace/install/caramelo_one/share/caramelo_one/models/aws_robomaker_residential_Refrigerator_01/meshes/aws_Refrigerator_01_visual.DAE
[2.885s] -- Symlinking: /home/victor/Caramelo_workspace/install/caramelo_one/share/caramelo_one/models/aws_robomaker_residential_Refrigerator_01/model.config
[2.893s] -- Symlinking: /home/victor/Caramelo_workspace/install/caramelo_one/share/caramelo_one/models/aws_robomaker_residential_Refrigerator_01/model.sdf
[2.901s] -- Symlinking: /home/victor/Caramelo_workspace/install/caramelo_one/share/caramelo_one/models/aws_robomaker_residential_RoomCeiling_01/materials/textures/aws_RoomCeiling_01.png
[2.910s] -- Symlinking: /home/victor/Caramelo_workspace/install/caramelo_one/share/caramelo_one/models/aws_robomaker_residential_RoomCeiling_01/meshes/aws_RoomCeiling_01_collision.DAE
[2.918s] -- Symlinking: /home/victor/Caramelo_workspace/install/caramelo_one/share/caramelo_one/models/aws_robomaker_residential_RoomCeiling_01/meshes/aws_RoomCeiling_01_visual.DAE
[2.926s] -- Symlinking: /home/victor/Caramelo_workspace/install/caramelo_one/share/caramelo_one/models/aws_robomaker_residential_RoomCeiling_01/model.config
[2.935s] -- Symlinking: /home/victor/Caramelo_workspace/install/caramelo_one/share/caramelo_one/models/aws_robomaker_residential_RoomCeiling_01/model.sdf
[2.943s] -- Symlinking: /home/victor/Caramelo_workspace/install/caramelo_one/share/caramelo_one/models/aws_robomaker_residential_RoomWall_01/materials/textures/aws_RoomWall_01.png
[2.953s] -- Symlinking: /home/victor/Caramelo_workspace/install/caramelo_one/share/caramelo_one/models/aws_robomaker_residential_RoomWall_01/meshes/aws_RoomWall_01_collision.DAE
[2.961s] -- Symlinking: /home/victor/Caramelo_workspace/install/caramelo_one/share/caramelo_one/models/aws_robomaker_residential_RoomWall_01/meshes/aws_RoomWall_01_visual.DAE
[2.968s] -- Symlinking: /home/victor/Caramelo_workspace/install/caramelo_one/share/caramelo_one/models/aws_robomaker_residential_RoomWall_01/model.config
[2.977s] -- Symlinking: /home/victor/Caramelo_workspace/install/caramelo_one/share/caramelo_one/models/aws_robomaker_residential_RoomWall_01/model.sdf
[2.985s] -- Symlinking: /home/victor/Caramelo_workspace/install/caramelo_one/share/caramelo_one/models/aws_robomaker_residential_RoomWindow_01/materials/textures/aws_RoomWindow_01.png
[2.993s] -- Symlinking: /home/victor/Caramelo_workspace/install/caramelo_one/share/caramelo_one/models/aws_robomaker_residential_RoomWindow_01/meshes/aws_RoomWindow_01_collision.DAE
[3.001s] -- Symlinking: /home/victor/Caramelo_workspace/install/caramelo_one/share/caramelo_one/models/aws_robomaker_residential_RoomWindow_01/meshes/aws_RoomWindow_01_visual.DAE
[3.009s] -- Symlinking: /home/victor/Caramelo_workspace/install/caramelo_one/share/caramelo_one/models/aws_robomaker_residential_RoomWindow_01/model.config
[3.017s] -- Symlinking: /home/victor/Caramelo_workspace/install/caramelo_one/share/caramelo_one/models/aws_robomaker_residential_RoomWindow_01/model.sdf
[3.025s] -- Symlinking: /home/victor/Caramelo_workspace/install/caramelo_one/share/caramelo_one/models/aws_robomaker_residential_SeasoningBox_01/materials/textures/aws_SeasoningBox_01.png
[3.034s] -- Symlinking: /home/victor/Caramelo_workspace/install/caramelo_one/share/caramelo_one/models/aws_robomaker_residential_SeasoningBox_01/meshes/aws_SeasoningBox_01_collision.DAE
[3.042s] -- Symlinking: /home/victor/Caramelo_workspace/install/caramelo_one/share/caramelo_one/models/aws_robomaker_residential_SeasoningBox_01/meshes/aws_SeasoningBox_01_visual.DAE
[3.051s] -- Symlinking: /home/victor/Caramelo_workspace/install/caramelo_one/share/caramelo_one/models/aws_robomaker_residential_SeasoningBox_01/model.config
[3.059s] -- Symlinking: /home/victor/Caramelo_workspace/install/caramelo_one/share/caramelo_one/models/aws_robomaker_residential_SeasoningBox_01/model.sdf
[3.067s] -- Symlinking: /home/victor/Caramelo_workspace/install/caramelo_one/share/caramelo_one/models/aws_robomaker_residential_SecurityCamera_01/materials/textures/aws_SecurityCamera_01.png
[3.075s] -- Symlinking: /home/victor/Caramelo_workspace/install/caramelo_one/share/caramelo_one/models/aws_robomaker_residential_SecurityCamera_01/meshes/aws_SecurityCamera_01_collision.DAE
[3.083s] -- Symlinking: /home/victor/Caramelo_workspace/install/caramelo_one/share/caramelo_one/models/aws_robomaker_residential_SecurityCamera_01/meshes/aws_SecurityCamera_01_visual.DAE
[3.091s] -- Symlinking: /home/victor/Caramelo_workspace/install/caramelo_one/share/caramelo_one/models/aws_robomaker_residential_SecurityCamera_01/model.config
[3.099s] -- Symlinking: /home/victor/Caramelo_workspace/install/caramelo_one/share/caramelo_one/models/aws_robomaker_residential_SecurityCamera_01/model.sdf
[3.107s] -- Symlinking: /home/victor/Caramelo_workspace/install/caramelo_one/share/caramelo_one/models/aws_robomaker_residential_ShoeRack_01/materials/textures/aws_ShoeRack_01.png
[3.115s] -- Symlinking: /home/victor/Caramelo_workspace/install/caramelo_one/share/caramelo_one/models/aws_robomaker_residential_ShoeRack_01/meshes/aws_ShoeRack_01_collision.DAE
[3.123s] -- Symlinking: /home/victor/Caramelo_workspace/install/caramelo_one/share/caramelo_one/models/aws_robomaker_residential_ShoeRack_01/meshes/aws_ShoeRack_01_visual.DAE
[3.131s] -- Symlinking: /home/victor/Caramelo_workspace/install/caramelo_one/share/caramelo_one/models/aws_robomaker_residential_ShoeRack_01/model.config
[3.139s] -- Symlinking: /home/victor/Caramelo_workspace/install/caramelo_one/share/caramelo_one/models/aws_robomaker_residential_ShoeRack_01/model.sdf
[3.148s] -- Symlinking: /home/victor/Caramelo_workspace/install/caramelo_one/share/caramelo_one/models/aws_robomaker_residential_SofaB_01/materials/textures/aws_SofaB_01.png
[3.155s] -- Symlinking: /home/victor/Caramelo_workspace/install/caramelo_one/share/caramelo_one/models/aws_robomaker_residential_SofaB_01/meshes/aws_SofaB_01_collision.DAE
[3.163s] -- Symlinking: /home/victor/Caramelo_workspace/install/caramelo_one/share/caramelo_one/models/aws_robomaker_residential_SofaB_01/meshes/aws_SofaB_01_visual.DAE
[3.171s] -- Symlinking: /home/victor/Caramelo_workspace/install/caramelo_one/share/caramelo_one/models/aws_robomaker_residential_SofaB_01/model.config
[3.179s] -- Symlinking: /home/victor/Caramelo_workspace/install/caramelo_one/share/caramelo_one/models/aws_robomaker_residential_SofaB_01/model.sdf
[3.188s] -- Symlinking: /home/victor/Caramelo_workspace/install/caramelo_one/share/caramelo_one/models/aws_robomaker_residential_SofaC_01/materials/textures/aws_SofaC_01.png
[3.196s] -- Symlinking: /home/victor/Caramelo_workspace/install/caramelo_one/share/caramelo_one/models/aws_robomaker_residential_SofaC_01/meshes/aws_SofaC_01_collision.DAE
[3.204s] -- Symlinking: /home/victor/Caramelo_workspace/install/caramelo_one/share/caramelo_one/models/aws_robomaker_residential_SofaC_01/meshes/aws_SofaC_01_visual.DAE
[3.212s] -- Symlinking: /home/victor/Caramelo_workspace/install/caramelo_one/share/caramelo_one/models/aws_robomaker_residential_SofaC_01/model.config
[3.220s] -- Symlinking: /home/victor/Caramelo_workspace/install/caramelo_one/share/caramelo_one/models/aws_robomaker_residential_SofaC_01/model.sdf
[3.228s] -- Symlinking: /home/victor/Caramelo_workspace/install/caramelo_one/share/caramelo_one/models/aws_robomaker_residential_Sofa_01/materials/textures/aws_Sofa_01.png
[3.237s] -- Symlinking: /home/victor/Caramelo_workspace/install/caramelo_one/share/caramelo_one/models/aws_robomaker_residential_Sofa_01/meshes/aws_Sofa_01.DAE
[3.245s] -- Symlinking: /home/victor/Caramelo_workspace/install/caramelo_one/share/caramelo_one/models/aws_robomaker_residential_Sofa_01/meshes/aws_Sofa_01_collision.DAE
[3.253s] -- Symlinking: /home/victor/Caramelo_workspace/install/caramelo_one/share/caramelo_one/models/aws_robomaker_residential_Sofa_01/meshes/aws_Sofa_01_visual.DAE
[3.262s] -- Symlinking: /home/victor/Caramelo_workspace/install/caramelo_one/share/caramelo_one/models/aws_robomaker_residential_Sofa_01/model.config
[3.269s] -- Symlinking: /home/victor/Caramelo_workspace/install/caramelo_one/share/caramelo_one/models/aws_robomaker_residential_Sofa_01/model.sdf
[3.278s] -- Symlinking: /home/victor/Caramelo_workspace/install/caramelo_one/share/caramelo_one/models/aws_robomaker_residential_TVCabinet_01/materials/textures/aws_TVCabinet_01.png
[3.286s] -- Symlinking: /home/victor/Caramelo_workspace/install/caramelo_one/share/caramelo_one/models/aws_robomaker_residential_TVCabinet_01/meshes/aws_TVCabinet_01_collision.DAE
[3.294s] -- Symlinking: /home/victor/Caramelo_workspace/install/caramelo_one/share/caramelo_one/models/aws_robomaker_residential_TVCabinet_01/meshes/aws_TVCabinet_01_visual.DAE
[3.302s] -- Symlinking: /home/victor/Caramelo_workspace/install/caramelo_one/share/caramelo_one/models/aws_robomaker_residential_TVCabinet_01/model.config
[3.310s] -- Symlinking: /home/victor/Caramelo_workspace/install/caramelo_one/share/caramelo_one/models/aws_robomaker_residential_TVCabinet_01/model.sdf
[3.318s] -- Symlinking: /home/victor/Caramelo_workspace/install/caramelo_one/share/caramelo_one/models/aws_robomaker_residential_TV_01/materials/textures/aws_TV_01.png
[3.326s] -- Symlinking: /home/victor/Caramelo_workspace/install/caramelo_one/share/caramelo_one/models/aws_robomaker_residential_TV_01/meshes/aws_TV_01_collision.DAE
[3.335s] -- Symlinking: /home/victor/Caramelo_workspace/install/caramelo_one/share/caramelo_one/models/aws_robomaker_residential_TV_01/meshes/aws_TV_01_visual.DAE
[3.343s] -- Symlinking: /home/victor/Caramelo_workspace/install/caramelo_one/share/caramelo_one/models/aws_robomaker_residential_TV_01/model.config
[3.351s] -- Symlinking: /home/victor/Caramelo_workspace/install/caramelo_one/share/caramelo_one/models/aws_robomaker_residential_TV_01/model.sdf
[3.359s] -- Symlinking: /home/victor/Caramelo_workspace/install/caramelo_one/share/caramelo_one/models/aws_robomaker_residential_TV_02/materials/textures/aws_TV_01.png
[3.367s] -- Symlinking: /home/victor/Caramelo_workspace/install/caramelo_one/share/caramelo_one/models/aws_robomaker_residential_TV_02/meshes/aws_TV_01_collision.DAE
[3.375s] -- Symlinking: /home/victor/Caramelo_workspace/install/caramelo_one/share/caramelo_one/models/aws_robomaker_residential_TV_02/meshes/aws_TV_01_visual.DAE
[3.383s] -- Symlinking: /home/victor/Caramelo_workspace/install/caramelo_one/share/caramelo_one/models/aws_robomaker_residential_TV_02/model.config
[3.392s] -- Symlinking: /home/victor/Caramelo_workspace/install/caramelo_one/share/caramelo_one/models/aws_robomaker_residential_TV_02/model.sdf
[3.400s] -- Symlinking: /home/victor/Caramelo_workspace/install/caramelo_one/share/caramelo_one/models/aws_robomaker_residential_Tablet_01/materials/textures/aws_Tablet_01_nologo.png
[3.408s] -- Symlinking: /home/victor/Caramelo_workspace/install/caramelo_one/share/caramelo_one/models/aws_robomaker_residential_Tablet_01/meshes/aws_Tablet_01_collision.DAE
[3.416s] -- Symlinking: /home/victor/Caramelo_workspace/install/caramelo_one/share/caramelo_one/models/aws_robomaker_residential_Tablet_01/meshes/aws_Tablet_01_visual.DAE
[3.424s] -- Symlinking: /home/victor/Caramelo_workspace/install/caramelo_one/share/caramelo_one/models/aws_robomaker_residential_Tablet_01/model.config
[3.433s] -- Symlinking: /home/victor/Caramelo_workspace/install/caramelo_one/share/caramelo_one/models/aws_robomaker_residential_Tablet_01/model.sdf
[3.441s] -- Symlinking: /home/victor/Caramelo_workspace/install/caramelo_one/share/caramelo_one/models/aws_robomaker_residential_Tableware_01/materials/textures/aws_Tableware_01.png
[3.449s] -- Symlinking: /home/victor/Caramelo_workspace/install/caramelo_one/share/caramelo_one/models/aws_robomaker_residential_Tableware_01/meshes/aws_Tableware_01_collision.DAE
[3.458s] -- Symlinking: /home/victor/Caramelo_workspace/install/caramelo_one/share/caramelo_one/models/aws_robomaker_residential_Tableware_01/meshes/aws_Tableware_01_visual.DAE
[3.466s] -- Symlinking: /home/victor/Caramelo_workspace/install/caramelo_one/share/caramelo_one/models/aws_robomaker_residential_Tableware_01/model.config
[3.474s] -- Symlinking: /home/victor/Caramelo_workspace/install/caramelo_one/share/caramelo_one/models/aws_robomaker_residential_Tableware_01/model.sdf
[3.482s] -- Symlinking: /home/victor/Caramelo_workspace/install/caramelo_one/share/caramelo_one/models/aws_robomaker_residential_Trash_01/materials/textures/aws_Trash_01.png
[3.490s] -- Symlinking: /home/victor/Caramelo_workspace/install/caramelo_one/share/caramelo_one/models/aws_robomaker_residential_Trash_01/meshes/aws_Trash_01_collision.DAE
[3.498s] -- Symlinking: /home/victor/Caramelo_workspace/install/caramelo_one/share/caramelo_one/models/aws_robomaker_residential_Trash_01/meshes/aws_Trash_01_visual.DAE
[3.506s] -- Symlinking: /home/victor/Caramelo_workspace/install/caramelo_one/share/caramelo_one/models/aws_robomaker_residential_Trash_01/model.config
[3.514s] -- Symlinking: /home/victor/Caramelo_workspace/install/caramelo_one/share/caramelo_one/models/aws_robomaker_residential_Trash_01/model.sdf
[3.522s] -- Symlinking: /home/victor/Caramelo_workspace/install/caramelo_one/share/caramelo_one/models/aws_robomaker_residential_Vase_01/materials/textures/aws_Vase_01.png
[3.531s] -- Symlinking: /home/victor/Caramelo_workspace/install/caramelo_one/share/caramelo_one/models/aws_robomaker_residential_Vase_01/meshes/aws_Vase_01_collision.DAE
[3.539s] -- Symlinking: /home/victor/Caramelo_workspace/install/caramelo_one/share/caramelo_one/models/aws_robomaker_residential_Vase_01/meshes/aws_Vase_01_visual.DAE
[3.547s] -- Symlinking: /home/victor/Caramelo_workspace/install/caramelo_one/share/caramelo_one/models/aws_robomaker_residential_Vase_01/model.config
[3.555s] -- Symlinking: /home/victor/Caramelo_workspace/install/caramelo_one/share/caramelo_one/models/aws_robomaker_residential_Vase_01/model.sdf
[3.563s] -- Symlinking: /home/victor/Caramelo_workspace/install/caramelo_one/share/caramelo_one/models/aws_robomaker_residential_Wardrobe_01/materials/textures/aws_Wardrobe_01.png
[3.571s] -- Symlinking: /home/victor/Caramelo_workspace/install/caramelo_one/share/caramelo_one/models/aws_robomaker_residential_Wardrobe_01/meshes/aws_Wardrobe_01_collision.DAE
[3.579s] -- Symlinking: /home/victor/Caramelo_workspace/install/caramelo_one/share/caramelo_one/models/aws_robomaker_residential_Wardrobe_01/meshes/aws_Wardrobe_01_visual.DAE
[3.588s] -- Symlinking: /home/victor/Caramelo_workspace/install/caramelo_one/share/caramelo_one/models/aws_robomaker_residential_Wardrobe_01/model.config
[3.596s] -- Symlinking: /home/victor/Caramelo_workspace/install/caramelo_one/share/caramelo_one/models/aws_robomaker_residential_Wardrobe_01/model.sdf
[3.604s] -- Symlinking: /home/victor/Caramelo_workspace/install/caramelo_one/share/caramelo_one/models/aws_robomaker_warehouse_Bucket_01/.DS_Store
[3.612s] -- Symlinking: /home/victor/Caramelo_workspace/install/caramelo_one/share/caramelo_one/models/aws_robomaker_warehouse_Bucket_01/materials/.DS_Store
[3.620s] -- Symlinking: /home/victor/Caramelo_workspace/install/caramelo_one/share/caramelo_one/models/aws_robomaker_warehouse_Bucket_01/materials/textures/aws_robomaker_warehouse_Bucket_01.png
[3.628s] -- Symlinking: /home/victor/Caramelo_workspace/install/caramelo_one/share/caramelo_one/models/aws_robomaker_warehouse_Bucket_01/meshes/aws_robomaker_warehouse_Bucket_01_collision.DAE
[3.637s] -- Symlinking: /home/victor/Caramelo_workspace/install/caramelo_one/share/caramelo_one/models/aws_robomaker_warehouse_Bucket_01/meshes/aws_robomaker_warehouse_Bucket_01_visual.DAE
[3.645s] -- Symlinking: /home/victor/Caramelo_workspace/install/caramelo_one/share/caramelo_one/models/aws_robomaker_warehouse_Bucket_01/model.config
[3.653s] -- Symlinking: /home/victor/Caramelo_workspace/install/caramelo_one/share/caramelo_one/models/aws_robomaker_warehouse_Bucket_01/model.sdf
[3.661s] -- Symlinking: /home/victor/Caramelo_workspace/install/caramelo_one/share/caramelo_one/models/aws_robomaker_warehouse_ClutteringA_01/.DS_Store
[3.669s] -- Symlinking: /home/victor/Caramelo_workspace/install/caramelo_one/share/caramelo_one/models/aws_robomaker_warehouse_ClutteringA_01/materials/.DS_Store
[3.677s] -- Symlinking: /home/victor/Caramelo_workspace/install/caramelo_one/share/caramelo_one/models/aws_robomaker_warehouse_ClutteringA_01/materials/textures/.DS_Store
[3.685s] -- Symlinking: /home/victor/Caramelo_workspace/install/caramelo_one/share/caramelo_one/models/aws_robomaker_warehouse_ClutteringA_01/materials/textures/aws_robomaker_warehouse_ClutteringA_01.png
[3.693s] -- Symlinking: /home/victor/Caramelo_workspace/install/caramelo_one/share/caramelo_one/models/aws_robomaker_warehouse_ClutteringA_01/materials/textures/aws_robomaker_warehouse_ClutteringA_02.png
[3.701s] -- Symlinking: /home/victor/Caramelo_workspace/install/caramelo_one/share/caramelo_one/models/aws_robomaker_warehouse_ClutteringA_01/materials/textures/aws_robomaker_warehouse_ClutteringA_03.png
[3.709s] -- Symlinking: /home/victor/Caramelo_workspace/install/caramelo_one/share/caramelo_one/models/aws_robomaker_warehouse_ClutteringA_01/meshes/aws_robomaker_warehouse_ClutteringA_01_collision.DAE
[3.718s] -- Symlinking: /home/victor/Caramelo_workspace/install/caramelo_one/share/caramelo_one/models/aws_robomaker_warehouse_ClutteringA_01/meshes/aws_robomaker_warehouse_ClutteringA_01_visual.DAE
[3.726s] -- Symlinking: /home/victor/Caramelo_workspace/install/caramelo_one/share/caramelo_one/models/aws_robomaker_warehouse_ClutteringA_01/model.config
[3.734s] -- Symlinking: /home/victor/Caramelo_workspace/install/caramelo_one/share/caramelo_one/models/aws_robomaker_warehouse_ClutteringA_01/model.sdf
[3.742s] -- Symlinking: /home/victor/Caramelo_workspace/install/caramelo_one/share/caramelo_one/models/aws_robomaker_warehouse_ClutteringC_01/materials/textures/aws_robomaker_warehouse_ClutteringC_01.png
[3.750s] -- Symlinking: /home/victor/Caramelo_workspace/install/caramelo_one/share/caramelo_one/models/aws_robomaker_warehouse_ClutteringC_01/materials/textures/aws_robomaker_warehouse_ClutteringC_02.png
[3.758s] -- Symlinking: /home/victor/Caramelo_workspace/install/caramelo_one/share/caramelo_one/models/aws_robomaker_warehouse_ClutteringC_01/meshes/aws_robomaker_warehouse_ClutteringC_01_collision.DAE
[3.766s] -- Symlinking: /home/victor/Caramelo_workspace/install/caramelo_one/share/caramelo_one/models/aws_robomaker_warehouse_ClutteringC_01/meshes/aws_robomaker_warehouse_ClutteringC_01_visual.DAE
[3.774s] -- Symlinking: /home/victor/Caramelo_workspace/install/caramelo_one/share/caramelo_one/models/aws_robomaker_warehouse_ClutteringC_01/model.config
[3.782s] -- Symlinking: /home/victor/Caramelo_workspace/install/caramelo_one/share/caramelo_one/models/aws_robomaker_warehouse_ClutteringC_01/model.sdf
[3.791s] -- Symlinking: /home/victor/Caramelo_workspace/install/caramelo_one/share/caramelo_one/models/aws_robomaker_warehouse_ClutteringD_01/materials/textures/aws_robomaker_warehouse_ClutteringD_01.png
[3.799s] -- Symlinking: /home/victor/Caramelo_workspace/install/caramelo_one/share/caramelo_one/models/aws_robomaker_warehouse_ClutteringD_01/materials/textures/aws_robomaker_warehouse_ClutteringD_02.png
[3.807s] -- Symlinking: /home/victor/Caramelo_workspace/install/caramelo_one/share/caramelo_one/models/aws_robomaker_warehouse_ClutteringD_01/meshes/aws_robomaker_warehouse_ClutteringD_01_collision.DAE
[3.815s] -- Symlinking: /home/victor/Caramelo_workspace/install/caramelo_one/share/caramelo_one/models/aws_robomaker_warehouse_ClutteringD_01/meshes/aws_robomaker_warehouse_ClutteringD_01_visual.DAE
[3.823s] -- Symlinking: /home/victor/Caramelo_workspace/install/caramelo_one/share/caramelo_one/models/aws_robomaker_warehouse_ClutteringD_01/model.config
[3.832s] -- Symlinking: /home/victor/Caramelo_workspace/install/caramelo_one/share/caramelo_one/models/aws_robomaker_warehouse_ClutteringD_01/model.sdf
[3.840s] -- Symlinking: /home/victor/Caramelo_workspace/install/caramelo_one/share/caramelo_one/models/aws_robomaker_warehouse_DeskC_01/materials/.DS_Store
[3.848s] -- Symlinking: /home/victor/Caramelo_workspace/install/caramelo_one/share/caramelo_one/models/aws_robomaker_warehouse_DeskC_01/materials/textures/aws_robomaker_warehouse_DeskC_01.png
[3.857s] -- Symlinking: /home/victor/Caramelo_workspace/install/caramelo_one/share/caramelo_one/models/aws_robomaker_warehouse_DeskC_01/materials/textures/aws_robomaker_warehouse_DeskC_02.png
[3.865s] -- Symlinking: /home/victor/Caramelo_workspace/install/caramelo_one/share/caramelo_one/models/aws_robomaker_warehouse_DeskC_01/materials/textures/aws_robomaker_warehouse_DeskC_03.png
[3.873s] -- Symlinking: /home/victor/Caramelo_workspace/install/caramelo_one/share/caramelo_one/models/aws_robomaker_warehouse_DeskC_01/materials/textures/aws_robomaker_warehouse_DeskC_03.psd
[3.881s] -- Symlinking: /home/victor/Caramelo_workspace/install/caramelo_one/share/caramelo_one/models/aws_robomaker_warehouse_DeskC_01/materials/textures/aws_robomaker_warehouse_DeskC_04.png
[3.889s] -- Symlinking: /home/victor/Caramelo_workspace/install/caramelo_one/share/caramelo_one/models/aws_robomaker_warehouse_DeskC_01/meshes/aws_robomaker_warehouse_DeskC_01_collision.DAE
[3.897s] -- Symlinking: /home/victor/Caramelo_workspace/install/caramelo_one/share/caramelo_one/models/aws_robomaker_warehouse_DeskC_01/meshes/aws_robomaker_warehouse_DeskC_01_visual.DAE
[3.905s] -- Symlinking: /home/victor/Caramelo_workspace/install/caramelo_one/share/caramelo_one/models/aws_robomaker_warehouse_DeskC_01/model.config
[3.913s] -- Symlinking: /home/victor/Caramelo_workspace/install/caramelo_one/share/caramelo_one/models/aws_robomaker_warehouse_DeskC_01/model.sdf
[3.921s] -- Symlinking: /home/victor/Caramelo_workspace/install/caramelo_one/share/caramelo_one/models/aws_robomaker_warehouse_GroundB_01/materials/textures/aws_robomaker_warehouse_GroundB_01.png
[3.929s] -- Symlinking: /home/victor/Caramelo_workspace/install/caramelo_one/share/caramelo_one/models/aws_robomaker_warehouse_GroundB_01/materials/textures/aws_robomaker_warehouse_GroundB_02.png
[3.938s] -- Symlinking: /home/victor/Caramelo_workspace/install/caramelo_one/share/caramelo_one/models/aws_robomaker_warehouse_GroundB_01/meshes/aws_robomaker_warehouse_GroundB_01_collision.DAE
[3.946s] -- Symlinking: /home/victor/Caramelo_workspace/install/caramelo_one/share/caramelo_one/models/aws_robomaker_warehouse_GroundB_01/meshes/aws_robomaker_warehouse_GroundB_01_visual.DAE
[3.954s] -- Symlinking: /home/victor/Caramelo_workspace/install/caramelo_one/share/caramelo_one/models/aws_robomaker_warehouse_GroundB_01/model.config
[3.962s] -- Symlinking: /home/victor/Caramelo_workspace/install/caramelo_one/share/caramelo_one/models/aws_robomaker_warehouse_GroundB_01/model.sdf
[3.971s] -- Symlinking: /home/victor/Caramelo_workspace/install/caramelo_one/share/caramelo_one/models/aws_robomaker_warehouse_Lamp_01/materials/textures/aws_robomaker_warehouse_Lamp_01.png
[3.979s] -- Symlinking: /home/victor/Caramelo_workspace/install/caramelo_one/share/caramelo_one/models/aws_robomaker_warehouse_Lamp_01/meshes/aws_robomaker_warehouse_Lamp_01_collision.DAE
[3.986s] -- Symlinking: /home/victor/Caramelo_workspace/install/caramelo_one/share/caramelo_one/models/aws_robomaker_warehouse_Lamp_01/meshes/aws_robomaker_warehouse_Lamp_01_visual.DAE
[3.995s] -- Symlinking: /home/victor/Caramelo_workspace/install/caramelo_one/share/caramelo_one/models/aws_robomaker_warehouse_Lamp_01/model.config
[4.003s] -- Symlinking: /home/victor/Caramelo_workspace/install/caramelo_one/share/caramelo_one/models/aws_robomaker_warehouse_Lamp_01/model.sdf
[4.011s] -- Symlinking: /home/victor/Caramelo_workspace/install/caramelo_one/share/caramelo_one/models/aws_robomaker_warehouse_PalletJackB_01/.DS_Store
[4.019s] -- Symlinking: /home/victor/Caramelo_workspace/install/caramelo_one/share/caramelo_one/models/aws_robomaker_warehouse_PalletJackB_01/materials/.DS_Store
[4.027s] -- Symlinking: /home/victor/Caramelo_workspace/install/caramelo_one/share/caramelo_one/models/aws_robomaker_warehouse_PalletJackB_01/materials/textures/aws_robomaker_warehouse_PalletJackB_01.png
[4.035s] -- Symlinking: /home/victor/Caramelo_workspace/install/caramelo_one/share/caramelo_one/models/aws_robomaker_warehouse_PalletJackB_01/materials/textures/aws_robomaker_warehouse_PalletJackB_02.png
[4.044s] -- Symlinking: /home/victor/Caramelo_workspace/install/caramelo_one/share/caramelo_one/models/aws_robomaker_warehouse_PalletJackB_01/meshes/aws_robomaker_warehouse_PalletJackB_01_collision.DAE
[4.052s] -- Symlinking: /home/victor/Caramelo_workspace/install/caramelo_one/share/caramelo_one/models/aws_robomaker_warehouse_PalletJackB_01/meshes/aws_robomaker_warehouse_PalletJackB_01_visual.DAE
[4.060s] -- Symlinking: /home/victor/Caramelo_workspace/install/caramelo_one/share/caramelo_one/models/aws_robomaker_warehouse_PalletJackB_01/model.config
[4.068s] -- Symlinking: /home/victor/Caramelo_workspace/install/caramelo_one/share/caramelo_one/models/aws_robomaker_warehouse_PalletJackB_01/model.sdf
[4.076s] -- Symlinking: /home/victor/Caramelo_workspace/install/caramelo_one/share/caramelo_one/models/aws_robomaker_warehouse_RoofB_01/materials/textures/aws_robomaker_warehouse_RoofB_01.png
[4.084s] -- Symlinking: /home/victor/Caramelo_workspace/install/caramelo_one/share/caramelo_one/models/aws_robomaker_warehouse_RoofB_01/meshes/aws_robomaker_warehouse_RoofB_01_collision.DAE
[4.092s] -- Symlinking: /home/victor/Caramelo_workspace/install/caramelo_one/share/caramelo_one/models/aws_robomaker_warehouse_RoofB_01/meshes/aws_robomaker_warehouse_RoofB_01_visual.DAE
[4.099s] -- Symlinking: /home/victor/Caramelo_workspace/install/caramelo_one/share/caramelo_one/models/aws_robomaker_warehouse_RoofB_01/model.config
[4.107s] -- Symlinking: /home/victor/Caramelo_workspace/install/caramelo_one/share/caramelo_one/models/aws_robomaker_warehouse_RoofB_01/model.sdf
[4.115s] -- Symlinking: /home/victor/Caramelo_workspace/install/caramelo_one/share/caramelo_one/models/aws_robomaker_warehouse_ShelfD_01/materials/textures/aws_robomaker_warehouse_ShelfD_01.png
[4.124s] -- Symlinking: /home/victor/Caramelo_workspace/install/caramelo_one/share/caramelo_one/models/aws_robomaker_warehouse_ShelfD_01/materials/textures/aws_robomaker_warehouse_ShelfD_02.png
[4.132s] -- Symlinking: /home/victor/Caramelo_workspace/install/caramelo_one/share/caramelo_one/models/aws_robomaker_warehouse_ShelfD_01/materials/textures/aws_robomaker_warehouse_ShelfD_03.png
[4.141s] -- Symlinking: /home/victor/Caramelo_workspace/install/caramelo_one/share/caramelo_one/models/aws_robomaker_warehouse_ShelfD_01/materials/textures/aws_robomaker_warehouse_ShelfD_04.png
[4.149s] -- Symlinking: /home/victor/Caramelo_workspace/install/caramelo_one/share/caramelo_one/models/aws_robomaker_warehouse_ShelfD_01/meshes/aws_robomaker_warehouse_ShelfD_01_collision.DAE
[4.157s] -- Symlinking: /home/victor/Caramelo_workspace/install/caramelo_one/share/caramelo_one/models/aws_robomaker_warehouse_ShelfD_01/meshes/aws_robomaker_warehouse_ShelfD_01_visual.DAE
[4.165s] -- Symlinking: /home/victor/Caramelo_workspace/install/caramelo_one/share/caramelo_one/models/aws_robomaker_warehouse_ShelfD_01/model.config
[4.173s] -- Symlinking: /home/victor/Caramelo_workspace/install/caramelo_one/share/caramelo_one/models/aws_robomaker_warehouse_ShelfD_01/model.sdf
[4.181s] -- Symlinking: /home/victor/Caramelo_workspace/install/caramelo_one/share/caramelo_one/models/aws_robomaker_warehouse_ShelfE_01/.DS_Store
[4.189s] -- Symlinking: /home/victor/Caramelo_workspace/install/caramelo_one/share/caramelo_one/models/aws_robomaker_warehouse_ShelfE_01/materials/.DS_Store
[4.197s] -- Symlinking: /home/victor/Caramelo_workspace/install/caramelo_one/share/caramelo_one/models/aws_robomaker_warehouse_ShelfE_01/materials/textures/aws_robomaker_warehouse_ShelfE_01.png
[4.205s] -- Symlinking: /home/victor/Caramelo_workspace/install/caramelo_one/share/caramelo_one/models/aws_robomaker_warehouse_ShelfE_01/materials/textures/aws_robomaker_warehouse_ShelfE_02.png
[4.213s] -- Symlinking: /home/victor/Caramelo_workspace/install/caramelo_one/share/caramelo_one/models/aws_robomaker_warehouse_ShelfE_01/materials/textures/aws_robomaker_warehouse_ShelfE_03.png
[4.221s] -- Symlinking: /home/victor/Caramelo_workspace/install/caramelo_one/share/caramelo_one/models/aws_robomaker_warehouse_ShelfE_01/materials/textures/aws_robomaker_warehouse_ShelfE_04.png
[4.229s] -- Symlinking: /home/victor/Caramelo_workspace/install/caramelo_one/share/caramelo_one/models/aws_robomaker_warehouse_ShelfE_01/meshes/aws_robomaker_warehouse_ShelfE_01_collision.DAE
[4.238s] -- Symlinking: /home/victor/Caramelo_workspace/install/caramelo_one/share/caramelo_one/models/aws_robomaker_warehouse_ShelfE_01/meshes/aws_robomaker_warehouse_ShelfE_01_visual.DAE
[4.246s] -- Symlinking: /home/victor/Caramelo_workspace/install/caramelo_one/share/caramelo_one/models/aws_robomaker_warehouse_ShelfE_01/model.config
[4.254s] -- Symlinking: /home/victor/Caramelo_workspace/install/caramelo_one/share/caramelo_one/models/aws_robomaker_warehouse_ShelfE_01/model.sdf
[4.262s] -- Symlinking: /home/victor/Caramelo_workspace/install/caramelo_one/share/caramelo_one/models/aws_robomaker_warehouse_ShelfF_01/materials/textures/aws_robomaker_warehouse_ShelfF_01.png
[4.270s] -- Symlinking: /home/victor/Caramelo_workspace/install/caramelo_one/share/caramelo_one/models/aws_robomaker_warehouse_ShelfF_01/materials/textures/aws_robomaker_warehouse_ShelfF_02.png
[4.278s] -- Symlinking: /home/victor/Caramelo_workspace/install/caramelo_one/share/caramelo_one/models/aws_robomaker_warehouse_ShelfF_01/materials/textures/aws_robomaker_warehouse_ShelfF_03.png
[4.286s] -- Symlinking: /home/victor/Caramelo_workspace/install/caramelo_one/share/caramelo_one/models/aws_robomaker_warehouse_ShelfF_01/meshes/aws_robomaker_warehouse_ShelfF_01_collision.DAE
[4.294s] -- Symlinking: /home/victor/Caramelo_workspace/install/caramelo_one/share/caramelo_one/models/aws_robomaker_warehouse_ShelfF_01/meshes/aws_robomaker_warehouse_ShelfF_01_visual.DAE
[4.302s] -- Symlinking: /home/victor/Caramelo_workspace/install/caramelo_one/share/caramelo_one/models/aws_robomaker_warehouse_ShelfF_01/model.config
[4.310s] -- Symlinking: /home/victor/Caramelo_workspace/install/caramelo_one/share/caramelo_one/models/aws_robomaker_warehouse_ShelfF_01/model.sdf
[4.318s] -- Symlinking: /home/victor/Caramelo_workspace/install/caramelo_one/share/caramelo_one/models/aws_robomaker_warehouse_TrashCanC_01/materials/textures/aws_robomaker_warehouse_TrashCanC_01.png
[4.326s] -- Symlinking: /home/victor/Caramelo_workspace/install/caramelo_one/share/caramelo_one/models/aws_robomaker_warehouse_TrashCanC_01/meshes/aws_robomaker_warehouse_TrashCanC_01_collision.DAE
[4.335s] -- Symlinking: /home/victor/Caramelo_workspace/install/caramelo_one/share/caramelo_one/models/aws_robomaker_warehouse_TrashCanC_01/meshes/aws_robomaker_warehouse_TrashCanC_01_visual.DAE
[4.343s] -- Symlinking: /home/victor/Caramelo_workspace/install/caramelo_one/share/caramelo_one/models/aws_robomaker_warehouse_TrashCanC_01/model.config
[4.351s] -- Symlinking: /home/victor/Caramelo_workspace/install/caramelo_one/share/caramelo_one/models/aws_robomaker_warehouse_TrashCanC_01/model.sdf
[4.359s] -- Symlinking: /home/victor/Caramelo_workspace/install/caramelo_one/share/caramelo_one/models/aws_robomaker_warehouse_WallB_01/materials/textures/aws_robomaker_warehouse_WallB_01.png
[4.367s] -- Symlinking: /home/victor/Caramelo_workspace/install/caramelo_one/share/caramelo_one/models/aws_robomaker_warehouse_WallB_01/meshes/aws_robomaker_warehouse_WallB_01_collision.DAE
[4.375s] -- Symlinking: /home/victor/Caramelo_workspace/install/caramelo_one/share/caramelo_one/models/aws_robomaker_warehouse_WallB_01/meshes/aws_robomaker_warehouse_WallB_01_visual.DAE
[4.384s] -- Symlinking: /home/victor/Caramelo_workspace/install/caramelo_one/share/caramelo_one/models/aws_robomaker_warehouse_WallB_01/model.config
[4.392s] -- Symlinking: /home/victor/Caramelo_workspace/install/caramelo_one/share/caramelo_one/models/aws_robomaker_warehouse_WallB_01/model.sdf
[4.401s] -- Symlinking: /home/victor/Caramelo_workspace/install/caramelo_one/share/caramelo_one/photos/DeskPortraitA_01.jpg
[4.409s] -- Symlinking: /home/victor/Caramelo_workspace/install/caramelo_one/share/caramelo_one/photos/DeskPortraitA_02.jpg
[4.417s] -- Symlinking: /home/victor/Caramelo_workspace/install/caramelo_one/share/caramelo_one/photos/DeskPortraitB_01.jpg
[4.425s] -- Symlinking: /home/victor/Caramelo_workspace/install/caramelo_one/share/caramelo_one/photos/DeskPortraitB_02.jpg
[4.435s] -- Symlinking: /home/victor/Caramelo_workspace/install/caramelo_one/share/caramelo_one/photos/DeskPortraitC_01.jpg
[4.444s] -- Symlinking: /home/victor/Caramelo_workspace/install/caramelo_one/share/caramelo_one/photos/DeskPortraitC_02.jpg
[4.452s] -- Symlinking: /home/victor/Caramelo_workspace/install/caramelo_one/share/caramelo_one/photos/DeskPortraitD_01.jpg
[4.460s] -- Symlinking: /home/victor/Caramelo_workspace/install/caramelo_one/share/caramelo_one/photos/DeskPortraitD_02.jpg
[4.468s] -- Symlinking: /home/victor/Caramelo_workspace/install/caramelo_one/share/caramelo_one/photos/DeskPortraitD_03.jpg
[4.477s] -- Symlinking: /home/victor/Caramelo_workspace/install/caramelo_one/share/caramelo_one/photos/DeskPortraitD_04.jpg
[4.485s] -- Symlinking: /home/victor/Caramelo_workspace/install/caramelo_one/share/caramelo_one/photos/PortraitA_01.jpg
[4.493s] -- Symlinking: /home/victor/Caramelo_workspace/install/caramelo_one/share/caramelo_one/photos/PortraitA_02.jpg
[4.501s] -- Symlinking: /home/victor/Caramelo_workspace/install/caramelo_one/share/caramelo_one/photos/PortraitB_01.jpg
[4.509s] -- Symlinking: /home/victor/Caramelo_workspace/install/caramelo_one/share/caramelo_one/photos/PortraitB_02.jpg
[4.518s] -- Symlinking: /home/victor/Caramelo_workspace/install/caramelo_one/share/caramelo_one/photos/PortraitB_03.jpg
[4.526s] -- Symlinking: /home/victor/Caramelo_workspace/install/caramelo_one/share/caramelo_one/photos/PortraitC_01.jpg
[4.534s] -- Symlinking: /home/victor/Caramelo_workspace/install/caramelo_one/share/caramelo_one/photos/PortraitD_01.jpg
[4.543s] -- Symlinking: /home/victor/Caramelo_workspace/install/caramelo_one/share/caramelo_one/photos/PortraitD_02.jpg
[4.550s] -- Symlinking: /home/victor/Caramelo_workspace/install/caramelo_one/share/caramelo_one/photos/PortraitE_01.jpg
[4.559s] -- Symlinking: /home/victor/Caramelo_workspace/install/caramelo_one/share/caramelo_one/photos/PortraitE_02.jpg
[4.567s] -- Symlinking: /home/victor/Caramelo_workspace/install/caramelo_one/share/ament_index/resource_index/package_run_dependencies/caramelo_one
[4.575s] -- Symlinking: /home/victor/Caramelo_workspace/install/caramelo_one/share/ament_index/resource_index/parent_prefix_path/caramelo_one
[4.583s] -- Symlinking: /home/victor/Caramelo_workspace/install/caramelo_one/share/caramelo_one/environment/ament_prefix_path.sh
[4.591s] -- Symlinking: /home/victor/Caramelo_workspace/install/caramelo_one/share/caramelo_one/environment/ament_prefix_path.dsv
[4.599s] -- Symlinking: /home/victor/Caramelo_workspace/install/caramelo_one/share/caramelo_one/environment/path.sh
[4.607s] -- Symlinking: /home/victor/Caramelo_workspace/install/caramelo_one/share/caramelo_one/environment/path.dsv
[4.616s] -- Symlinking: /home/victor/Caramelo_workspace/install/caramelo_one/share/caramelo_one/local_setup.bash
[4.624s] -- Symlinking: /home/victor/Caramelo_workspace/install/caramelo_one/share/caramelo_one/local_setup.sh
[4.632s] -- Symlinking: /home/victor/Caramelo_workspace/install/caramelo_one/share/caramelo_one/local_setup.zsh
[4.641s] -- Symlinking: /home/victor/Caramelo_workspace/install/caramelo_one/share/caramelo_one/local_setup.dsv
[4.649s] -- Symlinking: /home/victor/Caramelo_workspace/install/caramelo_one/share/caramelo_one/package.dsv
[4.657s] -- Symlinking: /home/victor/Caramelo_workspace/install/caramelo_one/share/ament_index/resource_index/packages/caramelo_one
[4.665s] -- Symlinking: /home/victor/Caramelo_workspace/install/caramelo_one/share/caramelo_one/cmake/caramelo_oneConfig.cmake
[4.673s] -- Symlinking: /home/victor/Caramelo_workspace/install/caramelo_one/share/caramelo_one/cmake/caramelo_oneConfig-version.cmake
[4.681s] -- Symlinking: /home/victor/Caramelo_workspace/install/caramelo_one/share/caramelo_one/package.xml
[4.691s] Invoked command in '/home/victor/Caramelo_workspace/build/caramelo_one' returned '0': CMAKE_PREFIX_PATH=/opt/ros/humble /usr/bin/cmake --install /home/victor/Caramelo_workspace/build/caramelo_one
