[1.244s] Invoking command in '/home/victor/Caramelo_workspace/src/caramelo_simulation': PYTHONPATH=/home/victor/Caramelo_workspace/build/caramelo_simulation/prefix_override:/usr/lib/python3/dist-packages/colcon_core/task/python/colcon_distutils_commands:/home/victor/Caramelo_workspace/install/caramelo_simulation/lib/python3.10/site-packages:${PYTHONPATH} /usr/bin/python3 -W ignore:setup.py install is deprecated -W ignore:easy_install command is deprecated setup.py egg_info --egg-base ../../build/caramelo_simulation build --build-base /home/victor/Caramelo_workspace/build/caramelo_simulation/build install --record /home/victor/Caramelo_workspace/build/caramelo_simulation/install.log --single-version-externally-managed install_data
[1.488s] running egg_info
[1.489s] writing ../../build/caramelo_simulation/caramelo_simulation.egg-info/PKG-INFO
[1.490s] writing dependency_links to ../../build/caramelo_simulation/caramelo_simulation.egg-info/dependency_links.txt
[1.490s] writing entry points to ../../build/caramelo_simulation/caramelo_simulation.egg-info/entry_points.txt
[1.490s] writing requirements to ../../build/caramelo_simulation/caramelo_simulation.egg-info/requires.txt
[1.490s] writing top-level names to ../../build/caramelo_simulation/caramelo_simulation.egg-info/top_level.txt
[1.492s] reading manifest file '../../build/caramelo_simulation/caramelo_simulation.egg-info/SOURCES.txt'
[1.494s] writing manifest file '../../build/caramelo_simulation/caramelo_simulation.egg-info/SOURCES.txt'
[1.494s] running build
[1.494s] running build_py
[1.494s] running install
[1.495s] running install_lib
[1.496s] running install_data
[1.496s] copying description/mecanum_gazebo.xacro -> /home/victor/Caramelo_workspace/install/caramelo_simulation/share/caramelo_simulation/description
[1.497s] running install_egg_info
[1.499s] removing '/home/victor/Caramelo_workspace/install/caramelo_simulation/lib/python3.10/site-packages/caramelo_simulation-0.0.1-py3.10.egg-info' (and everything under it)
[1.500s] Copying ../../build/caramelo_simulation/caramelo_simulation.egg-info to /home/victor/Caramelo_workspace/install/caramelo_simulation/lib/python3.10/site-packages/caramelo_simulation-0.0.1-py3.10.egg-info
[1.501s] running install_scripts
[1.524s] writing list of installed files to '/home/victor/Caramelo_workspace/build/caramelo_simulation/install.log'
[1.561s] Invoked command in '/home/victor/Caramelo_workspace/src/caramelo_simulation' returned '0': PYTHONPATH=/home/victor/Caramelo_workspace/build/caramelo_simulation/prefix_override:/usr/lib/python3/dist-packages/colcon_core/task/python/colcon_distutils_commands:/home/victor/Caramelo_workspace/install/caramelo_simulation/lib/python3.10/site-packages:${PYTHONPATH} /usr/bin/python3 -W ignore:setup.py install is deprecated -W ignore:easy_install command is deprecated setup.py egg_info --egg-base ../../build/caramelo_simulation build --build-base /home/victor/Caramelo_workspace/build/caramelo_simulation/build install --record /home/victor/Caramelo_workspace/build/caramelo_simulation/install.log --single-version-externally-managed install_data
