running egg_info
creating ../../build/caramelo_controller/caramelo_controller.egg-info
writing ../../build/caramelo_controller/caramelo_controller.egg-info/PKG-INFO
writing dependency_links to ../../build/caramelo_controller/caramelo_controller.egg-info/dependency_links.txt
writing entry points to ../../build/caramelo_controller/caramelo_controller.egg-info/entry_points.txt
writing requirements to ../../build/caramelo_controller/caramelo_controller.egg-info/requires.txt
writing top-level names to ../../build/caramelo_controller/caramelo_controller.egg-info/top_level.txt
writing manifest file '../../build/caramelo_controller/caramelo_controller.egg-info/SOURCES.txt'
reading manifest file '../../build/caramelo_controller/caramelo_controller.egg-info/SOURCES.txt'
writing manifest file '../../build/caramelo_controller/caramelo_controller.egg-info/SOURCES.txt'
running build
running build_py
creating /home/victor/Caramelo_workspace/build/caramelo_controller/build
creating /home/victor/Caramelo_workspace/build/caramelo_controller/build/lib
creating /home/victor/Caramelo_workspace/build/caramelo_controller/build/lib/caramelo_controller
copying caramelo_controller/__init__.py -> /home/victor/Caramelo_workspace/build/caramelo_controller/build/lib/caramelo_controller
running install
running install_lib
creating /home/victor/Caramelo_workspace/install/caramelo_controller/lib/python3.10/site-packages/caramelo_controller
copying /home/victor/Caramelo_workspace/build/caramelo_controller/build/lib/caramelo_controller/__init__.py -> /home/victor/Caramelo_workspace/install/caramelo_controller/lib/python3.10/site-packages/caramelo_controller
byte-compiling /home/victor/Caramelo_workspace/install/caramelo_controller/lib/python3.10/site-packages/caramelo_controller/__init__.py to __init__.cpython-310.pyc
running install_data
creating /home/victor/Caramelo_workspace/install/caramelo_controller/share/ament_index
creating /home/victor/Caramelo_workspace/install/caramelo_controller/share/ament_index/resource_index
creating /home/victor/Caramelo_workspace/install/caramelo_controller/share/ament_index/resource_index/packages
copying resource/caramelo_controller -> /home/victor/Caramelo_workspace/install/caramelo_controller/share/ament_index/resource_index/packages
copying package.xml -> /home/victor/Caramelo_workspace/install/caramelo_controller/share/caramelo_controller
running install_egg_info
Copying ../../build/caramelo_controller/caramelo_controller.egg-info to /home/victor/Caramelo_workspace/install/caramelo_controller/lib/python3.10/site-packages/caramelo_controller-0.0.0-py3.10.egg-info
running install_scripts
writing list of installed files to '/home/victor/Caramelo_workspace/build/caramelo_controller/install.log'
