[1.182s] Invoking command in '/home/victor/Caramelo_workspace/src/caramelo_controller': PYTHONPATH=/home/victor/Caramelo_workspace/build/caramelo_controller/prefix_override:/usr/lib/python3/dist-packages/colcon_core/task/python/colcon_distutils_commands:/home/victor/Caramelo_workspace/install/caramelo_controller/lib/python3.10/site-packages:${PYTHONPATH} /usr/bin/python3 -W ignore:setup.py install is deprecated -W ignore:easy_install command is deprecated setup.py egg_info --egg-base ../../build/caramelo_controller build --build-base /home/victor/Caramelo_workspace/build/caramelo_controller/build install --record /home/victor/Caramelo_workspace/build/caramelo_controller/install.log --single-version-externally-managed install_data
[1.411s] running egg_info
[1.412s] creating ../../build/caramelo_controller/caramelo_controller.egg-info
[1.412s] writing ../../build/caramelo_controller/caramelo_controller.egg-info/PKG-INFO
[1.412s] writing dependency_links to ../../build/caramelo_controller/caramelo_controller.egg-info/dependency_links.txt
[1.412s] writing entry points to ../../build/caramelo_controller/caramelo_controller.egg-info/entry_points.txt
[1.412s] writing requirements to ../../build/caramelo_controller/caramelo_controller.egg-info/requires.txt
[1.413s] writing top-level names to ../../build/caramelo_controller/caramelo_controller.egg-info/top_level.txt
[1.413s] writing manifest file '../../build/caramelo_controller/caramelo_controller.egg-info/SOURCES.txt'
[1.415s] reading manifest file '../../build/caramelo_controller/caramelo_controller.egg-info/SOURCES.txt'
[1.416s] writing manifest file '../../build/caramelo_controller/caramelo_controller.egg-info/SOURCES.txt'
[1.416s] running build
[1.416s] running build_py
[1.416s] creating /home/victor/Caramelo_workspace/build/caramelo_controller/build
[1.416s] creating /home/victor/Caramelo_workspace/build/caramelo_controller/build/lib
[1.416s] creating /home/victor/Caramelo_workspace/build/caramelo_controller/build/lib/caramelo_controller
[1.416s] copying caramelo_controller/__init__.py -> /home/victor/Caramelo_workspace/build/caramelo_controller/build/lib/caramelo_controller
[1.417s] running install
[1.417s] running install_lib
[1.418s] creating /home/victor/Caramelo_workspace/install/caramelo_controller/lib/python3.10/site-packages/caramelo_controller
[1.418s] copying /home/victor/Caramelo_workspace/build/caramelo_controller/build/lib/caramelo_controller/__init__.py -> /home/victor/Caramelo_workspace/install/caramelo_controller/lib/python3.10/site-packages/caramelo_controller
[1.418s] byte-compiling /home/victor/Caramelo_workspace/install/caramelo_controller/lib/python3.10/site-packages/caramelo_controller/__init__.py to __init__.cpython-310.pyc
[1.419s] running install_data
[1.419s] creating /home/victor/Caramelo_workspace/install/caramelo_controller/share/ament_index
[1.419s] creating /home/victor/Caramelo_workspace/install/caramelo_controller/share/ament_index/resource_index
[1.419s] creating /home/victor/Caramelo_workspace/install/caramelo_controller/share/ament_index/resource_index/packages
[1.419s] copying resource/caramelo_controller -> /home/victor/Caramelo_workspace/install/caramelo_controller/share/ament_index/resource_index/packages
[1.420s] copying package.xml -> /home/victor/Caramelo_workspace/install/caramelo_controller/share/caramelo_controller
[1.420s] running install_egg_info
[1.422s] Copying ../../build/caramelo_controller/caramelo_controller.egg-info to /home/victor/Caramelo_workspace/install/caramelo_controller/lib/python3.10/site-packages/caramelo_controller-0.0.0-py3.10.egg-info
[1.423s] running install_scripts
[1.442s] writing list of installed files to '/home/victor/Caramelo_workspace/build/caramelo_controller/install.log'
[1.470s] Invoked command in '/home/victor/Caramelo_workspace/src/caramelo_controller' returned '0': PYTHONPATH=/home/victor/Caramelo_workspace/build/caramelo_controller/prefix_override:/usr/lib/python3/dist-packages/colcon_core/task/python/colcon_distutils_commands:/home/victor/Caramelo_workspace/install/caramelo_controller/lib/python3.10/site-packages:${PYTHONPATH} /usr/bin/python3 -W ignore:setup.py install is deprecated -W ignore:easy_install command is deprecated setup.py egg_info --egg-base ../../build/caramelo_controller build --build-base /home/victor/Caramelo_workspace/build/caramelo_controller/build install --record /home/victor/Caramelo_workspace/build/caramelo_controller/install.log --single-version-externally-managed install_data
