[0.175s] DEBUG:colcon:Command line arguments: ['/usr/bin/colcon', 'build']
[0.175s] DEBUG:colcon:Parsed command line arguments: Namespace(log_base=None, log_level=None, verb_name='build', build_base='build', install_base='install', merge_install=False, symlink_install=False, test_result_base=None, continue_on_error=False, executor='parallel', parallel_workers=8, event_handlers=None, ignore_user_meta=False, metas=['./colcon.meta'], base_paths=['.'], packages_ignore=None, packages_ignore_regex=None, paths=None, packages_up_to=None, packages_up_to_regex=None, packages_above=None, packages_above_and_dependencies=None, packages_above_depth=None, packages_select_by_dep=None, packages_skip_by_dep=None, packages_skip_up_to=None, packages_select_build_failed=False, packages_skip_build_finished=False, packages_select_test_failures=False, packages_skip_test_passed=False, packages_select=None, packages_skip=None, packages_select_regex=None, packages_skip_regex=None, packages_start=None, packages_end=None, allow_overriding=[], cmake_args=None, cmake_target=None, cmake_target_skip_unavailable=False, cmake_clean_cache=False, cmake_clean_first=False, cmake_force_configure=False, ament_cmake_args=None, catkin_cmake_args=None, catkin_skip_building_tests=False, verb_parser=<colcon_defaults.argument_parser.defaults.DefaultArgumentsDecorator object at 0x7eb64b8b4be0>, verb_extension=<colcon_core.verb.build.BuildVerb object at 0x7eb64b8b46d0>, main=<bound method BuildVerb.main of <colcon_core.verb.build.BuildVerb object at 0x7eb64b8b46d0>>)
[0.371s] Level 1:colcon.colcon_core.package_discovery:discover_packages(colcon_meta) check parameters
[0.371s] Level 1:colcon.colcon_core.package_discovery:discover_packages(recursive) check parameters
[0.371s] Level 1:colcon.colcon_core.package_discovery:discover_packages(ignore) check parameters
[0.371s] Level 1:colcon.colcon_core.package_discovery:discover_packages(path) check parameters
[0.371s] Level 1:colcon.colcon_core.package_discovery:discover_packages(colcon_meta) discover
[0.371s] Level 1:colcon.colcon_core.package_discovery:discover_packages(recursive) discover
[0.371s] INFO:colcon.colcon_core.package_discovery:Crawling recursively for packages in '/home/victor/Caramelo_workspace'
[0.371s] Level 1:colcon.colcon_core.package_identification:_identify(.) by extensions ['ignore', 'ignore_ament_install']
[0.372s] Level 1:colcon.colcon_core.package_identification:_identify(.) by extension 'ignore'
[0.372s] Level 1:colcon.colcon_core.package_identification:_identify(.) by extension 'ignore_ament_install'
[0.372s] Level 1:colcon.colcon_core.package_identification:_identify(.) by extensions ['colcon_pkg']
[0.372s] Level 1:colcon.colcon_core.package_identification:_identify(.) by extension 'colcon_pkg'
[0.372s] Level 1:colcon.colcon_core.package_identification:_identify(.) by extensions ['colcon_meta']
[0.372s] Level 1:colcon.colcon_core.package_identification:_identify(.) by extension 'colcon_meta'
[0.372s] Level 1:colcon.colcon_core.package_identification:_identify(.) by extensions ['ros']
[0.372s] Level 1:colcon.colcon_core.package_identification:_identify(.) by extension 'ros'
[0.382s] Level 1:colcon.colcon_core.package_identification:_identify(.) by extensions ['cmake', 'python']
[0.383s] Level 1:colcon.colcon_core.package_identification:_identify(.) by extension 'cmake'
[0.383s] Level 1:colcon.colcon_core.package_identification:_identify(.) by extension 'python'
[0.383s] Level 1:colcon.colcon_core.package_identification:_identify(.) by extensions ['python_setup_py']
[0.383s] Level 1:colcon.colcon_core.package_identification:_identify(.) by extension 'python_setup_py'
[0.383s] Level 1:colcon.colcon_core.package_identification:_identify(build) by extensions ['ignore', 'ignore_ament_install']
[0.383s] Level 1:colcon.colcon_core.package_identification:_identify(build) by extension 'ignore'
[0.383s] Level 1:colcon.colcon_core.package_identification:_identify(build) ignored
[0.383s] Level 1:colcon.colcon_core.package_identification:_identify(install) by extensions ['ignore', 'ignore_ament_install']
[0.383s] Level 1:colcon.colcon_core.package_identification:_identify(install) by extension 'ignore'
[0.384s] Level 1:colcon.colcon_core.package_identification:_identify(install) ignored
[0.384s] Level 1:colcon.colcon_core.package_identification:_identify(log) by extensions ['ignore', 'ignore_ament_install']
[0.384s] Level 1:colcon.colcon_core.package_identification:_identify(log) by extension 'ignore'
[0.384s] Level 1:colcon.colcon_core.package_identification:_identify(log) ignored
[0.384s] Level 1:colcon.colcon_core.package_identification:_identify(src) by extensions ['ignore', 'ignore_ament_install']
[0.384s] Level 1:colcon.colcon_core.package_identification:_identify(src) by extension 'ignore'
[0.384s] Level 1:colcon.colcon_core.package_identification:_identify(src) by extension 'ignore_ament_install'
[0.384s] Level 1:colcon.colcon_core.package_identification:_identify(src) by extensions ['colcon_pkg']
[0.384s] Level 1:colcon.colcon_core.package_identification:_identify(src) by extension 'colcon_pkg'
[0.384s] Level 1:colcon.colcon_core.package_identification:_identify(src) by extensions ['colcon_meta']
[0.384s] Level 1:colcon.colcon_core.package_identification:_identify(src) by extension 'colcon_meta'
[0.384s] Level 1:colcon.colcon_core.package_identification:_identify(src) by extensions ['ros']
[0.384s] Level 1:colcon.colcon_core.package_identification:_identify(src) by extension 'ros'
[0.385s] Level 1:colcon.colcon_core.package_identification:_identify(src) by extensions ['cmake', 'python']
[0.385s] Level 1:colcon.colcon_core.package_identification:_identify(src) by extension 'cmake'
[0.385s] Level 1:colcon.colcon_core.package_identification:_identify(src) by extension 'python'
[0.385s] Level 1:colcon.colcon_core.package_identification:_identify(src) by extensions ['python_setup_py']
[0.385s] Level 1:colcon.colcon_core.package_identification:_identify(src) by extension 'python_setup_py'
[0.385s] Level 1:colcon.colcon_core.package_identification:_identify(src/caramelo_controller) by extensions ['ignore', 'ignore_ament_install']
[0.385s] Level 1:colcon.colcon_core.package_identification:_identify(src/caramelo_controller) by extension 'ignore'
[0.385s] Level 1:colcon.colcon_core.package_identification:_identify(src/caramelo_controller) by extension 'ignore_ament_install'
[0.385s] Level 1:colcon.colcon_core.package_identification:_identify(src/caramelo_controller) by extensions ['colcon_pkg']
[0.385s] Level 1:colcon.colcon_core.package_identification:_identify(src/caramelo_controller) by extension 'colcon_pkg'
[0.385s] Level 1:colcon.colcon_core.package_identification:_identify(src/caramelo_controller) by extensions ['colcon_meta']
[0.385s] Level 1:colcon.colcon_core.package_identification:_identify(src/caramelo_controller) by extension 'colcon_meta'
[0.385s] Level 1:colcon.colcon_core.package_identification:_identify(src/caramelo_controller) by extensions ['ros']
[0.386s] Level 1:colcon.colcon_core.package_identification:_identify(src/caramelo_controller) by extension 'ros'
[0.388s] DEBUG:colcon.colcon_core.package_identification:Package 'src/caramelo_controller' with type 'ros.ament_python' and name 'caramelo_controller'
[0.388s] Level 1:colcon.colcon_core.package_identification:_identify(src/caramelo_description) by extensions ['ignore', 'ignore_ament_install']
[0.388s] Level 1:colcon.colcon_core.package_identification:_identify(src/caramelo_description) by extension 'ignore'
[0.388s] Level 1:colcon.colcon_core.package_identification:_identify(src/caramelo_description) by extension 'ignore_ament_install'
[0.388s] Level 1:colcon.colcon_core.package_identification:_identify(src/caramelo_description) by extensions ['colcon_pkg']
[0.388s] Level 1:colcon.colcon_core.package_identification:_identify(src/caramelo_description) by extension 'colcon_pkg'
[0.388s] Level 1:colcon.colcon_core.package_identification:_identify(src/caramelo_description) by extensions ['colcon_meta']
[0.388s] Level 1:colcon.colcon_core.package_identification:_identify(src/caramelo_description) by extension 'colcon_meta'
[0.388s] Level 1:colcon.colcon_core.package_identification:_identify(src/caramelo_description) by extensions ['ros']
[0.389s] Level 1:colcon.colcon_core.package_identification:_identify(src/caramelo_description) by extension 'ros'
[0.389s] DEBUG:colcon.colcon_core.package_identification:Package 'src/caramelo_description' with type 'ros.ament_python' and name 'caramelo_description'
[0.389s] Level 1:colcon.colcon_core.package_identification:_identify(src/caramelo_simulation) by extensions ['ignore', 'ignore_ament_install']
[0.389s] Level 1:colcon.colcon_core.package_identification:_identify(src/caramelo_simulation) by extension 'ignore'
[0.390s] Level 1:colcon.colcon_core.package_identification:_identify(src/caramelo_simulation) by extension 'ignore_ament_install'
[0.390s] Level 1:colcon.colcon_core.package_identification:_identify(src/caramelo_simulation) by extensions ['colcon_pkg']
[0.390s] Level 1:colcon.colcon_core.package_identification:_identify(src/caramelo_simulation) by extension 'colcon_pkg'
[0.390s] Level 1:colcon.colcon_core.package_identification:_identify(src/caramelo_simulation) by extensions ['colcon_meta']
[0.390s] Level 1:colcon.colcon_core.package_identification:_identify(src/caramelo_simulation) by extension 'colcon_meta'
[0.390s] Level 1:colcon.colcon_core.package_identification:_identify(src/caramelo_simulation) by extensions ['ros']
[0.390s] Level 1:colcon.colcon_core.package_identification:_identify(src/caramelo_simulation) by extension 'ros'
[0.391s] DEBUG:colcon.colcon_core.package_identification:Package 'src/caramelo_simulation' with type 'ros.ament_python' and name 'caramelo_simulation'
[0.391s] Level 1:colcon.colcon_core.package_discovery:discover_packages(recursive) using defaults
[0.391s] Level 1:colcon.colcon_core.package_discovery:discover_packages(ignore) discover
[0.391s] Level 1:colcon.colcon_core.package_discovery:discover_packages(ignore) using defaults
[0.392s] Level 1:colcon.colcon_core.package_discovery:discover_packages(path) discover
[0.392s] Level 1:colcon.colcon_core.package_discovery:discover_packages(path) using defaults
[0.409s] Level 1:colcon.colcon_core.package_discovery:discover_packages(prefix_path) check parameters
[0.409s] Level 1:colcon.colcon_core.package_discovery:discover_packages(prefix_path) discover
[0.412s] DEBUG:colcon.colcon_installed_package_information.package_discovery:Found 449 installed packages in /opt/ros/humble
[0.414s] Level 1:colcon.colcon_core.package_discovery:discover_packages(prefix_path) using defaults
[0.465s] Level 5:colcon.colcon_core.verb:set package 'caramelo_controller' build argument 'cmake_args' from command line to 'None'
[0.465s] Level 5:colcon.colcon_core.verb:set package 'caramelo_controller' build argument 'cmake_target' from command line to 'None'
[0.465s] Level 5:colcon.colcon_core.verb:set package 'caramelo_controller' build argument 'cmake_target_skip_unavailable' from command line to 'False'
[0.466s] Level 5:colcon.colcon_core.verb:set package 'caramelo_controller' build argument 'cmake_clean_cache' from command line to 'False'
[0.466s] Level 5:colcon.colcon_core.verb:set package 'caramelo_controller' build argument 'cmake_clean_first' from command line to 'False'
[0.466s] Level 5:colcon.colcon_core.verb:set package 'caramelo_controller' build argument 'cmake_force_configure' from command line to 'False'
[0.466s] Level 5:colcon.colcon_core.verb:set package 'caramelo_controller' build argument 'ament_cmake_args' from command line to 'None'
[0.466s] Level 5:colcon.colcon_core.verb:set package 'caramelo_controller' build argument 'catkin_cmake_args' from command line to 'None'
[0.466s] Level 5:colcon.colcon_core.verb:set package 'caramelo_controller' build argument 'catkin_skip_building_tests' from command line to 'False'
[0.466s] DEBUG:colcon.colcon_core.verb:Building package 'caramelo_controller' with the following arguments: {'ament_cmake_args': None, 'build_base': '/home/victor/Caramelo_workspace/build/caramelo_controller', 'catkin_cmake_args': None, 'catkin_skip_building_tests': False, 'cmake_args': None, 'cmake_clean_cache': False, 'cmake_clean_first': False, 'cmake_force_configure': False, 'cmake_target': None, 'cmake_target_skip_unavailable': False, 'install_base': '/home/victor/Caramelo_workspace/install/caramelo_controller', 'merge_install': False, 'path': '/home/victor/Caramelo_workspace/src/caramelo_controller', 'symlink_install': False, 'test_result_base': None}
[0.466s] Level 5:colcon.colcon_core.verb:set package 'caramelo_description' build argument 'cmake_args' from command line to 'None'
[0.466s] Level 5:colcon.colcon_core.verb:set package 'caramelo_description' build argument 'cmake_target' from command line to 'None'
[0.466s] Level 5:colcon.colcon_core.verb:set package 'caramelo_description' build argument 'cmake_target_skip_unavailable' from command line to 'False'
[0.466s] Level 5:colcon.colcon_core.verb:set package 'caramelo_description' build argument 'cmake_clean_cache' from command line to 'False'
[0.467s] Level 5:colcon.colcon_core.verb:set package 'caramelo_description' build argument 'cmake_clean_first' from command line to 'False'
[0.467s] Level 5:colcon.colcon_core.verb:set package 'caramelo_description' build argument 'cmake_force_configure' from command line to 'False'
[0.467s] Level 5:colcon.colcon_core.verb:set package 'caramelo_description' build argument 'ament_cmake_args' from command line to 'None'
[0.467s] Level 5:colcon.colcon_core.verb:set package 'caramelo_description' build argument 'catkin_cmake_args' from command line to 'None'
[0.467s] Level 5:colcon.colcon_core.verb:set package 'caramelo_description' build argument 'catkin_skip_building_tests' from command line to 'False'
[0.467s] DEBUG:colcon.colcon_core.verb:Building package 'caramelo_description' with the following arguments: {'ament_cmake_args': None, 'build_base': '/home/victor/Caramelo_workspace/build/caramelo_description', 'catkin_cmake_args': None, 'catkin_skip_building_tests': False, 'cmake_args': None, 'cmake_clean_cache': False, 'cmake_clean_first': False, 'cmake_force_configure': False, 'cmake_target': None, 'cmake_target_skip_unavailable': False, 'install_base': '/home/victor/Caramelo_workspace/install/caramelo_description', 'merge_install': False, 'path': '/home/victor/Caramelo_workspace/src/caramelo_description', 'symlink_install': False, 'test_result_base': None}
[0.467s] Level 5:colcon.colcon_core.verb:set package 'caramelo_simulation' build argument 'cmake_args' from command line to 'None'
[0.467s] Level 5:colcon.colcon_core.verb:set package 'caramelo_simulation' build argument 'cmake_target' from command line to 'None'
[0.467s] Level 5:colcon.colcon_core.verb:set package 'caramelo_simulation' build argument 'cmake_target_skip_unavailable' from command line to 'False'
[0.467s] Level 5:colcon.colcon_core.verb:set package 'caramelo_simulation' build argument 'cmake_clean_cache' from command line to 'False'
[0.467s] Level 5:colcon.colcon_core.verb:set package 'caramelo_simulation' build argument 'cmake_clean_first' from command line to 'False'
[0.467s] Level 5:colcon.colcon_core.verb:set package 'caramelo_simulation' build argument 'cmake_force_configure' from command line to 'False'
[0.467s] Level 5:colcon.colcon_core.verb:set package 'caramelo_simulation' build argument 'ament_cmake_args' from command line to 'None'
[0.467s] Level 5:colcon.colcon_core.verb:set package 'caramelo_simulation' build argument 'catkin_cmake_args' from command line to 'None'
[0.468s] Level 5:colcon.colcon_core.verb:set package 'caramelo_simulation' build argument 'catkin_skip_building_tests' from command line to 'False'
[0.468s] DEBUG:colcon.colcon_core.verb:Building package 'caramelo_simulation' with the following arguments: {'ament_cmake_args': None, 'build_base': '/home/victor/Caramelo_workspace/build/caramelo_simulation', 'catkin_cmake_args': None, 'catkin_skip_building_tests': False, 'cmake_args': None, 'cmake_clean_cache': False, 'cmake_clean_first': False, 'cmake_force_configure': False, 'cmake_target': None, 'cmake_target_skip_unavailable': False, 'install_base': '/home/victor/Caramelo_workspace/install/caramelo_simulation', 'merge_install': False, 'path': '/home/victor/Caramelo_workspace/src/caramelo_simulation', 'symlink_install': False, 'test_result_base': None}
[0.468s] INFO:colcon.colcon_core.executor:Executing jobs using 'parallel' executor
[0.469s] DEBUG:colcon.colcon_parallel_executor.executor.parallel:run_until_complete
[0.469s] INFO:colcon.colcon_ros.task.ament_python.build:Building ROS package in '/home/victor/Caramelo_workspace/src/caramelo_controller' with build type 'ament_python'
[0.469s] Level 1:colcon.colcon_core.shell:create_environment_hook('caramelo_controller', 'ament_prefix_path')
[0.471s] INFO:colcon.colcon_core.plugin_system:Skipping extension 'colcon_core.shell.bat': Not used on non-Windows systems
[0.472s] INFO:colcon.colcon_core.shell:Creating environment hook '/home/victor/Caramelo_workspace/install/caramelo_controller/share/caramelo_controller/hook/ament_prefix_path.ps1'
[0.472s] INFO:colcon.colcon_core.shell:Creating environment descriptor '/home/victor/Caramelo_workspace/install/caramelo_controller/share/caramelo_controller/hook/ament_prefix_path.dsv'
[0.473s] INFO:colcon.colcon_core.shell:Creating environment hook '/home/victor/Caramelo_workspace/install/caramelo_controller/share/caramelo_controller/hook/ament_prefix_path.sh'
[0.474s] INFO:colcon.colcon_core.shell:Skip shell extension 'powershell' for command environment: Not usable outside of PowerShell
[0.474s] DEBUG:colcon.colcon_core.shell:Skip shell extension 'dsv' for command environment
[0.477s] INFO:colcon.colcon_ros.task.ament_python.build:Building ROS package in '/home/victor/Caramelo_workspace/src/caramelo_description' with build type 'ament_python'
[0.477s] Level 1:colcon.colcon_core.shell:create_environment_hook('caramelo_description', 'ament_prefix_path')
[0.478s] INFO:colcon.colcon_core.shell:Creating environment hook '/home/victor/Caramelo_workspace/install/caramelo_description/share/caramelo_description/hook/ament_prefix_path.ps1'
[0.478s] INFO:colcon.colcon_core.shell:Creating environment descriptor '/home/victor/Caramelo_workspace/install/caramelo_description/share/caramelo_description/hook/ament_prefix_path.dsv'
[0.479s] INFO:colcon.colcon_core.shell:Creating environment hook '/home/victor/Caramelo_workspace/install/caramelo_description/share/caramelo_description/hook/ament_prefix_path.sh'
[0.480s] INFO:colcon.colcon_core.shell:Skip shell extension 'powershell' for command environment: Not usable outside of PowerShell
[0.480s] DEBUG:colcon.colcon_core.shell:Skip shell extension 'dsv' for command environment
[0.485s] INFO:colcon.colcon_ros.task.ament_python.build:Building ROS package in '/home/victor/Caramelo_workspace/src/caramelo_simulation' with build type 'ament_python'
[0.486s] Level 1:colcon.colcon_core.shell:create_environment_hook('caramelo_simulation', 'ament_prefix_path')
[0.487s] INFO:colcon.colcon_core.shell:Creating environment hook '/home/victor/Caramelo_workspace/install/caramelo_simulation/share/caramelo_simulation/hook/ament_prefix_path.ps1'
[0.487s] INFO:colcon.colcon_core.shell:Creating environment descriptor '/home/victor/Caramelo_workspace/install/caramelo_simulation/share/caramelo_simulation/hook/ament_prefix_path.dsv'
[0.488s] INFO:colcon.colcon_core.shell:Creating environment hook '/home/victor/Caramelo_workspace/install/caramelo_simulation/share/caramelo_simulation/hook/ament_prefix_path.sh'
[0.489s] INFO:colcon.colcon_core.shell:Skip shell extension 'powershell' for command environment: Not usable outside of PowerShell
[0.489s] DEBUG:colcon.colcon_core.shell:Skip shell extension 'dsv' for command environment
[0.837s] INFO:colcon.colcon_core.task.python.build:Building Python package in '/home/victor/Caramelo_workspace/src/caramelo_controller'
[0.837s] INFO:colcon.colcon_core.shell:Skip shell extension 'powershell' for command environment: Not usable outside of PowerShell
[0.837s] DEBUG:colcon.colcon_core.shell:Skip shell extension 'dsv' for command environment
[1.258s] INFO:colcon.colcon_core.task.python.build:Building Python package in '/home/victor/Caramelo_workspace/src/caramelo_description'
[1.258s] INFO:colcon.colcon_core.shell:Skip shell extension 'powershell' for command environment: Not usable outside of PowerShell
[1.258s] DEBUG:colcon.colcon_core.shell:Skip shell extension 'dsv' for command environment
[1.566s] INFO:colcon.colcon_core.task.python.build:Building Python package in '/home/victor/Caramelo_workspace/src/caramelo_simulation'
[1.566s] INFO:colcon.colcon_core.shell:Skip shell extension 'powershell' for command environment: Not usable outside of PowerShell
[1.566s] DEBUG:colcon.colcon_core.shell:Skip shell extension 'dsv' for command environment
[2.156s] DEBUG:colcon.colcon_core.event_handler.log_command:Invoking command in '/home/victor/Caramelo_workspace/src/caramelo_description': PYTHONPATH=/home/victor/Caramelo_workspace/build/caramelo_description/prefix_override:/usr/lib/python3/dist-packages/colcon_core/task/python/colcon_distutils_commands:/home/victor/Caramelo_workspace/install/caramelo_description/lib/python3.10/site-packages:${PYTHONPATH} /usr/bin/python3 -W ignore:setup.py install is deprecated -W ignore:easy_install command is deprecated setup.py egg_info --egg-base ../../build/caramelo_description build --build-base /home/victor/Caramelo_workspace/build/caramelo_description/build install --record /home/victor/Caramelo_workspace/build/caramelo_description/install.log --single-version-externally-managed install_data
[2.161s] DEBUG:colcon.colcon_core.event_handler.log_command:Invoking command in '/home/victor/Caramelo_workspace/src/caramelo_simulation': PYTHONPATH=/home/victor/Caramelo_workspace/build/caramelo_simulation/prefix_override:/usr/lib/python3/dist-packages/colcon_core/task/python/colcon_distutils_commands:/home/victor/Caramelo_workspace/install/caramelo_simulation/lib/python3.10/site-packages:${PYTHONPATH} /usr/bin/python3 -W ignore:setup.py install is deprecated -W ignore:easy_install command is deprecated setup.py egg_info --egg-base ../../build/caramelo_simulation build --build-base /home/victor/Caramelo_workspace/build/caramelo_simulation/build install --record /home/victor/Caramelo_workspace/build/caramelo_simulation/install.log --single-version-externally-managed install_data
[2.164s] DEBUG:colcon.colcon_core.event_handler.log_command:Invoking command in '/home/victor/Caramelo_workspace/src/caramelo_controller': PYTHONPATH=/home/victor/Caramelo_workspace/build/caramelo_controller/prefix_override:/usr/lib/python3/dist-packages/colcon_core/task/python/colcon_distutils_commands:/home/victor/Caramelo_workspace/install/caramelo_controller/lib/python3.10/site-packages:${PYTHONPATH} /usr/bin/python3 -W ignore:setup.py install is deprecated -W ignore:easy_install command is deprecated setup.py egg_info --egg-base ../../build/caramelo_controller build --build-base /home/victor/Caramelo_workspace/build/caramelo_controller/build install --record /home/victor/Caramelo_workspace/build/caramelo_controller/install.log --single-version-externally-managed install_data
[2.541s] DEBUG:colcon.colcon_core.event_handler.log_command:Invoked command in '/home/victor/Caramelo_workspace/src/caramelo_description' returned '0': PYTHONPATH=/home/victor/Caramelo_workspace/build/caramelo_description/prefix_override:/usr/lib/python3/dist-packages/colcon_core/task/python/colcon_distutils_commands:/home/victor/Caramelo_workspace/install/caramelo_description/lib/python3.10/site-packages:${PYTHONPATH} /usr/bin/python3 -W ignore:setup.py install is deprecated -W ignore:easy_install command is deprecated setup.py egg_info --egg-base ../../build/caramelo_description build --build-base /home/victor/Caramelo_workspace/build/caramelo_description/build install --record /home/victor/Caramelo_workspace/build/caramelo_description/install.log --single-version-externally-managed install_data
[2.543s] Level 1:colcon.colcon_core.environment:checking '/home/victor/Caramelo_workspace/install/caramelo_description' for CMake module files
[2.544s] Level 1:colcon.colcon_core.environment:checking '/home/victor/Caramelo_workspace/install/caramelo_description' for CMake config files
[2.545s] Level 1:colcon.colcon_core.environment:checking '/home/victor/Caramelo_workspace/install/caramelo_description/lib'
[2.545s] Level 1:colcon.colcon_core.environment:checking '/home/victor/Caramelo_workspace/install/caramelo_description/bin'
[2.545s] Level 1:colcon.colcon_core.environment:checking '/home/victor/Caramelo_workspace/install/caramelo_description/lib/pkgconfig/caramelo_description.pc'
[2.545s] Level 1:colcon.colcon_core.environment:checking '/home/victor/Caramelo_workspace/install/caramelo_description/lib/python3.10/site-packages'
[2.545s] Level 1:colcon.colcon_core.shell:create_environment_hook('caramelo_description', 'pythonpath')
[2.546s] INFO:colcon.colcon_core.shell:Creating environment hook '/home/victor/Caramelo_workspace/install/caramelo_description/share/caramelo_description/hook/pythonpath.ps1'
[2.546s] INFO:colcon.colcon_core.shell:Creating environment descriptor '/home/victor/Caramelo_workspace/install/caramelo_description/share/caramelo_description/hook/pythonpath.dsv'
[2.547s] INFO:colcon.colcon_core.shell:Creating environment hook '/home/victor/Caramelo_workspace/install/caramelo_description/share/caramelo_description/hook/pythonpath.sh'
[2.548s] Level 1:colcon.colcon_core.environment:checking '/home/victor/Caramelo_workspace/install/caramelo_description/bin'
[2.548s] Level 1:colcon.colcon_core.environment:create_environment_scripts_only(caramelo_description)
[2.548s] INFO:colcon.colcon_core.shell:Creating package script '/home/victor/Caramelo_workspace/install/caramelo_description/share/caramelo_description/package.ps1'
[2.549s] INFO:colcon.colcon_core.shell:Creating package descriptor '/home/victor/Caramelo_workspace/install/caramelo_description/share/caramelo_description/package.dsv'
[2.550s] INFO:colcon.colcon_core.shell:Creating package script '/home/victor/Caramelo_workspace/install/caramelo_description/share/caramelo_description/package.sh'
[2.551s] INFO:colcon.colcon_core.shell:Creating package script '/home/victor/Caramelo_workspace/install/caramelo_description/share/caramelo_description/package.bash'
[2.551s] INFO:colcon.colcon_core.shell:Creating package script '/home/victor/Caramelo_workspace/install/caramelo_description/share/caramelo_description/package.zsh'
[2.552s] Level 1:colcon.colcon_core.environment:create_file_with_runtime_dependencies(/home/victor/Caramelo_workspace/install/caramelo_description/share/colcon-core/packages/caramelo_description)
[2.554s] Level 1:colcon.colcon_core.environment:checking '/home/victor/Caramelo_workspace/install/caramelo_simulation' for CMake module files
[2.556s] DEBUG:colcon.colcon_core.event_handler.log_command:Invoked command in '/home/victor/Caramelo_workspace/src/caramelo_simulation' returned '0': PYTHONPATH=/home/victor/Caramelo_workspace/build/caramelo_simulation/prefix_override:/usr/lib/python3/dist-packages/colcon_core/task/python/colcon_distutils_commands:/home/victor/Caramelo_workspace/install/caramelo_simulation/lib/python3.10/site-packages:${PYTHONPATH} /usr/bin/python3 -W ignore:setup.py install is deprecated -W ignore:easy_install command is deprecated setup.py egg_info --egg-base ../../build/caramelo_simulation build --build-base /home/victor/Caramelo_workspace/build/caramelo_simulation/build install --record /home/victor/Caramelo_workspace/build/caramelo_simulation/install.log --single-version-externally-managed install_data
[2.556s] Level 1:colcon.colcon_core.environment:checking '/home/victor/Caramelo_workspace/install/caramelo_simulation' for CMake config files
[2.557s] Level 1:colcon.colcon_core.environment:checking '/home/victor/Caramelo_workspace/install/caramelo_simulation/lib'
[2.557s] Level 1:colcon.colcon_core.environment:checking '/home/victor/Caramelo_workspace/install/caramelo_simulation/bin'
[2.557s] Level 1:colcon.colcon_core.environment:checking '/home/victor/Caramelo_workspace/install/caramelo_simulation/lib/pkgconfig/caramelo_simulation.pc'
[2.557s] Level 1:colcon.colcon_core.environment:checking '/home/victor/Caramelo_workspace/install/caramelo_simulation/lib/python3.10/site-packages'
[2.558s] Level 1:colcon.colcon_core.shell:create_environment_hook('caramelo_simulation', 'pythonpath')
[2.558s] INFO:colcon.colcon_core.shell:Creating environment hook '/home/victor/Caramelo_workspace/install/caramelo_simulation/share/caramelo_simulation/hook/pythonpath.ps1'
[2.558s] INFO:colcon.colcon_core.shell:Creating environment descriptor '/home/victor/Caramelo_workspace/install/caramelo_simulation/share/caramelo_simulation/hook/pythonpath.dsv'
[2.559s] INFO:colcon.colcon_core.shell:Creating environment hook '/home/victor/Caramelo_workspace/install/caramelo_simulation/share/caramelo_simulation/hook/pythonpath.sh'
[2.559s] Level 1:colcon.colcon_core.environment:checking '/home/victor/Caramelo_workspace/install/caramelo_simulation/bin'
[2.560s] Level 1:colcon.colcon_core.environment:create_environment_scripts_only(caramelo_simulation)
[2.560s] INFO:colcon.colcon_core.shell:Creating package script '/home/victor/Caramelo_workspace/install/caramelo_simulation/share/caramelo_simulation/package.ps1'
[2.561s] INFO:colcon.colcon_core.shell:Creating package descriptor '/home/victor/Caramelo_workspace/install/caramelo_simulation/share/caramelo_simulation/package.dsv'
[2.561s] INFO:colcon.colcon_core.shell:Creating package script '/home/victor/Caramelo_workspace/install/caramelo_simulation/share/caramelo_simulation/package.sh'
[2.562s] INFO:colcon.colcon_core.shell:Creating package script '/home/victor/Caramelo_workspace/install/caramelo_simulation/share/caramelo_simulation/package.bash'
[2.563s] INFO:colcon.colcon_core.shell:Creating package script '/home/victor/Caramelo_workspace/install/caramelo_simulation/share/caramelo_simulation/package.zsh'
[2.563s] Level 1:colcon.colcon_core.environment:create_file_with_runtime_dependencies(/home/victor/Caramelo_workspace/install/caramelo_simulation/share/colcon-core/packages/caramelo_simulation)
[2.565s] Level 1:colcon.colcon_core.environment:checking '/home/victor/Caramelo_workspace/install/caramelo_controller' for CMake module files
[2.567s] Level 1:colcon.colcon_core.environment:checking '/home/victor/Caramelo_workspace/install/caramelo_controller' for CMake config files
[2.567s] DEBUG:colcon.colcon_core.event_handler.log_command:Invoked command in '/home/victor/Caramelo_workspace/src/caramelo_controller' returned '0': PYTHONPATH=/home/victor/Caramelo_workspace/build/caramelo_controller/prefix_override:/usr/lib/python3/dist-packages/colcon_core/task/python/colcon_distutils_commands:/home/victor/Caramelo_workspace/install/caramelo_controller/lib/python3.10/site-packages:${PYTHONPATH} /usr/bin/python3 -W ignore:setup.py install is deprecated -W ignore:easy_install command is deprecated setup.py egg_info --egg-base ../../build/caramelo_controller build --build-base /home/victor/Caramelo_workspace/build/caramelo_controller/build install --record /home/victor/Caramelo_workspace/build/caramelo_controller/install.log --single-version-externally-managed install_data
[2.568s] Level 1:colcon.colcon_core.environment:checking '/home/victor/Caramelo_workspace/install/caramelo_controller/lib'
[2.568s] Level 1:colcon.colcon_core.environment:checking '/home/victor/Caramelo_workspace/install/caramelo_controller/bin'
[2.569s] Level 1:colcon.colcon_core.environment:checking '/home/victor/Caramelo_workspace/install/caramelo_controller/lib/pkgconfig/caramelo_controller.pc'
[2.569s] Level 1:colcon.colcon_core.environment:checking '/home/victor/Caramelo_workspace/install/caramelo_controller/lib/python3.10/site-packages'
[2.569s] Level 1:colcon.colcon_core.shell:create_environment_hook('caramelo_controller', 'pythonpath')
[2.569s] INFO:colcon.colcon_core.shell:Creating environment hook '/home/victor/Caramelo_workspace/install/caramelo_controller/share/caramelo_controller/hook/pythonpath.ps1'
[2.570s] INFO:colcon.colcon_core.shell:Creating environment descriptor '/home/victor/Caramelo_workspace/install/caramelo_controller/share/caramelo_controller/hook/pythonpath.dsv'
[2.571s] INFO:colcon.colcon_core.shell:Creating environment hook '/home/victor/Caramelo_workspace/install/caramelo_controller/share/caramelo_controller/hook/pythonpath.sh'
[2.571s] Level 1:colcon.colcon_core.environment:checking '/home/victor/Caramelo_workspace/install/caramelo_controller/bin'
[2.571s] Level 1:colcon.colcon_core.environment:create_environment_scripts_only(caramelo_controller)
[2.572s] INFO:colcon.colcon_core.shell:Creating package script '/home/victor/Caramelo_workspace/install/caramelo_controller/share/caramelo_controller/package.ps1'
[2.572s] INFO:colcon.colcon_core.shell:Creating package descriptor '/home/victor/Caramelo_workspace/install/caramelo_controller/share/caramelo_controller/package.dsv'
[2.573s] INFO:colcon.colcon_core.shell:Creating package script '/home/victor/Caramelo_workspace/install/caramelo_controller/share/caramelo_controller/package.sh'
[2.574s] INFO:colcon.colcon_core.shell:Creating package script '/home/victor/Caramelo_workspace/install/caramelo_controller/share/caramelo_controller/package.bash'
[2.574s] INFO:colcon.colcon_core.shell:Creating package script '/home/victor/Caramelo_workspace/install/caramelo_controller/share/caramelo_controller/package.zsh'
[2.574s] Level 1:colcon.colcon_core.environment:create_file_with_runtime_dependencies(/home/victor/Caramelo_workspace/install/caramelo_controller/share/colcon-core/packages/caramelo_controller)
[2.575s] DEBUG:colcon.colcon_parallel_executor.executor.parallel:closing loop
[2.575s] DEBUG:colcon.colcon_parallel_executor.executor.parallel:loop closed
[2.576s] DEBUG:colcon.colcon_parallel_executor.executor.parallel:run_until_complete finished with '0'
[2.576s] DEBUG:colcon.colcon_core.event_reactor:joining thread
[2.582s] INFO:colcon.colcon_core.plugin_system:Skipping extension 'colcon_notification.desktop_notification.terminal_notifier': Not used on non-Darwin systems
[2.583s] INFO:colcon.colcon_core.plugin_system:Skipping extension 'colcon_notification.desktop_notification.win32': Not used on non-Windows systems
[2.583s] INFO:colcon.colcon_notification.desktop_notification:Sending desktop notification using 'notify2'
[2.597s] DEBUG:colcon.colcon_core.event_reactor:joined thread
[2.598s] INFO:colcon.colcon_core.shell:Creating prefix script '/home/victor/Caramelo_workspace/install/local_setup.ps1'
[2.599s] INFO:colcon.colcon_core.shell:Creating prefix util module '/home/victor/Caramelo_workspace/install/_local_setup_util_ps1.py'
[2.601s] INFO:colcon.colcon_core.shell:Creating prefix chain script '/home/victor/Caramelo_workspace/install/setup.ps1'
[2.603s] INFO:colcon.colcon_core.shell:Creating prefix script '/home/victor/Caramelo_workspace/install/local_setup.sh'
[2.604s] INFO:colcon.colcon_core.shell:Creating prefix util module '/home/victor/Caramelo_workspace/install/_local_setup_util_sh.py'
[2.605s] INFO:colcon.colcon_core.shell:Creating prefix chain script '/home/victor/Caramelo_workspace/install/setup.sh'
[2.606s] INFO:colcon.colcon_core.shell:Creating prefix script '/home/victor/Caramelo_workspace/install/local_setup.bash'
[2.607s] INFO:colcon.colcon_core.shell:Creating prefix chain script '/home/victor/Caramelo_workspace/install/setup.bash'
[2.609s] INFO:colcon.colcon_core.shell:Creating prefix script '/home/victor/Caramelo_workspace/install/local_setup.zsh'
[2.609s] INFO:colcon.colcon_core.shell:Creating prefix chain script '/home/victor/Caramelo_workspace/install/setup.zsh'
