[1.255s] Invoking command in '/home/victor/Caramelo_workspace/src/caramelo_exemples': PYTHONPATH=/home/victor/Caramelo_workspace/build/caramelo_exemples/prefix_override:/usr/lib/python3/dist-packages/colcon_core/task/python/colcon_distutils_commands:/home/victor/Caramelo_workspace/install/caramelo_exemples/lib/python3.10/site-packages:${PYTHONPATH} /usr/bin/python3 -W ignore:setup.py install is deprecated -W ignore:easy_install command is deprecated setup.py egg_info --egg-base ../../build/caramelo_exemples build --build-base /home/victor/Caramelo_workspace/build/caramelo_exemples/build install --record /home/victor/Caramelo_workspace/build/caramelo_exemples/install.log --single-version-externally-managed install_data
[1.494s] running egg_info
[1.495s] writing ../../build/caramelo_exemples/caramelo_exemples.egg-info/PKG-INFO
[1.495s] writing dependency_links to ../../build/caramelo_exemples/caramelo_exemples.egg-info/dependency_links.txt
[1.495s] writing entry points to ../../build/caramelo_exemples/caramelo_exemples.egg-info/entry_points.txt
[1.496s] writing requirements to ../../build/caramelo_exemples/caramelo_exemples.egg-info/requires.txt
[1.496s] writing top-level names to ../../build/caramelo_exemples/caramelo_exemples.egg-info/top_level.txt
[1.498s] reading manifest file '../../build/caramelo_exemples/caramelo_exemples.egg-info/SOURCES.txt'
[1.500s] writing manifest file '../../build/caramelo_exemples/caramelo_exemples.egg-info/SOURCES.txt'
[1.500s] running build
[1.500s] running build_py
[1.500s] running install
[1.501s] running install_lib
[1.503s] running install_data
[1.503s] running install_egg_info
[1.505s] removing '/home/victor/Caramelo_workspace/install/caramelo_exemples/lib/python3.10/site-packages/caramelo_exemples-0.0.0-py3.10.egg-info' (and everything under it)
[1.506s] Copying ../../build/caramelo_exemples/caramelo_exemples.egg-info to /home/victor/Caramelo_workspace/install/caramelo_exemples/lib/python3.10/site-packages/caramelo_exemples-0.0.0-py3.10.egg-info
[1.506s] running install_scripts
[1.533s] Installing simple_parameter script to /home/victor/Caramelo_workspace/install/caramelo_exemples/lib/caramelo_exemples
[1.533s] writing list of installed files to '/home/victor/Caramelo_workspace/build/caramelo_exemples/install.log'
[1.577s] Invoked command in '/home/victor/Caramelo_workspace/src/caramelo_exemples' returned '0': PYTHONPATH=/home/victor/Caramelo_workspace/build/caramelo_exemples/prefix_override:/usr/lib/python3/dist-packages/colcon_core/task/python/colcon_distutils_commands:/home/victor/Caramelo_workspace/install/caramelo_exemples/lib/python3.10/site-packages:${PYTHONPATH} /usr/bin/python3 -W ignore:setup.py install is deprecated -W ignore:easy_install command is deprecated setup.py egg_info --egg-base ../../build/caramelo_exemples build --build-base /home/victor/Caramelo_workspace/build/caramelo_exemples/build install --record /home/victor/Caramelo_workspace/build/caramelo_exemples/install.log --single-version-externally-managed install_data
