[1.678s] Invoking command in '/home/victor/Caramelo_workspace/src/caramelo_description': PYTHONPATH=/home/victor/Caramelo_workspace/build/caramelo_description/prefix_override:/usr/lib/python3/dist-packages/colcon_core/task/python/colcon_distutils_commands:/home/victor/Caramelo_workspace/install/caramelo_description/lib/python3.10/site-packages:${PYTHONPATH} /usr/bin/python3 -W ignore:setup.py install is deprecated -W ignore:easy_install command is deprecated setup.py egg_info --egg-base ../../build/caramelo_description build --build-base /home/victor/Caramelo_workspace/build/caramelo_description/build install --record /home/victor/Caramelo_workspace/build/caramelo_description/install.log --single-version-externally-managed install_data
[1.991s] running egg_info
[1.992s] writing ../../build/caramelo_description/caramelo_description.egg-info/PKG-INFO
[1.992s] writing dependency_links to ../../build/caramelo_description/caramelo_description.egg-info/dependency_links.txt
[1.992s] writing entry points to ../../build/caramelo_description/caramelo_description.egg-info/entry_points.txt
[1.992s] writing requirements to ../../build/caramelo_description/caramelo_description.egg-info/requires.txt
[1.993s] writing top-level names to ../../build/caramelo_description/caramelo_description.egg-info/top_level.txt
[1.995s] reading manifest file '../../build/caramelo_description/caramelo_description.egg-info/SOURCES.txt'
[1.996s] writing manifest file '../../build/caramelo_description/caramelo_description.egg-info/SOURCES.txt'
[2.000s] running build
[2.000s] running build_py
[2.000s] running install
[2.000s] running install_lib
[2.002s] running install_data
[2.002s] running install_egg_info
[2.004s] removing '/home/victor/Caramelo_workspace/install/caramelo_description/lib/python3.10/site-packages/caramelo_description-0.0.0-py3.10.egg-info' (and everything under it)
[2.005s] Copying ../../build/caramelo_description/caramelo_description.egg-info to /home/victor/Caramelo_workspace/install/caramelo_description/lib/python3.10/site-packages/caramelo_description-0.0.0-py3.10.egg-info
[2.005s] running install_scripts
[2.032s] writing list of installed files to '/home/victor/Caramelo_workspace/build/caramelo_description/install.log'
[2.063s] Invoked command in '/home/victor/Caramelo_workspace/src/caramelo_description' returned '0': PYTHONPATH=/home/victor/Caramelo_workspace/build/caramelo_description/prefix_override:/usr/lib/python3/dist-packages/colcon_core/task/python/colcon_distutils_commands:/home/victor/Caramelo_workspace/install/caramelo_description/lib/python3.10/site-packages:${PYTHONPATH} /usr/bin/python3 -W ignore:setup.py install is deprecated -W ignore:easy_install command is deprecated setup.py egg_info --egg-base ../../build/caramelo_description build --build-base /home/victor/Caramelo_workspace/build/caramelo_description/build install --record /home/victor/Caramelo_workspace/build/caramelo_description/install.log --single-version-externally-managed install_data
