[0.117s] DEBUG:colcon:Command line arguments: ['/usr/bin/colcon', 'build']
[0.117s] DEBUG:colcon:Parsed command line arguments: Namespace(log_base=None, log_level=None, verb_name='build', build_base='build', install_base='install', merge_install=False, symlink_install=False, test_result_base=None, continue_on_error=False, executor='parallel', parallel_workers=8, event_handlers=None, ignore_user_meta=False, metas=['./colcon.meta'], base_paths=['.'], packages_ignore=None, packages_ignore_regex=None, paths=None, packages_up_to=None, packages_up_to_regex=None, packages_above=None, packages_above_and_dependencies=None, packages_above_depth=None, packages_select_by_dep=None, packages_skip_by_dep=None, packages_skip_up_to=None, packages_select_build_failed=False, packages_skip_build_finished=False, packages_select_test_failures=False, packages_skip_test_passed=False, packages_select=None, packages_skip=None, packages_select_regex=None, packages_skip_regex=None, packages_start=None, packages_end=None, allow_overriding=[], cmake_args=None, cmake_target=None, cmake_target_skip_unavailable=False, cmake_clean_cache=False, cmake_clean_first=False, cmake_force_configure=False, ament_cmake_args=None, catkin_cmake_args=None, catkin_skip_building_tests=False, verb_parser=<colcon_defaults.argument_parser.defaults.DefaultArgumentsDecorator object at 0x790871987d60>, verb_extension=<colcon_core.verb.build.BuildVerb object at 0x790871987880>, main=<bound method BuildVerb.main of <colcon_core.verb.build.BuildVerb object at 0x790871987880>>)
[0.281s] Level 1:colcon.colcon_core.package_discovery:discover_packages(colcon_meta) check parameters
[0.281s] Level 1:colcon.colcon_core.package_discovery:discover_packages(recursive) check parameters
[0.281s] Level 1:colcon.colcon_core.package_discovery:discover_packages(ignore) check parameters
[0.281s] Level 1:colcon.colcon_core.package_discovery:discover_packages(path) check parameters
[0.281s] Level 1:colcon.colcon_core.package_discovery:discover_packages(colcon_meta) discover
[0.281s] Level 1:colcon.colcon_core.package_discovery:discover_packages(recursive) discover
[0.281s] INFO:colcon.colcon_core.package_discovery:Crawling recursively for packages in '/home/victor/Caramelo_workspace'
[0.281s] Level 1:colcon.colcon_core.package_identification:_identify(.) by extensions ['ignore', 'ignore_ament_install']
[0.282s] Level 1:colcon.colcon_core.package_identification:_identify(.) by extension 'ignore'
[0.282s] Level 1:colcon.colcon_core.package_identification:_identify(.) by extension 'ignore_ament_install'
[0.282s] Level 1:colcon.colcon_core.package_identification:_identify(.) by extensions ['colcon_pkg']
[0.282s] Level 1:colcon.colcon_core.package_identification:_identify(.) by extension 'colcon_pkg'
[0.282s] Level 1:colcon.colcon_core.package_identification:_identify(.) by extensions ['colcon_meta']
[0.282s] Level 1:colcon.colcon_core.package_identification:_identify(.) by extension 'colcon_meta'
[0.282s] Level 1:colcon.colcon_core.package_identification:_identify(.) by extensions ['ros']
[0.282s] Level 1:colcon.colcon_core.package_identification:_identify(.) by extension 'ros'
[0.299s] Level 1:colcon.colcon_core.package_identification:_identify(.) by extensions ['cmake', 'python']
[0.299s] Level 1:colcon.colcon_core.package_identification:_identify(.) by extension 'cmake'
[0.299s] Level 1:colcon.colcon_core.package_identification:_identify(.) by extension 'python'
[0.299s] Level 1:colcon.colcon_core.package_identification:_identify(.) by extensions ['python_setup_py']
[0.299s] Level 1:colcon.colcon_core.package_identification:_identify(.) by extension 'python_setup_py'
[0.299s] Level 1:colcon.colcon_core.package_identification:_identify(build) by extensions ['ignore', 'ignore_ament_install']
[0.299s] Level 1:colcon.colcon_core.package_identification:_identify(build) by extension 'ignore'
[0.299s] Level 1:colcon.colcon_core.package_identification:_identify(build) ignored
[0.300s] Level 1:colcon.colcon_core.package_identification:_identify(install) by extensions ['ignore', 'ignore_ament_install']
[0.300s] Level 1:colcon.colcon_core.package_identification:_identify(install) by extension 'ignore'
[0.300s] Level 1:colcon.colcon_core.package_identification:_identify(install) ignored
[0.300s] Level 1:colcon.colcon_core.package_identification:_identify(log) by extensions ['ignore', 'ignore_ament_install']
[0.300s] Level 1:colcon.colcon_core.package_identification:_identify(log) by extension 'ignore'
[0.300s] Level 1:colcon.colcon_core.package_identification:_identify(log) ignored
[0.300s] Level 1:colcon.colcon_core.package_identification:_identify(src) by extensions ['ignore', 'ignore_ament_install']
[0.300s] Level 1:colcon.colcon_core.package_identification:_identify(src) by extension 'ignore'
[0.300s] Level 1:colcon.colcon_core.package_identification:_identify(src) by extension 'ignore_ament_install'
[0.300s] Level 1:colcon.colcon_core.package_identification:_identify(src) by extensions ['colcon_pkg']
[0.300s] Level 1:colcon.colcon_core.package_identification:_identify(src) by extension 'colcon_pkg'
[0.301s] Level 1:colcon.colcon_core.package_identification:_identify(src) by extensions ['colcon_meta']
[0.301s] Level 1:colcon.colcon_core.package_identification:_identify(src) by extension 'colcon_meta'
[0.301s] Level 1:colcon.colcon_core.package_identification:_identify(src) by extensions ['ros']
[0.301s] Level 1:colcon.colcon_core.package_identification:_identify(src) by extension 'ros'
[0.301s] Level 1:colcon.colcon_core.package_identification:_identify(src) by extensions ['cmake', 'python']
[0.301s] Level 1:colcon.colcon_core.package_identification:_identify(src) by extension 'cmake'
[0.301s] Level 1:colcon.colcon_core.package_identification:_identify(src) by extension 'python'
[0.301s] Level 1:colcon.colcon_core.package_identification:_identify(src) by extensions ['python_setup_py']
[0.301s] Level 1:colcon.colcon_core.package_identification:_identify(src) by extension 'python_setup_py'
[0.301s] Level 1:colcon.colcon_core.package_identification:_identify(src/caramelo_one) by extensions ['ignore', 'ignore_ament_install']
[0.301s] Level 1:colcon.colcon_core.package_identification:_identify(src/caramelo_one) by extension 'ignore'
[0.301s] Level 1:colcon.colcon_core.package_identification:_identify(src/caramelo_one) by extension 'ignore_ament_install'
[0.301s] Level 1:colcon.colcon_core.package_identification:_identify(src/caramelo_one) by extensions ['colcon_pkg']
[0.301s] Level 1:colcon.colcon_core.package_identification:_identify(src/caramelo_one) by extension 'colcon_pkg'
[0.302s] Level 1:colcon.colcon_core.package_identification:_identify(src/caramelo_one) by extensions ['colcon_meta']
[0.302s] Level 1:colcon.colcon_core.package_identification:_identify(src/caramelo_one) by extension 'colcon_meta'
[0.302s] Level 1:colcon.colcon_core.package_identification:_identify(src/caramelo_one) by extensions ['ros']
[0.302s] Level 1:colcon.colcon_core.package_identification:_identify(src/caramelo_one) by extension 'ros'
[0.304s] DEBUG:colcon.colcon_core.package_identification:Package 'src/caramelo_one' with type 'ros.ament_cmake' and name 'caramelo_one'
[0.304s] Level 1:colcon.colcon_core.package_discovery:discover_packages(recursive) using defaults
[0.304s] Level 1:colcon.colcon_core.package_discovery:discover_packages(ignore) discover
[0.304s] Level 1:colcon.colcon_core.package_discovery:discover_packages(ignore) using defaults
[0.304s] Level 1:colcon.colcon_core.package_discovery:discover_packages(path) discover
[0.304s] Level 1:colcon.colcon_core.package_discovery:discover_packages(path) using defaults
[0.321s] Level 1:colcon.colcon_core.package_discovery:discover_packages(prefix_path) check parameters
[0.321s] Level 1:colcon.colcon_core.package_discovery:discover_packages(prefix_path) discover
[0.324s] DEBUG:colcon.colcon_installed_package_information.package_discovery:Found 428 installed packages in /opt/ros/humble
[0.325s] Level 1:colcon.colcon_core.package_discovery:discover_packages(prefix_path) using defaults
[0.372s] Level 5:colcon.colcon_core.verb:set package 'caramelo_one' build argument 'cmake_args' from command line to 'None'
[0.372s] Level 5:colcon.colcon_core.verb:set package 'caramelo_one' build argument 'cmake_target' from command line to 'None'
[0.372s] Level 5:colcon.colcon_core.verb:set package 'caramelo_one' build argument 'cmake_target_skip_unavailable' from command line to 'False'
[0.372s] Level 5:colcon.colcon_core.verb:set package 'caramelo_one' build argument 'cmake_clean_cache' from command line to 'False'
[0.372s] Level 5:colcon.colcon_core.verb:set package 'caramelo_one' build argument 'cmake_clean_first' from command line to 'False'
[0.372s] Level 5:colcon.colcon_core.verb:set package 'caramelo_one' build argument 'cmake_force_configure' from command line to 'False'
[0.372s] Level 5:colcon.colcon_core.verb:set package 'caramelo_one' build argument 'ament_cmake_args' from command line to 'None'
[0.372s] Level 5:colcon.colcon_core.verb:set package 'caramelo_one' build argument 'catkin_cmake_args' from command line to 'None'
[0.372s] Level 5:colcon.colcon_core.verb:set package 'caramelo_one' build argument 'catkin_skip_building_tests' from command line to 'False'
[0.372s] DEBUG:colcon.colcon_core.verb:Building package 'caramelo_one' with the following arguments: {'ament_cmake_args': None, 'build_base': '/home/victor/Caramelo_workspace/build/caramelo_one', 'catkin_cmake_args': None, 'catkin_skip_building_tests': False, 'cmake_args': None, 'cmake_clean_cache': False, 'cmake_clean_first': False, 'cmake_force_configure': False, 'cmake_target': None, 'cmake_target_skip_unavailable': False, 'install_base': '/home/victor/Caramelo_workspace/install/caramelo_one', 'merge_install': False, 'path': '/home/victor/Caramelo_workspace/src/caramelo_one', 'symlink_install': False, 'test_result_base': None}
[0.372s] INFO:colcon.colcon_core.executor:Executing jobs using 'parallel' executor
[0.373s] DEBUG:colcon.colcon_parallel_executor.executor.parallel:run_until_complete
[0.374s] INFO:colcon.colcon_ros.task.ament_cmake.build:Building ROS package in '/home/victor/Caramelo_workspace/src/caramelo_one' with build type 'ament_cmake'
[0.374s] INFO:colcon.colcon_cmake.task.cmake.build:Building CMake package in '/home/victor/Caramelo_workspace/src/caramelo_one'
[0.376s] INFO:colcon.colcon_core.plugin_system:Skipping extension 'colcon_core.shell.bat': Not used on non-Windows systems
[0.376s] INFO:colcon.colcon_core.shell:Skip shell extension 'powershell' for command environment: Not usable outside of PowerShell
[0.376s] DEBUG:colcon.colcon_core.shell:Skip shell extension 'dsv' for command environment
[0.384s] DEBUG:colcon.colcon_core.event_handler.log_command:Invoking command in '/home/victor/Caramelo_workspace/build/caramelo_one': CMAKE_PREFIX_PATH=/opt/ros/humble /usr/bin/cmake /home/victor/Caramelo_workspace/src/caramelo_one -DCMAKE_INSTALL_PREFIX=/home/victor/Caramelo_workspace/install/caramelo_one
[0.754s] DEBUG:colcon.colcon_core.event_handler.log_command:Invoked command in '/home/victor/Caramelo_workspace/build/caramelo_one' returned '0': CMAKE_PREFIX_PATH=/opt/ros/humble /usr/bin/cmake /home/victor/Caramelo_workspace/src/caramelo_one -DCMAKE_INSTALL_PREFIX=/home/victor/Caramelo_workspace/install/caramelo_one
[0.756s] DEBUG:colcon.colcon_core.event_handler.log_command:Invoking command in '/home/victor/Caramelo_workspace/build/caramelo_one': CMAKE_PREFIX_PATH=/opt/ros/humble /usr/bin/cmake --build /home/victor/Caramelo_workspace/build/caramelo_one -- -j8 -l8
[0.794s] DEBUG:colcon.colcon_core.event_handler.log_command:Invoked command in '/home/victor/Caramelo_workspace/build/caramelo_one' returned '0': CMAKE_PREFIX_PATH=/opt/ros/humble /usr/bin/cmake --build /home/victor/Caramelo_workspace/build/caramelo_one -- -j8 -l8
[0.828s] DEBUG:colcon.colcon_core.event_handler.log_command:Invoking command in '/home/victor/Caramelo_workspace/build/caramelo_one': CMAKE_PREFIX_PATH=/opt/ros/humble /usr/bin/cmake --install /home/victor/Caramelo_workspace/build/caramelo_one
[0.914s] Level 1:colcon.colcon_core.environment:create_environment_scripts_only(caramelo_one)
[0.915s] DEBUG:colcon.colcon_core.event_handler.log_command:Invoked command in '/home/victor/Caramelo_workspace/build/caramelo_one' returned '0': CMAKE_PREFIX_PATH=/opt/ros/humble /usr/bin/cmake --install /home/victor/Caramelo_workspace/build/caramelo_one
[0.917s] Level 1:colcon.colcon_core.environment:checking '/home/victor/Caramelo_workspace/install/caramelo_one' for CMake module files
[0.917s] Level 1:colcon.colcon_core.environment:checking '/home/victor/Caramelo_workspace/install/caramelo_one' for CMake config files
[0.917s] Level 1:colcon.colcon_core.shell:create_environment_hook('caramelo_one', 'cmake_prefix_path')
[0.918s] INFO:colcon.colcon_core.shell:Creating environment hook '/home/victor/Caramelo_workspace/install/caramelo_one/share/caramelo_one/hook/cmake_prefix_path.ps1'
[0.918s] INFO:colcon.colcon_core.shell:Creating environment descriptor '/home/victor/Caramelo_workspace/install/caramelo_one/share/caramelo_one/hook/cmake_prefix_path.dsv'
[0.918s] INFO:colcon.colcon_core.shell:Creating environment hook '/home/victor/Caramelo_workspace/install/caramelo_one/share/caramelo_one/hook/cmake_prefix_path.sh'
[0.919s] Level 1:colcon.colcon_core.environment:checking '/home/victor/Caramelo_workspace/install/caramelo_one/bin'
[0.919s] Level 1:colcon.colcon_core.environment:checking '/home/victor/Caramelo_workspace/install/caramelo_one/lib/pkgconfig/caramelo_one.pc'
[0.919s] Level 1:colcon.colcon_core.environment:checking '/home/victor/Caramelo_workspace/install/caramelo_one/lib/python3.10/site-packages'
[0.920s] Level 1:colcon.colcon_core.environment:checking '/home/victor/Caramelo_workspace/install/caramelo_one/bin'
[0.920s] INFO:colcon.colcon_core.shell:Creating package script '/home/victor/Caramelo_workspace/install/caramelo_one/share/caramelo_one/package.ps1'
[0.920s] INFO:colcon.colcon_core.shell:Creating package descriptor '/home/victor/Caramelo_workspace/install/caramelo_one/share/caramelo_one/package.dsv'
[0.921s] INFO:colcon.colcon_core.shell:Creating package script '/home/victor/Caramelo_workspace/install/caramelo_one/share/caramelo_one/package.sh'
[0.921s] INFO:colcon.colcon_core.shell:Creating package script '/home/victor/Caramelo_workspace/install/caramelo_one/share/caramelo_one/package.bash'
[0.922s] INFO:colcon.colcon_core.shell:Creating package script '/home/victor/Caramelo_workspace/install/caramelo_one/share/caramelo_one/package.zsh'
[0.923s] Level 1:colcon.colcon_core.environment:create_file_with_runtime_dependencies(/home/victor/Caramelo_workspace/install/caramelo_one/share/colcon-core/packages/caramelo_one)
[0.943s] Level 1:colcon.colcon_core.environment:create_environment_scripts_only(caramelo_one)
[0.943s] Level 1:colcon.colcon_core.environment:checking '/home/victor/Caramelo_workspace/install/caramelo_one' for CMake module files
[0.943s] Level 1:colcon.colcon_core.environment:checking '/home/victor/Caramelo_workspace/install/caramelo_one' for CMake config files
[0.944s] Level 1:colcon.colcon_core.shell:create_environment_hook('caramelo_one', 'cmake_prefix_path')
[0.944s] INFO:colcon.colcon_core.shell:Creating environment hook '/home/victor/Caramelo_workspace/install/caramelo_one/share/caramelo_one/hook/cmake_prefix_path.ps1'
[0.944s] INFO:colcon.colcon_core.shell:Creating environment descriptor '/home/victor/Caramelo_workspace/install/caramelo_one/share/caramelo_one/hook/cmake_prefix_path.dsv'
[0.944s] INFO:colcon.colcon_core.shell:Creating environment hook '/home/victor/Caramelo_workspace/install/caramelo_one/share/caramelo_one/hook/cmake_prefix_path.sh'
[0.945s] Level 1:colcon.colcon_core.environment:checking '/home/victor/Caramelo_workspace/install/caramelo_one/bin'
[0.945s] Level 1:colcon.colcon_core.environment:checking '/home/victor/Caramelo_workspace/install/caramelo_one/lib/pkgconfig/caramelo_one.pc'
[0.945s] Level 1:colcon.colcon_core.environment:checking '/home/victor/Caramelo_workspace/install/caramelo_one/lib/python3.10/site-packages'
[0.945s] Level 1:colcon.colcon_core.environment:checking '/home/victor/Caramelo_workspace/install/caramelo_one/bin'
[0.946s] INFO:colcon.colcon_core.shell:Creating package script '/home/victor/Caramelo_workspace/install/caramelo_one/share/caramelo_one/package.ps1'
[0.946s] INFO:colcon.colcon_core.shell:Creating package descriptor '/home/victor/Caramelo_workspace/install/caramelo_one/share/caramelo_one/package.dsv'
[0.946s] INFO:colcon.colcon_core.shell:Creating package script '/home/victor/Caramelo_workspace/install/caramelo_one/share/caramelo_one/package.sh'
[0.947s] INFO:colcon.colcon_core.shell:Creating package script '/home/victor/Caramelo_workspace/install/caramelo_one/share/caramelo_one/package.bash'
[0.947s] INFO:colcon.colcon_core.shell:Creating package script '/home/victor/Caramelo_workspace/install/caramelo_one/share/caramelo_one/package.zsh'
[0.948s] Level 1:colcon.colcon_core.environment:create_file_with_runtime_dependencies(/home/victor/Caramelo_workspace/install/caramelo_one/share/colcon-core/packages/caramelo_one)
[0.948s] DEBUG:colcon.colcon_parallel_executor.executor.parallel:closing loop
[0.948s] DEBUG:colcon.colcon_parallel_executor.executor.parallel:loop closed
[0.948s] DEBUG:colcon.colcon_parallel_executor.executor.parallel:run_until_complete finished with '0'
[0.948s] DEBUG:colcon.colcon_core.event_reactor:joining thread
[0.952s] INFO:colcon.colcon_core.plugin_system:Skipping extension 'colcon_notification.desktop_notification.terminal_notifier': Not used on non-Darwin systems
[0.953s] INFO:colcon.colcon_core.plugin_system:Skipping extension 'colcon_notification.desktop_notification.win32': Not used on non-Windows systems
[0.953s] INFO:colcon.colcon_notification.desktop_notification:Sending desktop notification using 'notify2'
[0.962s] DEBUG:colcon.colcon_core.event_reactor:joined thread
[0.962s] INFO:colcon.colcon_core.shell:Creating prefix script '/home/victor/Caramelo_workspace/install/local_setup.ps1'
[0.963s] INFO:colcon.colcon_core.shell:Creating prefix util module '/home/victor/Caramelo_workspace/install/_local_setup_util_ps1.py'
[0.964s] INFO:colcon.colcon_core.shell:Creating prefix chain script '/home/victor/Caramelo_workspace/install/setup.ps1'
[0.965s] INFO:colcon.colcon_core.shell:Creating prefix script '/home/victor/Caramelo_workspace/install/local_setup.sh'
[0.965s] INFO:colcon.colcon_core.shell:Creating prefix util module '/home/victor/Caramelo_workspace/install/_local_setup_util_sh.py'
[0.966s] INFO:colcon.colcon_core.shell:Creating prefix chain script '/home/victor/Caramelo_workspace/install/setup.sh'
[0.967s] INFO:colcon.colcon_core.shell:Creating prefix script '/home/victor/Caramelo_workspace/install/local_setup.bash'
[0.967s] INFO:colcon.colcon_core.shell:Creating prefix chain script '/home/victor/Caramelo_workspace/install/setup.bash'
[0.968s] INFO:colcon.colcon_core.shell:Creating prefix script '/home/victor/Caramelo_workspace/install/local_setup.zsh'
[0.969s] INFO:colcon.colcon_core.shell:Creating prefix chain script '/home/victor/Caramelo_workspace/install/setup.zsh'
