[1.083s] Invoking command in '/home/victor/Caramelo_workspace/build/caramelo_simulation': PYTHONPATH=/home/victor/Caramelo_workspace/build/caramelo_simulation/prefix_override:/usr/lib/python3/dist-packages/colcon_core/task/python/colcon_distutils_commands:/home/victor/Caramelo_workspace/install/caramelo_simulation/lib/python3.10/site-packages:${PYTHONPATH} /usr/bin/python3 -W ignore:setup.py install is deprecated setup.py develop --editable --build-directory /home/victor/Caramelo_workspace/build/caramelo_simulation/build --no-deps symlink_data
[1.340s] running develop
[1.341s] /usr/lib/python3/dist-packages/setuptools/command/easy_install.py:158: EasyInstallDeprecationWarning: easy_install command is deprecated. Use build and pip and other standards-based tools.
[1.341s]   warnings.warn(
[1.522s] running egg_info
[1.522s] creating caramelo_simulation.egg-info
[1.522s] writing caramelo_simulation.egg-info/PKG-INFO
[1.523s] writing dependency_links to caramelo_simulation.egg-info/dependency_links.txt
[1.523s] writing entry points to caramelo_simulation.egg-info/entry_points.txt
[1.523s] writing requirements to caramelo_simulation.egg-info/requires.txt
[1.523s] writing top-level names to caramelo_simulation.egg-info/top_level.txt
[1.523s] writing manifest file 'caramelo_simulation.egg-info/SOURCES.txt'
[1.525s] reading manifest file 'caramelo_simulation.egg-info/SOURCES.txt'
[1.526s] writing manifest file 'caramelo_simulation.egg-info/SOURCES.txt'
[1.528s] running build_ext
[1.528s] Creating /home/victor/Caramelo_workspace/install/caramelo_simulation/lib/python3.10/site-packages/caramelo-simulation.egg-link (link to .)
[1.529s] 
[1.529s] Installed /home/victor/Caramelo_workspace/build/caramelo_simulation
[1.529s] running symlink_data
[1.529s] creating /home/victor/Caramelo_workspace/install/caramelo_simulation/share/ament_index
[1.529s] creating /home/victor/Caramelo_workspace/install/caramelo_simulation/share/ament_index/resource_index
[1.529s] creating /home/victor/Caramelo_workspace/install/caramelo_simulation/share/ament_index/resource_index/packages
[1.530s] symbolically linking /home/victor/Caramelo_workspace/build/caramelo_simulation/resource/caramelo_simulation -> /home/victor/Caramelo_workspace/install/caramelo_simulation/share/ament_index/resource_index/packages
[1.530s] symbolically linking /home/victor/Caramelo_workspace/build/caramelo_simulation/package.xml -> /home/victor/Caramelo_workspace/install/caramelo_simulation/share/caramelo_simulation
[1.530s] creating /home/victor/Caramelo_workspace/install/caramelo_simulation/share/caramelo_simulation/config
[1.530s] symbolically linking /home/victor/Caramelo_workspace/build/caramelo_simulation/config/mapper_params_online_async.yaml -> /home/victor/Caramelo_workspace/install/caramelo_simulation/share/caramelo_simulation/config
[1.530s] symbolically linking /home/victor/Caramelo_workspace/build/caramelo_simulation/config/view_robot.rviz -> /home/victor/Caramelo_workspace/install/caramelo_simulation/share/caramelo_simulation/config
[1.530s] creating /home/victor/Caramelo_workspace/install/caramelo_simulation/share/caramelo_simulation/description
[1.530s] symbolically linking /home/victor/Caramelo_workspace/build/caramelo_simulation/description/inertial_macros.xacro -> /home/victor/Caramelo_workspace/install/caramelo_simulation/share/caramelo_simulation/description
[1.530s] symbolically linking /home/victor/Caramelo_workspace/build/caramelo_simulation/description/laser.xacro -> /home/victor/Caramelo_workspace/install/caramelo_simulation/share/caramelo_simulation/description
[1.531s] symbolically linking /home/victor/Caramelo_workspace/build/caramelo_simulation/description/robot.urdf.xacro -> /home/victor/Caramelo_workspace/install/caramelo_simulation/share/caramelo_simulation/description
[1.531s] symbolically linking /home/victor/Caramelo_workspace/build/caramelo_simulation/description/camera.xacro -> /home/victor/Caramelo_workspace/install/caramelo_simulation/share/caramelo_simulation/description
[1.531s] symbolically linking /home/victor/Caramelo_workspace/build/caramelo_simulation/description/robot_core.xacro -> /home/victor/Caramelo_workspace/install/caramelo_simulation/share/caramelo_simulation/description
[1.531s] symbolically linking /home/victor/Caramelo_workspace/build/caramelo_simulation/description/gazebo_control.xacro -> /home/victor/Caramelo_workspace/install/caramelo_simulation/share/caramelo_simulation/description
[1.531s] creating /home/victor/Caramelo_workspace/install/caramelo_simulation/share/caramelo_simulation/launch
[1.531s] symbolically linking /home/victor/Caramelo_workspace/build/caramelo_simulation/launch/launch_worldsim.launch.py -> /home/victor/Caramelo_workspace/install/caramelo_simulation/share/caramelo_simulation/launch
[1.531s] symbolically linking /home/victor/Caramelo_workspace/build/caramelo_simulation/launch/rplidar.launch.py -> /home/victor/Caramelo_workspace/install/caramelo_simulation/share/caramelo_simulation/launch
[1.531s] symbolically linking /home/victor/Caramelo_workspace/build/caramelo_simulation/launch/rsp.launch.py -> /home/victor/Caramelo_workspace/install/caramelo_simulation/share/caramelo_simulation/launch
[1.531s] symbolically linking /home/victor/Caramelo_workspace/build/caramelo_simulation/launch/launch_sim.launch.py -> /home/victor/Caramelo_workspace/install/caramelo_simulation/share/caramelo_simulation/launch
[1.531s] symbolically linking /home/victor/Caramelo_workspace/build/caramelo_simulation/launch/camera.launch..py -> /home/victor/Caramelo_workspace/install/caramelo_simulation/share/caramelo_simulation/launch
[1.532s] creating /home/victor/Caramelo_workspace/install/caramelo_simulation/share/caramelo_simulation/worlds
[1.532s] symbolically linking /home/victor/Caramelo_workspace/build/caramelo_simulation/worlds/simple_room_with_fixed_boxes.world -> /home/victor/Caramelo_workspace/install/caramelo_simulation/share/caramelo_simulation/worlds
[1.532s] symbolically linking /home/victor/Caramelo_workspace/build/caramelo_simulation/worlds/small_warehouse.world -> /home/victor/Caramelo_workspace/install/caramelo_simulation/share/caramelo_simulation/worlds
[1.532s] symbolically linking /home/victor/Caramelo_workspace/build/caramelo_simulation/worlds/empty.world -> /home/victor/Caramelo_workspace/install/caramelo_simulation/share/caramelo_simulation/worlds
[1.532s] symbolically linking /home/victor/Caramelo_workspace/build/caramelo_simulation/worlds/small_house.world -> /home/victor/Caramelo_workspace/install/caramelo_simulation/share/caramelo_simulation/worlds
[1.532s] creating /home/victor/Caramelo_workspace/install/caramelo_simulation/share/caramelo_simulation/models
[1.532s] error: can't copy '/home/victor/Caramelo_workspace/build/caramelo_simulation/models/aws_robomaker_residential_Carpet_01': doesn't exist or not a regular file
[1.566s] Invoked command in '/home/victor/Caramelo_workspace/build/caramelo_simulation' returned '1': PYTHONPATH=/home/victor/Caramelo_workspace/build/caramelo_simulation/prefix_override:/usr/lib/python3/dist-packages/colcon_core/task/python/colcon_distutils_commands:/home/victor/Caramelo_workspace/install/caramelo_simulation/lib/python3.10/site-packages:${PYTHONPATH} /usr/bin/python3 -W ignore:setup.py install is deprecated setup.py develop --editable --build-directory /home/victor/Caramelo_workspace/build/caramelo_simulation/build --no-deps symlink_data
