[0.113s] DEBUG:colcon:Command line arguments: ['/usr/bin/colcon', 'build']
[0.113s] DEBUG:colcon:Parsed command line arguments: Namespace(log_base=None, log_level=None, verb_name='build', build_base='build', install_base='install', merge_install=False, symlink_install=False, test_result_base=None, continue_on_error=False, executor='parallel', parallel_workers=8, event_handlers=None, ignore_user_meta=False, metas=['./colcon.meta'], base_paths=['.'], packages_ignore=None, packages_ignore_regex=None, paths=None, packages_up_to=None, packages_up_to_regex=None, packages_above=None, packages_above_and_dependencies=None, packages_above_depth=None, packages_select_by_dep=None, packages_skip_by_dep=None, packages_skip_up_to=None, packages_select_build_failed=False, packages_skip_build_finished=False, packages_select_test_failures=False, packages_skip_test_passed=False, packages_select=None, packages_skip=None, packages_select_regex=None, packages_skip_regex=None, packages_start=None, packages_end=None, allow_overriding=[], cmake_args=None, cmake_target=None, cmake_target_skip_unavailable=False, cmake_clean_cache=False, cmake_clean_first=False, cmake_force_configure=False, ament_cmake_args=None, catkin_cmake_args=None, catkin_skip_building_tests=False, verb_parser=<colcon_defaults.argument_parser.defaults.DefaultArgumentsDecorator object at 0x7b05ff9cc910>, verb_extension=<colcon_core.verb.build.BuildVerb object at 0x7b05ff9cc400>, main=<bound method BuildVerb.main of <colcon_core.verb.build.BuildVerb object at 0x7b05ff9cc400>>)
[0.269s] Level 1:colcon.colcon_core.package_discovery:discover_packages(colcon_meta) check parameters
[0.269s] Level 1:colcon.colcon_core.package_discovery:discover_packages(recursive) check parameters
[0.269s] Level 1:colcon.colcon_core.package_discovery:discover_packages(ignore) check parameters
[0.269s] Level 1:colcon.colcon_core.package_discovery:discover_packages(path) check parameters
[0.269s] Level 1:colcon.colcon_core.package_discovery:discover_packages(colcon_meta) discover
[0.269s] Level 1:colcon.colcon_core.package_discovery:discover_packages(recursive) discover
[0.269s] INFO:colcon.colcon_core.package_discovery:Crawling recursively for packages in '/home/victor/Caramelo_workspace'
[0.270s] Level 1:colcon.colcon_core.package_identification:_identify(.) by extensions ['ignore', 'ignore_ament_install']
[0.270s] Level 1:colcon.colcon_core.package_identification:_identify(.) by extension 'ignore'
[0.270s] Level 1:colcon.colcon_core.package_identification:_identify(.) by extension 'ignore_ament_install'
[0.270s] Level 1:colcon.colcon_core.package_identification:_identify(.) by extensions ['colcon_pkg']
[0.270s] Level 1:colcon.colcon_core.package_identification:_identify(.) by extension 'colcon_pkg'
[0.270s] Level 1:colcon.colcon_core.package_identification:_identify(.) by extensions ['colcon_meta']
[0.270s] Level 1:colcon.colcon_core.package_identification:_identify(.) by extension 'colcon_meta'
[0.270s] Level 1:colcon.colcon_core.package_identification:_identify(.) by extensions ['ros']
[0.270s] Level 1:colcon.colcon_core.package_identification:_identify(.) by extension 'ros'
[0.286s] Level 1:colcon.colcon_core.package_identification:_identify(.) by extensions ['cmake', 'python']
[0.286s] Level 1:colcon.colcon_core.package_identification:_identify(.) by extension 'cmake'
[0.286s] Level 1:colcon.colcon_core.package_identification:_identify(.) by extension 'python'
[0.286s] Level 1:colcon.colcon_core.package_identification:_identify(.) by extensions ['python_setup_py']
[0.286s] Level 1:colcon.colcon_core.package_identification:_identify(.) by extension 'python_setup_py'
[0.286s] Level 1:colcon.colcon_core.package_identification:_identify(build) by extensions ['ignore', 'ignore_ament_install']
[0.286s] Level 1:colcon.colcon_core.package_identification:_identify(build) by extension 'ignore'
[0.286s] Level 1:colcon.colcon_core.package_identification:_identify(build) ignored
[0.286s] Level 1:colcon.colcon_core.package_identification:_identify(install) by extensions ['ignore', 'ignore_ament_install']
[0.286s] Level 1:colcon.colcon_core.package_identification:_identify(install) by extension 'ignore'
[0.286s] Level 1:colcon.colcon_core.package_identification:_identify(install) ignored
[0.286s] Level 1:colcon.colcon_core.package_identification:_identify(log) by extensions ['ignore', 'ignore_ament_install']
[0.286s] Level 1:colcon.colcon_core.package_identification:_identify(log) by extension 'ignore'
[0.286s] Level 1:colcon.colcon_core.package_identification:_identify(log) ignored
[0.287s] Level 1:colcon.colcon_core.package_identification:_identify(src) by extensions ['ignore', 'ignore_ament_install']
[0.287s] Level 1:colcon.colcon_core.package_identification:_identify(src) by extension 'ignore'
[0.287s] Level 1:colcon.colcon_core.package_identification:_identify(src) by extension 'ignore_ament_install'
[0.287s] Level 1:colcon.colcon_core.package_identification:_identify(src) by extensions ['colcon_pkg']
[0.287s] Level 1:colcon.colcon_core.package_identification:_identify(src) by extension 'colcon_pkg'
[0.287s] Level 1:colcon.colcon_core.package_identification:_identify(src) by extensions ['colcon_meta']
[0.287s] Level 1:colcon.colcon_core.package_identification:_identify(src) by extension 'colcon_meta'
[0.287s] Level 1:colcon.colcon_core.package_identification:_identify(src) by extensions ['ros']
[0.287s] Level 1:colcon.colcon_core.package_identification:_identify(src) by extension 'ros'
[0.287s] Level 1:colcon.colcon_core.package_identification:_identify(src) by extensions ['cmake', 'python']
[0.287s] Level 1:colcon.colcon_core.package_identification:_identify(src) by extension 'cmake'
[0.287s] Level 1:colcon.colcon_core.package_identification:_identify(src) by extension 'python'
[0.287s] Level 1:colcon.colcon_core.package_identification:_identify(src) by extensions ['python_setup_py']
[0.287s] Level 1:colcon.colcon_core.package_identification:_identify(src) by extension 'python_setup_py'
[0.287s] Level 1:colcon.colcon_core.package_identification:_identify(src/caramelo_controller) by extensions ['ignore', 'ignore_ament_install']
[0.287s] Level 1:colcon.colcon_core.package_identification:_identify(src/caramelo_controller) by extension 'ignore'
[0.287s] Level 1:colcon.colcon_core.package_identification:_identify(src/caramelo_controller) by extension 'ignore_ament_install'
[0.287s] Level 1:colcon.colcon_core.package_identification:_identify(src/caramelo_controller) by extensions ['colcon_pkg']
[0.287s] Level 1:colcon.colcon_core.package_identification:_identify(src/caramelo_controller) by extension 'colcon_pkg'
[0.287s] Level 1:colcon.colcon_core.package_identification:_identify(src/caramelo_controller) by extensions ['colcon_meta']
[0.287s] Level 1:colcon.colcon_core.package_identification:_identify(src/caramelo_controller) by extension 'colcon_meta'
[0.287s] Level 1:colcon.colcon_core.package_identification:_identify(src/caramelo_controller) by extensions ['ros']
[0.287s] Level 1:colcon.colcon_core.package_identification:_identify(src/caramelo_controller) by extension 'ros'
[0.289s] DEBUG:colcon.colcon_core.package_identification:Package 'src/caramelo_controller' with type 'ros.ament_python' and name 'caramelo_controller'
[0.290s] Level 1:colcon.colcon_core.package_identification:_identify(src/caramelo_description) by extensions ['ignore', 'ignore_ament_install']
[0.290s] Level 1:colcon.colcon_core.package_identification:_identify(src/caramelo_description) by extension 'ignore'
[0.290s] Level 1:colcon.colcon_core.package_identification:_identify(src/caramelo_description) by extension 'ignore_ament_install'
[0.290s] Level 1:colcon.colcon_core.package_identification:_identify(src/caramelo_description) by extensions ['colcon_pkg']
[0.290s] Level 1:colcon.colcon_core.package_identification:_identify(src/caramelo_description) by extension 'colcon_pkg'
[0.290s] Level 1:colcon.colcon_core.package_identification:_identify(src/caramelo_description) by extensions ['colcon_meta']
[0.290s] Level 1:colcon.colcon_core.package_identification:_identify(src/caramelo_description) by extension 'colcon_meta'
[0.290s] Level 1:colcon.colcon_core.package_identification:_identify(src/caramelo_description) by extensions ['ros']
[0.290s] Level 1:colcon.colcon_core.package_identification:_identify(src/caramelo_description) by extension 'ros'
[0.290s] DEBUG:colcon.colcon_core.package_identification:Package 'src/caramelo_description' with type 'ros.ament_python' and name 'caramelo_description'
[0.290s] Level 1:colcon.colcon_core.package_identification:_identify(src/caramelo_simulation) by extensions ['ignore', 'ignore_ament_install']
[0.291s] Level 1:colcon.colcon_core.package_identification:_identify(src/caramelo_simulation) by extension 'ignore'
[0.291s] Level 1:colcon.colcon_core.package_identification:_identify(src/caramelo_simulation) by extension 'ignore_ament_install'
[0.291s] Level 1:colcon.colcon_core.package_identification:_identify(src/caramelo_simulation) by extensions ['colcon_pkg']
[0.291s] Level 1:colcon.colcon_core.package_identification:_identify(src/caramelo_simulation) by extension 'colcon_pkg'
[0.291s] Level 1:colcon.colcon_core.package_identification:_identify(src/caramelo_simulation) by extensions ['colcon_meta']
[0.291s] Level 1:colcon.colcon_core.package_identification:_identify(src/caramelo_simulation) by extension 'colcon_meta'
[0.291s] Level 1:colcon.colcon_core.package_identification:_identify(src/caramelo_simulation) by extensions ['ros']
[0.291s] Level 1:colcon.colcon_core.package_identification:_identify(src/caramelo_simulation) by extension 'ros'
[0.291s] DEBUG:colcon.colcon_core.package_identification:Package 'src/caramelo_simulation' with type 'ros.ament_python' and name 'caramelo_simulation'
[0.291s] Level 1:colcon.colcon_core.package_discovery:discover_packages(recursive) using defaults
[0.291s] Level 1:colcon.colcon_core.package_discovery:discover_packages(ignore) discover
[0.291s] Level 1:colcon.colcon_core.package_discovery:discover_packages(ignore) using defaults
[0.291s] Level 1:colcon.colcon_core.package_discovery:discover_packages(path) discover
[0.291s] Level 1:colcon.colcon_core.package_discovery:discover_packages(path) using defaults
[0.308s] Level 1:colcon.colcon_core.package_discovery:discover_packages(prefix_path) check parameters
[0.308s] Level 1:colcon.colcon_core.package_discovery:discover_packages(prefix_path) discover
[0.311s] DEBUG:colcon.colcon_installed_package_information.package_discovery:Found 431 installed packages in /opt/ros/humble
[0.313s] Level 1:colcon.colcon_core.package_discovery:discover_packages(prefix_path) using defaults
[0.357s] Level 5:colcon.colcon_core.verb:set package 'caramelo_controller' build argument 'cmake_args' from command line to 'None'
[0.357s] Level 5:colcon.colcon_core.verb:set package 'caramelo_controller' build argument 'cmake_target' from command line to 'None'
[0.357s] Level 5:colcon.colcon_core.verb:set package 'caramelo_controller' build argument 'cmake_target_skip_unavailable' from command line to 'False'
[0.357s] Level 5:colcon.colcon_core.verb:set package 'caramelo_controller' build argument 'cmake_clean_cache' from command line to 'False'
[0.357s] Level 5:colcon.colcon_core.verb:set package 'caramelo_controller' build argument 'cmake_clean_first' from command line to 'False'
[0.357s] Level 5:colcon.colcon_core.verb:set package 'caramelo_controller' build argument 'cmake_force_configure' from command line to 'False'
[0.357s] Level 5:colcon.colcon_core.verb:set package 'caramelo_controller' build argument 'ament_cmake_args' from command line to 'None'
[0.357s] Level 5:colcon.colcon_core.verb:set package 'caramelo_controller' build argument 'catkin_cmake_args' from command line to 'None'
[0.357s] Level 5:colcon.colcon_core.verb:set package 'caramelo_controller' build argument 'catkin_skip_building_tests' from command line to 'False'
[0.357s] DEBUG:colcon.colcon_core.verb:Building package 'caramelo_controller' with the following arguments: {'ament_cmake_args': None, 'build_base': '/home/victor/Caramelo_workspace/build/caramelo_controller', 'catkin_cmake_args': None, 'catkin_skip_building_tests': False, 'cmake_args': None, 'cmake_clean_cache': False, 'cmake_clean_first': False, 'cmake_force_configure': False, 'cmake_target': None, 'cmake_target_skip_unavailable': False, 'install_base': '/home/victor/Caramelo_workspace/install/caramelo_controller', 'merge_install': False, 'path': '/home/victor/Caramelo_workspace/src/caramelo_controller', 'symlink_install': False, 'test_result_base': None}
[0.358s] Level 5:colcon.colcon_core.verb:set package 'caramelo_description' build argument 'cmake_args' from command line to 'None'
[0.358s] Level 5:colcon.colcon_core.verb:set package 'caramelo_description' build argument 'cmake_target' from command line to 'None'
[0.358s] Level 5:colcon.colcon_core.verb:set package 'caramelo_description' build argument 'cmake_target_skip_unavailable' from command line to 'False'
[0.358s] Level 5:colcon.colcon_core.verb:set package 'caramelo_description' build argument 'cmake_clean_cache' from command line to 'False'
[0.358s] Level 5:colcon.colcon_core.verb:set package 'caramelo_description' build argument 'cmake_clean_first' from command line to 'False'
[0.358s] Level 5:colcon.colcon_core.verb:set package 'caramelo_description' build argument 'cmake_force_configure' from command line to 'False'
[0.358s] Level 5:colcon.colcon_core.verb:set package 'caramelo_description' build argument 'ament_cmake_args' from command line to 'None'
[0.358s] Level 5:colcon.colcon_core.verb:set package 'caramelo_description' build argument 'catkin_cmake_args' from command line to 'None'
[0.358s] Level 5:colcon.colcon_core.verb:set package 'caramelo_description' build argument 'catkin_skip_building_tests' from command line to 'False'
[0.358s] DEBUG:colcon.colcon_core.verb:Building package 'caramelo_description' with the following arguments: {'ament_cmake_args': None, 'build_base': '/home/victor/Caramelo_workspace/build/caramelo_description', 'catkin_cmake_args': None, 'catkin_skip_building_tests': False, 'cmake_args': None, 'cmake_clean_cache': False, 'cmake_clean_first': False, 'cmake_force_configure': False, 'cmake_target': None, 'cmake_target_skip_unavailable': False, 'install_base': '/home/victor/Caramelo_workspace/install/caramelo_description', 'merge_install': False, 'path': '/home/victor/Caramelo_workspace/src/caramelo_description', 'symlink_install': False, 'test_result_base': None}
[0.358s] Level 5:colcon.colcon_core.verb:set package 'caramelo_simulation' build argument 'cmake_args' from command line to 'None'
[0.358s] Level 5:colcon.colcon_core.verb:set package 'caramelo_simulation' build argument 'cmake_target' from command line to 'None'
[0.358s] Level 5:colcon.colcon_core.verb:set package 'caramelo_simulation' build argument 'cmake_target_skip_unavailable' from command line to 'False'
[0.358s] Level 5:colcon.colcon_core.verb:set package 'caramelo_simulation' build argument 'cmake_clean_cache' from command line to 'False'
[0.358s] Level 5:colcon.colcon_core.verb:set package 'caramelo_simulation' build argument 'cmake_clean_first' from command line to 'False'
[0.358s] Level 5:colcon.colcon_core.verb:set package 'caramelo_simulation' build argument 'cmake_force_configure' from command line to 'False'
[0.358s] Level 5:colcon.colcon_core.verb:set package 'caramelo_simulation' build argument 'ament_cmake_args' from command line to 'None'
[0.358s] Level 5:colcon.colcon_core.verb:set package 'caramelo_simulation' build argument 'catkin_cmake_args' from command line to 'None'
[0.358s] Level 5:colcon.colcon_core.verb:set package 'caramelo_simulation' build argument 'catkin_skip_building_tests' from command line to 'False'
[0.358s] DEBUG:colcon.colcon_core.verb:Building package 'caramelo_simulation' with the following arguments: {'ament_cmake_args': None, 'build_base': '/home/victor/Caramelo_workspace/build/caramelo_simulation', 'catkin_cmake_args': None, 'catkin_skip_building_tests': False, 'cmake_args': None, 'cmake_clean_cache': False, 'cmake_clean_first': False, 'cmake_force_configure': False, 'cmake_target': None, 'cmake_target_skip_unavailable': False, 'install_base': '/home/victor/Caramelo_workspace/install/caramelo_simulation', 'merge_install': False, 'path': '/home/victor/Caramelo_workspace/src/caramelo_simulation', 'symlink_install': False, 'test_result_base': None}
[0.359s] INFO:colcon.colcon_core.executor:Executing jobs using 'parallel' executor
[0.359s] DEBUG:colcon.colcon_parallel_executor.executor.parallel:run_until_complete
[0.359s] INFO:colcon.colcon_ros.task.ament_python.build:Building ROS package in '/home/victor/Caramelo_workspace/src/caramelo_controller' with build type 'ament_python'
[0.360s] Level 1:colcon.colcon_core.shell:create_environment_hook('caramelo_controller', 'ament_prefix_path')
[0.361s] INFO:colcon.colcon_core.plugin_system:Skipping extension 'colcon_core.shell.bat': Not used on non-Windows systems
[0.361s] INFO:colcon.colcon_core.shell:Creating environment hook '/home/victor/Caramelo_workspace/install/caramelo_controller/share/caramelo_controller/hook/ament_prefix_path.ps1'
[0.362s] INFO:colcon.colcon_core.shell:Creating environment descriptor '/home/victor/Caramelo_workspace/install/caramelo_controller/share/caramelo_controller/hook/ament_prefix_path.dsv'
[0.362s] INFO:colcon.colcon_core.shell:Creating environment hook '/home/victor/Caramelo_workspace/install/caramelo_controller/share/caramelo_controller/hook/ament_prefix_path.sh'
[0.363s] INFO:colcon.colcon_core.shell:Skip shell extension 'powershell' for command environment: Not usable outside of PowerShell
[0.363s] DEBUG:colcon.colcon_core.shell:Skip shell extension 'dsv' for command environment
[0.366s] INFO:colcon.colcon_ros.task.ament_python.build:Building ROS package in '/home/victor/Caramelo_workspace/src/caramelo_description' with build type 'ament_python'
[0.366s] Level 1:colcon.colcon_core.shell:create_environment_hook('caramelo_description', 'ament_prefix_path')
[0.366s] INFO:colcon.colcon_core.shell:Creating environment hook '/home/victor/Caramelo_workspace/install/caramelo_description/share/caramelo_description/hook/ament_prefix_path.ps1'
[0.367s] INFO:colcon.colcon_core.shell:Creating environment descriptor '/home/victor/Caramelo_workspace/install/caramelo_description/share/caramelo_description/hook/ament_prefix_path.dsv'
[0.367s] INFO:colcon.colcon_core.shell:Creating environment hook '/home/victor/Caramelo_workspace/install/caramelo_description/share/caramelo_description/hook/ament_prefix_path.sh'
[0.367s] INFO:colcon.colcon_core.shell:Skip shell extension 'powershell' for command environment: Not usable outside of PowerShell
[0.367s] DEBUG:colcon.colcon_core.shell:Skip shell extension 'dsv' for command environment
[0.370s] INFO:colcon.colcon_ros.task.ament_python.build:Building ROS package in '/home/victor/Caramelo_workspace/src/caramelo_simulation' with build type 'ament_python'
[0.370s] Level 1:colcon.colcon_core.shell:create_environment_hook('caramelo_simulation', 'ament_prefix_path')
[0.370s] INFO:colcon.colcon_core.shell:Creating environment hook '/home/victor/Caramelo_workspace/install/caramelo_simulation/share/caramelo_simulation/hook/ament_prefix_path.ps1'
[0.371s] INFO:colcon.colcon_core.shell:Creating environment descriptor '/home/victor/Caramelo_workspace/install/caramelo_simulation/share/caramelo_simulation/hook/ament_prefix_path.dsv'
[0.371s] INFO:colcon.colcon_core.shell:Creating environment hook '/home/victor/Caramelo_workspace/install/caramelo_simulation/share/caramelo_simulation/hook/ament_prefix_path.sh'
[0.372s] INFO:colcon.colcon_core.shell:Skip shell extension 'powershell' for command environment: Not usable outside of PowerShell
[0.372s] DEBUG:colcon.colcon_core.shell:Skip shell extension 'dsv' for command environment
[0.615s] INFO:colcon.colcon_core.task.python.build:Building Python package in '/home/victor/Caramelo_workspace/src/caramelo_controller'
[0.615s] INFO:colcon.colcon_core.shell:Skip shell extension 'powershell' for command environment: Not usable outside of PowerShell
[0.615s] DEBUG:colcon.colcon_core.shell:Skip shell extension 'dsv' for command environment
[0.853s] INFO:colcon.colcon_core.task.python.build:Building Python package in '/home/victor/Caramelo_workspace/src/caramelo_description'
[0.853s] INFO:colcon.colcon_core.shell:Skip shell extension 'powershell' for command environment: Not usable outside of PowerShell
[0.853s] DEBUG:colcon.colcon_core.shell:Skip shell extension 'dsv' for command environment
[1.093s] INFO:colcon.colcon_core.task.python.build:Building Python package in '/home/victor/Caramelo_workspace/src/caramelo_simulation'
[1.093s] INFO:colcon.colcon_core.shell:Skip shell extension 'powershell' for command environment: Not usable outside of PowerShell
[1.093s] DEBUG:colcon.colcon_core.shell:Skip shell extension 'dsv' for command environment
[1.543s] DEBUG:colcon.colcon_core.event_handler.log_command:Invoking command in '/home/victor/Caramelo_workspace/src/caramelo_controller': PYTHONPATH=/home/victor/Caramelo_workspace/build/caramelo_controller/prefix_override:/usr/lib/python3/dist-packages/colcon_core/task/python/colcon_distutils_commands:/home/victor/Caramelo_workspace/install/caramelo_controller/lib/python3.10/site-packages:${PYTHONPATH} /usr/bin/python3 -W ignore:setup.py install is deprecated -W ignore:easy_install command is deprecated setup.py egg_info --egg-base ../../build/caramelo_controller build --build-base /home/victor/Caramelo_workspace/build/caramelo_controller/build install --record /home/victor/Caramelo_workspace/build/caramelo_controller/install.log --single-version-externally-managed install_data
[1.548s] DEBUG:colcon.colcon_core.event_handler.log_command:Invoking command in '/home/victor/Caramelo_workspace/src/caramelo_description': PYTHONPATH=/home/victor/Caramelo_workspace/build/caramelo_description/prefix_override:/usr/lib/python3/dist-packages/colcon_core/task/python/colcon_distutils_commands:/home/victor/Caramelo_workspace/install/caramelo_description/lib/python3.10/site-packages:${PYTHONPATH} /usr/bin/python3 -W ignore:setup.py install is deprecated -W ignore:easy_install command is deprecated setup.py egg_info --egg-base ../../build/caramelo_description build --build-base /home/victor/Caramelo_workspace/build/caramelo_description/build install --record /home/victor/Caramelo_workspace/build/caramelo_description/install.log --single-version-externally-managed install_data
[1.549s] DEBUG:colcon.colcon_core.event_handler.log_command:Invoking command in '/home/victor/Caramelo_workspace/src/caramelo_simulation': PYTHONPATH=/home/victor/Caramelo_workspace/build/caramelo_simulation/prefix_override:/usr/lib/python3/dist-packages/colcon_core/task/python/colcon_distutils_commands:/home/victor/Caramelo_workspace/install/caramelo_simulation/lib/python3.10/site-packages:${PYTHONPATH} /usr/bin/python3 -W ignore:setup.py install is deprecated -W ignore:easy_install command is deprecated setup.py egg_info --egg-base ../../build/caramelo_simulation build --build-base /home/victor/Caramelo_workspace/build/caramelo_simulation/build install --record /home/victor/Caramelo_workspace/build/caramelo_simulation/install.log --single-version-externally-managed install_data
[1.830s] DEBUG:colcon.colcon_core.event_handler.log_command:Invoked command in '/home/victor/Caramelo_workspace/src/caramelo_controller' returned '0': PYTHONPATH=/home/victor/Caramelo_workspace/build/caramelo_controller/prefix_override:/usr/lib/python3/dist-packages/colcon_core/task/python/colcon_distutils_commands:/home/victor/Caramelo_workspace/install/caramelo_controller/lib/python3.10/site-packages:${PYTHONPATH} /usr/bin/python3 -W ignore:setup.py install is deprecated -W ignore:easy_install command is deprecated setup.py egg_info --egg-base ../../build/caramelo_controller build --build-base /home/victor/Caramelo_workspace/build/caramelo_controller/build install --record /home/victor/Caramelo_workspace/build/caramelo_controller/install.log --single-version-externally-managed install_data
[1.832s] Level 1:colcon.colcon_core.environment:checking '/home/victor/Caramelo_workspace/install/caramelo_controller' for CMake module files
[1.833s] Level 1:colcon.colcon_core.environment:checking '/home/victor/Caramelo_workspace/install/caramelo_controller' for CMake config files
[1.833s] Level 1:colcon.colcon_core.environment:checking '/home/victor/Caramelo_workspace/install/caramelo_controller/lib'
[1.833s] Level 1:colcon.colcon_core.environment:checking '/home/victor/Caramelo_workspace/install/caramelo_controller/bin'
[1.833s] Level 1:colcon.colcon_core.environment:checking '/home/victor/Caramelo_workspace/install/caramelo_controller/lib/pkgconfig/caramelo_controller.pc'
[1.834s] Level 1:colcon.colcon_core.environment:checking '/home/victor/Caramelo_workspace/install/caramelo_controller/lib/python3.10/site-packages'
[1.834s] Level 1:colcon.colcon_core.shell:create_environment_hook('caramelo_controller', 'pythonpath')
[1.834s] INFO:colcon.colcon_core.shell:Creating environment hook '/home/victor/Caramelo_workspace/install/caramelo_controller/share/caramelo_controller/hook/pythonpath.ps1'
[1.834s] INFO:colcon.colcon_core.shell:Creating environment descriptor '/home/victor/Caramelo_workspace/install/caramelo_controller/share/caramelo_controller/hook/pythonpath.dsv'
[1.835s] INFO:colcon.colcon_core.shell:Creating environment hook '/home/victor/Caramelo_workspace/install/caramelo_controller/share/caramelo_controller/hook/pythonpath.sh'
[1.835s] Level 1:colcon.colcon_core.environment:checking '/home/victor/Caramelo_workspace/install/caramelo_controller/bin'
[1.835s] Level 1:colcon.colcon_core.environment:create_environment_scripts_only(caramelo_controller)
[1.836s] INFO:colcon.colcon_core.shell:Creating package script '/home/victor/Caramelo_workspace/install/caramelo_controller/share/caramelo_controller/package.ps1'
[1.836s] INFO:colcon.colcon_core.shell:Creating package descriptor '/home/victor/Caramelo_workspace/install/caramelo_controller/share/caramelo_controller/package.dsv'
[1.837s] INFO:colcon.colcon_core.shell:Creating package script '/home/victor/Caramelo_workspace/install/caramelo_controller/share/caramelo_controller/package.sh'
[1.837s] INFO:colcon.colcon_core.shell:Creating package script '/home/victor/Caramelo_workspace/install/caramelo_controller/share/caramelo_controller/package.bash'
[1.838s] INFO:colcon.colcon_core.shell:Creating package script '/home/victor/Caramelo_workspace/install/caramelo_controller/share/caramelo_controller/package.zsh'
[1.838s] Level 1:colcon.colcon_core.environment:create_file_with_runtime_dependencies(/home/victor/Caramelo_workspace/install/caramelo_controller/share/colcon-core/packages/caramelo_controller)
[1.840s] Level 1:colcon.colcon_core.environment:checking '/home/victor/Caramelo_workspace/install/caramelo_description' for CMake module files
[1.840s] DEBUG:colcon.colcon_core.event_handler.log_command:Invoked command in '/home/victor/Caramelo_workspace/src/caramelo_description' returned '0': PYTHONPATH=/home/victor/Caramelo_workspace/build/caramelo_description/prefix_override:/usr/lib/python3/dist-packages/colcon_core/task/python/colcon_distutils_commands:/home/victor/Caramelo_workspace/install/caramelo_description/lib/python3.10/site-packages:${PYTHONPATH} /usr/bin/python3 -W ignore:setup.py install is deprecated -W ignore:easy_install command is deprecated setup.py egg_info --egg-base ../../build/caramelo_description build --build-base /home/victor/Caramelo_workspace/build/caramelo_description/build install --record /home/victor/Caramelo_workspace/build/caramelo_description/install.log --single-version-externally-managed install_data
[1.841s] Level 1:colcon.colcon_core.environment:checking '/home/victor/Caramelo_workspace/install/caramelo_description' for CMake config files
[1.841s] Level 1:colcon.colcon_core.environment:checking '/home/victor/Caramelo_workspace/install/caramelo_description/lib'
[1.841s] Level 1:colcon.colcon_core.environment:checking '/home/victor/Caramelo_workspace/install/caramelo_description/bin'
[1.841s] Level 1:colcon.colcon_core.environment:checking '/home/victor/Caramelo_workspace/install/caramelo_description/lib/pkgconfig/caramelo_description.pc'
[1.841s] Level 1:colcon.colcon_core.environment:checking '/home/victor/Caramelo_workspace/install/caramelo_description/lib/python3.10/site-packages'
[1.841s] Level 1:colcon.colcon_core.shell:create_environment_hook('caramelo_description', 'pythonpath')
[1.842s] INFO:colcon.colcon_core.shell:Creating environment hook '/home/victor/Caramelo_workspace/install/caramelo_description/share/caramelo_description/hook/pythonpath.ps1'
[1.842s] INFO:colcon.colcon_core.shell:Creating environment descriptor '/home/victor/Caramelo_workspace/install/caramelo_description/share/caramelo_description/hook/pythonpath.dsv'
[1.842s] INFO:colcon.colcon_core.shell:Creating environment hook '/home/victor/Caramelo_workspace/install/caramelo_description/share/caramelo_description/hook/pythonpath.sh'
[1.842s] Level 1:colcon.colcon_core.environment:checking '/home/victor/Caramelo_workspace/install/caramelo_description/bin'
[1.843s] Level 1:colcon.colcon_core.environment:create_environment_scripts_only(caramelo_description)
[1.843s] INFO:colcon.colcon_core.shell:Creating package script '/home/victor/Caramelo_workspace/install/caramelo_description/share/caramelo_description/package.ps1'
[1.843s] INFO:colcon.colcon_core.shell:Creating package descriptor '/home/victor/Caramelo_workspace/install/caramelo_description/share/caramelo_description/package.dsv'
[1.843s] INFO:colcon.colcon_core.shell:Creating package script '/home/victor/Caramelo_workspace/install/caramelo_description/share/caramelo_description/package.sh'
[1.844s] INFO:colcon.colcon_core.shell:Creating package script '/home/victor/Caramelo_workspace/install/caramelo_description/share/caramelo_description/package.bash'
[1.844s] INFO:colcon.colcon_core.shell:Creating package script '/home/victor/Caramelo_workspace/install/caramelo_description/share/caramelo_description/package.zsh'
[1.844s] Level 1:colcon.colcon_core.environment:create_file_with_runtime_dependencies(/home/victor/Caramelo_workspace/install/caramelo_description/share/colcon-core/packages/caramelo_description)
[1.845s] Level 1:colcon.colcon_core.environment:checking '/home/victor/Caramelo_workspace/install/caramelo_simulation' for CMake module files
[1.846s] DEBUG:colcon.colcon_core.event_handler.log_command:Invoked command in '/home/victor/Caramelo_workspace/src/caramelo_simulation' returned '0': PYTHONPATH=/home/victor/Caramelo_workspace/build/caramelo_simulation/prefix_override:/usr/lib/python3/dist-packages/colcon_core/task/python/colcon_distutils_commands:/home/victor/Caramelo_workspace/install/caramelo_simulation/lib/python3.10/site-packages:${PYTHONPATH} /usr/bin/python3 -W ignore:setup.py install is deprecated -W ignore:easy_install command is deprecated setup.py egg_info --egg-base ../../build/caramelo_simulation build --build-base /home/victor/Caramelo_workspace/build/caramelo_simulation/build install --record /home/victor/Caramelo_workspace/build/caramelo_simulation/install.log --single-version-externally-managed install_data
[1.846s] Level 1:colcon.colcon_core.environment:checking '/home/victor/Caramelo_workspace/install/caramelo_simulation' for CMake config files
[1.847s] Level 1:colcon.colcon_core.environment:checking '/home/victor/Caramelo_workspace/install/caramelo_simulation/lib'
[1.847s] Level 1:colcon.colcon_core.environment:checking '/home/victor/Caramelo_workspace/install/caramelo_simulation/bin'
[1.847s] Level 1:colcon.colcon_core.environment:checking '/home/victor/Caramelo_workspace/install/caramelo_simulation/lib/pkgconfig/caramelo_simulation.pc'
[1.847s] Level 1:colcon.colcon_core.environment:checking '/home/victor/Caramelo_workspace/install/caramelo_simulation/lib/python3.10/site-packages'
[1.847s] Level 1:colcon.colcon_core.shell:create_environment_hook('caramelo_simulation', 'pythonpath')
[1.848s] INFO:colcon.colcon_core.shell:Creating environment hook '/home/victor/Caramelo_workspace/install/caramelo_simulation/share/caramelo_simulation/hook/pythonpath.ps1'
[1.848s] INFO:colcon.colcon_core.shell:Creating environment descriptor '/home/victor/Caramelo_workspace/install/caramelo_simulation/share/caramelo_simulation/hook/pythonpath.dsv'
[1.849s] INFO:colcon.colcon_core.shell:Creating environment hook '/home/victor/Caramelo_workspace/install/caramelo_simulation/share/caramelo_simulation/hook/pythonpath.sh'
[1.849s] Level 1:colcon.colcon_core.environment:checking '/home/victor/Caramelo_workspace/install/caramelo_simulation/bin'
[1.849s] Level 1:colcon.colcon_core.environment:create_environment_scripts_only(caramelo_simulation)
[1.850s] INFO:colcon.colcon_core.shell:Creating package script '/home/victor/Caramelo_workspace/install/caramelo_simulation/share/caramelo_simulation/package.ps1'
[1.850s] INFO:colcon.colcon_core.shell:Creating package descriptor '/home/victor/Caramelo_workspace/install/caramelo_simulation/share/caramelo_simulation/package.dsv'
[1.851s] INFO:colcon.colcon_core.shell:Creating package script '/home/victor/Caramelo_workspace/install/caramelo_simulation/share/caramelo_simulation/package.sh'
[1.851s] INFO:colcon.colcon_core.shell:Creating package script '/home/victor/Caramelo_workspace/install/caramelo_simulation/share/caramelo_simulation/package.bash'
[1.851s] INFO:colcon.colcon_core.shell:Creating package script '/home/victor/Caramelo_workspace/install/caramelo_simulation/share/caramelo_simulation/package.zsh'
[1.852s] Level 1:colcon.colcon_core.environment:create_file_with_runtime_dependencies(/home/victor/Caramelo_workspace/install/caramelo_simulation/share/colcon-core/packages/caramelo_simulation)
[1.852s] DEBUG:colcon.colcon_parallel_executor.executor.parallel:closing loop
[1.852s] DEBUG:colcon.colcon_parallel_executor.executor.parallel:loop closed
[1.852s] DEBUG:colcon.colcon_parallel_executor.executor.parallel:run_until_complete finished with '0'
[1.852s] DEBUG:colcon.colcon_core.event_reactor:joining thread
[1.857s] INFO:colcon.colcon_core.plugin_system:Skipping extension 'colcon_notification.desktop_notification.terminal_notifier': Not used on non-Darwin systems
[1.857s] INFO:colcon.colcon_core.plugin_system:Skipping extension 'colcon_notification.desktop_notification.win32': Not used on non-Windows systems
[1.857s] INFO:colcon.colcon_notification.desktop_notification:Sending desktop notification using 'notify2'
[1.874s] DEBUG:colcon.colcon_core.event_reactor:joined thread
[1.874s] INFO:colcon.colcon_core.shell:Creating prefix script '/home/victor/Caramelo_workspace/install/local_setup.ps1'
[1.875s] INFO:colcon.colcon_core.shell:Creating prefix util module '/home/victor/Caramelo_workspace/install/_local_setup_util_ps1.py'
[1.877s] INFO:colcon.colcon_core.shell:Creating prefix chain script '/home/victor/Caramelo_workspace/install/setup.ps1'
[1.878s] INFO:colcon.colcon_core.shell:Creating prefix script '/home/victor/Caramelo_workspace/install/local_setup.sh'
[1.879s] INFO:colcon.colcon_core.shell:Creating prefix util module '/home/victor/Caramelo_workspace/install/_local_setup_util_sh.py'
[1.881s] INFO:colcon.colcon_core.shell:Creating prefix chain script '/home/victor/Caramelo_workspace/install/setup.sh'
[1.882s] INFO:colcon.colcon_core.shell:Creating prefix script '/home/victor/Caramelo_workspace/install/local_setup.bash'
[1.883s] INFO:colcon.colcon_core.shell:Creating prefix chain script '/home/victor/Caramelo_workspace/install/setup.bash'
[1.884s] INFO:colcon.colcon_core.shell:Creating prefix script '/home/victor/Caramelo_workspace/install/local_setup.zsh'
[1.885s] INFO:colcon.colcon_core.shell:Creating prefix chain script '/home/victor/Caramelo_workspace/install/setup.zsh'
