running egg_info
creating ../../build/caramelo_localization/caramelo_localization.egg-info
writing ../../build/caramelo_localization/caramelo_localization.egg-info/PKG-INFO
writing dependency_links to ../../build/caramelo_localization/caramelo_localization.egg-info/dependency_links.txt
writing entry points to ../../build/caramelo_localization/caramelo_localization.egg-info/entry_points.txt
writing requirements to ../../build/caramelo_localization/caramelo_localization.egg-info/requires.txt
writing top-level names to ../../build/caramelo_localization/caramelo_localization.egg-info/top_level.txt
writing manifest file '../../build/caramelo_localization/caramelo_localization.egg-info/SOURCES.txt'
reading manifest file '../../build/caramelo_localization/caramelo_localization.egg-info/SOURCES.txt'
writing manifest file '../../build/caramelo_localization/caramelo_localization.egg-info/SOURCES.txt'
running build
running build_py
creating /home/victor/Caramelo_workspace/build/caramelo_localization/build
creating /home/victor/Caramelo_workspace/build/caramelo_localization/build/lib
creating /home/victor/Caramelo_workspace/build/caramelo_localization/build/lib/caramelo_localization
copying caramelo_localization/odometry_motion_model.py -> /home/victor/Caramelo_workspace/build/caramelo_localization/build/lib/caramelo_localization
copying caramelo_localization/__init__.py -> /home/victor/Caramelo_workspace/build/caramelo_localization/build/lib/caramelo_localization
running install
running install_lib
creating /home/victor/Caramelo_workspace/install/caramelo_localization/lib/python3.10/site-packages/caramelo_localization
copying /home/victor/Caramelo_workspace/build/caramelo_localization/build/lib/caramelo_localization/odometry_motion_model.py -> /home/victor/Caramelo_workspace/install/caramelo_localization/lib/python3.10/site-packages/caramelo_localization
copying /home/victor/Caramelo_workspace/build/caramelo_localization/build/lib/caramelo_localization/__init__.py -> /home/victor/Caramelo_workspace/install/caramelo_localization/lib/python3.10/site-packages/caramelo_localization
byte-compiling /home/victor/Caramelo_workspace/install/caramelo_localization/lib/python3.10/site-packages/caramelo_localization/odometry_motion_model.py to odometry_motion_model.cpython-310.pyc
byte-compiling /home/victor/Caramelo_workspace/install/caramelo_localization/lib/python3.10/site-packages/caramelo_localization/__init__.py to __init__.cpython-310.pyc
running install_data
creating /home/victor/Caramelo_workspace/install/caramelo_localization/share/ament_index
creating /home/victor/Caramelo_workspace/install/caramelo_localization/share/ament_index/resource_index
creating /home/victor/Caramelo_workspace/install/caramelo_localization/share/ament_index/resource_index/packages
copying resource/caramelo_localization -> /home/victor/Caramelo_workspace/install/caramelo_localization/share/ament_index/resource_index/packages
copying package.xml -> /home/victor/Caramelo_workspace/install/caramelo_localization/share/caramelo_localization
running install_egg_info
Copying ../../build/caramelo_localization/caramelo_localization.egg-info to /home/victor/Caramelo_workspace/install/caramelo_localization/lib/python3.10/site-packages/caramelo_localization-0.0.0-py3.10.egg-info
running install_scripts
writing list of installed files to '/home/victor/Caramelo_workspace/build/caramelo_localization/install.log'
