[1.198s] Invoking command in '/home/victor/Caramelo_workspace/src/caramelo_localization': PYTHONPATH=/home/victor/Caramelo_workspace/build/caramelo_localization/prefix_override:/usr/lib/python3/dist-packages/colcon_core/task/python/colcon_distutils_commands:/home/victor/Caramelo_workspace/install/caramelo_localization/lib/python3.10/site-packages:${PYTHONPATH} /usr/bin/python3 -W ignore:setup.py install is deprecated -W ignore:easy_install command is deprecated setup.py egg_info --egg-base ../../build/caramelo_localization build --build-base /home/victor/Caramelo_workspace/build/caramelo_localization/build install --record /home/victor/Caramelo_workspace/build/caramelo_localization/install.log --single-version-externally-managed install_data
[1.436s] running egg_info
[1.436s] creating ../../build/caramelo_localization/caramelo_localization.egg-info
[1.437s] writing ../../build/caramelo_localization/caramelo_localization.egg-info/PKG-INFO
[1.437s] writing dependency_links to ../../build/caramelo_localization/caramelo_localization.egg-info/dependency_links.txt
[1.437s] writing entry points to ../../build/caramelo_localization/caramelo_localization.egg-info/entry_points.txt
[1.437s] writing requirements to ../../build/caramelo_localization/caramelo_localization.egg-info/requires.txt
[1.437s] writing top-level names to ../../build/caramelo_localization/caramelo_localization.egg-info/top_level.txt
[1.437s] writing manifest file '../../build/caramelo_localization/caramelo_localization.egg-info/SOURCES.txt'
[1.439s] reading manifest file '../../build/caramelo_localization/caramelo_localization.egg-info/SOURCES.txt'
[1.440s] writing manifest file '../../build/caramelo_localization/caramelo_localization.egg-info/SOURCES.txt'
[1.440s] running build
[1.440s] running build_py
[1.441s] creating /home/victor/Caramelo_workspace/build/caramelo_localization/build
[1.441s] creating /home/victor/Caramelo_workspace/build/caramelo_localization/build/lib
[1.441s] creating /home/victor/Caramelo_workspace/build/caramelo_localization/build/lib/caramelo_localization
[1.441s] copying caramelo_localization/odometry_motion_model.py -> /home/victor/Caramelo_workspace/build/caramelo_localization/build/lib/caramelo_localization
[1.441s] copying caramelo_localization/__init__.py -> /home/victor/Caramelo_workspace/build/caramelo_localization/build/lib/caramelo_localization
[1.442s] running install
[1.442s] running install_lib
[1.443s] creating /home/victor/Caramelo_workspace/install/caramelo_localization/lib/python3.10/site-packages/caramelo_localization
[1.444s] copying /home/victor/Caramelo_workspace/build/caramelo_localization/build/lib/caramelo_localization/odometry_motion_model.py -> /home/victor/Caramelo_workspace/install/caramelo_localization/lib/python3.10/site-packages/caramelo_localization
[1.444s] copying /home/victor/Caramelo_workspace/build/caramelo_localization/build/lib/caramelo_localization/__init__.py -> /home/victor/Caramelo_workspace/install/caramelo_localization/lib/python3.10/site-packages/caramelo_localization
[1.444s] byte-compiling /home/victor/Caramelo_workspace/install/caramelo_localization/lib/python3.10/site-packages/caramelo_localization/odometry_motion_model.py to odometry_motion_model.cpython-310.pyc
[1.445s] byte-compiling /home/victor/Caramelo_workspace/install/caramelo_localization/lib/python3.10/site-packages/caramelo_localization/__init__.py to __init__.cpython-310.pyc
[1.446s] running install_data
[1.446s] creating /home/victor/Caramelo_workspace/install/caramelo_localization/share/ament_index
[1.446s] creating /home/victor/Caramelo_workspace/install/caramelo_localization/share/ament_index/resource_index
[1.446s] creating /home/victor/Caramelo_workspace/install/caramelo_localization/share/ament_index/resource_index/packages
[1.447s] copying resource/caramelo_localization -> /home/victor/Caramelo_workspace/install/caramelo_localization/share/ament_index/resource_index/packages
[1.447s] copying package.xml -> /home/victor/Caramelo_workspace/install/caramelo_localization/share/caramelo_localization
[1.447s] running install_egg_info
[1.450s] Copying ../../build/caramelo_localization/caramelo_localization.egg-info to /home/victor/Caramelo_workspace/install/caramelo_localization/lib/python3.10/site-packages/caramelo_localization-0.0.0-py3.10.egg-info
[1.450s] running install_scripts
[1.466s] writing list of installed files to '/home/victor/Caramelo_workspace/build/caramelo_localization/install.log'
[1.509s] Invoked command in '/home/victor/Caramelo_workspace/src/caramelo_localization' returned '0': PYTHONPATH=/home/victor/Caramelo_workspace/build/caramelo_localization/prefix_override:/usr/lib/python3/dist-packages/colcon_core/task/python/colcon_distutils_commands:/home/victor/Caramelo_workspace/install/caramelo_localization/lib/python3.10/site-packages:${PYTHONPATH} /usr/bin/python3 -W ignore:setup.py install is deprecated -W ignore:easy_install command is deprecated setup.py egg_info --egg-base ../../build/caramelo_localization build --build-base /home/victor/Caramelo_workspace/build/caramelo_localization/build install --record /home/victor/Caramelo_workspace/build/caramelo_localization/install.log --single-version-externally-managed install_data
