running egg_info
creating ../../build/caramelo_description/caramelo_description.egg-info
writing ../../build/caramelo_description/caramelo_description.egg-info/PKG-INFO
writing dependency_links to ../../build/caramelo_description/caramelo_description.egg-info/dependency_links.txt
writing entry points to ../../build/caramelo_description/caramelo_description.egg-info/entry_points.txt
writing requirements to ../../build/caramelo_description/caramelo_description.egg-info/requires.txt
writing top-level names to ../../build/caramelo_description/caramelo_description.egg-info/top_level.txt
writing manifest file '../../build/caramelo_description/caramelo_description.egg-info/SOURCES.txt'
reading manifest file '../../build/caramelo_description/caramelo_description.egg-info/SOURCES.txt'
writing manifest file '../../build/caramelo_description/caramelo_description.egg-info/SOURCES.txt'
running build
running build_py
creating /home/victor/Caramelo_workspace/build/caramelo_description/build
creating /home/victor/Caramelo_workspace/build/caramelo_description/build/lib
creating /home/victor/Caramelo_workspace/build/caramelo_description/build/lib/caramelo_description
copying caramelo_description/__init__.py -> /home/victor/Caramelo_workspace/build/caramelo_description/build/lib/caramelo_description
running install
running install_lib
creating /home/victor/Caramelo_workspace/install/caramelo_description/lib/python3.10/site-packages/caramelo_description
copying /home/victor/Caramelo_workspace/build/caramelo_description/build/lib/caramelo_description/__init__.py -> /home/victor/Caramelo_workspace/install/caramelo_description/lib/python3.10/site-packages/caramelo_description
byte-compiling /home/victor/Caramelo_workspace/install/caramelo_description/lib/python3.10/site-packages/caramelo_description/__init__.py to __init__.cpython-310.pyc
running install_data
creating /home/victor/Caramelo_workspace/install/caramelo_description/share/ament_index
creating /home/victor/Caramelo_workspace/install/caramelo_description/share/ament_index/resource_index
creating /home/victor/Caramelo_workspace/install/caramelo_description/share/ament_index/resource_index/packages
copying resource/caramelo_description -> /home/victor/Caramelo_workspace/install/caramelo_description/share/ament_index/resource_index/packages
copying package.xml -> /home/victor/Caramelo_workspace/install/caramelo_description/share/caramelo_description
running install_egg_info
Copying ../../build/caramelo_description/caramelo_description.egg-info to /home/victor/Caramelo_workspace/install/caramelo_description/lib/python3.10/site-packages/caramelo_description-0.0.0-py3.10.egg-info
running install_scripts
writing list of installed files to '/home/victor/Caramelo_workspace/build/caramelo_description/install.log'
