[1.181s] Invoking command in '/home/victor/Caramelo_workspace/src/caramelo_description': PYTHONPATH=/home/victor/Caramelo_workspace/build/caramelo_description/prefix_override:/usr/lib/python3/dist-packages/colcon_core/task/python/colcon_distutils_commands:/home/victor/Caramelo_workspace/install/caramelo_description/lib/python3.10/site-packages:${PYTHONPATH} /usr/bin/python3 -W ignore:setup.py install is deprecated -W ignore:easy_install command is deprecated setup.py egg_info --egg-base ../../build/caramelo_description build --build-base /home/victor/Caramelo_workspace/build/caramelo_description/build install --record /home/victor/Caramelo_workspace/build/caramelo_description/install.log --single-version-externally-managed install_data
[1.410s] running egg_info
[1.410s] creating ../../build/caramelo_description/caramelo_description.egg-info
[1.410s] writing ../../build/caramelo_description/caramelo_description.egg-info/PKG-INFO
[1.411s] writing dependency_links to ../../build/caramelo_description/caramelo_description.egg-info/dependency_links.txt
[1.411s] writing entry points to ../../build/caramelo_description/caramelo_description.egg-info/entry_points.txt
[1.411s] writing requirements to ../../build/caramelo_description/caramelo_description.egg-info/requires.txt
[1.411s] writing top-level names to ../../build/caramelo_description/caramelo_description.egg-info/top_level.txt
[1.411s] writing manifest file '../../build/caramelo_description/caramelo_description.egg-info/SOURCES.txt'
[1.413s] reading manifest file '../../build/caramelo_description/caramelo_description.egg-info/SOURCES.txt'
[1.413s] writing manifest file '../../build/caramelo_description/caramelo_description.egg-info/SOURCES.txt'
[1.413s] running build
[1.414s] running build_py
[1.414s] creating /home/victor/Caramelo_workspace/build/caramelo_description/build
[1.414s] creating /home/victor/Caramelo_workspace/build/caramelo_description/build/lib
[1.414s] creating /home/victor/Caramelo_workspace/build/caramelo_description/build/lib/caramelo_description
[1.414s] copying caramelo_description/__init__.py -> /home/victor/Caramelo_workspace/build/caramelo_description/build/lib/caramelo_description
[1.414s] running install
[1.414s] running install_lib
[1.414s] creating /home/victor/Caramelo_workspace/install/caramelo_description/lib/python3.10/site-packages/caramelo_description
[1.415s] copying /home/victor/Caramelo_workspace/build/caramelo_description/build/lib/caramelo_description/__init__.py -> /home/victor/Caramelo_workspace/install/caramelo_description/lib/python3.10/site-packages/caramelo_description
[1.415s] byte-compiling /home/victor/Caramelo_workspace/install/caramelo_description/lib/python3.10/site-packages/caramelo_description/__init__.py to __init__.cpython-310.pyc
[1.415s] running install_data
[1.415s] creating /home/victor/Caramelo_workspace/install/caramelo_description/share/ament_index
[1.415s] creating /home/victor/Caramelo_workspace/install/caramelo_description/share/ament_index/resource_index
[1.416s] creating /home/victor/Caramelo_workspace/install/caramelo_description/share/ament_index/resource_index/packages
[1.416s] copying resource/caramelo_description -> /home/victor/Caramelo_workspace/install/caramelo_description/share/ament_index/resource_index/packages
[1.416s] copying package.xml -> /home/victor/Caramelo_workspace/install/caramelo_description/share/caramelo_description
[1.416s] running install_egg_info
[1.417s] Copying ../../build/caramelo_description/caramelo_description.egg-info to /home/victor/Caramelo_workspace/install/caramelo_description/lib/python3.10/site-packages/caramelo_description-0.0.0-py3.10.egg-info
[1.418s] running install_scripts
[1.437s] writing list of installed files to '/home/victor/Caramelo_workspace/build/caramelo_description/install.log'
[1.474s] Invoked command in '/home/victor/Caramelo_workspace/src/caramelo_description' returned '0': PYTHONPATH=/home/victor/Caramelo_workspace/build/caramelo_description/prefix_override:/usr/lib/python3/dist-packages/colcon_core/task/python/colcon_distutils_commands:/home/victor/Caramelo_workspace/install/caramelo_description/lib/python3.10/site-packages:${PYTHONPATH} /usr/bin/python3 -W ignore:setup.py install is deprecated -W ignore:easy_install command is deprecated setup.py egg_info --egg-base ../../build/caramelo_description build --build-base /home/victor/Caramelo_workspace/build/caramelo_description/build install --record /home/victor/Caramelo_workspace/build/caramelo_description/install.log --single-version-externally-managed install_data
