/home/linux24-04/Caramelo_workspace/install/caramelo_simulation/lib/python3.12/site-packages/caramelo_simulation/__init__.py
/home/linux24-04/Caramelo_workspace/install/caramelo_simulation/lib/python3.12/site-packages/caramelo_simulation/__pycache__/__init__.cpython-312.pyc
/home/linux24-04/Caramelo_workspace/install/caramelo_simulation/share/ament_index/resource_index/packages/caramelo_simulation
/home/linux24-04/Caramelo_workspace/install/caramelo_simulation/share/caramelo_simulation/package.xml
/home/linux24-04/Caramelo_workspace/install/caramelo_simulation/share/caramelo_simulation/config/mapper_params_online_async.yaml
/home/linux24-04/Caramelo_workspace/install/caramelo_simulation/share/caramelo_simulation/config/view_robot.rviz
/home/linux24-04/Caramelo_workspace/install/caramelo_simulation/share/caramelo_simulation/description/mecanum_ros2_control.xacro
/home/linux24-04/Caramelo_workspace/install/caramelo_simulation/share/caramelo_simulation/description/mecanum_gazebo.xacro
/home/linux24-04/Caramelo_workspace/install/caramelo_simulation/share/caramelo_simulation/description/robot_core.xacro
/home/linux24-04/Caramelo_workspace/install/caramelo_simulation/share/caramelo_simulation/description/laser.xacro
/home/linux24-04/Caramelo_workspace/install/caramelo_simulation/share/caramelo_simulation/description/mecanum_controller.yaml
/home/linux24-04/Caramelo_workspace/install/caramelo_simulation/share/caramelo_simulation/description/robot.urdf.xacro
/home/linux24-04/Caramelo_workspace/install/caramelo_simulation/share/caramelo_simulation/description/camera.xacro
/home/linux24-04/Caramelo_workspace/install/caramelo_simulation/share/caramelo_simulation/description/inertial_macros.xacro
/home/linux24-04/Caramelo_workspace/install/caramelo_simulation/share/caramelo_simulation/launch/spawn_robot.launch.py
/home/linux24-04/Caramelo_workspace/install/caramelo_simulation/share/caramelo_simulation/launch/mecanum_simulation.launch.py
/home/linux24-04/Caramelo_workspace/install/caramelo_simulation/share/caramelo_simulation/launch/camera.launch..py
/home/linux24-04/Caramelo_workspace/install/caramelo_simulation/share/caramelo_simulation/launch/rsp.launch.py
/home/linux24-04/Caramelo_workspace/install/caramelo_simulation/share/caramelo_simulation/launch/launch_worldsim.launch.py
/home/linux24-04/Caramelo_workspace/install/caramelo_simulation/share/caramelo_simulation/launch/rplidar.launch.py
/home/linux24-04/Caramelo_workspace/install/caramelo_simulation/share/caramelo_simulation/launch/launch_sim.launch.py
/home/linux24-04/Caramelo_workspace/install/caramelo_simulation/share/caramelo_simulation/worlds/obstracles.world
/home/linux24-04/Caramelo_workspace/install/caramelo_simulation/share/caramelo_simulation/worlds/empty.world
/home/linux24-04/Caramelo_workspace/install/caramelo_simulation/share/caramelo_simulation/meshes
/home/linux24-04/Caramelo_workspace/install/caramelo_simulation/lib/python3.12/site-packages/caramelo_simulation-0.0.1-py3.12.egg-info/requires.txt
/home/linux24-04/Caramelo_workspace/install/caramelo_simulation/lib/python3.12/site-packages/caramelo_simulation-0.0.1-py3.12.egg-info/PKG-INFO
/home/linux24-04/Caramelo_workspace/install/caramelo_simulation/lib/python3.12/site-packages/caramelo_simulation-0.0.1-py3.12.egg-info/SOURCES.txt
/home/linux24-04/Caramelo_workspace/install/caramelo_simulation/lib/python3.12/site-packages/caramelo_simulation-0.0.1-py3.12.egg-info/top_level.txt
/home/linux24-04/Caramelo_workspace/install/caramelo_simulation/lib/python3.12/site-packages/caramelo_simulation-0.0.1-py3.12.egg-info/zip-safe
/home/linux24-04/Caramelo_workspace/install/caramelo_simulation/lib/python3.12/site-packages/caramelo_simulation-0.0.1-py3.12.egg-info/dependency_links.txt
