[1.207s] Invoking command in '/home/victor/Caramelo_workspace/src/caramelo_exemples': PYTHONPATH=/home/victor/Caramelo_workspace/build/caramelo_exemples/prefix_override:/usr/lib/python3/dist-packages/colcon_core/task/python/colcon_distutils_commands:/home/victor/Caramelo_workspace/install/caramelo_exemples/lib/python3.10/site-packages:${PYTHONPATH} /usr/bin/python3 -W ignore:setup.py install is deprecated -W ignore:easy_install command is deprecated setup.py egg_info --egg-base ../../build/caramelo_exemples build --build-base /home/victor/Caramelo_workspace/build/caramelo_exemples/build install --record /home/victor/Caramelo_workspace/build/caramelo_exemples/install.log --single-version-externally-managed install_data
[1.441s] running egg_info
[1.441s] creating ../../build/caramelo_exemples/caramelo_exemples.egg-info
[1.441s] writing ../../build/caramelo_exemples/caramelo_exemples.egg-info/PKG-INFO
[1.442s] writing dependency_links to ../../build/caramelo_exemples/caramelo_exemples.egg-info/dependency_links.txt
[1.442s] writing entry points to ../../build/caramelo_exemples/caramelo_exemples.egg-info/entry_points.txt
[1.442s] writing requirements to ../../build/caramelo_exemples/caramelo_exemples.egg-info/requires.txt
[1.442s] writing top-level names to ../../build/caramelo_exemples/caramelo_exemples.egg-info/top_level.txt
[1.442s] writing manifest file '../../build/caramelo_exemples/caramelo_exemples.egg-info/SOURCES.txt'
[1.444s] reading manifest file '../../build/caramelo_exemples/caramelo_exemples.egg-info/SOURCES.txt'
[1.446s] writing manifest file '../../build/caramelo_exemples/caramelo_exemples.egg-info/SOURCES.txt'
[1.446s] running build
[1.446s] running build_py
[1.446s] creating /home/victor/Caramelo_workspace/build/caramelo_exemples/build
[1.446s] creating /home/victor/Caramelo_workspace/build/caramelo_exemples/build/lib
[1.446s] creating /home/victor/Caramelo_workspace/build/caramelo_exemples/build/lib/caramelo_exemples
[1.447s] copying caramelo_exemples/simple_parameter.py -> /home/victor/Caramelo_workspace/build/caramelo_exemples/build/lib/caramelo_exemples
[1.447s] copying caramelo_exemples/__init__.py -> /home/victor/Caramelo_workspace/build/caramelo_exemples/build/lib/caramelo_exemples
[1.447s] running install
[1.448s] running install_lib
[1.449s] creating /home/victor/Caramelo_workspace/install/caramelo_exemples/lib/python3.10/site-packages/caramelo_exemples
[1.449s] copying /home/victor/Caramelo_workspace/build/caramelo_exemples/build/lib/caramelo_exemples/simple_parameter.py -> /home/victor/Caramelo_workspace/install/caramelo_exemples/lib/python3.10/site-packages/caramelo_exemples
[1.450s] copying /home/victor/Caramelo_workspace/build/caramelo_exemples/build/lib/caramelo_exemples/__init__.py -> /home/victor/Caramelo_workspace/install/caramelo_exemples/lib/python3.10/site-packages/caramelo_exemples
[1.450s] byte-compiling /home/victor/Caramelo_workspace/install/caramelo_exemples/lib/python3.10/site-packages/caramelo_exemples/simple_parameter.py to simple_parameter.cpython-310.pyc
[1.450s] byte-compiling /home/victor/Caramelo_workspace/install/caramelo_exemples/lib/python3.10/site-packages/caramelo_exemples/__init__.py to __init__.cpython-310.pyc
[1.451s] running install_data
[1.451s] creating /home/victor/Caramelo_workspace/install/caramelo_exemples/share/ament_index
[1.451s] creating /home/victor/Caramelo_workspace/install/caramelo_exemples/share/ament_index/resource_index
[1.451s] creating /home/victor/Caramelo_workspace/install/caramelo_exemples/share/ament_index/resource_index/packages
[1.451s] copying resource/caramelo_exemples -> /home/victor/Caramelo_workspace/install/caramelo_exemples/share/ament_index/resource_index/packages
[1.452s] copying package.xml -> /home/victor/Caramelo_workspace/install/caramelo_exemples/share/caramelo_exemples
[1.452s] running install_egg_info
[1.454s] Copying ../../build/caramelo_exemples/caramelo_exemples.egg-info to /home/victor/Caramelo_workspace/install/caramelo_exemples/lib/python3.10/site-packages/caramelo_exemples-0.0.0-py3.10.egg-info
[1.455s] running install_scripts
[1.471s] Installing simple_parameter script to /home/victor/Caramelo_workspace/install/caramelo_exemples/lib/caramelo_exemples
[1.471s] writing list of installed files to '/home/victor/Caramelo_workspace/build/caramelo_exemples/install.log'
[1.501s] Invoked command in '/home/victor/Caramelo_workspace/src/caramelo_exemples' returned '0': PYTHONPATH=/home/victor/Caramelo_workspace/build/caramelo_exemples/prefix_override:/usr/lib/python3/dist-packages/colcon_core/task/python/colcon_distutils_commands:/home/victor/Caramelo_workspace/install/caramelo_exemples/lib/python3.10/site-packages:${PYTHONPATH} /usr/bin/python3 -W ignore:setup.py install is deprecated -W ignore:easy_install command is deprecated setup.py egg_info --egg-base ../../build/caramelo_exemples build --build-base /home/victor/Caramelo_workspace/build/caramelo_exemples/build install --record /home/victor/Caramelo_workspace/build/caramelo_exemples/install.log --single-version-externally-managed install_data
