running develop
/usr/lib/python3/dist-packages/setuptools/command/easy_install.py:158: EasyInstallDeprecationWarning: easy_install command is deprecated. Use build and pip and other standards-based tools.
  warnings.warn(
running egg_info
creating mappingLocalization.egg-info
writing mappingLocalization.egg-info/PKG-INFO
writing dependency_links to mappingLocalization.egg-info/dependency_links.txt
writing entry points to mappingLocalization.egg-info/entry_points.txt
writing requirements to mappingLocalization.egg-info/requires.txt
writing top-level names to mappingLocalization.egg-info/top_level.txt
writing manifest file 'mappingLocalization.egg-info/SOURCES.txt'
reading manifest file 'mappingLocalization.egg-info/SOURCES.txt'
writing manifest file 'mappingLocalization.egg-info/SOURCES.txt'
running build_ext
Creating /home/victor/Caramelo_workspace/install/mappingLocalization/lib/python3.10/site-packages/mappingLocalization.egg-link (link to .)

Installed /home/victor/Caramelo_workspace/build/mappingLocalization
running symlink_data
creating /home/victor/Caramelo_workspace/install/mappingLocalization/share/ament_index
creating /home/victor/Caramelo_workspace/install/mappingLocalization/share/ament_index/resource_index
creating /home/victor/Caramelo_workspace/install/mappingLocalization/share/ament_index/resource_index/packages
symbolically linking /home/victor/Caramelo_workspace/build/mappingLocalization/resource/mappingLocalization -> /home/victor/Caramelo_workspace/install/mappingLocalization/share/ament_index/resource_index/packages
symbolically linking /home/victor/Caramelo_workspace/build/mappingLocalization/package.xml -> /home/victor/Caramelo_workspace/install/mappingLocalization/share/mappingLocalization
