[1.078s] Invoking command in '/home/victor/Caramelo_workspace/build/mappingLocalization': PYTHONPATH=/home/victor/Caramelo_workspace/build/mappingLocalization/prefix_override:/usr/lib/python3/dist-packages/colcon_core/task/python/colcon_distutils_commands:/home/victor/Caramelo_workspace/install/mappingLocalization/lib/python3.10/site-packages:${PYTHONPATH} /usr/bin/python3 -W ignore:setup.py install is deprecated setup.py develop --editable --build-directory /home/victor/Caramelo_workspace/build/mappingLocalization/build --no-deps symlink_data
[1.333s] running develop
[1.334s] /usr/lib/python3/dist-packages/setuptools/command/easy_install.py:158: EasyInstallDeprecationWarning: easy_install command is deprecated. Use build and pip and other standards-based tools.
[1.334s]   warnings.warn(
[1.515s] running egg_info
[1.515s] creating mappingLocalization.egg-info
[1.515s] writing mappingLocalization.egg-info/PKG-INFO
[1.516s] writing dependency_links to mappingLocalization.egg-info/dependency_links.txt
[1.516s] writing entry points to mappingLocalization.egg-info/entry_points.txt
[1.516s] writing requirements to mappingLocalization.egg-info/requires.txt
[1.516s] writing top-level names to mappingLocalization.egg-info/top_level.txt
[1.516s] writing manifest file 'mappingLocalization.egg-info/SOURCES.txt'
[1.517s] reading manifest file 'mappingLocalization.egg-info/SOURCES.txt'
[1.517s] writing manifest file 'mappingLocalization.egg-info/SOURCES.txt'
[1.518s] running build_ext
[1.518s] Creating /home/victor/Caramelo_workspace/install/mappingLocalization/lib/python3.10/site-packages/mappingLocalization.egg-link (link to .)
[1.519s] 
[1.519s] Installed /home/victor/Caramelo_workspace/build/mappingLocalization
[1.519s] running symlink_data
[1.519s] creating /home/victor/Caramelo_workspace/install/mappingLocalization/share/ament_index
[1.519s] creating /home/victor/Caramelo_workspace/install/mappingLocalization/share/ament_index/resource_index
[1.520s] creating /home/victor/Caramelo_workspace/install/mappingLocalization/share/ament_index/resource_index/packages
[1.520s] symbolically linking /home/victor/Caramelo_workspace/build/mappingLocalization/resource/mappingLocalization -> /home/victor/Caramelo_workspace/install/mappingLocalization/share/ament_index/resource_index/packages
[1.520s] symbolically linking /home/victor/Caramelo_workspace/build/mappingLocalization/package.xml -> /home/victor/Caramelo_workspace/install/mappingLocalization/share/mappingLocalization
[1.549s] Invoked command in '/home/victor/Caramelo_workspace/build/mappingLocalization' returned '0': PYTHONPATH=/home/victor/Caramelo_workspace/build/mappingLocalization/prefix_override:/usr/lib/python3/dist-packages/colcon_core/task/python/colcon_distutils_commands:/home/victor/Caramelo_workspace/install/mappingLocalization/lib/python3.10/site-packages:${PYTHONPATH} /usr/bin/python3 -W ignore:setup.py install is deprecated setup.py develop --editable --build-directory /home/victor/Caramelo_workspace/build/mappingLocalization/build --no-deps symlink_data
