[0.011s] Invoking command in '/home/victor/Caramelo_workspace/build/caramelo_one': CMAKE_PREFIX_PATH=/opt/ros/humble /usr/bin/cmake /home/victor/Caramelo_workspace/src/caramelo_one -DCMAKE_INSTALL_PREFIX=/home/victor/Caramelo_workspace/install/caramelo_one
[0.144s] -- The C compiler identification is GNU 11.4.0
[0.247s] -- The CXX compiler identification is GNU 11.4.0
[0.258s] -- Detecting C compiler ABI info
[0.338s] -- Detecting C compiler ABI info - done
[0.345s] -- Check for working C compiler: /usr/bin/cc - skipped
[0.346s] -- Detecting C compile features
[0.346s] -- Detecting C compile features - done
[0.350s] -- Detecting CXX compiler ABI info
[0.437s] -- Detecting CXX compiler ABI info - done
[0.446s] -- Check for working CXX compiler: /usr/bin/c++ - skipped
[0.447s] -- Detecting CXX compile features
[0.447s] -- Detecting CXX compile features - done
[0.456s] -- Found ament_cmake: 1.3.10 (/opt/ros/humble/share/ament_cmake/cmake)
[0.608s] -- Found Python3: /usr/bin/python3 (found version "3.10.12") found components: Interpreter 
[0.714s] -- Found ament_lint_auto: 0.12.11 (/opt/ros/humble/share/ament_lint_auto/cmake)
[0.808s] -- Added test 'copyright' to check source files copyright and LICENSE
[0.817s] -- Added test 'flake8' to check Python code syntax and style conventions
[0.819s] -- Added test 'lint_cmake' to check CMake code style
[0.820s] -- Added test 'pep257' to check Python code against some of the docstring style conventions in PEP 257
[0.826s] -- Added test 'xmllint' to check XML markup files
[0.828s] -- Configuring done
[0.831s] -- Generating done
[0.832s] -- Build files have been written to: /home/victor/Caramelo_workspace/build/caramelo_one
[0.837s] Invoked command in '/home/victor/Caramelo_workspace/build/caramelo_one' returned '0': CMAKE_PREFIX_PATH=/opt/ros/humble /usr/bin/cmake /home/victor/Caramelo_workspace/src/caramelo_one -DCMAKE_INSTALL_PREFIX=/home/victor/Caramelo_workspace/install/caramelo_one
[0.840s] Invoking command in '/home/victor/Caramelo_workspace/build/caramelo_one': CMAKE_PREFIX_PATH=/opt/ros/humble /usr/bin/cmake --build /home/victor/Caramelo_workspace/build/caramelo_one -- -j8 -l8
[0.878s] Invoked command in '/home/victor/Caramelo_workspace/build/caramelo_one' returned '0': CMAKE_PREFIX_PATH=/opt/ros/humble /usr/bin/cmake --build /home/victor/Caramelo_workspace/build/caramelo_one -- -j8 -l8
[0.912s] Invoking command in '/home/victor/Caramelo_workspace/build/caramelo_one': CMAKE_PREFIX_PATH=/opt/ros/humble /usr/bin/cmake --install /home/victor/Caramelo_workspace/build/caramelo_one
[0.920s] -- Install configuration: ""
[0.920s] -- Installing: /home/victor/Caramelo_workspace/install/caramelo_one/share/caramelo_one/config
[0.921s] -- Installing: /home/victor/Caramelo_workspace/install/caramelo_one/share/caramelo_one/config/mapper_params_online_async.yaml
[0.921s] -- Installing: /home/victor/Caramelo_workspace/install/caramelo_one/share/caramelo_one/config/view_robot.rviz
[0.921s] -- Installing: /home/victor/Caramelo_workspace/install/caramelo_one/share/caramelo_one/description
[0.921s] -- Installing: /home/victor/Caramelo_workspace/install/caramelo_one/share/caramelo_one/description/inertial_macros.xacro
[0.921s] -- Installing: /home/victor/Caramelo_workspace/install/caramelo_one/share/caramelo_one/description/laser.xacro
[0.921s] -- Installing: /home/victor/Caramelo_workspace/install/caramelo_one/share/caramelo_one/description/robot.urdf.xacro
[0.921s] -- Installing: /home/victor/Caramelo_workspace/install/caramelo_one/share/caramelo_one/description/camera.xacro
[0.921s] -- Installing: /home/victor/Caramelo_workspace/install/caramelo_one/share/caramelo_one/description/robot_core.xacro
[0.922s] -- Installing: /home/victor/Caramelo_workspace/install/caramelo_one/share/caramelo_one/description/gazebo_control.xacro
[0.922s] -- Installing: /home/victor/Caramelo_workspace/install/caramelo_one/share/caramelo_one/launch
[0.922s] -- Installing: /home/victor/Caramelo_workspace/install/caramelo_one/share/caramelo_one/launch/rplidar.launch.py
[0.922s] -- Installing: /home/victor/Caramelo_workspace/install/caramelo_one/share/caramelo_one/launch/rsp.launch.py
[0.922s] -- Installing: /home/victor/Caramelo_workspace/install/caramelo_one/share/caramelo_one/launch/launch_sim.launch.py
[0.922s] -- Installing: /home/victor/Caramelo_workspace/install/caramelo_one/share/caramelo_one/launch/camera.launch..py
[0.923s] -- Installing: /home/victor/Caramelo_workspace/install/caramelo_one/share/caramelo_one/worlds
[0.923s] -- Installing: /home/victor/Caramelo_workspace/install/caramelo_one/share/caramelo_one/worlds/simple_room_with_fixed_boxes.world
[0.923s] -- Installing: /home/victor/Caramelo_workspace/install/caramelo_one/share/caramelo_one/worlds/obstacles
[0.923s] -- Installing: /home/victor/Caramelo_workspace/install/caramelo_one/share/caramelo_one/worlds/empty.world
[0.923s] -- Installing: /home/victor/Caramelo_workspace/install/caramelo_one/share/ament_index/resource_index/package_run_dependencies/caramelo_one
[0.924s] -- Installing: /home/victor/Caramelo_workspace/install/caramelo_one/share/ament_index/resource_index/parent_prefix_path/caramelo_one
[0.924s] -- Installing: /home/victor/Caramelo_workspace/install/caramelo_one/share/caramelo_one/environment/ament_prefix_path.sh
[0.924s] -- Installing: /home/victor/Caramelo_workspace/install/caramelo_one/share/caramelo_one/environment/ament_prefix_path.dsv
[0.924s] -- Installing: /home/victor/Caramelo_workspace/install/caramelo_one/share/caramelo_one/environment/path.sh
[0.925s] -- Installing: /home/victor/Caramelo_workspace/install/caramelo_one/share/caramelo_one/environment/path.dsv
[0.925s] -- Installing: /home/victor/Caramelo_workspace/install/caramelo_one/share/caramelo_one/local_setup.bash
[0.925s] -- Installing: /home/victor/Caramelo_workspace/install/caramelo_one/share/caramelo_one/local_setup.sh
[0.925s] -- Installing: /home/victor/Caramelo_workspace/install/caramelo_one/share/caramelo_one/local_setup.zsh
[0.925s] -- Installing: /home/victor/Caramelo_workspace/install/caramelo_one/share/caramelo_one/local_setup.dsv
[0.926s] -- Installing: /home/victor/Caramelo_workspace/install/caramelo_one/share/caramelo_one/package.dsv
[0.926s] -- Installing: /home/victor/Caramelo_workspace/install/caramelo_one/share/ament_index/resource_index/packages/caramelo_one
[0.926s] -- Installing: /home/victor/Caramelo_workspace/install/caramelo_one/share/caramelo_one/cmake/caramelo_oneConfig.cmake
[0.926s] -- Installing: /home/victor/Caramelo_workspace/install/caramelo_one/share/caramelo_one/cmake/caramelo_oneConfig-version.cmake
[0.926s] -- Installing: /home/victor/Caramelo_workspace/install/caramelo_one/share/caramelo_one/package.xml
[0.930s] Invoked command in '/home/victor/Caramelo_workspace/build/caramelo_one' returned '0': CMAKE_PREFIX_PATH=/opt/ros/humble /usr/bin/cmake --install /home/victor/Caramelo_workspace/build/caramelo_one
