[1.694s] Invoking command in '/home/victor/Caramelo_workspace/src/caramelo_controller': PYTHONPATH=/home/victor/Caramelo_workspace/build/caramelo_controller/prefix_override:/usr/lib/python3/dist-packages/colcon_core/task/python/colcon_distutils_commands:/home/victor/Caramelo_workspace/install/caramelo_controller/lib/python3.10/site-packages:${PYTHONPATH} /usr/bin/python3 -W ignore:setup.py install is deprecated -W ignore:easy_install command is deprecated setup.py egg_info --egg-base ../../build/caramelo_controller build --build-base /home/victor/Caramelo_workspace/build/caramelo_controller/build install --record /home/victor/Caramelo_workspace/build/caramelo_controller/install.log --single-version-externally-managed install_data
[2.011s] running egg_info
[2.012s] writing ../../build/caramelo_controller/caramelo_controller.egg-info/PKG-INFO
[2.013s] writing dependency_links to ../../build/caramelo_controller/caramelo_controller.egg-info/dependency_links.txt
[2.013s] writing entry points to ../../build/caramelo_controller/caramelo_controller.egg-info/entry_points.txt
[2.013s] writing requirements to ../../build/caramelo_controller/caramelo_controller.egg-info/requires.txt
[2.013s] writing top-level names to ../../build/caramelo_controller/caramelo_controller.egg-info/top_level.txt
[2.016s] reading manifest file '../../build/caramelo_controller/caramelo_controller.egg-info/SOURCES.txt'
[2.018s] writing manifest file '../../build/caramelo_controller/caramelo_controller.egg-info/SOURCES.txt'
[2.018s] running build
[2.018s] running build_py
[2.018s] running install
[2.019s] running install_lib
[2.021s] running install_data
[2.021s] running install_egg_info
[2.024s] removing '/home/victor/Caramelo_workspace/install/caramelo_controller/lib/python3.10/site-packages/caramelo_controller-0.0.0-py3.10.egg-info' (and everything under it)
[2.024s] Copying ../../build/caramelo_controller/caramelo_controller.egg-info to /home/victor/Caramelo_workspace/install/caramelo_controller/lib/python3.10/site-packages/caramelo_controller-0.0.0-py3.10.egg-info
[2.026s] running install_scripts
[2.060s] writing list of installed files to '/home/victor/Caramelo_workspace/build/caramelo_controller/install.log'
[2.097s] Invoked command in '/home/victor/Caramelo_workspace/src/caramelo_controller' returned '0': PYTHONPATH=/home/victor/Caramelo_workspace/build/caramelo_controller/prefix_override:/usr/lib/python3/dist-packages/colcon_core/task/python/colcon_distutils_commands:/home/victor/Caramelo_workspace/install/caramelo_controller/lib/python3.10/site-packages:${PYTHONPATH} /usr/bin/python3 -W ignore:setup.py install is deprecated -W ignore:easy_install command is deprecated setup.py egg_info --egg-base ../../build/caramelo_controller build --build-base /home/victor/Caramelo_workspace/build/caramelo_controller/build install --record /home/victor/Caramelo_workspace/build/caramelo_controller/install.log --single-version-externally-managed install_data
