running egg_info
creating ../build/caramelo_simulation/caramelo_simulation.egg-info
writing ../build/caramelo_simulation/caramelo_simulation.egg-info/PKG-INFO
writing dependency_links to ../build/caramelo_simulation/caramelo_simulation.egg-info/dependency_links.txt
writing entry points to ../build/caramelo_simulation/caramelo_simulation.egg-info/entry_points.txt
writing requirements to ../build/caramelo_simulation/caramelo_simulation.egg-info/requires.txt
writing top-level names to ../build/caramelo_simulation/caramelo_simulation.egg-info/top_level.txt
writing manifest file '../build/caramelo_simulation/caramelo_simulation.egg-info/SOURCES.txt'
reading manifest file '../build/caramelo_simulation/caramelo_simulation.egg-info/SOURCES.txt'
writing manifest file '../build/caramelo_simulation/caramelo_simulation.egg-info/SOURCES.txt'
running build
running build_py
creating /home/victor/Caramelo_workspace/src/build/caramelo_simulation/build
creating /home/victor/Caramelo_workspace/src/build/caramelo_simulation/build/lib
creating /home/victor/Caramelo_workspace/src/build/caramelo_simulation/build/lib/caramelo_simulation
copying caramelo_simulation/__init__.py -> /home/victor/Caramelo_workspace/src/build/caramelo_simulation/build/lib/caramelo_simulation
running install
running install_lib
creating /home/victor/Caramelo_workspace/src/install/caramelo_simulation/lib/python3.10/site-packages/caramelo_simulation
copying /home/victor/Caramelo_workspace/src/build/caramelo_simulation/build/lib/caramelo_simulation/__init__.py -> /home/victor/Caramelo_workspace/src/install/caramelo_simulation/lib/python3.10/site-packages/caramelo_simulation
byte-compiling /home/victor/Caramelo_workspace/src/install/caramelo_simulation/lib/python3.10/site-packages/caramelo_simulation/__init__.py to __init__.cpython-310.pyc
running install_data
creating /home/victor/Caramelo_workspace/src/install/caramelo_simulation/share/ament_index
creating /home/victor/Caramelo_workspace/src/install/caramelo_simulation/share/ament_index/resource_index
creating /home/victor/Caramelo_workspace/src/install/caramelo_simulation/share/ament_index/resource_index/packages
copying resource/caramelo_simulation -> /home/victor/Caramelo_workspace/src/install/caramelo_simulation/share/ament_index/resource_index/packages
copying package.xml -> /home/victor/Caramelo_workspace/src/install/caramelo_simulation/share/caramelo_simulation
creating /home/victor/Caramelo_workspace/src/install/caramelo_simulation/share/caramelo_simulation/config
copying config/mapper_params_online_async.yaml -> /home/victor/Caramelo_workspace/src/install/caramelo_simulation/share/caramelo_simulation/config
copying config/view_robot.rviz -> /home/victor/Caramelo_workspace/src/install/caramelo_simulation/share/caramelo_simulation/config
creating /home/victor/Caramelo_workspace/src/install/caramelo_simulation/share/caramelo_simulation/description
copying description/inertial_macros.xacro -> /home/victor/Caramelo_workspace/src/install/caramelo_simulation/share/caramelo_simulation/description
copying description/laser.xacro -> /home/victor/Caramelo_workspace/src/install/caramelo_simulation/share/caramelo_simulation/description
copying description/robot.urdf.xacro -> /home/victor/Caramelo_workspace/src/install/caramelo_simulation/share/caramelo_simulation/description
copying description/camera.xacro -> /home/victor/Caramelo_workspace/src/install/caramelo_simulation/share/caramelo_simulation/description
copying description/robot_core.xacro -> /home/victor/Caramelo_workspace/src/install/caramelo_simulation/share/caramelo_simulation/description
copying description/gazebo_control.xacro -> /home/victor/Caramelo_workspace/src/install/caramelo_simulation/share/caramelo_simulation/description
creating /home/victor/Caramelo_workspace/src/install/caramelo_simulation/share/caramelo_simulation/launch
copying launch/launch_worldsim.launch.py -> /home/victor/Caramelo_workspace/src/install/caramelo_simulation/share/caramelo_simulation/launch
copying launch/rplidar.launch.py -> /home/victor/Caramelo_workspace/src/install/caramelo_simulation/share/caramelo_simulation/launch
copying launch/rsp.launch.py -> /home/victor/Caramelo_workspace/src/install/caramelo_simulation/share/caramelo_simulation/launch
copying launch/launch_sim.launch.py -> /home/victor/Caramelo_workspace/src/install/caramelo_simulation/share/caramelo_simulation/launch
copying launch/camera.launch..py -> /home/victor/Caramelo_workspace/src/install/caramelo_simulation/share/caramelo_simulation/launch
creating /home/victor/Caramelo_workspace/src/install/caramelo_simulation/share/caramelo_simulation/worlds
copying worlds/simple_room_with_fixed_boxes.world -> /home/victor/Caramelo_workspace/src/install/caramelo_simulation/share/caramelo_simulation/worlds
copying worlds/small_warehouse.world -> /home/victor/Caramelo_workspace/src/install/caramelo_simulation/share/caramelo_simulation/worlds
copying worlds/empty.world -> /home/victor/Caramelo_workspace/src/install/caramelo_simulation/share/caramelo_simulation/worlds
copying worlds/small_house.world -> /home/victor/Caramelo_workspace/src/install/caramelo_simulation/share/caramelo_simulation/worlds
creating /home/victor/Caramelo_workspace/src/install/caramelo_simulation/share/caramelo_simulation/models
error: can't copy 'models/aws_robomaker_residential_Carpet_01': doesn't exist or not a regular file
