[0.010s] Invoking command in '/home/victor/Caramelo_workspace/build/caramelo_one': CMAKE_PREFIX_PATH=/opt/ros/humble /usr/bin/cmake /home/victor/Caramelo_workspace/src/caramelo_one -DAMENT_CMAKE_SYMLINK_INSTALL=1 -DCMAKE_INSTALL_PREFIX=/home/victor/Caramelo_workspace/install/caramelo_one
[0.021s] -- Found ament_cmake: 1.3.10 (/opt/ros/humble/share/ament_cmake/cmake)
[0.128s] -- Override CMake install command with custom implementation using symlinks instead of copying resources
[0.134s] -- Found ament_lint_auto: 0.12.11 (/opt/ros/humble/share/ament_lint_auto/cmake)
[0.196s] -- Added test 'copyright' to check source files copyright and LICENSE
[0.289s] -- Added test 'flake8' to check Python code syntax and style conventions
[0.300s] -- Added test 'lint_cmake' to check CMake code style
[0.305s] -- Added test 'pep257' to check Python code against some of the docstring style conventions in PEP 257
[0.359s] -- Added test 'xmllint' to check XML markup files
[0.360s] -- Configuring done
[0.363s] -- Generating done
[0.368s] -- Build files have been written to: /home/victor/Caramelo_workspace/build/caramelo_one
[0.371s] Invoked command in '/home/victor/Caramelo_workspace/build/caramelo_one' returned '0': CMAKE_PREFIX_PATH=/opt/ros/humble /usr/bin/cmake /home/victor/Caramelo_workspace/src/caramelo_one -DAMENT_CMAKE_SYMLINK_INSTALL=1 -DCMAKE_INSTALL_PREFIX=/home/victor/Caramelo_workspace/install/caramelo_one
[0.374s] Invoking command in '/home/victor/Caramelo_workspace/build/caramelo_one': CMAKE_PREFIX_PATH=/opt/ros/humble /usr/bin/cmake --build /home/victor/Caramelo_workspace/build/caramelo_one -- -j8 -l8
[0.414s] Invoked command in '/home/victor/Caramelo_workspace/build/caramelo_one' returned '0': CMAKE_PREFIX_PATH=/opt/ros/humble /usr/bin/cmake --build /home/victor/Caramelo_workspace/build/caramelo_one -- -j8 -l8
[0.448s] Invoking command in '/home/victor/Caramelo_workspace/build/caramelo_one': CMAKE_PREFIX_PATH=/opt/ros/humble /usr/bin/cmake --install /home/victor/Caramelo_workspace/build/caramelo_one
[0.455s] -- Install configuration: ""
[0.455s] -- Execute custom install script
[0.456s] -- Up-to-date symlink: /home/victor/Caramelo_workspace/install/caramelo_one/share/caramelo_one/config/mapper_params_online_async.yaml
[0.456s] -- Up-to-date symlink: /home/victor/Caramelo_workspace/install/caramelo_one/share/caramelo_one/config/view_robot.rviz
[0.456s] -- Up-to-date symlink: /home/victor/Caramelo_workspace/install/caramelo_one/share/caramelo_one/description/camera.xacro
[0.456s] -- Up-to-date symlink: /home/victor/Caramelo_workspace/install/caramelo_one/share/caramelo_one/description/gazebo_control.xacro
[0.456s] -- Up-to-date symlink: /home/victor/Caramelo_workspace/install/caramelo_one/share/caramelo_one/description/inertial_macros.xacro
[0.456s] -- Up-to-date symlink: /home/victor/Caramelo_workspace/install/caramelo_one/share/caramelo_one/description/laser.xacro
[0.456s] -- Up-to-date symlink: /home/victor/Caramelo_workspace/install/caramelo_one/share/caramelo_one/description/robot.urdf.xacro
[0.456s] -- Up-to-date symlink: /home/victor/Caramelo_workspace/install/caramelo_one/share/caramelo_one/description/robot_core.xacro
[0.457s] -- Up-to-date symlink: /home/victor/Caramelo_workspace/install/caramelo_one/share/caramelo_one/launch/camera.launch..py
[0.457s] -- Up-to-date symlink: /home/victor/Caramelo_workspace/install/caramelo_one/share/caramelo_one/launch/launch_sim.launch.py
[0.457s] -- Up-to-date symlink: /home/victor/Caramelo_workspace/install/caramelo_one/share/caramelo_one/launch/launch_worldsim.launch.py
[0.457s] -- Up-to-date symlink: /home/victor/Caramelo_workspace/install/caramelo_one/share/caramelo_one/launch/rplidar.launch.py
[0.457s] -- Up-to-date symlink: /home/victor/Caramelo_workspace/install/caramelo_one/share/caramelo_one/launch/rsp.launch.py
[0.457s] -- Up-to-date symlink: /home/victor/Caramelo_workspace/install/caramelo_one/share/caramelo_one/worlds/empty.world
[0.458s] -- Up-to-date symlink: /home/victor/Caramelo_workspace/install/caramelo_one/share/caramelo_one/worlds/simple_room_with_fixed_boxes.world
[0.458s] -- Up-to-date symlink: /home/victor/Caramelo_workspace/install/caramelo_one/share/caramelo_one/worlds/small_house.world
[0.458s] -- Up-to-date symlink: /home/victor/Caramelo_workspace/install/caramelo_one/share/caramelo_one/worlds/small_warehouse.world
[0.465s] -- Up-to-date symlink: /home/victor/Caramelo_workspace/install/caramelo_one/share/caramelo_one/models/aws_robomaker_residential_AirconditionerA_01/materials/textures/aws_AirconditionerA_01.png
[0.465s] -- Up-to-date symlink: /home/victor/Caramelo_workspace/install/caramelo_one/share/caramelo_one/models/aws_robomaker_residential_AirconditionerA_01/meshes/aws_AirconditionerA_01_collision.DAE
[0.465s] -- Up-to-date symlink: /home/victor/Caramelo_workspace/install/caramelo_one/share/caramelo_one/models/aws_robomaker_residential_AirconditionerA_01/meshes/aws_AirconditionerA_01_visual.DAE
[0.465s] -- Up-to-date symlink: /home/victor/Caramelo_workspace/install/caramelo_one/share/caramelo_one/models/aws_robomaker_residential_AirconditionerA_01/meshes/aws__Air conditioner_01.DAE
[0.465s] -- Up-to-date symlink: /home/victor/Caramelo_workspace/install/caramelo_one/share/caramelo_one/models/aws_robomaker_residential_AirconditionerA_01/model.config
[0.466s] -- Up-to-date symlink: /home/victor/Caramelo_workspace/install/caramelo_one/share/caramelo_one/models/aws_robomaker_residential_AirconditionerA_01/model.sdf
[0.466s] -- Up-to-date symlink: /home/victor/Caramelo_workspace/install/caramelo_one/share/caramelo_one/models/aws_robomaker_residential_AirconditionerB_01/materials/textures/aws_AirconditionerB_01.png
[0.466s] -- Up-to-date symlink: /home/victor/Caramelo_workspace/install/caramelo_one/share/caramelo_one/models/aws_robomaker_residential_AirconditionerB_01/meshes/aws_AirconditionerB_01_collision.DAE
[0.466s] -- Up-to-date symlink: /home/victor/Caramelo_workspace/install/caramelo_one/share/caramelo_one/models/aws_robomaker_residential_AirconditionerB_01/meshes/aws_AirconditionerB_01_visual.DAE
[0.466s] -- Up-to-date symlink: /home/victor/Caramelo_workspace/install/caramelo_one/share/caramelo_one/models/aws_robomaker_residential_AirconditionerB_01/model.config
[0.466s] -- Up-to-date symlink: /home/victor/Caramelo_workspace/install/caramelo_one/share/caramelo_one/models/aws_robomaker_residential_AirconditionerB_01/model.sdf
[0.466s] -- Up-to-date symlink: /home/victor/Caramelo_workspace/install/caramelo_one/share/caramelo_one/models/aws_robomaker_residential_BalconyTable_01/materials/textures/aws_BalconyTable_01.png
[0.466s] -- Up-to-date symlink: /home/victor/Caramelo_workspace/install/caramelo_one/share/caramelo_one/models/aws_robomaker_residential_BalconyTable_01/meshes/aws_BalconyTable_01_collision.DAE
[0.467s] -- Up-to-date symlink: /home/victor/Caramelo_workspace/install/caramelo_one/share/caramelo_one/models/aws_robomaker_residential_BalconyTable_01/meshes/aws_BalconyTable_01_visual.DAE
[0.467s] -- Up-to-date symlink: /home/victor/Caramelo_workspace/install/caramelo_one/share/caramelo_one/models/aws_robomaker_residential_BalconyTable_01/model.config
[0.467s] -- Up-to-date symlink: /home/victor/Caramelo_workspace/install/caramelo_one/share/caramelo_one/models/aws_robomaker_residential_BalconyTable_01/model.sdf
[0.467s] -- Up-to-date symlink: /home/victor/Caramelo_workspace/install/caramelo_one/share/caramelo_one/models/aws_robomaker_residential_Ball_01/materials/textures/aws_Ball_01.png
[0.467s] -- Up-to-date symlink: /home/victor/Caramelo_workspace/install/caramelo_one/share/caramelo_one/models/aws_robomaker_residential_Ball_01/meshes/aws_Ball_01_collision.DAE
[0.467s] -- Up-to-date symlink: /home/victor/Caramelo_workspace/install/caramelo_one/share/caramelo_one/models/aws_robomaker_residential_Ball_01/meshes/aws_Ball_01_visual.DAE
[0.467s] -- Up-to-date symlink: /home/victor/Caramelo_workspace/install/caramelo_one/share/caramelo_one/models/aws_robomaker_residential_Ball_01/model.config
[0.467s] -- Up-to-date symlink: /home/victor/Caramelo_workspace/install/caramelo_one/share/caramelo_one/models/aws_robomaker_residential_Ball_01/model.sdf
[0.468s] -- Up-to-date symlink: /home/victor/Caramelo_workspace/install/caramelo_one/share/caramelo_one/models/aws_robomaker_residential_Bed_01/materials/textures/aws_BedA_01.png
[0.468s] -- Up-to-date symlink: /home/victor/Caramelo_workspace/install/caramelo_one/share/caramelo_one/models/aws_robomaker_residential_Bed_01/materials/textures/aws_BedB_01.png
[0.468s] -- Up-to-date symlink: /home/victor/Caramelo_workspace/install/caramelo_one/share/caramelo_one/models/aws_robomaker_residential_Bed_01/materials/textures/aws_BedC_01.png
[0.468s] -- Up-to-date symlink: /home/victor/Caramelo_workspace/install/caramelo_one/share/caramelo_one/models/aws_robomaker_residential_Bed_01/materials/textures/aws_Bed_01.png
[0.468s] -- Up-to-date symlink: /home/victor/Caramelo_workspace/install/caramelo_one/share/caramelo_one/models/aws_robomaker_residential_Bed_01/meshes/aws_Bed_01_collision.DAE
[0.468s] -- Up-to-date symlink: /home/victor/Caramelo_workspace/install/caramelo_one/share/caramelo_one/models/aws_robomaker_residential_Bed_01/meshes/aws_Bed_01_visual.DAE
[0.468s] -- Up-to-date symlink: /home/victor/Caramelo_workspace/install/caramelo_one/share/caramelo_one/models/aws_robomaker_residential_Bed_01/model.config
[0.468s] -- Up-to-date symlink: /home/victor/Caramelo_workspace/install/caramelo_one/share/caramelo_one/models/aws_robomaker_residential_Bed_01/model.sdf
[0.469s] -- Up-to-date symlink: /home/victor/Caramelo_workspace/install/caramelo_one/share/caramelo_one/models/aws_robomaker_residential_Board_01/materials/textures/aws_Board_01.png
[0.469s] -- Up-to-date symlink: /home/victor/Caramelo_workspace/install/caramelo_one/share/caramelo_one/models/aws_robomaker_residential_Board_01/meshes/aws_Board_01_collision.DAE
[0.469s] -- Up-to-date symlink: /home/victor/Caramelo_workspace/install/caramelo_one/share/caramelo_one/models/aws_robomaker_residential_Board_01/meshes/aws_Board_01_visual.DAE
[0.469s] -- Up-to-date symlink: /home/victor/Caramelo_workspace/install/caramelo_one/share/caramelo_one/models/aws_robomaker_residential_Board_01/model.config
[0.469s] -- Up-to-date symlink: /home/victor/Caramelo_workspace/install/caramelo_one/share/caramelo_one/models/aws_robomaker_residential_Board_01/model.sdf
[0.469s] -- Up-to-date symlink: /home/victor/Caramelo_workspace/install/caramelo_one/share/caramelo_one/models/aws_robomaker_residential_Carpet_01/materials/textures/aws_Carpet_01.png
[0.469s] -- Up-to-date symlink: /home/victor/Caramelo_workspace/install/caramelo_one/share/caramelo_one/models/aws_robomaker_residential_Carpet_01/meshes/aws_Carpet_01_collision.DAE
[0.469s] -- Up-to-date symlink: /home/victor/Caramelo_workspace/install/caramelo_one/share/caramelo_one/models/aws_robomaker_residential_Carpet_01/meshes/aws_Carpet_01_visual.DAE
[0.470s] -- Up-to-date symlink: /home/victor/Caramelo_workspace/install/caramelo_one/share/caramelo_one/models/aws_robomaker_residential_Carpet_01/model.config
[0.470s] -- Up-to-date symlink: /home/victor/Caramelo_workspace/install/caramelo_one/share/caramelo_one/models/aws_robomaker_residential_Carpet_01/model.sdf
[0.470s] -- Up-to-date symlink: /home/victor/Caramelo_workspace/install/caramelo_one/share/caramelo_one/models/aws_robomaker_residential_ChairA_01/materials/textures/aws_ChairA_01.png
[0.470s] -- Up-to-date symlink: /home/victor/Caramelo_workspace/install/caramelo_one/share/caramelo_one/models/aws_robomaker_residential_ChairA_01/meshes/aws_ChairA_01_collision.DAE
[0.470s] -- Up-to-date symlink: /home/victor/Caramelo_workspace/install/caramelo_one/share/caramelo_one/models/aws_robomaker_residential_ChairA_01/meshes/aws_ChairA_01_visual.DAE
[0.470s] -- Up-to-date symlink: /home/victor/Caramelo_workspace/install/caramelo_one/share/caramelo_one/models/aws_robomaker_residential_ChairA_01/model.config
[0.470s] -- Up-to-date symlink: /home/victor/Caramelo_workspace/install/caramelo_one/share/caramelo_one/models/aws_robomaker_residential_ChairA_01/model.sdf
[0.470s] -- Up-to-date symlink: /home/victor/Caramelo_workspace/install/caramelo_one/share/caramelo_one/models/aws_robomaker_residential_ChairD_01/materials/textures/aws_ChairD_01.png
[0.471s] -- Up-to-date symlink: /home/victor/Caramelo_workspace/install/caramelo_one/share/caramelo_one/models/aws_robomaker_residential_ChairD_01/meshes/aws_ChairD_01_collision.DAE
[0.471s] -- Up-to-date symlink: /home/victor/Caramelo_workspace/install/caramelo_one/share/caramelo_one/models/aws_robomaker_residential_ChairD_01/meshes/aws_ChairD_01_visual.DAE
[0.471s] -- Up-to-date symlink: /home/victor/Caramelo_workspace/install/caramelo_one/share/caramelo_one/models/aws_robomaker_residential_ChairD_01/model.config
[0.471s] -- Up-to-date symlink: /home/victor/Caramelo_workspace/install/caramelo_one/share/caramelo_one/models/aws_robomaker_residential_ChairD_01/model.sdf
[0.471s] -- Up-to-date symlink: /home/victor/Caramelo_workspace/install/caramelo_one/share/caramelo_one/models/aws_robomaker_residential_Chandelier_01/materials/textures/aws_Chandelier_01.png
[0.471s] -- Up-to-date symlink: /home/victor/Caramelo_workspace/install/caramelo_one/share/caramelo_one/models/aws_robomaker_residential_Chandelier_01/meshes/aws_Chandelier_01.DAE
[0.471s] -- Up-to-date symlink: /home/victor/Caramelo_workspace/install/caramelo_one/share/caramelo_one/models/aws_robomaker_residential_Chandelier_01/meshes/aws_Chandelier_01_collision.DAE
[0.471s] -- Up-to-date symlink: /home/victor/Caramelo_workspace/install/caramelo_one/share/caramelo_one/models/aws_robomaker_residential_Chandelier_01/meshes/aws_Chandelier_01_visual.DAE
[0.472s] -- Up-to-date symlink: /home/victor/Caramelo_workspace/install/caramelo_one/share/caramelo_one/models/aws_robomaker_residential_Chandelier_01/model.config
[0.472s] -- Up-to-date symlink: /home/victor/Caramelo_workspace/install/caramelo_one/share/caramelo_one/models/aws_robomaker_residential_Chandelier_01/model.sdf
[0.472s] -- Up-to-date symlink: /home/victor/Caramelo_workspace/install/caramelo_one/share/caramelo_one/models/aws_robomaker_residential_CoffeeTable_01/materials/textures/aws_CoffeeTable_01.png
[0.472s] -- Up-to-date symlink: /home/victor/Caramelo_workspace/install/caramelo_one/share/caramelo_one/models/aws_robomaker_residential_CoffeeTable_01/meshes/aws_CoffeeTable_01_collision.DAE
[0.472s] -- Up-to-date symlink: /home/victor/Caramelo_workspace/install/caramelo_one/share/caramelo_one/models/aws_robomaker_residential_CoffeeTable_01/meshes/aws_CoffeeTable_01_visual.DAE
[0.472s] -- Up-to-date symlink: /home/victor/Caramelo_workspace/install/caramelo_one/share/caramelo_one/models/aws_robomaker_residential_CoffeeTable_01/model.config
[0.472s] -- Up-to-date symlink: /home/victor/Caramelo_workspace/install/caramelo_one/share/caramelo_one/models/aws_robomaker_residential_CoffeeTable_01/model.sdf
[0.472s] -- Up-to-date symlink: /home/victor/Caramelo_workspace/install/caramelo_one/share/caramelo_one/models/aws_robomaker_residential_CookingBench_01/materials/textures/aws_CookingBench_01.png
[0.473s] -- Up-to-date symlink: /home/victor/Caramelo_workspace/install/caramelo_one/share/caramelo_one/models/aws_robomaker_residential_CookingBench_01/meshes/aws_CookingBench_01.DAE
[0.473s] -- Up-to-date symlink: /home/victor/Caramelo_workspace/install/caramelo_one/share/caramelo_one/models/aws_robomaker_residential_CookingBench_01/meshes/aws_CookingBench_01_collision.DAE
[0.473s] -- Up-to-date symlink: /home/victor/Caramelo_workspace/install/caramelo_one/share/caramelo_one/models/aws_robomaker_residential_CookingBench_01/meshes/aws_CookingBench_01_visual.DAE
[0.473s] -- Up-to-date symlink: /home/victor/Caramelo_workspace/install/caramelo_one/share/caramelo_one/models/aws_robomaker_residential_CookingBench_01/model.config
[0.473s] -- Up-to-date symlink: /home/victor/Caramelo_workspace/install/caramelo_one/share/caramelo_one/models/aws_robomaker_residential_CookingBench_01/model.sdf
[0.473s] -- Up-to-date symlink: /home/victor/Caramelo_workspace/install/caramelo_one/share/caramelo_one/models/aws_robomaker_residential_Curtain_01/materials/textures/aws_Curtain_01.png
[0.473s] -- Up-to-date symlink: /home/victor/Caramelo_workspace/install/caramelo_one/share/caramelo_one/models/aws_robomaker_residential_Curtain_01/meshes/aws_Curtain_01_collision.DAE
[0.473s] -- Up-to-date symlink: /home/victor/Caramelo_workspace/install/caramelo_one/share/caramelo_one/models/aws_robomaker_residential_Curtain_01/meshes/aws_Curtain_01_visual.DAE
[0.474s] -- Up-to-date symlink: /home/victor/Caramelo_workspace/install/caramelo_one/share/caramelo_one/models/aws_robomaker_residential_Curtain_01/model.config
[0.474s] -- Up-to-date symlink: /home/victor/Caramelo_workspace/install/caramelo_one/share/caramelo_one/models/aws_robomaker_residential_Curtain_01/model.sdf
[0.474s] -- Up-to-date symlink: /home/victor/Caramelo_workspace/install/caramelo_one/share/caramelo_one/models/aws_robomaker_residential_DeskPortraitA_01/materials/textures/aws_DeskPortraitA_01.png
[0.474s] -- Up-to-date symlink: /home/victor/Caramelo_workspace/install/caramelo_one/share/caramelo_one/models/aws_robomaker_residential_DeskPortraitA_01/materials/textures/aws_DeskPortraitA_02.png
[0.474s] -- Up-to-date symlink: /home/victor/Caramelo_workspace/install/caramelo_one/share/caramelo_one/models/aws_robomaker_residential_DeskPortraitA_01/meshes/aws_DeskPortraitA_01_collision.DAE
[0.474s] -- Up-to-date symlink: /home/victor/Caramelo_workspace/install/caramelo_one/share/caramelo_one/models/aws_robomaker_residential_DeskPortraitA_01/meshes/aws_DeskPortraitA_01_visual.DAE
[0.474s] -- Up-to-date symlink: /home/victor/Caramelo_workspace/install/caramelo_one/share/caramelo_one/models/aws_robomaker_residential_DeskPortraitA_01/model.config
[0.474s] -- Up-to-date symlink: /home/victor/Caramelo_workspace/install/caramelo_one/share/caramelo_one/models/aws_robomaker_residential_DeskPortraitA_01/model.sdf
[0.475s] -- Up-to-date symlink: /home/victor/Caramelo_workspace/install/caramelo_one/share/caramelo_one/models/aws_robomaker_residential_DeskPortraitA_02/materials/textures/aws_DeskPortraitA_01.png
[0.475s] -- Up-to-date symlink: /home/victor/Caramelo_workspace/install/caramelo_one/share/caramelo_one/models/aws_robomaker_residential_DeskPortraitA_02/materials/textures/aws_DeskPortraitA_02.png
[0.475s] -- Up-to-date symlink: /home/victor/Caramelo_workspace/install/caramelo_one/share/caramelo_one/models/aws_robomaker_residential_DeskPortraitA_02/meshes/aws_DeskPortraitA_01_collision.DAE
[0.475s] -- Up-to-date symlink: /home/victor/Caramelo_workspace/install/caramelo_one/share/caramelo_one/models/aws_robomaker_residential_DeskPortraitA_02/meshes/aws_DeskPortraitA_01_visual.DAE
[0.475s] -- Up-to-date symlink: /home/victor/Caramelo_workspace/install/caramelo_one/share/caramelo_one/models/aws_robomaker_residential_DeskPortraitA_02/model.config
[0.475s] -- Up-to-date symlink: /home/victor/Caramelo_workspace/install/caramelo_one/share/caramelo_one/models/aws_robomaker_residential_DeskPortraitA_02/model.sdf
[0.475s] -- Up-to-date symlink: /home/victor/Caramelo_workspace/install/caramelo_one/share/caramelo_one/models/aws_robomaker_residential_DeskPortraitB_01/materials/textures/aws_DeskPortraitB_01.png
[0.475s] -- Up-to-date symlink: /home/victor/Caramelo_workspace/install/caramelo_one/share/caramelo_one/models/aws_robomaker_residential_DeskPortraitB_01/materials/textures/aws_DeskPortraitB_02.png
[0.475s] -- Up-to-date symlink: /home/victor/Caramelo_workspace/install/caramelo_one/share/caramelo_one/models/aws_robomaker_residential_DeskPortraitB_01/meshes/aws_DeskPortraitB_01_collision.DAE
[0.476s] -- Up-to-date symlink: /home/victor/Caramelo_workspace/install/caramelo_one/share/caramelo_one/models/aws_robomaker_residential_DeskPortraitB_01/meshes/aws_DeskPortraitB_01_visual.DAE
[0.476s] -- Up-to-date symlink: /home/victor/Caramelo_workspace/install/caramelo_one/share/caramelo_one/models/aws_robomaker_residential_DeskPortraitB_01/model.config
[0.476s] -- Up-to-date symlink: /home/victor/Caramelo_workspace/install/caramelo_one/share/caramelo_one/models/aws_robomaker_residential_DeskPortraitB_01/model.sdf
[0.476s] -- Up-to-date symlink: /home/victor/Caramelo_workspace/install/caramelo_one/share/caramelo_one/models/aws_robomaker_residential_DeskPortraitB_02/materials/textures/aws_DeskPortraitB_01.png
[0.476s] -- Up-to-date symlink: /home/victor/Caramelo_workspace/install/caramelo_one/share/caramelo_one/models/aws_robomaker_residential_DeskPortraitB_02/materials/textures/aws_DeskPortraitB_02.png
[0.476s] -- Up-to-date symlink: /home/victor/Caramelo_workspace/install/caramelo_one/share/caramelo_one/models/aws_robomaker_residential_DeskPortraitB_02/meshes/aws_DeskPortraitB_01_collision.DAE
[0.476s] -- Up-to-date symlink: /home/victor/Caramelo_workspace/install/caramelo_one/share/caramelo_one/models/aws_robomaker_residential_DeskPortraitB_02/meshes/aws_DeskPortraitB_01_visual.DAE
[0.477s] -- Up-to-date symlink: /home/victor/Caramelo_workspace/install/caramelo_one/share/caramelo_one/models/aws_robomaker_residential_DeskPortraitB_02/model.config
[0.477s] -- Up-to-date symlink: /home/victor/Caramelo_workspace/install/caramelo_one/share/caramelo_one/models/aws_robomaker_residential_DeskPortraitB_02/model.sdf
[0.477s] -- Up-to-date symlink: /home/victor/Caramelo_workspace/install/caramelo_one/share/caramelo_one/models/aws_robomaker_residential_DeskPortraitC_01/materials/textures/aws_DeskPortraitC_01.png
[0.477s] -- Up-to-date symlink: /home/victor/Caramelo_workspace/install/caramelo_one/share/caramelo_one/models/aws_robomaker_residential_DeskPortraitC_01/materials/textures/aws_DeskPortraitC_02.png
[0.477s] -- Up-to-date symlink: /home/victor/Caramelo_workspace/install/caramelo_one/share/caramelo_one/models/aws_robomaker_residential_DeskPortraitC_01/meshes/aws_DeskPortraitC_01_collision.DAE
[0.477s] -- Up-to-date symlink: /home/victor/Caramelo_workspace/install/caramelo_one/share/caramelo_one/models/aws_robomaker_residential_DeskPortraitC_01/meshes/aws_DeskPortraitC_01_visual.DAE
[0.477s] -- Up-to-date symlink: /home/victor/Caramelo_workspace/install/caramelo_one/share/caramelo_one/models/aws_robomaker_residential_DeskPortraitC_01/model.config
[0.478s] -- Up-to-date symlink: /home/victor/Caramelo_workspace/install/caramelo_one/share/caramelo_one/models/aws_robomaker_residential_DeskPortraitC_01/model.sdf
[0.478s] -- Up-to-date symlink: /home/victor/Caramelo_workspace/install/caramelo_one/share/caramelo_one/models/aws_robomaker_residential_DeskPortraitC_02/materials/textures/aws_DeskPortraitC_01.png
[0.478s] -- Up-to-date symlink: /home/victor/Caramelo_workspace/install/caramelo_one/share/caramelo_one/models/aws_robomaker_residential_DeskPortraitC_02/materials/textures/aws_DeskPortraitC_02.png
[0.478s] -- Up-to-date symlink: /home/victor/Caramelo_workspace/install/caramelo_one/share/caramelo_one/models/aws_robomaker_residential_DeskPortraitC_02/meshes/aws_DeskPortraitC_01_collision.DAE
[0.478s] -- Up-to-date symlink: /home/victor/Caramelo_workspace/install/caramelo_one/share/caramelo_one/models/aws_robomaker_residential_DeskPortraitC_02/meshes/aws_DeskPortraitC_01_visual.DAE
[0.478s] -- Up-to-date symlink: /home/victor/Caramelo_workspace/install/caramelo_one/share/caramelo_one/models/aws_robomaker_residential_DeskPortraitC_02/model.config
[0.478s] -- Up-to-date symlink: /home/victor/Caramelo_workspace/install/caramelo_one/share/caramelo_one/models/aws_robomaker_residential_DeskPortraitC_02/model.sdf
[0.478s] -- Up-to-date symlink: /home/victor/Caramelo_workspace/install/caramelo_one/share/caramelo_one/models/aws_robomaker_residential_DeskPortraitD_01/materials/textures/aws_DeskPortraitD_01.png
[0.478s] -- Up-to-date symlink: /home/victor/Caramelo_workspace/install/caramelo_one/share/caramelo_one/models/aws_robomaker_residential_DeskPortraitD_01/materials/textures/aws_DeskPortraitD_02.png
[0.479s] -- Up-to-date symlink: /home/victor/Caramelo_workspace/install/caramelo_one/share/caramelo_one/models/aws_robomaker_residential_DeskPortraitD_01/meshes/aws_DeskPortraitD_01_collision.DAE
[0.479s] -- Up-to-date symlink: /home/victor/Caramelo_workspace/install/caramelo_one/share/caramelo_one/models/aws_robomaker_residential_DeskPortraitD_01/meshes/aws_DeskPortraitD_01_visual.DAE
[0.479s] -- Up-to-date symlink: /home/victor/Caramelo_workspace/install/caramelo_one/share/caramelo_one/models/aws_robomaker_residential_DeskPortraitD_01/model.config
[0.479s] -- Up-to-date symlink: /home/victor/Caramelo_workspace/install/caramelo_one/share/caramelo_one/models/aws_robomaker_residential_DeskPortraitD_01/model.sdf
[0.479s] -- Up-to-date symlink: /home/victor/Caramelo_workspace/install/caramelo_one/share/caramelo_one/models/aws_robomaker_residential_DeskPortraitD_02/materials/textures/aws_DeskPortraitD_01.png
[0.479s] -- Up-to-date symlink: /home/victor/Caramelo_workspace/install/caramelo_one/share/caramelo_one/models/aws_robomaker_residential_DeskPortraitD_02/materials/textures/aws_DeskPortraitD_02.png
[0.479s] -- Up-to-date symlink: /home/victor/Caramelo_workspace/install/caramelo_one/share/caramelo_one/models/aws_robomaker_residential_DeskPortraitD_02/meshes/aws_DeskPortraitD_01_collision.DAE
[0.480s] -- Up-to-date symlink: /home/victor/Caramelo_workspace/install/caramelo_one/share/caramelo_one/models/aws_robomaker_residential_DeskPortraitD_02/meshes/aws_DeskPortraitD_01_visual.DAE
[0.480s] -- Up-to-date symlink: /home/victor/Caramelo_workspace/install/caramelo_one/share/caramelo_one/models/aws_robomaker_residential_DeskPortraitD_02/model.config
[0.480s] -- Up-to-date symlink: /home/victor/Caramelo_workspace/install/caramelo_one/share/caramelo_one/models/aws_robomaker_residential_DeskPortraitD_02/model.sdf
[0.480s] -- Up-to-date symlink: /home/victor/Caramelo_workspace/install/caramelo_one/share/caramelo_one/models/aws_robomaker_residential_DeskPortraitD_03/materials/textures/aws_DeskPortraitD_01.png
[0.480s] -- Up-to-date symlink: /home/victor/Caramelo_workspace/install/caramelo_one/share/caramelo_one/models/aws_robomaker_residential_DeskPortraitD_03/materials/textures/aws_DeskPortraitD_02.png
[0.480s] -- Up-to-date symlink: /home/victor/Caramelo_workspace/install/caramelo_one/share/caramelo_one/models/aws_robomaker_residential_DeskPortraitD_03/meshes/aws_DeskPortraitD_01_collision.DAE
[0.480s] -- Up-to-date symlink: /home/victor/Caramelo_workspace/install/caramelo_one/share/caramelo_one/models/aws_robomaker_residential_DeskPortraitD_03/meshes/aws_DeskPortraitD_01_visual.DAE
[0.480s] -- Up-to-date symlink: /home/victor/Caramelo_workspace/install/caramelo_one/share/caramelo_one/models/aws_robomaker_residential_DeskPortraitD_03/model.config
[0.480s] -- Up-to-date symlink: /home/victor/Caramelo_workspace/install/caramelo_one/share/caramelo_one/models/aws_robomaker_residential_DeskPortraitD_03/model.sdf
[0.481s] -- Up-to-date symlink: /home/victor/Caramelo_workspace/install/caramelo_one/share/caramelo_one/models/aws_robomaker_residential_DeskPortraitD_04/materials/textures/aws_DeskPortraitD_01.png
[0.481s] -- Up-to-date symlink: /home/victor/Caramelo_workspace/install/caramelo_one/share/caramelo_one/models/aws_robomaker_residential_DeskPortraitD_04/materials/textures/aws_DeskPortraitD_02.png
[0.481s] -- Up-to-date symlink: /home/victor/Caramelo_workspace/install/caramelo_one/share/caramelo_one/models/aws_robomaker_residential_DeskPortraitD_04/meshes/aws_DeskPortraitD_01_collision.DAE
[0.481s] -- Up-to-date symlink: /home/victor/Caramelo_workspace/install/caramelo_one/share/caramelo_one/models/aws_robomaker_residential_DeskPortraitD_04/meshes/aws_DeskPortraitD_01_visual.DAE
[0.481s] -- Up-to-date symlink: /home/victor/Caramelo_workspace/install/caramelo_one/share/caramelo_one/models/aws_robomaker_residential_DeskPortraitD_04/model.config
[0.481s] -- Up-to-date symlink: /home/victor/Caramelo_workspace/install/caramelo_one/share/caramelo_one/models/aws_robomaker_residential_DeskPortraitD_04/model.sdf
[0.481s] -- Up-to-date symlink: /home/victor/Caramelo_workspace/install/caramelo_one/share/caramelo_one/models/aws_robomaker_residential_Door_01/materials/textures/aws_Door_01.png
[0.481s] -- Up-to-date symlink: /home/victor/Caramelo_workspace/install/caramelo_one/share/caramelo_one/models/aws_robomaker_residential_Door_01/meshes/aws_Door_01_collision.DAE
[0.482s] -- Up-to-date symlink: /home/victor/Caramelo_workspace/install/caramelo_one/share/caramelo_one/models/aws_robomaker_residential_Door_01/meshes/aws_Door_01_visual.DAE
[0.482s] -- Up-to-date symlink: /home/victor/Caramelo_workspace/install/caramelo_one/share/caramelo_one/models/aws_robomaker_residential_Door_01/model.config
[0.482s] -- Up-to-date symlink: /home/victor/Caramelo_workspace/install/caramelo_one/share/caramelo_one/models/aws_robomaker_residential_Door_01/model.sdf
[0.482s] -- Up-to-date symlink: /home/victor/Caramelo_workspace/install/caramelo_one/share/caramelo_one/models/aws_robomaker_residential_Dumbbell_01/materials/textures/aws_Dumbbell_01.png
[0.482s] -- Up-to-date symlink: /home/victor/Caramelo_workspace/install/caramelo_one/share/caramelo_one/models/aws_robomaker_residential_Dumbbell_01/meshes/aws_Dumbbell_01_collision.DAE
[0.482s] -- Up-to-date symlink: /home/victor/Caramelo_workspace/install/caramelo_one/share/caramelo_one/models/aws_robomaker_residential_Dumbbell_01/meshes/aws_Dumbbell_01_visual.DAE
[0.482s] -- Up-to-date symlink: /home/victor/Caramelo_workspace/install/caramelo_one/share/caramelo_one/models/aws_robomaker_residential_Dumbbell_01/model.config
[0.482s] -- Up-to-date symlink: /home/victor/Caramelo_workspace/install/caramelo_one/share/caramelo_one/models/aws_robomaker_residential_Dumbbell_01/model.sdf
[0.483s] -- Up-to-date symlink: /home/victor/Caramelo_workspace/install/caramelo_one/share/caramelo_one/models/aws_robomaker_residential_FitnessEquipment_01/materials/textures/aws_FitnessEquipment_01.png
[0.483s] -- Up-to-date symlink: /home/victor/Caramelo_workspace/install/caramelo_one/share/caramelo_one/models/aws_robomaker_residential_FitnessEquipment_01/meshes/aws_FitnessEquipment_01_collision.DAE
[0.483s] -- Up-to-date symlink: /home/victor/Caramelo_workspace/install/caramelo_one/share/caramelo_one/models/aws_robomaker_residential_FitnessEquipment_01/meshes/aws_FitnessEquipment_01_visual.DAE
[0.483s] -- Up-to-date symlink: /home/victor/Caramelo_workspace/install/caramelo_one/share/caramelo_one/models/aws_robomaker_residential_FitnessEquipment_01/model.config
[0.483s] -- Up-to-date symlink: /home/victor/Caramelo_workspace/install/caramelo_one/share/caramelo_one/models/aws_robomaker_residential_FitnessEquipment_01/model.sdf
[0.483s] -- Up-to-date symlink: /home/victor/Caramelo_workspace/install/caramelo_one/share/caramelo_one/models/aws_robomaker_residential_FloorB_01/materials/textures/aws_FloorB_01.png
[0.483s] -- Up-to-date symlink: /home/victor/Caramelo_workspace/install/caramelo_one/share/caramelo_one/models/aws_robomaker_residential_FloorB_01/meshes/aws_FloorB_01_collision.DAE
[0.483s] -- Up-to-date symlink: /home/victor/Caramelo_workspace/install/caramelo_one/share/caramelo_one/models/aws_robomaker_residential_FloorB_01/meshes/aws_FloorB_01_visual.DAE
[0.484s] -- Up-to-date symlink: /home/victor/Caramelo_workspace/install/caramelo_one/share/caramelo_one/models/aws_robomaker_residential_FloorB_01/model.config
[0.484s] -- Up-to-date symlink: /home/victor/Caramelo_workspace/install/caramelo_one/share/caramelo_one/models/aws_robomaker_residential_FloorB_01/model.sdf
[0.484s] -- Up-to-date symlink: /home/victor/Caramelo_workspace/install/caramelo_one/share/caramelo_one/models/aws_robomaker_residential_FoldingDoor_01/materials/textures/aws_FoldingDoor_01.png
[0.484s] -- Up-to-date symlink: /home/victor/Caramelo_workspace/install/caramelo_one/share/caramelo_one/models/aws_robomaker_residential_FoldingDoor_01/meshes/aws_FoldingDoor_01_collision.DAE
[0.484s] -- Up-to-date symlink: /home/victor/Caramelo_workspace/install/caramelo_one/share/caramelo_one/models/aws_robomaker_residential_FoldingDoor_01/meshes/aws_FoldingDoor_01_visual.DAE
[0.484s] -- Up-to-date symlink: /home/victor/Caramelo_workspace/install/caramelo_one/share/caramelo_one/models/aws_robomaker_residential_FoldingDoor_01/model.config
[0.484s] -- Up-to-date symlink: /home/victor/Caramelo_workspace/install/caramelo_one/share/caramelo_one/models/aws_robomaker_residential_FoldingDoor_01/model.sdf
[0.484s] -- Up-to-date symlink: /home/victor/Caramelo_workspace/install/caramelo_one/share/caramelo_one/models/aws_robomaker_residential_FoldingDoor_02/materials/textures/aws_FoldingDoor_02.png
[0.485s] -- Up-to-date symlink: /home/victor/Caramelo_workspace/install/caramelo_one/share/caramelo_one/models/aws_robomaker_residential_FoldingDoor_02/meshes/aws_FoldingDoor_02_collision.DAE
[0.485s] -- Up-to-date symlink: /home/victor/Caramelo_workspace/install/caramelo_one/share/caramelo_one/models/aws_robomaker_residential_FoldingDoor_02/meshes/aws_FoldingDoor_02_visual.DAE
[0.485s] -- Up-to-date symlink: /home/victor/Caramelo_workspace/install/caramelo_one/share/caramelo_one/models/aws_robomaker_residential_FoldingDoor_02/model.config
[0.485s] -- Up-to-date symlink: /home/victor/Caramelo_workspace/install/caramelo_one/share/caramelo_one/models/aws_robomaker_residential_FoldingDoor_02/model.sdf
[0.485s] -- Up-to-date symlink: /home/victor/Caramelo_workspace/install/caramelo_one/share/caramelo_one/models/aws_robomaker_residential_Handle_01/materials/textures/aws_Handle_01.png
[0.485s] -- Up-to-date symlink: /home/victor/Caramelo_workspace/install/caramelo_one/share/caramelo_one/models/aws_robomaker_residential_Handle_01/meshes/aws_ handle_01_collision.DAE
[0.485s] -- Up-to-date symlink: /home/victor/Caramelo_workspace/install/caramelo_one/share/caramelo_one/models/aws_robomaker_residential_Handle_01/meshes/aws_Handle_01_collision.DAE
[0.485s] -- Up-to-date symlink: /home/victor/Caramelo_workspace/install/caramelo_one/share/caramelo_one/models/aws_robomaker_residential_Handle_01/meshes/aws_Handle_01_visual.DAE
[0.485s] -- Up-to-date symlink: /home/victor/Caramelo_workspace/install/caramelo_one/share/caramelo_one/models/aws_robomaker_residential_Handle_01/model.config
[0.486s] -- Up-to-date symlink: /home/victor/Caramelo_workspace/install/caramelo_one/share/caramelo_one/models/aws_robomaker_residential_Handle_01/model.sdf
[0.486s] -- Up-to-date symlink: /home/victor/Caramelo_workspace/install/caramelo_one/share/caramelo_one/models/aws_robomaker_residential_HouseWallB_01/materials/textures/aws_HouseWallB_01.png
[0.486s] -- Up-to-date symlink: /home/victor/Caramelo_workspace/install/caramelo_one/share/caramelo_one/models/aws_robomaker_residential_HouseWallB_01/meshes/aws_HouseWallB_01_collision.DAE
[0.486s] -- Up-to-date symlink: /home/victor/Caramelo_workspace/install/caramelo_one/share/caramelo_one/models/aws_robomaker_residential_HouseWallB_01/meshes/aws_HouseWallB_01_visual.DAE
[0.486s] -- Up-to-date symlink: /home/victor/Caramelo_workspace/install/caramelo_one/share/caramelo_one/models/aws_robomaker_residential_HouseWallB_01/model.config
[0.486s] -- Up-to-date symlink: /home/victor/Caramelo_workspace/install/caramelo_one/share/caramelo_one/models/aws_robomaker_residential_HouseWallB_01/model.sdf
[0.486s] -- Up-to-date symlink: /home/victor/Caramelo_workspace/install/caramelo_one/share/caramelo_one/models/aws_robomaker_residential_KitchenCabinet_01/materials/textures/aws_KitchenCabinet_01.png
[0.486s] -- Up-to-date symlink: /home/victor/Caramelo_workspace/install/caramelo_one/share/caramelo_one/models/aws_robomaker_residential_KitchenCabinet_01/meshes/aws_KitchenCabinet_01_collision.DAE
[0.487s] -- Up-to-date symlink: /home/victor/Caramelo_workspace/install/caramelo_one/share/caramelo_one/models/aws_robomaker_residential_KitchenCabinet_01/meshes/aws_KitchenCabinet_01_visual.DAE
[0.487s] -- Up-to-date symlink: /home/victor/Caramelo_workspace/install/caramelo_one/share/caramelo_one/models/aws_robomaker_residential_KitchenCabinet_01/model.config
[0.487s] -- Up-to-date symlink: /home/victor/Caramelo_workspace/install/caramelo_one/share/caramelo_one/models/aws_robomaker_residential_KitchenCabinet_01/model.sdf
[0.487s] -- Up-to-date symlink: /home/victor/Caramelo_workspace/install/caramelo_one/share/caramelo_one/models/aws_robomaker_residential_KitchenTable_01/materials/textures/aws_KitchenTable_01.png
[0.487s] -- Up-to-date symlink: /home/victor/Caramelo_workspace/install/caramelo_one/share/caramelo_one/models/aws_robomaker_residential_KitchenTable_01/meshes/aws_KitchenTable_01_collision.DAE
[0.487s] -- Up-to-date symlink: /home/victor/Caramelo_workspace/install/caramelo_one/share/caramelo_one/models/aws_robomaker_residential_KitchenTable_01/meshes/aws_KitchenTable_01_visual.DAE
[0.487s] -- Up-to-date symlink: /home/victor/Caramelo_workspace/install/caramelo_one/share/caramelo_one/models/aws_robomaker_residential_KitchenTable_01/model.config
[0.487s] -- Up-to-date symlink: /home/victor/Caramelo_workspace/install/caramelo_one/share/caramelo_one/models/aws_robomaker_residential_KitchenTable_01/model.sdf
[0.488s] -- Up-to-date symlink: /home/victor/Caramelo_workspace/install/caramelo_one/share/caramelo_one/models/aws_robomaker_residential_KitchenUtensils_01/materials/textures/aws_KitchenUtensils_01.png
[0.488s] -- Up-to-date symlink: /home/victor/Caramelo_workspace/install/caramelo_one/share/caramelo_one/models/aws_robomaker_residential_KitchenUtensils_01/meshes/aws_KitchenUtensils_01_collision.DAE
[0.488s] -- Up-to-date symlink: /home/victor/Caramelo_workspace/install/caramelo_one/share/caramelo_one/models/aws_robomaker_residential_KitchenUtensils_01/meshes/aws_KitchenUtensils_01_visual.DAE
[0.488s] -- Up-to-date symlink: /home/victor/Caramelo_workspace/install/caramelo_one/share/caramelo_one/models/aws_robomaker_residential_KitchenUtensils_01/model.config
[0.488s] -- Up-to-date symlink: /home/victor/Caramelo_workspace/install/caramelo_one/share/caramelo_one/models/aws_robomaker_residential_KitchenUtensils_01/model.sdf
[0.488s] -- Up-to-date symlink: /home/victor/Caramelo_workspace/install/caramelo_one/share/caramelo_one/models/aws_robomaker_residential_LightC_01/materials/textures/aws_LightC_01.png
[0.488s] -- Up-to-date symlink: /home/victor/Caramelo_workspace/install/caramelo_one/share/caramelo_one/models/aws_robomaker_residential_LightC_01/meshes/aws_LightC_01_collision.DAE
[0.488s] -- Up-to-date symlink: /home/victor/Caramelo_workspace/install/caramelo_one/share/caramelo_one/models/aws_robomaker_residential_LightC_01/meshes/aws_LightC_01_visual.DAE
[0.489s] -- Up-to-date symlink: /home/victor/Caramelo_workspace/install/caramelo_one/share/caramelo_one/models/aws_robomaker_residential_LightC_01/model.config
[0.489s] -- Up-to-date symlink: /home/victor/Caramelo_workspace/install/caramelo_one/share/caramelo_one/models/aws_robomaker_residential_LightC_01/model.sdf
[0.489s] -- Up-to-date symlink: /home/victor/Caramelo_workspace/install/caramelo_one/share/caramelo_one/models/aws_robomaker_residential_NightStand_01/materials/textures/aws_NightStand_01.png
[0.489s] -- Up-to-date symlink: /home/victor/Caramelo_workspace/install/caramelo_one/share/caramelo_one/models/aws_robomaker_residential_NightStand_01/meshes/aws_NightStand_01_collision.DAE
[0.489s] -- Up-to-date symlink: /home/victor/Caramelo_workspace/install/caramelo_one/share/caramelo_one/models/aws_robomaker_residential_NightStand_01/meshes/aws_NightStand_01_visual.DAE
[0.489s] -- Up-to-date symlink: /home/victor/Caramelo_workspace/install/caramelo_one/share/caramelo_one/models/aws_robomaker_residential_NightStand_01/model.config
[0.489s] -- Up-to-date symlink: /home/victor/Caramelo_workspace/install/caramelo_one/share/caramelo_one/models/aws_robomaker_residential_NightStand_01/model.sdf
[0.489s] -- Up-to-date symlink: /home/victor/Caramelo_workspace/install/caramelo_one/share/caramelo_one/models/aws_robomaker_residential_Pillow_01/materials/textures/aws_Pillow_01.png
[0.490s] -- Up-to-date symlink: /home/victor/Caramelo_workspace/install/caramelo_one/share/caramelo_one/models/aws_robomaker_residential_Pillow_01/meshes/aws_Pillow_01_collision.DAE
[0.490s] -- Up-to-date symlink: /home/victor/Caramelo_workspace/install/caramelo_one/share/caramelo_one/models/aws_robomaker_residential_Pillow_01/meshes/aws_Pillow_01_visual.DAE
[0.490s] -- Up-to-date symlink: /home/victor/Caramelo_workspace/install/caramelo_one/share/caramelo_one/models/aws_robomaker_residential_Pillow_01/model.config
[0.490s] -- Up-to-date symlink: /home/victor/Caramelo_workspace/install/caramelo_one/share/caramelo_one/models/aws_robomaker_residential_Pillow_01/model.sdf
[0.490s] -- Up-to-date symlink: /home/victor/Caramelo_workspace/install/caramelo_one/share/caramelo_one/models/aws_robomaker_residential_PortraitA_01/materials/textures/aws_PortraitA_01.png
[0.490s] -- Up-to-date symlink: /home/victor/Caramelo_workspace/install/caramelo_one/share/caramelo_one/models/aws_robomaker_residential_PortraitA_01/materials/textures/aws_PortraitA_02.png
[0.490s] -- Up-to-date symlink: /home/victor/Caramelo_workspace/install/caramelo_one/share/caramelo_one/models/aws_robomaker_residential_PortraitA_01/meshes/aws_PortraitA_01_collision.DAE
[0.490s] -- Up-to-date symlink: /home/victor/Caramelo_workspace/install/caramelo_one/share/caramelo_one/models/aws_robomaker_residential_PortraitA_01/meshes/aws_PortraitA_01_visual.DAE
[0.491s] -- Up-to-date symlink: /home/victor/Caramelo_workspace/install/caramelo_one/share/caramelo_one/models/aws_robomaker_residential_PortraitA_01/model.config
[0.491s] -- Up-to-date symlink: /home/victor/Caramelo_workspace/install/caramelo_one/share/caramelo_one/models/aws_robomaker_residential_PortraitA_01/model.sdf
[0.491s] -- Up-to-date symlink: /home/victor/Caramelo_workspace/install/caramelo_one/share/caramelo_one/models/aws_robomaker_residential_PortraitA_02/materials/textures/aws_PortraitA_01.png
[0.491s] -- Up-to-date symlink: /home/victor/Caramelo_workspace/install/caramelo_one/share/caramelo_one/models/aws_robomaker_residential_PortraitA_02/materials/textures/aws_PortraitA_02.png
[0.491s] -- Up-to-date symlink: /home/victor/Caramelo_workspace/install/caramelo_one/share/caramelo_one/models/aws_robomaker_residential_PortraitA_02/meshes/aws_PortraitA_01_collision.DAE
[0.491s] -- Up-to-date symlink: /home/victor/Caramelo_workspace/install/caramelo_one/share/caramelo_one/models/aws_robomaker_residential_PortraitA_02/meshes/aws_PortraitA_01_visual.DAE
[0.491s] -- Up-to-date symlink: /home/victor/Caramelo_workspace/install/caramelo_one/share/caramelo_one/models/aws_robomaker_residential_PortraitA_02/model.config
[0.491s] -- Up-to-date symlink: /home/victor/Caramelo_workspace/install/caramelo_one/share/caramelo_one/models/aws_robomaker_residential_PortraitA_02/model.sdf
[0.492s] -- Up-to-date symlink: /home/victor/Caramelo_workspace/install/caramelo_one/share/caramelo_one/models/aws_robomaker_residential_PortraitB_01/materials/textures/aws_PortraitB_01.png
[0.492s] -- Up-to-date symlink: /home/victor/Caramelo_workspace/install/caramelo_one/share/caramelo_one/models/aws_robomaker_residential_PortraitB_01/materials/textures/aws_PortraitB_02.png
[0.492s] -- Up-to-date symlink: /home/victor/Caramelo_workspace/install/caramelo_one/share/caramelo_one/models/aws_robomaker_residential_PortraitB_01/meshes/aws_PortraitB_01_collision.DAE
[0.492s] -- Up-to-date symlink: /home/victor/Caramelo_workspace/install/caramelo_one/share/caramelo_one/models/aws_robomaker_residential_PortraitB_01/meshes/aws_PortraitB_01_visual.DAE
[0.492s] -- Up-to-date symlink: /home/victor/Caramelo_workspace/install/caramelo_one/share/caramelo_one/models/aws_robomaker_residential_PortraitB_01/model.config
[0.492s] -- Up-to-date symlink: /home/victor/Caramelo_workspace/install/caramelo_one/share/caramelo_one/models/aws_robomaker_residential_PortraitB_01/model.sdf
[0.492s] -- Up-to-date symlink: /home/victor/Caramelo_workspace/install/caramelo_one/share/caramelo_one/models/aws_robomaker_residential_PortraitB_02/materials/textures/aws_PortraitB_01.png
[0.492s] -- Up-to-date symlink: /home/victor/Caramelo_workspace/install/caramelo_one/share/caramelo_one/models/aws_robomaker_residential_PortraitB_02/materials/textures/aws_PortraitB_02.png
[0.493s] -- Up-to-date symlink: /home/victor/Caramelo_workspace/install/caramelo_one/share/caramelo_one/models/aws_robomaker_residential_PortraitB_02/meshes/aws_PortraitB_01_collision.DAE
[0.493s] -- Up-to-date symlink: /home/victor/Caramelo_workspace/install/caramelo_one/share/caramelo_one/models/aws_robomaker_residential_PortraitB_02/meshes/aws_PortraitB_01_visual.DAE
[0.493s] -- Up-to-date symlink: /home/victor/Caramelo_workspace/install/caramelo_one/share/caramelo_one/models/aws_robomaker_residential_PortraitB_02/model.config
[0.493s] -- Up-to-date symlink: /home/victor/Caramelo_workspace/install/caramelo_one/share/caramelo_one/models/aws_robomaker_residential_PortraitB_02/model.sdf
[0.493s] -- Up-to-date symlink: /home/victor/Caramelo_workspace/install/caramelo_one/share/caramelo_one/models/aws_robomaker_residential_PortraitB_03/materials/textures/aws_PortraitB_01.png
[0.493s] -- Up-to-date symlink: /home/victor/Caramelo_workspace/install/caramelo_one/share/caramelo_one/models/aws_robomaker_residential_PortraitB_03/materials/textures/aws_PortraitB_02.png
[0.493s] -- Up-to-date symlink: /home/victor/Caramelo_workspace/install/caramelo_one/share/caramelo_one/models/aws_robomaker_residential_PortraitB_03/meshes/aws_PortraitB_01_collision.DAE
[0.493s] -- Up-to-date symlink: /home/victor/Caramelo_workspace/install/caramelo_one/share/caramelo_one/models/aws_robomaker_residential_PortraitB_03/meshes/aws_PortraitB_01_visual.DAE
[0.494s] -- Up-to-date symlink: /home/victor/Caramelo_workspace/install/caramelo_one/share/caramelo_one/models/aws_robomaker_residential_PortraitB_03/model.config
[0.494s] -- Up-to-date symlink: /home/victor/Caramelo_workspace/install/caramelo_one/share/caramelo_one/models/aws_robomaker_residential_PortraitB_03/model.sdf
[0.494s] -- Up-to-date symlink: /home/victor/Caramelo_workspace/install/caramelo_one/share/caramelo_one/models/aws_robomaker_residential_PortraitC_01/materials/textures/aws_PortraitC_01.png
[0.494s] -- Up-to-date symlink: /home/victor/Caramelo_workspace/install/caramelo_one/share/caramelo_one/models/aws_robomaker_residential_PortraitC_01/materials/textures/aws_PortraitC_02.png
[0.494s] -- Up-to-date symlink: /home/victor/Caramelo_workspace/install/caramelo_one/share/caramelo_one/models/aws_robomaker_residential_PortraitC_01/meshes/aws_PortraitC_01_collision.DAE
[0.494s] -- Up-to-date symlink: /home/victor/Caramelo_workspace/install/caramelo_one/share/caramelo_one/models/aws_robomaker_residential_PortraitC_01/meshes/aws_PortraitC_01_visual.DAE
[0.494s] -- Up-to-date symlink: /home/victor/Caramelo_workspace/install/caramelo_one/share/caramelo_one/models/aws_robomaker_residential_PortraitC_01/model.config
[0.494s] -- Up-to-date symlink: /home/victor/Caramelo_workspace/install/caramelo_one/share/caramelo_one/models/aws_robomaker_residential_PortraitC_01/model.sdf
[0.495s] -- Up-to-date symlink: /home/victor/Caramelo_workspace/install/caramelo_one/share/caramelo_one/models/aws_robomaker_residential_PortraitD_01/materials/textures/aws_PortraitD_01.png
[0.495s] -- Up-to-date symlink: /home/victor/Caramelo_workspace/install/caramelo_one/share/caramelo_one/models/aws_robomaker_residential_PortraitD_01/materials/textures/aws_PortraitD_02.png
[0.495s] -- Up-to-date symlink: /home/victor/Caramelo_workspace/install/caramelo_one/share/caramelo_one/models/aws_robomaker_residential_PortraitD_01/meshes/aws_PortraitD_01_collision.DAE
[0.495s] -- Up-to-date symlink: /home/victor/Caramelo_workspace/install/caramelo_one/share/caramelo_one/models/aws_robomaker_residential_PortraitD_01/meshes/aws_PortraitD_01_visual.DAE
[0.495s] -- Up-to-date symlink: /home/victor/Caramelo_workspace/install/caramelo_one/share/caramelo_one/models/aws_robomaker_residential_PortraitD_01/model.config
[0.495s] -- Up-to-date symlink: /home/victor/Caramelo_workspace/install/caramelo_one/share/caramelo_one/models/aws_robomaker_residential_PortraitD_01/model.sdf
[0.495s] -- Up-to-date symlink: /home/victor/Caramelo_workspace/install/caramelo_one/share/caramelo_one/models/aws_robomaker_residential_PortraitD_02/materials/textures/aws_PortraitD_01.png
[0.495s] -- Up-to-date symlink: /home/victor/Caramelo_workspace/install/caramelo_one/share/caramelo_one/models/aws_robomaker_residential_PortraitD_02/materials/textures/aws_PortraitD_02.png
[0.496s] -- Up-to-date symlink: /home/victor/Caramelo_workspace/install/caramelo_one/share/caramelo_one/models/aws_robomaker_residential_PortraitD_02/meshes/aws_PortraitD_01_collision.DAE
[0.496s] -- Up-to-date symlink: /home/victor/Caramelo_workspace/install/caramelo_one/share/caramelo_one/models/aws_robomaker_residential_PortraitD_02/meshes/aws_PortraitD_01_visual.DAE
[0.496s] -- Up-to-date symlink: /home/victor/Caramelo_workspace/install/caramelo_one/share/caramelo_one/models/aws_robomaker_residential_PortraitD_02/model.config
[0.496s] -- Up-to-date symlink: /home/victor/Caramelo_workspace/install/caramelo_one/share/caramelo_one/models/aws_robomaker_residential_PortraitD_02/model.sdf
[0.496s] -- Up-to-date symlink: /home/victor/Caramelo_workspace/install/caramelo_one/share/caramelo_one/models/aws_robomaker_residential_PortraitE_01/materials/textures/aws_PortraitE_01.png
[0.496s] -- Up-to-date symlink: /home/victor/Caramelo_workspace/install/caramelo_one/share/caramelo_one/models/aws_robomaker_residential_PortraitE_01/materials/textures/aws_PortraitE_02.png
[0.496s] -- Up-to-date symlink: /home/victor/Caramelo_workspace/install/caramelo_one/share/caramelo_one/models/aws_robomaker_residential_PortraitE_01/meshes/aws_PortraitE_01_collision.DAE
[0.496s] -- Up-to-date symlink: /home/victor/Caramelo_workspace/install/caramelo_one/share/caramelo_one/models/aws_robomaker_residential_PortraitE_01/meshes/aws_PortraitE_01_visual.DAE
[0.497s] -- Up-to-date symlink: /home/victor/Caramelo_workspace/install/caramelo_one/share/caramelo_one/models/aws_robomaker_residential_PortraitE_01/model.config
[0.497s] -- Up-to-date symlink: /home/victor/Caramelo_workspace/install/caramelo_one/share/caramelo_one/models/aws_robomaker_residential_PortraitE_01/model.sdf
[0.497s] -- Up-to-date symlink: /home/victor/Caramelo_workspace/install/caramelo_one/share/caramelo_one/models/aws_robomaker_residential_PortraitE_02/materials/textures/aws_PortraitE_01.png
[0.497s] -- Up-to-date symlink: /home/victor/Caramelo_workspace/install/caramelo_one/share/caramelo_one/models/aws_robomaker_residential_PortraitE_02/materials/textures/aws_PortraitE_02.png
[0.497s] -- Up-to-date symlink: /home/victor/Caramelo_workspace/install/caramelo_one/share/caramelo_one/models/aws_robomaker_residential_PortraitE_02/meshes/aws_PortraitE_01_collision.DAE
[0.497s] -- Up-to-date symlink: /home/victor/Caramelo_workspace/install/caramelo_one/share/caramelo_one/models/aws_robomaker_residential_PortraitE_02/meshes/aws_PortraitE_01_visual.DAE
[0.497s] -- Up-to-date symlink: /home/victor/Caramelo_workspace/install/caramelo_one/share/caramelo_one/models/aws_robomaker_residential_PortraitE_02/model.config
[0.497s] -- Up-to-date symlink: /home/victor/Caramelo_workspace/install/caramelo_one/share/caramelo_one/models/aws_robomaker_residential_PortraitE_02/model.sdf
[0.498s] -- Up-to-date symlink: /home/victor/Caramelo_workspace/install/caramelo_one/share/caramelo_one/models/aws_robomaker_residential_Quilt_01/materials/textures/aws_Quilt_01.png
[0.498s] -- Up-to-date symlink: /home/victor/Caramelo_workspace/install/caramelo_one/share/caramelo_one/models/aws_robomaker_residential_Quilt_01/meshes/aws_Quilt_01_collision.DAE
[0.498s] -- Up-to-date symlink: /home/victor/Caramelo_workspace/install/caramelo_one/share/caramelo_one/models/aws_robomaker_residential_Quilt_01/meshes/aws_Quilt_01_visual.DAE
[0.498s] -- Up-to-date symlink: /home/victor/Caramelo_workspace/install/caramelo_one/share/caramelo_one/models/aws_robomaker_residential_Quilt_01/model.config
[0.498s] -- Up-to-date symlink: /home/victor/Caramelo_workspace/install/caramelo_one/share/caramelo_one/models/aws_robomaker_residential_Quilt_01/model.sdf
[0.498s] -- Up-to-date symlink: /home/victor/Caramelo_workspace/install/caramelo_one/share/caramelo_one/models/aws_robomaker_residential_Rangehood_01/materials/textures/aws_Rangehood_01.png
[0.498s] -- Up-to-date symlink: /home/victor/Caramelo_workspace/install/caramelo_one/share/caramelo_one/models/aws_robomaker_residential_Rangehood_01/meshes/aws_Rangehood_01_collision.DAE
[0.498s] -- Up-to-date symlink: /home/victor/Caramelo_workspace/install/caramelo_one/share/caramelo_one/models/aws_robomaker_residential_Rangehood_01/meshes/aws_Rangehood_01_visual.DAE
[0.499s] -- Up-to-date symlink: /home/victor/Caramelo_workspace/install/caramelo_one/share/caramelo_one/models/aws_robomaker_residential_Rangehood_01/model.config
[0.499s] -- Up-to-date symlink: /home/victor/Caramelo_workspace/install/caramelo_one/share/caramelo_one/models/aws_robomaker_residential_Rangehood_01/model.sdf
[0.499s] -- Up-to-date symlink: /home/victor/Caramelo_workspace/install/caramelo_one/share/caramelo_one/models/aws_robomaker_residential_ReadingDesk_01/materials/textures/aws_ReadingDesk_01.png
[0.499s] -- Up-to-date symlink: /home/victor/Caramelo_workspace/install/caramelo_one/share/caramelo_one/models/aws_robomaker_residential_ReadingDesk_01/meshes/aws_ReadingDesk_01_collision.DAE
[0.499s] -- Up-to-date symlink: /home/victor/Caramelo_workspace/install/caramelo_one/share/caramelo_one/models/aws_robomaker_residential_ReadingDesk_01/meshes/aws_ReadingDesk_01_visual.DAE
[0.499s] -- Up-to-date symlink: /home/victor/Caramelo_workspace/install/caramelo_one/share/caramelo_one/models/aws_robomaker_residential_ReadingDesk_01/model.config
[0.499s] -- Up-to-date symlink: /home/victor/Caramelo_workspace/install/caramelo_one/share/caramelo_one/models/aws_robomaker_residential_ReadingDesk_01/model.sdf
[0.499s] -- Up-to-date symlink: /home/victor/Caramelo_workspace/install/caramelo_one/share/caramelo_one/models/aws_robomaker_residential_Refrigerator_01/materials/textures/aws_Refrigerator_01.png
[0.500s] -- Up-to-date symlink: /home/victor/Caramelo_workspace/install/caramelo_one/share/caramelo_one/models/aws_robomaker_residential_Refrigerator_01/materials/textures/aws_Refrigerator_02.png
[0.500s] -- Up-to-date symlink: /home/victor/Caramelo_workspace/install/caramelo_one/share/caramelo_one/models/aws_robomaker_residential_Refrigerator_01/meshes/aws_Refrigerator_01.DAE
[0.500s] -- Up-to-date symlink: /home/victor/Caramelo_workspace/install/caramelo_one/share/caramelo_one/models/aws_robomaker_residential_Refrigerator_01/meshes/aws_Refrigerator_01_collision.DAE
[0.500s] -- Up-to-date symlink: /home/victor/Caramelo_workspace/install/caramelo_one/share/caramelo_one/models/aws_robomaker_residential_Refrigerator_01/meshes/aws_Refrigerator_01_visual.DAE
[0.500s] -- Up-to-date symlink: /home/victor/Caramelo_workspace/install/caramelo_one/share/caramelo_one/models/aws_robomaker_residential_Refrigerator_01/model.config
[0.500s] -- Up-to-date symlink: /home/victor/Caramelo_workspace/install/caramelo_one/share/caramelo_one/models/aws_robomaker_residential_Refrigerator_01/model.sdf
[0.500s] -- Up-to-date symlink: /home/victor/Caramelo_workspace/install/caramelo_one/share/caramelo_one/models/aws_robomaker_residential_RoomCeiling_01/materials/textures/aws_RoomCeiling_01.png
[0.500s] -- Up-to-date symlink: /home/victor/Caramelo_workspace/install/caramelo_one/share/caramelo_one/models/aws_robomaker_residential_RoomCeiling_01/meshes/aws_RoomCeiling_01_collision.DAE
[0.501s] -- Up-to-date symlink: /home/victor/Caramelo_workspace/install/caramelo_one/share/caramelo_one/models/aws_robomaker_residential_RoomCeiling_01/meshes/aws_RoomCeiling_01_visual.DAE
[0.501s] -- Up-to-date symlink: /home/victor/Caramelo_workspace/install/caramelo_one/share/caramelo_one/models/aws_robomaker_residential_RoomCeiling_01/model.config
[0.501s] -- Up-to-date symlink: /home/victor/Caramelo_workspace/install/caramelo_one/share/caramelo_one/models/aws_robomaker_residential_RoomCeiling_01/model.sdf
[0.501s] -- Up-to-date symlink: /home/victor/Caramelo_workspace/install/caramelo_one/share/caramelo_one/models/aws_robomaker_residential_RoomWall_01/materials/textures/aws_RoomWall_01.png
[0.501s] -- Up-to-date symlink: /home/victor/Caramelo_workspace/install/caramelo_one/share/caramelo_one/models/aws_robomaker_residential_RoomWall_01/meshes/aws_RoomWall_01_collision.DAE
[0.501s] -- Up-to-date symlink: /home/victor/Caramelo_workspace/install/caramelo_one/share/caramelo_one/models/aws_robomaker_residential_RoomWall_01/meshes/aws_RoomWall_01_visual.DAE
[0.501s] -- Up-to-date symlink: /home/victor/Caramelo_workspace/install/caramelo_one/share/caramelo_one/models/aws_robomaker_residential_RoomWall_01/model.config
[0.501s] -- Up-to-date symlink: /home/victor/Caramelo_workspace/install/caramelo_one/share/caramelo_one/models/aws_robomaker_residential_RoomWall_01/model.sdf
[0.502s] -- Up-to-date symlink: /home/victor/Caramelo_workspace/install/caramelo_one/share/caramelo_one/models/aws_robomaker_residential_RoomWindow_01/materials/textures/aws_RoomWindow_01.png
[0.502s] -- Up-to-date symlink: /home/victor/Caramelo_workspace/install/caramelo_one/share/caramelo_one/models/aws_robomaker_residential_RoomWindow_01/meshes/aws_RoomWindow_01_collision.DAE
[0.502s] -- Up-to-date symlink: /home/victor/Caramelo_workspace/install/caramelo_one/share/caramelo_one/models/aws_robomaker_residential_RoomWindow_01/meshes/aws_RoomWindow_01_visual.DAE
[0.502s] -- Up-to-date symlink: /home/victor/Caramelo_workspace/install/caramelo_one/share/caramelo_one/models/aws_robomaker_residential_RoomWindow_01/model.config
[0.502s] -- Up-to-date symlink: /home/victor/Caramelo_workspace/install/caramelo_one/share/caramelo_one/models/aws_robomaker_residential_RoomWindow_01/model.sdf
[0.502s] -- Up-to-date symlink: /home/victor/Caramelo_workspace/install/caramelo_one/share/caramelo_one/models/aws_robomaker_residential_SeasoningBox_01/materials/textures/aws_SeasoningBox_01.png
[0.502s] -- Up-to-date symlink: /home/victor/Caramelo_workspace/install/caramelo_one/share/caramelo_one/models/aws_robomaker_residential_SeasoningBox_01/meshes/aws_SeasoningBox_01_collision.DAE
[0.502s] -- Up-to-date symlink: /home/victor/Caramelo_workspace/install/caramelo_one/share/caramelo_one/models/aws_robomaker_residential_SeasoningBox_01/meshes/aws_SeasoningBox_01_visual.DAE
[0.503s] -- Up-to-date symlink: /home/victor/Caramelo_workspace/install/caramelo_one/share/caramelo_one/models/aws_robomaker_residential_SeasoningBox_01/model.config
[0.503s] -- Up-to-date symlink: /home/victor/Caramelo_workspace/install/caramelo_one/share/caramelo_one/models/aws_robomaker_residential_SeasoningBox_01/model.sdf
[0.503s] -- Up-to-date symlink: /home/victor/Caramelo_workspace/install/caramelo_one/share/caramelo_one/models/aws_robomaker_residential_SecurityCamera_01/materials/textures/aws_SecurityCamera_01.png
[0.503s] -- Up-to-date symlink: /home/victor/Caramelo_workspace/install/caramelo_one/share/caramelo_one/models/aws_robomaker_residential_SecurityCamera_01/meshes/aws_SecurityCamera_01_collision.DAE
[0.503s] -- Up-to-date symlink: /home/victor/Caramelo_workspace/install/caramelo_one/share/caramelo_one/models/aws_robomaker_residential_SecurityCamera_01/meshes/aws_SecurityCamera_01_visual.DAE
[0.503s] -- Up-to-date symlink: /home/victor/Caramelo_workspace/install/caramelo_one/share/caramelo_one/models/aws_robomaker_residential_SecurityCamera_01/model.config
[0.503s] -- Up-to-date symlink: /home/victor/Caramelo_workspace/install/caramelo_one/share/caramelo_one/models/aws_robomaker_residential_SecurityCamera_01/model.sdf
[0.504s] -- Up-to-date symlink: /home/victor/Caramelo_workspace/install/caramelo_one/share/caramelo_one/models/aws_robomaker_residential_ShoeRack_01/materials/textures/aws_ShoeRack_01.png
[0.504s] -- Up-to-date symlink: /home/victor/Caramelo_workspace/install/caramelo_one/share/caramelo_one/models/aws_robomaker_residential_ShoeRack_01/meshes/aws_ShoeRack_01_collision.DAE
[0.504s] -- Up-to-date symlink: /home/victor/Caramelo_workspace/install/caramelo_one/share/caramelo_one/models/aws_robomaker_residential_ShoeRack_01/meshes/aws_ShoeRack_01_visual.DAE
[0.504s] -- Up-to-date symlink: /home/victor/Caramelo_workspace/install/caramelo_one/share/caramelo_one/models/aws_robomaker_residential_ShoeRack_01/model.config
[0.504s] -- Up-to-date symlink: /home/victor/Caramelo_workspace/install/caramelo_one/share/caramelo_one/models/aws_robomaker_residential_ShoeRack_01/model.sdf
[0.504s] -- Up-to-date symlink: /home/victor/Caramelo_workspace/install/caramelo_one/share/caramelo_one/models/aws_robomaker_residential_SofaB_01/materials/textures/aws_SofaB_01.png
[0.504s] -- Up-to-date symlink: /home/victor/Caramelo_workspace/install/caramelo_one/share/caramelo_one/models/aws_robomaker_residential_SofaB_01/meshes/aws_SofaB_01_collision.DAE
[0.504s] -- Up-to-date symlink: /home/victor/Caramelo_workspace/install/caramelo_one/share/caramelo_one/models/aws_robomaker_residential_SofaB_01/meshes/aws_SofaB_01_visual.DAE
[0.505s] -- Up-to-date symlink: /home/victor/Caramelo_workspace/install/caramelo_one/share/caramelo_one/models/aws_robomaker_residential_SofaB_01/model.config
[0.505s] -- Up-to-date symlink: /home/victor/Caramelo_workspace/install/caramelo_one/share/caramelo_one/models/aws_robomaker_residential_SofaB_01/model.sdf
[0.505s] -- Up-to-date symlink: /home/victor/Caramelo_workspace/install/caramelo_one/share/caramelo_one/models/aws_robomaker_residential_SofaC_01/materials/textures/aws_SofaC_01.png
[0.505s] -- Up-to-date symlink: /home/victor/Caramelo_workspace/install/caramelo_one/share/caramelo_one/models/aws_robomaker_residential_SofaC_01/meshes/aws_SofaC_01_collision.DAE
[0.505s] -- Up-to-date symlink: /home/victor/Caramelo_workspace/install/caramelo_one/share/caramelo_one/models/aws_robomaker_residential_SofaC_01/meshes/aws_SofaC_01_visual.DAE
[0.505s] -- Up-to-date symlink: /home/victor/Caramelo_workspace/install/caramelo_one/share/caramelo_one/models/aws_robomaker_residential_SofaC_01/model.config
[0.505s] -- Up-to-date symlink: /home/victor/Caramelo_workspace/install/caramelo_one/share/caramelo_one/models/aws_robomaker_residential_SofaC_01/model.sdf
[0.505s] -- Up-to-date symlink: /home/victor/Caramelo_workspace/install/caramelo_one/share/caramelo_one/models/aws_robomaker_residential_Sofa_01/materials/textures/aws_Sofa_01.png
[0.505s] -- Up-to-date symlink: /home/victor/Caramelo_workspace/install/caramelo_one/share/caramelo_one/models/aws_robomaker_residential_Sofa_01/meshes/aws_Sofa_01.DAE
[0.506s] -- Up-to-date symlink: /home/victor/Caramelo_workspace/install/caramelo_one/share/caramelo_one/models/aws_robomaker_residential_Sofa_01/meshes/aws_Sofa_01_collision.DAE
[0.506s] -- Up-to-date symlink: /home/victor/Caramelo_workspace/install/caramelo_one/share/caramelo_one/models/aws_robomaker_residential_Sofa_01/meshes/aws_Sofa_01_visual.DAE
[0.506s] -- Up-to-date symlink: /home/victor/Caramelo_workspace/install/caramelo_one/share/caramelo_one/models/aws_robomaker_residential_Sofa_01/model.config
[0.506s] -- Up-to-date symlink: /home/victor/Caramelo_workspace/install/caramelo_one/share/caramelo_one/models/aws_robomaker_residential_Sofa_01/model.sdf
[0.506s] -- Up-to-date symlink: /home/victor/Caramelo_workspace/install/caramelo_one/share/caramelo_one/models/aws_robomaker_residential_TVCabinet_01/materials/textures/aws_TVCabinet_01.png
[0.506s] -- Up-to-date symlink: /home/victor/Caramelo_workspace/install/caramelo_one/share/caramelo_one/models/aws_robomaker_residential_TVCabinet_01/meshes/aws_TVCabinet_01_collision.DAE
[0.506s] -- Up-to-date symlink: /home/victor/Caramelo_workspace/install/caramelo_one/share/caramelo_one/models/aws_robomaker_residential_TVCabinet_01/meshes/aws_TVCabinet_01_visual.DAE
[0.507s] -- Up-to-date symlink: /home/victor/Caramelo_workspace/install/caramelo_one/share/caramelo_one/models/aws_robomaker_residential_TVCabinet_01/model.config
[0.507s] -- Up-to-date symlink: /home/victor/Caramelo_workspace/install/caramelo_one/share/caramelo_one/models/aws_robomaker_residential_TVCabinet_01/model.sdf
[0.507s] -- Up-to-date symlink: /home/victor/Caramelo_workspace/install/caramelo_one/share/caramelo_one/models/aws_robomaker_residential_TV_01/materials/textures/aws_TV_01.png
[0.507s] -- Up-to-date symlink: /home/victor/Caramelo_workspace/install/caramelo_one/share/caramelo_one/models/aws_robomaker_residential_TV_01/meshes/aws_TV_01_collision.DAE
[0.507s] -- Up-to-date symlink: /home/victor/Caramelo_workspace/install/caramelo_one/share/caramelo_one/models/aws_robomaker_residential_TV_01/meshes/aws_TV_01_visual.DAE
[0.507s] -- Up-to-date symlink: /home/victor/Caramelo_workspace/install/caramelo_one/share/caramelo_one/models/aws_robomaker_residential_TV_01/model.config
[0.507s] -- Up-to-date symlink: /home/victor/Caramelo_workspace/install/caramelo_one/share/caramelo_one/models/aws_robomaker_residential_TV_01/model.sdf
[0.507s] -- Up-to-date symlink: /home/victor/Caramelo_workspace/install/caramelo_one/share/caramelo_one/models/aws_robomaker_residential_TV_02/materials/textures/aws_TV_01.png
[0.508s] -- Up-to-date symlink: /home/victor/Caramelo_workspace/install/caramelo_one/share/caramelo_one/models/aws_robomaker_residential_TV_02/meshes/aws_TV_01_collision.DAE
[0.508s] -- Up-to-date symlink: /home/victor/Caramelo_workspace/install/caramelo_one/share/caramelo_one/models/aws_robomaker_residential_TV_02/meshes/aws_TV_01_visual.DAE
[0.508s] -- Up-to-date symlink: /home/victor/Caramelo_workspace/install/caramelo_one/share/caramelo_one/models/aws_robomaker_residential_TV_02/model.config
[0.508s] -- Up-to-date symlink: /home/victor/Caramelo_workspace/install/caramelo_one/share/caramelo_one/models/aws_robomaker_residential_TV_02/model.sdf
[0.508s] -- Up-to-date symlink: /home/victor/Caramelo_workspace/install/caramelo_one/share/caramelo_one/models/aws_robomaker_residential_Tablet_01/materials/textures/aws_Tablet_01_nologo.png
[0.508s] -- Up-to-date symlink: /home/victor/Caramelo_workspace/install/caramelo_one/share/caramelo_one/models/aws_robomaker_residential_Tablet_01/meshes/aws_Tablet_01_collision.DAE
[0.508s] -- Up-to-date symlink: /home/victor/Caramelo_workspace/install/caramelo_one/share/caramelo_one/models/aws_robomaker_residential_Tablet_01/meshes/aws_Tablet_01_visual.DAE
[0.508s] -- Up-to-date symlink: /home/victor/Caramelo_workspace/install/caramelo_one/share/caramelo_one/models/aws_robomaker_residential_Tablet_01/model.config
[0.509s] -- Up-to-date symlink: /home/victor/Caramelo_workspace/install/caramelo_one/share/caramelo_one/models/aws_robomaker_residential_Tablet_01/model.sdf
[0.509s] -- Up-to-date symlink: /home/victor/Caramelo_workspace/install/caramelo_one/share/caramelo_one/models/aws_robomaker_residential_Tableware_01/materials/textures/aws_Tableware_01.png
[0.509s] -- Up-to-date symlink: /home/victor/Caramelo_workspace/install/caramelo_one/share/caramelo_one/models/aws_robomaker_residential_Tableware_01/meshes/aws_Tableware_01_collision.DAE
[0.509s] -- Up-to-date symlink: /home/victor/Caramelo_workspace/install/caramelo_one/share/caramelo_one/models/aws_robomaker_residential_Tableware_01/meshes/aws_Tableware_01_visual.DAE
[0.509s] -- Up-to-date symlink: /home/victor/Caramelo_workspace/install/caramelo_one/share/caramelo_one/models/aws_robomaker_residential_Tableware_01/model.config
[0.509s] -- Up-to-date symlink: /home/victor/Caramelo_workspace/install/caramelo_one/share/caramelo_one/models/aws_robomaker_residential_Tableware_01/model.sdf
[0.509s] -- Up-to-date symlink: /home/victor/Caramelo_workspace/install/caramelo_one/share/caramelo_one/models/aws_robomaker_residential_Trash_01/materials/textures/aws_Trash_01.png
[0.509s] -- Up-to-date symlink: /home/victor/Caramelo_workspace/install/caramelo_one/share/caramelo_one/models/aws_robomaker_residential_Trash_01/meshes/aws_Trash_01_collision.DAE
[0.510s] -- Up-to-date symlink: /home/victor/Caramelo_workspace/install/caramelo_one/share/caramelo_one/models/aws_robomaker_residential_Trash_01/meshes/aws_Trash_01_visual.DAE
[0.510s] -- Up-to-date symlink: /home/victor/Caramelo_workspace/install/caramelo_one/share/caramelo_one/models/aws_robomaker_residential_Trash_01/model.config
[0.510s] -- Up-to-date symlink: /home/victor/Caramelo_workspace/install/caramelo_one/share/caramelo_one/models/aws_robomaker_residential_Trash_01/model.sdf
[0.510s] -- Up-to-date symlink: /home/victor/Caramelo_workspace/install/caramelo_one/share/caramelo_one/models/aws_robomaker_residential_Vase_01/materials/textures/aws_Vase_01.png
[0.510s] -- Up-to-date symlink: /home/victor/Caramelo_workspace/install/caramelo_one/share/caramelo_one/models/aws_robomaker_residential_Vase_01/meshes/aws_Vase_01_collision.DAE
[0.510s] -- Up-to-date symlink: /home/victor/Caramelo_workspace/install/caramelo_one/share/caramelo_one/models/aws_robomaker_residential_Vase_01/meshes/aws_Vase_01_visual.DAE
[0.510s] -- Up-to-date symlink: /home/victor/Caramelo_workspace/install/caramelo_one/share/caramelo_one/models/aws_robomaker_residential_Vase_01/model.config
[0.510s] -- Up-to-date symlink: /home/victor/Caramelo_workspace/install/caramelo_one/share/caramelo_one/models/aws_robomaker_residential_Vase_01/model.sdf
[0.511s] -- Up-to-date symlink: /home/victor/Caramelo_workspace/install/caramelo_one/share/caramelo_one/models/aws_robomaker_residential_Wardrobe_01/materials/textures/aws_Wardrobe_01.png
[0.511s] -- Up-to-date symlink: /home/victor/Caramelo_workspace/install/caramelo_one/share/caramelo_one/models/aws_robomaker_residential_Wardrobe_01/meshes/aws_Wardrobe_01_collision.DAE
[0.511s] -- Up-to-date symlink: /home/victor/Caramelo_workspace/install/caramelo_one/share/caramelo_one/models/aws_robomaker_residential_Wardrobe_01/meshes/aws_Wardrobe_01_visual.DAE
[0.511s] -- Up-to-date symlink: /home/victor/Caramelo_workspace/install/caramelo_one/share/caramelo_one/models/aws_robomaker_residential_Wardrobe_01/model.config
[0.511s] -- Up-to-date symlink: /home/victor/Caramelo_workspace/install/caramelo_one/share/caramelo_one/models/aws_robomaker_residential_Wardrobe_01/model.sdf
[0.511s] -- Up-to-date symlink: /home/victor/Caramelo_workspace/install/caramelo_one/share/caramelo_one/models/aws_robomaker_warehouse_Bucket_01/.DS_Store
[0.511s] -- Up-to-date symlink: /home/victor/Caramelo_workspace/install/caramelo_one/share/caramelo_one/models/aws_robomaker_warehouse_Bucket_01/materials/.DS_Store
[0.511s] -- Up-to-date symlink: /home/victor/Caramelo_workspace/install/caramelo_one/share/caramelo_one/models/aws_robomaker_warehouse_Bucket_01/materials/textures/aws_robomaker_warehouse_Bucket_01.png
[0.511s] -- Up-to-date symlink: /home/victor/Caramelo_workspace/install/caramelo_one/share/caramelo_one/models/aws_robomaker_warehouse_Bucket_01/meshes/aws_robomaker_warehouse_Bucket_01_collision.DAE
[0.512s] -- Up-to-date symlink: /home/victor/Caramelo_workspace/install/caramelo_one/share/caramelo_one/models/aws_robomaker_warehouse_Bucket_01/meshes/aws_robomaker_warehouse_Bucket_01_visual.DAE
[0.512s] -- Up-to-date symlink: /home/victor/Caramelo_workspace/install/caramelo_one/share/caramelo_one/models/aws_robomaker_warehouse_Bucket_01/model.config
[0.512s] -- Up-to-date symlink: /home/victor/Caramelo_workspace/install/caramelo_one/share/caramelo_one/models/aws_robomaker_warehouse_Bucket_01/model.sdf
[0.512s] -- Up-to-date symlink: /home/victor/Caramelo_workspace/install/caramelo_one/share/caramelo_one/models/aws_robomaker_warehouse_ClutteringA_01/.DS_Store
[0.512s] -- Up-to-date symlink: /home/victor/Caramelo_workspace/install/caramelo_one/share/caramelo_one/models/aws_robomaker_warehouse_ClutteringA_01/materials/.DS_Store
[0.512s] -- Up-to-date symlink: /home/victor/Caramelo_workspace/install/caramelo_one/share/caramelo_one/models/aws_robomaker_warehouse_ClutteringA_01/materials/textures/.DS_Store
[0.512s] -- Up-to-date symlink: /home/victor/Caramelo_workspace/install/caramelo_one/share/caramelo_one/models/aws_robomaker_warehouse_ClutteringA_01/materials/textures/aws_robomaker_warehouse_ClutteringA_01.png
[0.512s] -- Up-to-date symlink: /home/victor/Caramelo_workspace/install/caramelo_one/share/caramelo_one/models/aws_robomaker_warehouse_ClutteringA_01/materials/textures/aws_robomaker_warehouse_ClutteringA_02.png
[0.513s] -- Up-to-date symlink: /home/victor/Caramelo_workspace/install/caramelo_one/share/caramelo_one/models/aws_robomaker_warehouse_ClutteringA_01/materials/textures/aws_robomaker_warehouse_ClutteringA_03.png
[0.513s] -- Up-to-date symlink: /home/victor/Caramelo_workspace/install/caramelo_one/share/caramelo_one/models/aws_robomaker_warehouse_ClutteringA_01/meshes/aws_robomaker_warehouse_ClutteringA_01_collision.DAE
[0.513s] -- Up-to-date symlink: /home/victor/Caramelo_workspace/install/caramelo_one/share/caramelo_one/models/aws_robomaker_warehouse_ClutteringA_01/meshes/aws_robomaker_warehouse_ClutteringA_01_visual.DAE
[0.513s] -- Up-to-date symlink: /home/victor/Caramelo_workspace/install/caramelo_one/share/caramelo_one/models/aws_robomaker_warehouse_ClutteringA_01/model.config
[0.513s] -- Up-to-date symlink: /home/victor/Caramelo_workspace/install/caramelo_one/share/caramelo_one/models/aws_robomaker_warehouse_ClutteringA_01/model.sdf
[0.513s] -- Up-to-date symlink: /home/victor/Caramelo_workspace/install/caramelo_one/share/caramelo_one/models/aws_robomaker_warehouse_ClutteringC_01/materials/textures/aws_robomaker_warehouse_ClutteringC_01.png
[0.513s] -- Up-to-date symlink: /home/victor/Caramelo_workspace/install/caramelo_one/share/caramelo_one/models/aws_robomaker_warehouse_ClutteringC_01/materials/textures/aws_robomaker_warehouse_ClutteringC_02.png
[0.514s] -- Up-to-date symlink: /home/victor/Caramelo_workspace/install/caramelo_one/share/caramelo_one/models/aws_robomaker_warehouse_ClutteringC_01/meshes/aws_robomaker_warehouse_ClutteringC_01_collision.DAE
[0.514s] -- Up-to-date symlink: /home/victor/Caramelo_workspace/install/caramelo_one/share/caramelo_one/models/aws_robomaker_warehouse_ClutteringC_01/meshes/aws_robomaker_warehouse_ClutteringC_01_visual.DAE
[0.514s] -- Up-to-date symlink: /home/victor/Caramelo_workspace/install/caramelo_one/share/caramelo_one/models/aws_robomaker_warehouse_ClutteringC_01/model.config
[0.514s] -- Up-to-date symlink: /home/victor/Caramelo_workspace/install/caramelo_one/share/caramelo_one/models/aws_robomaker_warehouse_ClutteringC_01/model.sdf
[0.514s] -- Up-to-date symlink: /home/victor/Caramelo_workspace/install/caramelo_one/share/caramelo_one/models/aws_robomaker_warehouse_ClutteringD_01/materials/textures/aws_robomaker_warehouse_ClutteringD_01.png
[0.514s] -- Up-to-date symlink: /home/victor/Caramelo_workspace/install/caramelo_one/share/caramelo_one/models/aws_robomaker_warehouse_ClutteringD_01/materials/textures/aws_robomaker_warehouse_ClutteringD_02.png
[0.514s] -- Up-to-date symlink: /home/victor/Caramelo_workspace/install/caramelo_one/share/caramelo_one/models/aws_robomaker_warehouse_ClutteringD_01/meshes/aws_robomaker_warehouse_ClutteringD_01_collision.DAE
[0.514s] -- Up-to-date symlink: /home/victor/Caramelo_workspace/install/caramelo_one/share/caramelo_one/models/aws_robomaker_warehouse_ClutteringD_01/meshes/aws_robomaker_warehouse_ClutteringD_01_visual.DAE
[0.515s] -- Up-to-date symlink: /home/victor/Caramelo_workspace/install/caramelo_one/share/caramelo_one/models/aws_robomaker_warehouse_ClutteringD_01/model.config
[0.515s] -- Up-to-date symlink: /home/victor/Caramelo_workspace/install/caramelo_one/share/caramelo_one/models/aws_robomaker_warehouse_ClutteringD_01/model.sdf
[0.515s] -- Up-to-date symlink: /home/victor/Caramelo_workspace/install/caramelo_one/share/caramelo_one/models/aws_robomaker_warehouse_DeskC_01/materials/.DS_Store
[0.515s] -- Up-to-date symlink: /home/victor/Caramelo_workspace/install/caramelo_one/share/caramelo_one/models/aws_robomaker_warehouse_DeskC_01/materials/textures/aws_robomaker_warehouse_DeskC_01.png
[0.515s] -- Up-to-date symlink: /home/victor/Caramelo_workspace/install/caramelo_one/share/caramelo_one/models/aws_robomaker_warehouse_DeskC_01/materials/textures/aws_robomaker_warehouse_DeskC_02.png
[0.515s] -- Up-to-date symlink: /home/victor/Caramelo_workspace/install/caramelo_one/share/caramelo_one/models/aws_robomaker_warehouse_DeskC_01/materials/textures/aws_robomaker_warehouse_DeskC_03.png
[0.515s] -- Up-to-date symlink: /home/victor/Caramelo_workspace/install/caramelo_one/share/caramelo_one/models/aws_robomaker_warehouse_DeskC_01/materials/textures/aws_robomaker_warehouse_DeskC_03.psd
[0.515s] -- Up-to-date symlink: /home/victor/Caramelo_workspace/install/caramelo_one/share/caramelo_one/models/aws_robomaker_warehouse_DeskC_01/materials/textures/aws_robomaker_warehouse_DeskC_04.png
[0.516s] -- Up-to-date symlink: /home/victor/Caramelo_workspace/install/caramelo_one/share/caramelo_one/models/aws_robomaker_warehouse_DeskC_01/meshes/aws_robomaker_warehouse_DeskC_01_collision.DAE
[0.516s] -- Up-to-date symlink: /home/victor/Caramelo_workspace/install/caramelo_one/share/caramelo_one/models/aws_robomaker_warehouse_DeskC_01/meshes/aws_robomaker_warehouse_DeskC_01_visual.DAE
[0.516s] -- Up-to-date symlink: /home/victor/Caramelo_workspace/install/caramelo_one/share/caramelo_one/models/aws_robomaker_warehouse_DeskC_01/model.config
[0.516s] -- Up-to-date symlink: /home/victor/Caramelo_workspace/install/caramelo_one/share/caramelo_one/models/aws_robomaker_warehouse_DeskC_01/model.sdf
[0.516s] -- Up-to-date symlink: /home/victor/Caramelo_workspace/install/caramelo_one/share/caramelo_one/models/aws_robomaker_warehouse_GroundB_01/materials/textures/aws_robomaker_warehouse_GroundB_01.png
[0.516s] -- Up-to-date symlink: /home/victor/Caramelo_workspace/install/caramelo_one/share/caramelo_one/models/aws_robomaker_warehouse_GroundB_01/materials/textures/aws_robomaker_warehouse_GroundB_02.png
[0.516s] -- Up-to-date symlink: /home/victor/Caramelo_workspace/install/caramelo_one/share/caramelo_one/models/aws_robomaker_warehouse_GroundB_01/meshes/aws_robomaker_warehouse_GroundB_01_collision.DAE
[0.516s] -- Up-to-date symlink: /home/victor/Caramelo_workspace/install/caramelo_one/share/caramelo_one/models/aws_robomaker_warehouse_GroundB_01/meshes/aws_robomaker_warehouse_GroundB_01_visual.DAE
[0.517s] -- Up-to-date symlink: /home/victor/Caramelo_workspace/install/caramelo_one/share/caramelo_one/models/aws_robomaker_warehouse_GroundB_01/model.config
[0.517s] -- Up-to-date symlink: /home/victor/Caramelo_workspace/install/caramelo_one/share/caramelo_one/models/aws_robomaker_warehouse_GroundB_01/model.sdf
[0.517s] -- Up-to-date symlink: /home/victor/Caramelo_workspace/install/caramelo_one/share/caramelo_one/models/aws_robomaker_warehouse_Lamp_01/materials/textures/aws_robomaker_warehouse_Lamp_01.png
[0.517s] -- Up-to-date symlink: /home/victor/Caramelo_workspace/install/caramelo_one/share/caramelo_one/models/aws_robomaker_warehouse_Lamp_01/meshes/aws_robomaker_warehouse_Lamp_01_collision.DAE
[0.517s] -- Up-to-date symlink: /home/victor/Caramelo_workspace/install/caramelo_one/share/caramelo_one/models/aws_robomaker_warehouse_Lamp_01/meshes/aws_robomaker_warehouse_Lamp_01_visual.DAE
[0.517s] -- Up-to-date symlink: /home/victor/Caramelo_workspace/install/caramelo_one/share/caramelo_one/models/aws_robomaker_warehouse_Lamp_01/model.config
[0.517s] -- Up-to-date symlink: /home/victor/Caramelo_workspace/install/caramelo_one/share/caramelo_one/models/aws_robomaker_warehouse_Lamp_01/model.sdf
[0.517s] -- Up-to-date symlink: /home/victor/Caramelo_workspace/install/caramelo_one/share/caramelo_one/models/aws_robomaker_warehouse_PalletJackB_01/.DS_Store
[0.518s] -- Up-to-date symlink: /home/victor/Caramelo_workspace/install/caramelo_one/share/caramelo_one/models/aws_robomaker_warehouse_PalletJackB_01/materials/.DS_Store
[0.518s] -- Up-to-date symlink: /home/victor/Caramelo_workspace/install/caramelo_one/share/caramelo_one/models/aws_robomaker_warehouse_PalletJackB_01/materials/textures/aws_robomaker_warehouse_PalletJackB_01.png
[0.518s] -- Up-to-date symlink: /home/victor/Caramelo_workspace/install/caramelo_one/share/caramelo_one/models/aws_robomaker_warehouse_PalletJackB_01/materials/textures/aws_robomaker_warehouse_PalletJackB_02.png
[0.518s] -- Up-to-date symlink: /home/victor/Caramelo_workspace/install/caramelo_one/share/caramelo_one/models/aws_robomaker_warehouse_PalletJackB_01/meshes/aws_robomaker_warehouse_PalletJackB_01_collision.DAE
[0.518s] -- Up-to-date symlink: /home/victor/Caramelo_workspace/install/caramelo_one/share/caramelo_one/models/aws_robomaker_warehouse_PalletJackB_01/meshes/aws_robomaker_warehouse_PalletJackB_01_visual.DAE
[0.518s] -- Up-to-date symlink: /home/victor/Caramelo_workspace/install/caramelo_one/share/caramelo_one/models/aws_robomaker_warehouse_PalletJackB_01/model.config
[0.518s] -- Up-to-date symlink: /home/victor/Caramelo_workspace/install/caramelo_one/share/caramelo_one/models/aws_robomaker_warehouse_PalletJackB_01/model.sdf
[0.518s] -- Up-to-date symlink: /home/victor/Caramelo_workspace/install/caramelo_one/share/caramelo_one/models/aws_robomaker_warehouse_RoofB_01/materials/textures/aws_robomaker_warehouse_RoofB_01.png
[0.519s] -- Up-to-date symlink: /home/victor/Caramelo_workspace/install/caramelo_one/share/caramelo_one/models/aws_robomaker_warehouse_RoofB_01/meshes/aws_robomaker_warehouse_RoofB_01_collision.DAE
[0.519s] -- Up-to-date symlink: /home/victor/Caramelo_workspace/install/caramelo_one/share/caramelo_one/models/aws_robomaker_warehouse_RoofB_01/meshes/aws_robomaker_warehouse_RoofB_01_visual.DAE
[0.519s] -- Up-to-date symlink: /home/victor/Caramelo_workspace/install/caramelo_one/share/caramelo_one/models/aws_robomaker_warehouse_RoofB_01/model.config
[0.519s] -- Up-to-date symlink: /home/victor/Caramelo_workspace/install/caramelo_one/share/caramelo_one/models/aws_robomaker_warehouse_RoofB_01/model.sdf
[0.519s] -- Up-to-date symlink: /home/victor/Caramelo_workspace/install/caramelo_one/share/caramelo_one/models/aws_robomaker_warehouse_ShelfD_01/materials/textures/aws_robomaker_warehouse_ShelfD_01.png
[0.519s] -- Up-to-date symlink: /home/victor/Caramelo_workspace/install/caramelo_one/share/caramelo_one/models/aws_robomaker_warehouse_ShelfD_01/materials/textures/aws_robomaker_warehouse_ShelfD_02.png
[0.519s] -- Up-to-date symlink: /home/victor/Caramelo_workspace/install/caramelo_one/share/caramelo_one/models/aws_robomaker_warehouse_ShelfD_01/materials/textures/aws_robomaker_warehouse_ShelfD_03.png
[0.519s] -- Up-to-date symlink: /home/victor/Caramelo_workspace/install/caramelo_one/share/caramelo_one/models/aws_robomaker_warehouse_ShelfD_01/materials/textures/aws_robomaker_warehouse_ShelfD_04.png
[0.520s] -- Up-to-date symlink: /home/victor/Caramelo_workspace/install/caramelo_one/share/caramelo_one/models/aws_robomaker_warehouse_ShelfD_01/meshes/aws_robomaker_warehouse_ShelfD_01_collision.DAE
[0.520s] -- Up-to-date symlink: /home/victor/Caramelo_workspace/install/caramelo_one/share/caramelo_one/models/aws_robomaker_warehouse_ShelfD_01/meshes/aws_robomaker_warehouse_ShelfD_01_visual.DAE
[0.520s] -- Up-to-date symlink: /home/victor/Caramelo_workspace/install/caramelo_one/share/caramelo_one/models/aws_robomaker_warehouse_ShelfD_01/model.config
[0.520s] -- Up-to-date symlink: /home/victor/Caramelo_workspace/install/caramelo_one/share/caramelo_one/models/aws_robomaker_warehouse_ShelfD_01/model.sdf
[0.520s] -- Up-to-date symlink: /home/victor/Caramelo_workspace/install/caramelo_one/share/caramelo_one/models/aws_robomaker_warehouse_ShelfE_01/.DS_Store
[0.520s] -- Up-to-date symlink: /home/victor/Caramelo_workspace/install/caramelo_one/share/caramelo_one/models/aws_robomaker_warehouse_ShelfE_01/materials/.DS_Store
[0.520s] -- Up-to-date symlink: /home/victor/Caramelo_workspace/install/caramelo_one/share/caramelo_one/models/aws_robomaker_warehouse_ShelfE_01/materials/textures/aws_robomaker_warehouse_ShelfE_01.png
[0.521s] -- Up-to-date symlink: /home/victor/Caramelo_workspace/install/caramelo_one/share/caramelo_one/models/aws_robomaker_warehouse_ShelfE_01/materials/textures/aws_robomaker_warehouse_ShelfE_02.png
[0.521s] -- Up-to-date symlink: /home/victor/Caramelo_workspace/install/caramelo_one/share/caramelo_one/models/aws_robomaker_warehouse_ShelfE_01/materials/textures/aws_robomaker_warehouse_ShelfE_03.png
[0.521s] -- Up-to-date symlink: /home/victor/Caramelo_workspace/install/caramelo_one/share/caramelo_one/models/aws_robomaker_warehouse_ShelfE_01/materials/textures/aws_robomaker_warehouse_ShelfE_04.png
[0.521s] -- Up-to-date symlink: /home/victor/Caramelo_workspace/install/caramelo_one/share/caramelo_one/models/aws_robomaker_warehouse_ShelfE_01/meshes/aws_robomaker_warehouse_ShelfE_01_collision.DAE
[0.521s] -- Up-to-date symlink: /home/victor/Caramelo_workspace/install/caramelo_one/share/caramelo_one/models/aws_robomaker_warehouse_ShelfE_01/meshes/aws_robomaker_warehouse_ShelfE_01_visual.DAE
[0.521s] -- Up-to-date symlink: /home/victor/Caramelo_workspace/install/caramelo_one/share/caramelo_one/models/aws_robomaker_warehouse_ShelfE_01/model.config
[0.521s] -- Up-to-date symlink: /home/victor/Caramelo_workspace/install/caramelo_one/share/caramelo_one/models/aws_robomaker_warehouse_ShelfE_01/model.sdf
[0.521s] -- Up-to-date symlink: /home/victor/Caramelo_workspace/install/caramelo_one/share/caramelo_one/models/aws_robomaker_warehouse_ShelfF_01/materials/textures/aws_robomaker_warehouse_ShelfF_01.png
[0.522s] -- Up-to-date symlink: /home/victor/Caramelo_workspace/install/caramelo_one/share/caramelo_one/models/aws_robomaker_warehouse_ShelfF_01/materials/textures/aws_robomaker_warehouse_ShelfF_02.png
[0.522s] -- Up-to-date symlink: /home/victor/Caramelo_workspace/install/caramelo_one/share/caramelo_one/models/aws_robomaker_warehouse_ShelfF_01/materials/textures/aws_robomaker_warehouse_ShelfF_03.png
[0.522s] -- Up-to-date symlink: /home/victor/Caramelo_workspace/install/caramelo_one/share/caramelo_one/models/aws_robomaker_warehouse_ShelfF_01/meshes/aws_robomaker_warehouse_ShelfF_01_collision.DAE
[0.522s] -- Up-to-date symlink: /home/victor/Caramelo_workspace/install/caramelo_one/share/caramelo_one/models/aws_robomaker_warehouse_ShelfF_01/meshes/aws_robomaker_warehouse_ShelfF_01_visual.DAE
[0.522s] -- Up-to-date symlink: /home/victor/Caramelo_workspace/install/caramelo_one/share/caramelo_one/models/aws_robomaker_warehouse_ShelfF_01/model.config
[0.522s] -- Up-to-date symlink: /home/victor/Caramelo_workspace/install/caramelo_one/share/caramelo_one/models/aws_robomaker_warehouse_ShelfF_01/model.sdf
[0.522s] -- Up-to-date symlink: /home/victor/Caramelo_workspace/install/caramelo_one/share/caramelo_one/models/aws_robomaker_warehouse_TrashCanC_01/materials/textures/aws_robomaker_warehouse_TrashCanC_01.png
[0.523s] -- Up-to-date symlink: /home/victor/Caramelo_workspace/install/caramelo_one/share/caramelo_one/models/aws_robomaker_warehouse_TrashCanC_01/meshes/aws_robomaker_warehouse_TrashCanC_01_collision.DAE
[0.523s] -- Up-to-date symlink: /home/victor/Caramelo_workspace/install/caramelo_one/share/caramelo_one/models/aws_robomaker_warehouse_TrashCanC_01/meshes/aws_robomaker_warehouse_TrashCanC_01_visual.DAE
[0.523s] -- Up-to-date symlink: /home/victor/Caramelo_workspace/install/caramelo_one/share/caramelo_one/models/aws_robomaker_warehouse_TrashCanC_01/model.config
[0.523s] -- Up-to-date symlink: /home/victor/Caramelo_workspace/install/caramelo_one/share/caramelo_one/models/aws_robomaker_warehouse_TrashCanC_01/model.sdf
[0.523s] -- Up-to-date symlink: /home/victor/Caramelo_workspace/install/caramelo_one/share/caramelo_one/models/aws_robomaker_warehouse_WallB_01/materials/textures/aws_robomaker_warehouse_WallB_01.png
[0.523s] -- Up-to-date symlink: /home/victor/Caramelo_workspace/install/caramelo_one/share/caramelo_one/models/aws_robomaker_warehouse_WallB_01/meshes/aws_robomaker_warehouse_WallB_01_collision.DAE
[0.523s] -- Up-to-date symlink: /home/victor/Caramelo_workspace/install/caramelo_one/share/caramelo_one/models/aws_robomaker_warehouse_WallB_01/meshes/aws_robomaker_warehouse_WallB_01_visual.DAE
[0.523s] -- Up-to-date symlink: /home/victor/Caramelo_workspace/install/caramelo_one/share/caramelo_one/models/aws_robomaker_warehouse_WallB_01/model.config
[0.523s] -- Up-to-date symlink: /home/victor/Caramelo_workspace/install/caramelo_one/share/caramelo_one/models/aws_robomaker_warehouse_WallB_01/model.sdf
[0.524s] -- Up-to-date symlink: /home/victor/Caramelo_workspace/install/caramelo_one/share/caramelo_one/photos/DeskPortraitA_01.jpg
[0.524s] -- Up-to-date symlink: /home/victor/Caramelo_workspace/install/caramelo_one/share/caramelo_one/photos/DeskPortraitA_02.jpg
[0.524s] -- Up-to-date symlink: /home/victor/Caramelo_workspace/install/caramelo_one/share/caramelo_one/photos/DeskPortraitB_01.jpg
[0.524s] -- Up-to-date symlink: /home/victor/Caramelo_workspace/install/caramelo_one/share/caramelo_one/photos/DeskPortraitB_02.jpg
[0.524s] -- Up-to-date symlink: /home/victor/Caramelo_workspace/install/caramelo_one/share/caramelo_one/photos/DeskPortraitC_01.jpg
[0.524s] -- Up-to-date symlink: /home/victor/Caramelo_workspace/install/caramelo_one/share/caramelo_one/photos/DeskPortraitC_02.jpg
[0.525s] -- Up-to-date symlink: /home/victor/Caramelo_workspace/install/caramelo_one/share/caramelo_one/photos/DeskPortraitD_01.jpg
[0.525s] -- Up-to-date symlink: /home/victor/Caramelo_workspace/install/caramelo_one/share/caramelo_one/photos/DeskPortraitD_02.jpg
[0.525s] -- Up-to-date symlink: /home/victor/Caramelo_workspace/install/caramelo_one/share/caramelo_one/photos/DeskPortraitD_03.jpg
[0.525s] -- Up-to-date symlink: /home/victor/Caramelo_workspace/install/caramelo_one/share/caramelo_one/photos/DeskPortraitD_04.jpg
[0.525s] -- Up-to-date symlink: /home/victor/Caramelo_workspace/install/caramelo_one/share/caramelo_one/photos/PortraitA_01.jpg
[0.525s] -- Up-to-date symlink: /home/victor/Caramelo_workspace/install/caramelo_one/share/caramelo_one/photos/PortraitA_02.jpg
[0.525s] -- Up-to-date symlink: /home/victor/Caramelo_workspace/install/caramelo_one/share/caramelo_one/photos/PortraitB_01.jpg
[0.525s] -- Up-to-date symlink: /home/victor/Caramelo_workspace/install/caramelo_one/share/caramelo_one/photos/PortraitB_02.jpg
[0.525s] -- Up-to-date symlink: /home/victor/Caramelo_workspace/install/caramelo_one/share/caramelo_one/photos/PortraitB_03.jpg
[0.526s] -- Up-to-date symlink: /home/victor/Caramelo_workspace/install/caramelo_one/share/caramelo_one/photos/PortraitC_01.jpg
[0.526s] -- Up-to-date symlink: /home/victor/Caramelo_workspace/install/caramelo_one/share/caramelo_one/photos/PortraitD_01.jpg
[0.526s] -- Up-to-date symlink: /home/victor/Caramelo_workspace/install/caramelo_one/share/caramelo_one/photos/PortraitD_02.jpg
[0.526s] -- Up-to-date symlink: /home/victor/Caramelo_workspace/install/caramelo_one/share/caramelo_one/photos/PortraitE_01.jpg
[0.526s] -- Up-to-date symlink: /home/victor/Caramelo_workspace/install/caramelo_one/share/caramelo_one/photos/PortraitE_02.jpg
[0.526s] -- Up-to-date symlink: /home/victor/Caramelo_workspace/install/caramelo_one/share/ament_index/resource_index/package_run_dependencies/caramelo_one
[0.526s] -- Up-to-date symlink: /home/victor/Caramelo_workspace/install/caramelo_one/share/ament_index/resource_index/parent_prefix_path/caramelo_one
[0.527s] -- Up-to-date symlink: /home/victor/Caramelo_workspace/install/caramelo_one/share/caramelo_one/environment/ament_prefix_path.sh
[0.527s] -- Up-to-date symlink: /home/victor/Caramelo_workspace/install/caramelo_one/share/caramelo_one/environment/ament_prefix_path.dsv
[0.527s] -- Up-to-date symlink: /home/victor/Caramelo_workspace/install/caramelo_one/share/caramelo_one/environment/path.sh
[0.527s] -- Up-to-date symlink: /home/victor/Caramelo_workspace/install/caramelo_one/share/caramelo_one/environment/path.dsv
[0.527s] -- Up-to-date symlink: /home/victor/Caramelo_workspace/install/caramelo_one/share/caramelo_one/local_setup.bash
[0.528s] -- Up-to-date symlink: /home/victor/Caramelo_workspace/install/caramelo_one/share/caramelo_one/local_setup.sh
[0.528s] -- Up-to-date symlink: /home/victor/Caramelo_workspace/install/caramelo_one/share/caramelo_one/local_setup.zsh
[0.528s] -- Up-to-date symlink: /home/victor/Caramelo_workspace/install/caramelo_one/share/caramelo_one/local_setup.dsv
[0.528s] -- Symlinking: /home/victor/Caramelo_workspace/install/caramelo_one/share/caramelo_one/package.dsv
[0.537s] -- Up-to-date symlink: /home/victor/Caramelo_workspace/install/caramelo_one/share/ament_index/resource_index/packages/caramelo_one
[0.537s] -- Up-to-date symlink: /home/victor/Caramelo_workspace/install/caramelo_one/share/caramelo_one/cmake/caramelo_oneConfig.cmake
[0.537s] -- Up-to-date symlink: /home/victor/Caramelo_workspace/install/caramelo_one/share/caramelo_one/cmake/caramelo_oneConfig-version.cmake
[0.537s] -- Up-to-date symlink: /home/victor/Caramelo_workspace/install/caramelo_one/share/caramelo_one/package.xml
[0.539s] Invoked command in '/home/victor/Caramelo_workspace/build/caramelo_one' returned '0': CMAKE_PREFIX_PATH=/opt/ros/humble /usr/bin/cmake --install /home/victor/Caramelo_workspace/build/caramelo_one
