[1.465s] Invoking command in '/home/victor/Caramelo_workspace/src/caramelo_localization': PYTHONPATH=/home/victor/Caramelo_workspace/build/caramelo_localization/prefix_override:/usr/lib/python3/dist-packages/colcon_core/task/python/colcon_distutils_commands:/home/victor/Caramelo_workspace/install/caramelo_localization/lib/python3.10/site-packages:${PYTHONPATH} /usr/bin/python3 -W ignore:setup.py install is deprecated -W ignore:easy_install command is deprecated setup.py egg_info --egg-base ../../build/caramelo_localization build --build-base /home/victor/Caramelo_workspace/build/caramelo_localization/build install --record /home/victor/Caramelo_workspace/build/caramelo_localization/install.log --single-version-externally-managed install_data
[1.764s] running egg_info
[1.765s] writing ../../build/caramelo_localization/caramelo_localization.egg-info/PKG-INFO
[1.765s] writing dependency_links to ../../build/caramelo_localization/caramelo_localization.egg-info/dependency_links.txt
[1.765s] writing entry points to ../../build/caramelo_localization/caramelo_localization.egg-info/entry_points.txt
[1.765s] writing requirements to ../../build/caramelo_localization/caramelo_localization.egg-info/requires.txt
[1.765s] writing top-level names to ../../build/caramelo_localization/caramelo_localization.egg-info/top_level.txt
[1.768s] reading manifest file '../../build/caramelo_localization/caramelo_localization.egg-info/SOURCES.txt'
[1.769s] writing manifest file '../../build/caramelo_localization/caramelo_localization.egg-info/SOURCES.txt'
[1.769s] running build
[1.769s] running build_py
[1.769s] running install
[1.769s] running install_lib
[1.771s] running install_data
[1.771s] running install_egg_info
[1.773s] removing '/home/victor/Caramelo_workspace/install/caramelo_localization/lib/python3.10/site-packages/caramelo_localization-0.0.0-py3.10.egg-info' (and everything under it)
[1.774s] Copying ../../build/caramelo_localization/caramelo_localization.egg-info to /home/victor/Caramelo_workspace/install/caramelo_localization/lib/python3.10/site-packages/caramelo_localization-0.0.0-py3.10.egg-info
[1.774s] running install_scripts
[1.796s] writing list of installed files to '/home/victor/Caramelo_workspace/build/caramelo_localization/install.log'
[1.832s] Invoked command in '/home/victor/Caramelo_workspace/src/caramelo_localization' returned '0': PYTHONPATH=/home/victor/Caramelo_workspace/build/caramelo_localization/prefix_override:/usr/lib/python3/dist-packages/colcon_core/task/python/colcon_distutils_commands:/home/victor/Caramelo_workspace/install/caramelo_localization/lib/python3.10/site-packages:${PYTHONPATH} /usr/bin/python3 -W ignore:setup.py install is deprecated -W ignore:easy_install command is deprecated setup.py egg_info --egg-base ../../build/caramelo_localization build --build-base /home/victor/Caramelo_workspace/build/caramelo_localization/build install --record /home/victor/Caramelo_workspace/build/caramelo_localization/install.log --single-version-externally-managed install_data
