running egg_info
writing ../../build/caramelo_simulation/caramelo_simulation.egg-info/PKG-INFO
writing dependency_links to ../../build/caramelo_simulation/caramelo_simulation.egg-info/dependency_links.txt
writing entry points to ../../build/caramelo_simulation/caramelo_simulation.egg-info/entry_points.txt
writing requirements to ../../build/caramelo_simulation/caramelo_simulation.egg-info/requires.txt
writing top-level names to ../../build/caramelo_simulation/caramelo_simulation.egg-info/top_level.txt
reading manifest file '../../build/caramelo_simulation/caramelo_simulation.egg-info/SOURCES.txt'
writing manifest file '../../build/caramelo_simulation/caramelo_simulation.egg-info/SOURCES.txt'
running build
running build_py
running install
running install_lib
running install_data
copying description/inertial_macros.xacro -> /home/victor/Caramelo_workspace/install/caramelo_simulation/share/caramelo_simulation/description
copying description/laser.xacro -> /home/victor/Caramelo_workspace/install/caramelo_simulation/share/caramelo_simulation/description
copying description/robot.urdf.xacro -> /home/victor/Caramelo_workspace/install/caramelo_simulation/share/caramelo_simulation/description
copying description/camera.xacro -> /home/victor/Caramelo_workspace/install/caramelo_simulation/share/caramelo_simulation/description
copying description/robot_core.xacro -> /home/victor/Caramelo_workspace/install/caramelo_simulation/share/caramelo_simulation/description
copying description/gazebo_control.xacro -> /home/victor/Caramelo_workspace/install/caramelo_simulation/share/caramelo_simulation/description
copying launch/launch_worldsim.launch.py -> /home/victor/Caramelo_workspace/install/caramelo_simulation/share/caramelo_simulation/launch
copying launch/rplidar.launch.py -> /home/victor/Caramelo_workspace/install/caramelo_simulation/share/caramelo_simulation/launch
copying launch/rsp.launch.py -> /home/victor/Caramelo_workspace/install/caramelo_simulation/share/caramelo_simulation/launch
copying launch/launch_sim.launch.py -> /home/victor/Caramelo_workspace/install/caramelo_simulation/share/caramelo_simulation/launch
running install_egg_info
removing '/home/victor/Caramelo_workspace/install/caramelo_simulation/lib/python3.10/site-packages/caramelo_simulation-0.0.1-py3.10.egg-info' (and everything under it)
Copying ../../build/caramelo_simulation/caramelo_simulation.egg-info to /home/victor/Caramelo_workspace/install/caramelo_simulation/lib/python3.10/site-packages/caramelo_simulation-0.0.1-py3.10.egg-info
running install_scripts
writing list of installed files to '/home/victor/Caramelo_workspace/build/caramelo_simulation/install.log'
