[1.198s] Invoking command in '/home/victor/Caramelo_workspace/src/caramelo_simulation': PYTHONPATH=/home/victor/Caramelo_workspace/build/caramelo_simulation/prefix_override:/usr/lib/python3/dist-packages/colcon_core/task/python/colcon_distutils_commands:/home/victor/Caramelo_workspace/install/caramelo_simulation/lib/python3.10/site-packages:${PYTHONPATH} /usr/bin/python3 -W ignore:setup.py install is deprecated -W ignore:easy_install command is deprecated setup.py egg_info --egg-base ../../build/caramelo_simulation build --build-base /home/victor/Caramelo_workspace/build/caramelo_simulation/build install --record /home/victor/Caramelo_workspace/build/caramelo_simulation/install.log --single-version-externally-managed install_data
[1.430s] running egg_info
[1.431s] creating ../../build/caramelo_simulation/caramelo_simulation.egg-info
[1.431s] writing ../../build/caramelo_simulation/caramelo_simulation.egg-info/PKG-INFO
[1.431s] writing dependency_links to ../../build/caramelo_simulation/caramelo_simulation.egg-info/dependency_links.txt
[1.432s] writing entry points to ../../build/caramelo_simulation/caramelo_simulation.egg-info/entry_points.txt
[1.432s] writing requirements to ../../build/caramelo_simulation/caramelo_simulation.egg-info/requires.txt
[1.432s] writing top-level names to ../../build/caramelo_simulation/caramelo_simulation.egg-info/top_level.txt
[1.432s] writing manifest file '../../build/caramelo_simulation/caramelo_simulation.egg-info/SOURCES.txt'
[1.434s] reading manifest file '../../build/caramelo_simulation/caramelo_simulation.egg-info/SOURCES.txt'
[1.437s] writing manifest file '../../build/caramelo_simulation/caramelo_simulation.egg-info/SOURCES.txt'
[1.437s] running build
[1.437s] running build_py
[1.437s] creating /home/victor/Caramelo_workspace/build/caramelo_simulation/build
[1.437s] creating /home/victor/Caramelo_workspace/build/caramelo_simulation/build/lib
[1.437s] creating /home/victor/Caramelo_workspace/build/caramelo_simulation/build/lib/caramelo_simulation
[1.437s] copying caramelo_simulation/__init__.py -> /home/victor/Caramelo_workspace/build/caramelo_simulation/build/lib/caramelo_simulation
[1.438s] running install
[1.438s] running install_lib
[1.440s] creating /home/victor/Caramelo_workspace/install/caramelo_simulation/lib/python3.10/site-packages/caramelo_simulation
[1.440s] copying /home/victor/Caramelo_workspace/build/caramelo_simulation/build/lib/caramelo_simulation/__init__.py -> /home/victor/Caramelo_workspace/install/caramelo_simulation/lib/python3.10/site-packages/caramelo_simulation
[1.441s] byte-compiling /home/victor/Caramelo_workspace/install/caramelo_simulation/lib/python3.10/site-packages/caramelo_simulation/__init__.py to __init__.cpython-310.pyc
[1.441s] running install_data
[1.441s] creating /home/victor/Caramelo_workspace/install/caramelo_simulation/share/ament_index
[1.441s] creating /home/victor/Caramelo_workspace/install/caramelo_simulation/share/ament_index/resource_index
[1.442s] creating /home/victor/Caramelo_workspace/install/caramelo_simulation/share/ament_index/resource_index/packages
[1.442s] copying resource/caramelo_simulation -> /home/victor/Caramelo_workspace/install/caramelo_simulation/share/ament_index/resource_index/packages
[1.442s] copying package.xml -> /home/victor/Caramelo_workspace/install/caramelo_simulation/share/caramelo_simulation
[1.442s] creating /home/victor/Caramelo_workspace/install/caramelo_simulation/share/caramelo_simulation/config
[1.443s] copying config/mapper_params_online_async.yaml -> /home/victor/Caramelo_workspace/install/caramelo_simulation/share/caramelo_simulation/config
[1.443s] copying config/view_robot.rviz -> /home/victor/Caramelo_workspace/install/caramelo_simulation/share/caramelo_simulation/config
[1.443s] creating /home/victor/Caramelo_workspace/install/caramelo_simulation/share/caramelo_simulation/description
[1.443s] copying description/mecanum_controller.yaml -> /home/victor/Caramelo_workspace/install/caramelo_simulation/share/caramelo_simulation/description
[1.443s] copying description/inertial_macros.xacro -> /home/victor/Caramelo_workspace/install/caramelo_simulation/share/caramelo_simulation/description
[1.443s] copying description/mecanum_ros2_control.xacro -> /home/victor/Caramelo_workspace/install/caramelo_simulation/share/caramelo_simulation/description
[1.443s] copying description/laser.xacro -> /home/victor/Caramelo_workspace/install/caramelo_simulation/share/caramelo_simulation/description
[1.443s] copying description/robot.urdf.xacro -> /home/victor/Caramelo_workspace/install/caramelo_simulation/share/caramelo_simulation/description
[1.443s] copying description/mecanum_gazebo.xacro -> /home/victor/Caramelo_workspace/install/caramelo_simulation/share/caramelo_simulation/description
[1.443s] copying description/camera.xacro -> /home/victor/Caramelo_workspace/install/caramelo_simulation/share/caramelo_simulation/description
[1.444s] copying description/robot_core.xacro -> /home/victor/Caramelo_workspace/install/caramelo_simulation/share/caramelo_simulation/description
[1.444s] creating /home/victor/Caramelo_workspace/install/caramelo_simulation/share/caramelo_simulation/launch
[1.444s] copying launch/launch_worldsim.launch.py -> /home/victor/Caramelo_workspace/install/caramelo_simulation/share/caramelo_simulation/launch
[1.444s] copying launch/rplidar.launch.py -> /home/victor/Caramelo_workspace/install/caramelo_simulation/share/caramelo_simulation/launch
[1.444s] copying launch/rsp.launch.py -> /home/victor/Caramelo_workspace/install/caramelo_simulation/share/caramelo_simulation/launch
[1.444s] copying launch/launch_sim.launch.py -> /home/victor/Caramelo_workspace/install/caramelo_simulation/share/caramelo_simulation/launch
[1.444s] copying launch/camera.launch..py -> /home/victor/Caramelo_workspace/install/caramelo_simulation/share/caramelo_simulation/launch
[1.444s] creating /home/victor/Caramelo_workspace/install/caramelo_simulation/share/caramelo_simulation/worlds
[1.445s] copying worlds/empty.world -> /home/victor/Caramelo_workspace/install/caramelo_simulation/share/caramelo_simulation/worlds
[1.445s] copying worlds/obstracles.world -> /home/victor/Caramelo_workspace/install/caramelo_simulation/share/caramelo_simulation/worlds
[1.445s] creating /home/victor/Caramelo_workspace/install/caramelo_simulation/share/caramelo_simulation/meshes
[1.445s] running install_egg_info
[1.445s] Copying ../../build/caramelo_simulation/caramelo_simulation.egg-info to /home/victor/Caramelo_workspace/install/caramelo_simulation/lib/python3.10/site-packages/caramelo_simulation-0.0.1-py3.10.egg-info
[1.445s] running install_scripts
[1.465s] writing list of installed files to '/home/victor/Caramelo_workspace/build/caramelo_simulation/install.log'
[1.499s] Invoked command in '/home/victor/Caramelo_workspace/src/caramelo_simulation' returned '0': PYTHONPATH=/home/victor/Caramelo_workspace/build/caramelo_simulation/prefix_override:/usr/lib/python3/dist-packages/colcon_core/task/python/colcon_distutils_commands:/home/victor/Caramelo_workspace/install/caramelo_simulation/lib/python3.10/site-packages:${PYTHONPATH} /usr/bin/python3 -W ignore:setup.py install is deprecated -W ignore:easy_install command is deprecated setup.py egg_info --egg-base ../../build/caramelo_simulation build --build-base /home/victor/Caramelo_workspace/build/caramelo_simulation/build install --record /home/victor/Caramelo_workspace/build/caramelo_simulation/install.log --single-version-externally-managed install_data
