running develop
/usr/lib/python3/dist-packages/setuptools/command/easy_install.py:158: EasyInstallDeprecationWarning: easy_install command is deprecated. Use build and pip and other standards-based tools.
  warnings.warn(
Removing /home/victor/Caramelo_workspace/install/mappingLocalization/lib/python3.10/site-packages/mappingLocalization.egg-link (link to .)
running egg_info
writing ../../build/mappingLocalization/mappingLocalization.egg-info/PKG-INFO
writing dependency_links to ../../build/mappingLocalization/mappingLocalization.egg-info/dependency_links.txt
writing entry points to ../../build/mappingLocalization/mappingLocalization.egg-info/entry_points.txt
writing requirements to ../../build/mappingLocalization/mappingLocalization.egg-info/requires.txt
writing top-level names to ../../build/mappingLocalization/mappingLocalization.egg-info/top_level.txt
reading manifest file '../../build/mappingLocalization/mappingLocalization.egg-info/SOURCES.txt'
writing manifest file '../../build/mappingLocalization/mappingLocalization.egg-info/SOURCES.txt'
running build
running build_py
creating /home/victor/Caramelo_workspace/build/mappingLocalization/build
creating /home/victor/Caramelo_workspace/build/mappingLocalization/build/lib
creating /home/victor/Caramelo_workspace/build/mappingLocalization/build/lib/mappingLocalization
copying mappingLocalization/__init__.py -> /home/victor/Caramelo_workspace/build/mappingLocalization/build/lib/mappingLocalization
running install
running install_lib
creating /home/victor/Caramelo_workspace/install/mappingLocalization/lib/python3.10/site-packages/mappingLocalization
copying /home/victor/Caramelo_workspace/build/mappingLocalization/build/lib/mappingLocalization/__init__.py -> /home/victor/Caramelo_workspace/install/mappingLocalization/lib/python3.10/site-packages/mappingLocalization
byte-compiling /home/victor/Caramelo_workspace/install/mappingLocalization/lib/python3.10/site-packages/mappingLocalization/__init__.py to __init__.cpython-310.pyc
running install_data
copying resource/mappingLocalization -> /home/victor/Caramelo_workspace/install/mappingLocalization/share/ament_index/resource_index/packages
copying package.xml -> /home/victor/Caramelo_workspace/install/mappingLocalization/share/mappingLocalization
running install_egg_info
Copying ../../build/mappingLocalization/mappingLocalization.egg-info to /home/victor/Caramelo_workspace/install/mappingLocalization/lib/python3.10/site-packages/mappingLocalization-0.0.0-py3.10.egg-info
running install_scripts
writing list of installed files to '/home/victor/Caramelo_workspace/build/mappingLocalization/install.log'
