[0.923s] Invoking command in '/home/victor/Caramelo_workspace/build/mappingLocalization': PYTHONPATH=/home/victor/Caramelo_workspace/build/mappingLocalization/prefix_override:/usr/lib/python3/dist-packages/colcon_core/task/python/colcon_distutils_commands:/home/victor/Caramelo_workspace/install/mappingLocalization/lib/python3.10/site-packages:${PYTHONPATH} /usr/bin/python3 -W ignore:setup.py install is deprecated setup.py develop --uninstall --editable --build-directory /home/victor/Caramelo_workspace/build/mappingLocalization/build
[1.172s] running develop
[1.172s] /usr/lib/python3/dist-packages/setuptools/command/easy_install.py:158: EasyInstallDeprecationWarning: easy_install command is deprecated. Use build and pip and other standards-based tools.
[1.172s]   warnings.warn(
[1.355s] Removing /home/victor/Caramelo_workspace/install/mappingLocalization/lib/python3.10/site-packages/mappingLocalization.egg-link (link to .)
[1.381s] Invoked command in '/home/victor/Caramelo_workspace/build/mappingLocalization' returned '0': PYTHONPATH=/home/victor/Caramelo_workspace/build/mappingLocalization/prefix_override:/usr/lib/python3/dist-packages/colcon_core/task/python/colcon_distutils_commands:/home/victor/Caramelo_workspace/install/mappingLocalization/lib/python3.10/site-packages:${PYTHONPATH} /usr/bin/python3 -W ignore:setup.py install is deprecated setup.py develop --uninstall --editable --build-directory /home/victor/Caramelo_workspace/build/mappingLocalization/build
[1.382s] Invoking command in '/home/victor/Caramelo_workspace/src/mappingLocalization': PYTHONPATH=/home/victor/Caramelo_workspace/build/mappingLocalization/prefix_override:/usr/lib/python3/dist-packages/colcon_core/task/python/colcon_distutils_commands:/home/victor/Caramelo_workspace/install/mappingLocalization/lib/python3.10/site-packages:${PYTHONPATH} /usr/bin/python3 -W ignore:setup.py install is deprecated setup.py egg_info --egg-base ../../build/mappingLocalization build --build-base /home/victor/Caramelo_workspace/build/mappingLocalization/build install --record /home/victor/Caramelo_workspace/build/mappingLocalization/install.log --single-version-externally-managed install_data --force
[1.611s] running egg_info
[1.612s] writing ../../build/mappingLocalization/mappingLocalization.egg-info/PKG-INFO
[1.612s] writing dependency_links to ../../build/mappingLocalization/mappingLocalization.egg-info/dependency_links.txt
[1.612s] writing entry points to ../../build/mappingLocalization/mappingLocalization.egg-info/entry_points.txt
[1.612s] writing requirements to ../../build/mappingLocalization/mappingLocalization.egg-info/requires.txt
[1.612s] writing top-level names to ../../build/mappingLocalization/mappingLocalization.egg-info/top_level.txt
[1.614s] reading manifest file '../../build/mappingLocalization/mappingLocalization.egg-info/SOURCES.txt'
[1.615s] writing manifest file '../../build/mappingLocalization/mappingLocalization.egg-info/SOURCES.txt'
[1.615s] running build
[1.615s] running build_py
[1.615s] creating /home/victor/Caramelo_workspace/build/mappingLocalization/build
[1.615s] creating /home/victor/Caramelo_workspace/build/mappingLocalization/build/lib
[1.616s] creating /home/victor/Caramelo_workspace/build/mappingLocalization/build/lib/mappingLocalization
[1.616s] copying mappingLocalization/__init__.py -> /home/victor/Caramelo_workspace/build/mappingLocalization/build/lib/mappingLocalization
[1.616s] running install
[1.616s] running install_lib
[1.617s] creating /home/victor/Caramelo_workspace/install/mappingLocalization/lib/python3.10/site-packages/mappingLocalization
[1.617s] copying /home/victor/Caramelo_workspace/build/mappingLocalization/build/lib/mappingLocalization/__init__.py -> /home/victor/Caramelo_workspace/install/mappingLocalization/lib/python3.10/site-packages/mappingLocalization
[1.618s] byte-compiling /home/victor/Caramelo_workspace/install/mappingLocalization/lib/python3.10/site-packages/mappingLocalization/__init__.py to __init__.cpython-310.pyc
[1.618s] running install_data
[1.618s] copying resource/mappingLocalization -> /home/victor/Caramelo_workspace/install/mappingLocalization/share/ament_index/resource_index/packages
[1.618s] copying package.xml -> /home/victor/Caramelo_workspace/install/mappingLocalization/share/mappingLocalization
[1.618s] running install_egg_info
[1.620s] Copying ../../build/mappingLocalization/mappingLocalization.egg-info to /home/victor/Caramelo_workspace/install/mappingLocalization/lib/python3.10/site-packages/mappingLocalization-0.0.0-py3.10.egg-info
[1.621s] running install_scripts
[1.640s] writing list of installed files to '/home/victor/Caramelo_workspace/build/mappingLocalization/install.log'
