running egg_info
writing ../../build/caramelo_simulation/caramelo_simulation.egg-info/PKG-INFO
writing dependency_links to ../../build/caramelo_simulation/caramelo_simulation.egg-info/dependency_links.txt
writing entry points to ../../build/caramelo_simulation/caramelo_simulation.egg-info/entry_points.txt
writing requirements to ../../build/caramelo_simulation/caramelo_simulation.egg-info/requires.txt
writing top-level names to ../../build/caramelo_simulation/caramelo_simulation.egg-info/top_level.txt
reading manifest file '../../build/caramelo_simulation/caramelo_simulation.egg-info/SOURCES.txt'
writing manifest file '../../build/caramelo_simulation/caramelo_simulation.egg-info/SOURCES.txt'
running build
running build_py
running install
running install_lib
running install_data
creating /home/victor/Caramelo_workspace/install/caramelo_simulation/share/caramelo_simulation/photos
copying photos/PortraitB_03.jpg -> /home/victor/Caramelo_workspace/install/caramelo_simulation/share/caramelo_simulation/photos
copying photos/PortraitB_01.jpg -> /home/victor/Caramelo_workspace/install/caramelo_simulation/share/caramelo_simulation/photos
copying photos/DeskPortraitB_01.jpg -> /home/victor/Caramelo_workspace/install/caramelo_simulation/share/caramelo_simulation/photos
copying photos/PortraitB_02.jpg -> /home/victor/Caramelo_workspace/install/caramelo_simulation/share/caramelo_simulation/photos
copying photos/PortraitE_02.jpg -> /home/victor/Caramelo_workspace/install/caramelo_simulation/share/caramelo_simulation/photos
copying photos/DeskPortraitA_02.jpg -> /home/victor/Caramelo_workspace/install/caramelo_simulation/share/caramelo_simulation/photos
copying photos/PortraitC_01.jpg -> /home/victor/Caramelo_workspace/install/caramelo_simulation/share/caramelo_simulation/photos
copying photos/DeskPortraitC_01.jpg -> /home/victor/Caramelo_workspace/install/caramelo_simulation/share/caramelo_simulation/photos
copying photos/PortraitE_01.jpg -> /home/victor/Caramelo_workspace/install/caramelo_simulation/share/caramelo_simulation/photos
copying photos/DeskPortraitD_02.jpg -> /home/victor/Caramelo_workspace/install/caramelo_simulation/share/caramelo_simulation/photos
copying photos/DeskPortraitD_04.jpg -> /home/victor/Caramelo_workspace/install/caramelo_simulation/share/caramelo_simulation/photos
copying photos/DeskPortraitB_02.jpg -> /home/victor/Caramelo_workspace/install/caramelo_simulation/share/caramelo_simulation/photos
copying photos/PortraitA_01.jpg -> /home/victor/Caramelo_workspace/install/caramelo_simulation/share/caramelo_simulation/photos
copying photos/PortraitD_01.jpg -> /home/victor/Caramelo_workspace/install/caramelo_simulation/share/caramelo_simulation/photos
copying photos/DeskPortraitC_02.jpg -> /home/victor/Caramelo_workspace/install/caramelo_simulation/share/caramelo_simulation/photos
copying photos/DeskPortraitD_01.jpg -> /home/victor/Caramelo_workspace/install/caramelo_simulation/share/caramelo_simulation/photos
copying photos/PortraitA_02.jpg -> /home/victor/Caramelo_workspace/install/caramelo_simulation/share/caramelo_simulation/photos
copying photos/DeskPortraitA_01.jpg -> /home/victor/Caramelo_workspace/install/caramelo_simulation/share/caramelo_simulation/photos
copying photos/PortraitD_02.jpg -> /home/victor/Caramelo_workspace/install/caramelo_simulation/share/caramelo_simulation/photos
copying photos/DeskPortraitD_03.jpg -> /home/victor/Caramelo_workspace/install/caramelo_simulation/share/caramelo_simulation/photos
running install_egg_info
Copying ../../build/caramelo_simulation/caramelo_simulation.egg-info to /home/victor/Caramelo_workspace/install/caramelo_simulation/lib/python3.10/site-packages/caramelo_simulation-0.0.1-py3.10.egg-info
running install_scripts
writing list of installed files to '/home/victor/Caramelo_workspace/build/caramelo_simulation/install.log'
