[0.661s] Invoking command in '/home/victor/Caramelo_workspace/src/caramelo_simulation': PYTHONPATH=/home/victor/Caramelo_workspace/build/caramelo_simulation/prefix_override:/usr/lib/python3/dist-packages/colcon_core/task/python/colcon_distutils_commands:/home/victor/Caramelo_workspace/install/caramelo_simulation/lib/python3.10/site-packages:${PYTHONPATH} /usr/bin/python3 -W ignore:setup.py install is deprecated setup.py egg_info --egg-base ../../build/caramelo_simulation build --build-base /home/victor/Caramelo_workspace/build/caramelo_simulation/build install --record /home/victor/Caramelo_workspace/build/caramelo_simulation/install.log --single-version-externally-managed install_data
[0.891s] running egg_info
[0.891s] writing ../../build/caramelo_simulation/caramelo_simulation.egg-info/PKG-INFO
[0.892s] writing dependency_links to ../../build/caramelo_simulation/caramelo_simulation.egg-info/dependency_links.txt
[0.892s] writing entry points to ../../build/caramelo_simulation/caramelo_simulation.egg-info/entry_points.txt
[0.892s] writing requirements to ../../build/caramelo_simulation/caramelo_simulation.egg-info/requires.txt
[0.892s] writing top-level names to ../../build/caramelo_simulation/caramelo_simulation.egg-info/top_level.txt
[0.894s] reading manifest file '../../build/caramelo_simulation/caramelo_simulation.egg-info/SOURCES.txt'
[0.896s] writing manifest file '../../build/caramelo_simulation/caramelo_simulation.egg-info/SOURCES.txt'
[0.896s] running build
[0.896s] running build_py
[0.897s] running install
[0.897s] running install_lib
[0.898s] running install_data
[0.899s] creating /home/victor/Caramelo_workspace/install/caramelo_simulation/share/caramelo_simulation/photos
[0.899s] copying photos/PortraitB_03.jpg -> /home/victor/Caramelo_workspace/install/caramelo_simulation/share/caramelo_simulation/photos
[0.899s] copying photos/PortraitB_01.jpg -> /home/victor/Caramelo_workspace/install/caramelo_simulation/share/caramelo_simulation/photos
[0.900s] copying photos/DeskPortraitB_01.jpg -> /home/victor/Caramelo_workspace/install/caramelo_simulation/share/caramelo_simulation/photos
[0.901s] copying photos/PortraitB_02.jpg -> /home/victor/Caramelo_workspace/install/caramelo_simulation/share/caramelo_simulation/photos
[0.903s] copying photos/PortraitE_02.jpg -> /home/victor/Caramelo_workspace/install/caramelo_simulation/share/caramelo_simulation/photos
[0.903s] copying photos/DeskPortraitA_02.jpg -> /home/victor/Caramelo_workspace/install/caramelo_simulation/share/caramelo_simulation/photos
[0.904s] copying photos/PortraitC_01.jpg -> /home/victor/Caramelo_workspace/install/caramelo_simulation/share/caramelo_simulation/photos
[0.904s] copying photos/DeskPortraitC_01.jpg -> /home/victor/Caramelo_workspace/install/caramelo_simulation/share/caramelo_simulation/photos
[0.909s] copying photos/PortraitE_01.jpg -> /home/victor/Caramelo_workspace/install/caramelo_simulation/share/caramelo_simulation/photos
[0.909s] copying photos/DeskPortraitD_02.jpg -> /home/victor/Caramelo_workspace/install/caramelo_simulation/share/caramelo_simulation/photos
[0.909s] copying photos/DeskPortraitD_04.jpg -> /home/victor/Caramelo_workspace/install/caramelo_simulation/share/caramelo_simulation/photos
[0.910s] copying photos/DeskPortraitB_02.jpg -> /home/victor/Caramelo_workspace/install/caramelo_simulation/share/caramelo_simulation/photos
[0.915s] copying photos/PortraitA_01.jpg -> /home/victor/Caramelo_workspace/install/caramelo_simulation/share/caramelo_simulation/photos
[0.915s] copying photos/PortraitD_01.jpg -> /home/victor/Caramelo_workspace/install/caramelo_simulation/share/caramelo_simulation/photos
[0.915s] copying photos/DeskPortraitC_02.jpg -> /home/victor/Caramelo_workspace/install/caramelo_simulation/share/caramelo_simulation/photos
[0.915s] copying photos/DeskPortraitD_01.jpg -> /home/victor/Caramelo_workspace/install/caramelo_simulation/share/caramelo_simulation/photos
[0.916s] copying photos/PortraitA_02.jpg -> /home/victor/Caramelo_workspace/install/caramelo_simulation/share/caramelo_simulation/photos
[0.917s] copying photos/DeskPortraitA_01.jpg -> /home/victor/Caramelo_workspace/install/caramelo_simulation/share/caramelo_simulation/photos
[0.917s] copying photos/PortraitD_02.jpg -> /home/victor/Caramelo_workspace/install/caramelo_simulation/share/caramelo_simulation/photos
[0.917s] copying photos/DeskPortraitD_03.jpg -> /home/victor/Caramelo_workspace/install/caramelo_simulation/share/caramelo_simulation/photos
[0.918s] running install_egg_info
[0.920s] Copying ../../build/caramelo_simulation/caramelo_simulation.egg-info to /home/victor/Caramelo_workspace/install/caramelo_simulation/lib/python3.10/site-packages/caramelo_simulation-0.0.1-py3.10.egg-info
[0.921s] running install_scripts
[0.940s] writing list of installed files to '/home/victor/Caramelo_workspace/build/caramelo_simulation/install.log'
[0.959s] Invoked command in '/home/victor/Caramelo_workspace/src/caramelo_simulation' returned '0': PYTHONPATH=/home/victor/Caramelo_workspace/build/caramelo_simulation/prefix_override:/usr/lib/python3/dist-packages/colcon_core/task/python/colcon_distutils_commands:/home/victor/Caramelo_workspace/install/caramelo_simulation/lib/python3.10/site-packages:${PYTHONPATH} /usr/bin/python3 -W ignore:setup.py install is deprecated setup.py egg_info --egg-base ../../build/caramelo_simulation build --build-base /home/victor/Caramelo_workspace/build/caramelo_simulation/build install --record /home/victor/Caramelo_workspace/build/caramelo_simulation/install.log --single-version-externally-managed install_data
