[0.967s] Invoking command in '/home/victor/Caramelo_workspace/src/mapping_localization': PYTHONPATH=/home/victor/Caramelo_workspace/build/mapping_localization/prefix_override:/usr/lib/python3/dist-packages/colcon_core/task/python/colcon_distutils_commands:/home/victor/Caramelo_workspace/install/mapping_localization/lib/python3.10/site-packages:${PYTHONPATH} /usr/bin/python3 -W ignore:setup.py install is deprecated setup.py egg_info --egg-base ../../build/mapping_localization build --build-base /home/victor/Caramelo_workspace/build/mapping_localization/build install --record /home/victor/Caramelo_workspace/build/mapping_localization/install.log --single-version-externally-managed install_data
[1.196s] running egg_info
[1.197s] creating ../../build/mapping_localization/mapping_localization.egg-info
[1.197s] writing ../../build/mapping_localization/mapping_localization.egg-info/PKG-INFO
[1.197s] writing dependency_links to ../../build/mapping_localization/mapping_localization.egg-info/dependency_links.txt
[1.197s] writing entry points to ../../build/mapping_localization/mapping_localization.egg-info/entry_points.txt
[1.197s] writing requirements to ../../build/mapping_localization/mapping_localization.egg-info/requires.txt
[1.198s] writing top-level names to ../../build/mapping_localization/mapping_localization.egg-info/top_level.txt
[1.198s] writing manifest file '../../build/mapping_localization/mapping_localization.egg-info/SOURCES.txt'
[1.200s] reading manifest file '../../build/mapping_localization/mapping_localization.egg-info/SOURCES.txt'
[1.200s] writing manifest file '../../build/mapping_localization/mapping_localization.egg-info/SOURCES.txt'
[1.200s] running build
[1.201s] running build_py
[1.201s] creating /home/victor/Caramelo_workspace/build/mapping_localization/build
[1.201s] creating /home/victor/Caramelo_workspace/build/mapping_localization/build/lib
[1.201s] creating /home/victor/Caramelo_workspace/build/mapping_localization/build/lib/mappingLocalization
[1.201s] copying mappingLocalization/__init__.py -> /home/victor/Caramelo_workspace/build/mapping_localization/build/lib/mappingLocalization
[1.201s] running install
[1.201s] running install_lib
[1.203s] creating /home/victor/Caramelo_workspace/install/mapping_localization/lib/python3.10/site-packages/mappingLocalization
[1.203s] copying /home/victor/Caramelo_workspace/build/mapping_localization/build/lib/mappingLocalization/__init__.py -> /home/victor/Caramelo_workspace/install/mapping_localization/lib/python3.10/site-packages/mappingLocalization
[1.203s] byte-compiling /home/victor/Caramelo_workspace/install/mapping_localization/lib/python3.10/site-packages/mappingLocalization/__init__.py to __init__.cpython-310.pyc
[1.203s] running install_data
[1.204s] creating /home/victor/Caramelo_workspace/install/mapping_localization/share/ament_index
[1.204s] creating /home/victor/Caramelo_workspace/install/mapping_localization/share/ament_index/resource_index
[1.204s] creating /home/victor/Caramelo_workspace/install/mapping_localization/share/ament_index/resource_index/packages
[1.204s] error: can't copy 'resource/mapping_localization': doesn't exist or not a regular file
[1.226s] Invoked command in '/home/victor/Caramelo_workspace/src/mapping_localization' returned '1': PYTHONPATH=/home/victor/Caramelo_workspace/build/mapping_localization/prefix_override:/usr/lib/python3/dist-packages/colcon_core/task/python/colcon_distutils_commands:/home/victor/Caramelo_workspace/install/mapping_localization/lib/python3.10/site-packages:${PYTHONPATH} /usr/bin/python3 -W ignore:setup.py install is deprecated setup.py egg_info --egg-base ../../build/mapping_localization build --build-base /home/victor/Caramelo_workspace/build/mapping_localization/build install --record /home/victor/Caramelo_workspace/build/mapping_localization/install.log --single-version-externally-managed install_data
