[0.118s] DEBUG:colcon:Command line arguments: ['/usr/bin/colcon', 'build']
[0.118s] DEBUG:colcon:Parsed command line arguments: Namespace(log_base=None, log_level=None, verb_name='build', build_base='build', install_base='install', merge_install=False, symlink_install=False, test_result_base=None, continue_on_error=False, executor='parallel', parallel_workers=8, event_handlers=None, ignore_user_meta=False, metas=['./colcon.meta'], base_paths=['.'], packages_ignore=None, packages_ignore_regex=None, paths=None, packages_up_to=None, packages_up_to_regex=None, packages_above=None, packages_above_and_dependencies=None, packages_above_depth=None, packages_select_by_dep=None, packages_skip_by_dep=None, packages_skip_up_to=None, packages_select_build_failed=False, packages_skip_build_finished=False, packages_select_test_failures=False, packages_skip_test_passed=False, packages_select=None, packages_skip=None, packages_select_regex=None, packages_skip_regex=None, packages_start=None, packages_end=None, allow_overriding=[], cmake_args=None, cmake_target=None, cmake_target_skip_unavailable=False, cmake_clean_cache=False, cmake_clean_first=False, cmake_force_configure=False, ament_cmake_args=None, catkin_cmake_args=None, catkin_skip_building_tests=False, verb_parser=<colcon_defaults.argument_parser.defaults.DefaultArgumentsDecorator object at 0x79cb7c0c5630>, verb_extension=<colcon_core.verb.build.BuildVerb object at 0x79cb7c0c5120>, main=<bound method BuildVerb.main of <colcon_core.verb.build.BuildVerb object at 0x79cb7c0c5120>>)
[0.282s] Level 1:colcon.colcon_core.package_discovery:discover_packages(colcon_meta) check parameters
[0.282s] Level 1:colcon.colcon_core.package_discovery:discover_packages(recursive) check parameters
[0.282s] Level 1:colcon.colcon_core.package_discovery:discover_packages(ignore) check parameters
[0.282s] Level 1:colcon.colcon_core.package_discovery:discover_packages(path) check parameters
[0.282s] Level 1:colcon.colcon_core.package_discovery:discover_packages(colcon_meta) discover
[0.282s] Level 1:colcon.colcon_core.package_discovery:discover_packages(recursive) discover
[0.282s] INFO:colcon.colcon_core.package_discovery:Crawling recursively for packages in '/home/victor/Caramelo_workspace'
[0.283s] Level 1:colcon.colcon_core.package_identification:_identify(.) by extensions ['ignore', 'ignore_ament_install']
[0.283s] Level 1:colcon.colcon_core.package_identification:_identify(.) by extension 'ignore'
[0.283s] Level 1:colcon.colcon_core.package_identification:_identify(.) by extension 'ignore_ament_install'
[0.283s] Level 1:colcon.colcon_core.package_identification:_identify(.) by extensions ['colcon_pkg']
[0.283s] Level 1:colcon.colcon_core.package_identification:_identify(.) by extension 'colcon_pkg'
[0.283s] Level 1:colcon.colcon_core.package_identification:_identify(.) by extensions ['colcon_meta']
[0.283s] Level 1:colcon.colcon_core.package_identification:_identify(.) by extension 'colcon_meta'
[0.283s] Level 1:colcon.colcon_core.package_identification:_identify(.) by extensions ['ros']
[0.283s] Level 1:colcon.colcon_core.package_identification:_identify(.) by extension 'ros'
[0.299s] Level 1:colcon.colcon_core.package_identification:_identify(.) by extensions ['cmake', 'python']
[0.299s] Level 1:colcon.colcon_core.package_identification:_identify(.) by extension 'cmake'
[0.299s] Level 1:colcon.colcon_core.package_identification:_identify(.) by extension 'python'
[0.299s] Level 1:colcon.colcon_core.package_identification:_identify(.) by extensions ['python_setup_py']
[0.299s] Level 1:colcon.colcon_core.package_identification:_identify(.) by extension 'python_setup_py'
[0.299s] Level 1:colcon.colcon_core.package_identification:_identify(build) by extensions ['ignore', 'ignore_ament_install']
[0.299s] Level 1:colcon.colcon_core.package_identification:_identify(build) by extension 'ignore'
[0.300s] Level 1:colcon.colcon_core.package_identification:_identify(build) ignored
[0.300s] Level 1:colcon.colcon_core.package_identification:_identify(install) by extensions ['ignore', 'ignore_ament_install']
[0.300s] Level 1:colcon.colcon_core.package_identification:_identify(install) by extension 'ignore'
[0.300s] Level 1:colcon.colcon_core.package_identification:_identify(install) ignored
[0.300s] Level 1:colcon.colcon_core.package_identification:_identify(log) by extensions ['ignore', 'ignore_ament_install']
[0.300s] Level 1:colcon.colcon_core.package_identification:_identify(log) by extension 'ignore'
[0.300s] Level 1:colcon.colcon_core.package_identification:_identify(log) ignored
[0.300s] Level 1:colcon.colcon_core.package_identification:_identify(src) by extensions ['ignore', 'ignore_ament_install']
[0.300s] Level 1:colcon.colcon_core.package_identification:_identify(src) by extension 'ignore'
[0.300s] Level 1:colcon.colcon_core.package_identification:_identify(src) by extension 'ignore_ament_install'
[0.301s] Level 1:colcon.colcon_core.package_identification:_identify(src) by extensions ['colcon_pkg']
[0.301s] Level 1:colcon.colcon_core.package_identification:_identify(src) by extension 'colcon_pkg'
[0.301s] Level 1:colcon.colcon_core.package_identification:_identify(src) by extensions ['colcon_meta']
[0.301s] Level 1:colcon.colcon_core.package_identification:_identify(src) by extension 'colcon_meta'
[0.301s] Level 1:colcon.colcon_core.package_identification:_identify(src) by extensions ['ros']
[0.301s] Level 1:colcon.colcon_core.package_identification:_identify(src) by extension 'ros'
[0.301s] Level 1:colcon.colcon_core.package_identification:_identify(src) by extensions ['cmake', 'python']
[0.301s] Level 1:colcon.colcon_core.package_identification:_identify(src) by extension 'cmake'
[0.301s] Level 1:colcon.colcon_core.package_identification:_identify(src) by extension 'python'
[0.301s] Level 1:colcon.colcon_core.package_identification:_identify(src) by extensions ['python_setup_py']
[0.301s] Level 1:colcon.colcon_core.package_identification:_identify(src) by extension 'python_setup_py'
[0.301s] Level 1:colcon.colcon_core.package_identification:_identify(src/caramelo_exemples) by extensions ['ignore', 'ignore_ament_install']
[0.301s] Level 1:colcon.colcon_core.package_identification:_identify(src/caramelo_exemples) by extension 'ignore'
[0.301s] Level 1:colcon.colcon_core.package_identification:_identify(src/caramelo_exemples) by extension 'ignore_ament_install'
[0.301s] Level 1:colcon.colcon_core.package_identification:_identify(src/caramelo_exemples) by extensions ['colcon_pkg']
[0.302s] Level 1:colcon.colcon_core.package_identification:_identify(src/caramelo_exemples) by extension 'colcon_pkg'
[0.302s] Level 1:colcon.colcon_core.package_identification:_identify(src/caramelo_exemples) by extensions ['colcon_meta']
[0.302s] Level 1:colcon.colcon_core.package_identification:_identify(src/caramelo_exemples) by extension 'colcon_meta'
[0.302s] Level 1:colcon.colcon_core.package_identification:_identify(src/caramelo_exemples) by extensions ['ros']
[0.302s] Level 1:colcon.colcon_core.package_identification:_identify(src/caramelo_exemples) by extension 'ros'
[0.304s] DEBUG:colcon.colcon_core.package_identification:Package 'src/caramelo_exemples' with type 'ros.ament_python' and name 'caramelo_exemples'
[0.304s] Level 1:colcon.colcon_core.package_identification:_identify(src/caramelo_localization) by extensions ['ignore', 'ignore_ament_install']
[0.304s] Level 1:colcon.colcon_core.package_identification:_identify(src/caramelo_localization) by extension 'ignore'
[0.304s] Level 1:colcon.colcon_core.package_identification:_identify(src/caramelo_localization) by extension 'ignore_ament_install'
[0.304s] Level 1:colcon.colcon_core.package_identification:_identify(src/caramelo_localization) by extensions ['colcon_pkg']
[0.304s] Level 1:colcon.colcon_core.package_identification:_identify(src/caramelo_localization) by extension 'colcon_pkg'
[0.304s] Level 1:colcon.colcon_core.package_identification:_identify(src/caramelo_localization) by extensions ['colcon_meta']
[0.304s] Level 1:colcon.colcon_core.package_identification:_identify(src/caramelo_localization) by extension 'colcon_meta'
[0.304s] Level 1:colcon.colcon_core.package_identification:_identify(src/caramelo_localization) by extensions ['ros']
[0.304s] Level 1:colcon.colcon_core.package_identification:_identify(src/caramelo_localization) by extension 'ros'
[0.305s] DEBUG:colcon.colcon_core.package_identification:Package 'src/caramelo_localization' with type 'ros.ament_python' and name 'caramelo_localization'
[0.305s] Level 1:colcon.colcon_core.package_identification:_identify(src/caramelo_simulation) by extensions ['ignore', 'ignore_ament_install']
[0.305s] Level 1:colcon.colcon_core.package_identification:_identify(src/caramelo_simulation) by extension 'ignore'
[0.305s] Level 1:colcon.colcon_core.package_identification:_identify(src/caramelo_simulation) by extension 'ignore_ament_install'
[0.305s] Level 1:colcon.colcon_core.package_identification:_identify(src/caramelo_simulation) by extensions ['colcon_pkg']
[0.305s] Level 1:colcon.colcon_core.package_identification:_identify(src/caramelo_simulation) by extension 'colcon_pkg'
[0.305s] Level 1:colcon.colcon_core.package_identification:_identify(src/caramelo_simulation) by extensions ['colcon_meta']
[0.305s] Level 1:colcon.colcon_core.package_identification:_identify(src/caramelo_simulation) by extension 'colcon_meta'
[0.306s] Level 1:colcon.colcon_core.package_identification:_identify(src/caramelo_simulation) by extensions ['ros']
[0.306s] Level 1:colcon.colcon_core.package_identification:_identify(src/caramelo_simulation) by extension 'ros'
[0.306s] DEBUG:colcon.colcon_core.package_identification:Package 'src/caramelo_simulation' with type 'ros.ament_python' and name 'caramelo_simulation'
[0.306s] Level 1:colcon.colcon_core.package_discovery:discover_packages(recursive) using defaults
[0.306s] Level 1:colcon.colcon_core.package_discovery:discover_packages(ignore) discover
[0.306s] Level 1:colcon.colcon_core.package_discovery:discover_packages(ignore) using defaults
[0.306s] Level 1:colcon.colcon_core.package_discovery:discover_packages(path) discover
[0.306s] Level 1:colcon.colcon_core.package_discovery:discover_packages(path) using defaults
[0.323s] Level 1:colcon.colcon_core.package_discovery:discover_packages(prefix_path) check parameters
[0.324s] Level 1:colcon.colcon_core.package_discovery:discover_packages(prefix_path) discover
[0.325s] DEBUG:colcon.colcon_installed_package_information.package_discovery:Found 3 installed packages in /home/victor/Caramelo_workspace/install
[0.327s] DEBUG:colcon.colcon_installed_package_information.package_discovery:Found 431 installed packages in /opt/ros/humble
[0.329s] Level 1:colcon.colcon_core.package_discovery:discover_packages(prefix_path) using defaults
[0.374s] Level 5:colcon.colcon_core.verb:set package 'caramelo_exemples' build argument 'cmake_args' from command line to 'None'
[0.374s] Level 5:colcon.colcon_core.verb:set package 'caramelo_exemples' build argument 'cmake_target' from command line to 'None'
[0.374s] Level 5:colcon.colcon_core.verb:set package 'caramelo_exemples' build argument 'cmake_target_skip_unavailable' from command line to 'False'
[0.374s] Level 5:colcon.colcon_core.verb:set package 'caramelo_exemples' build argument 'cmake_clean_cache' from command line to 'False'
[0.374s] Level 5:colcon.colcon_core.verb:set package 'caramelo_exemples' build argument 'cmake_clean_first' from command line to 'False'
[0.374s] Level 5:colcon.colcon_core.verb:set package 'caramelo_exemples' build argument 'cmake_force_configure' from command line to 'False'
[0.374s] Level 5:colcon.colcon_core.verb:set package 'caramelo_exemples' build argument 'ament_cmake_args' from command line to 'None'
[0.374s] Level 5:colcon.colcon_core.verb:set package 'caramelo_exemples' build argument 'catkin_cmake_args' from command line to 'None'
[0.374s] Level 5:colcon.colcon_core.verb:set package 'caramelo_exemples' build argument 'catkin_skip_building_tests' from command line to 'False'
[0.374s] DEBUG:colcon.colcon_core.verb:Building package 'caramelo_exemples' with the following arguments: {'ament_cmake_args': None, 'build_base': '/home/victor/Caramelo_workspace/build/caramelo_exemples', 'catkin_cmake_args': None, 'catkin_skip_building_tests': False, 'cmake_args': None, 'cmake_clean_cache': False, 'cmake_clean_first': False, 'cmake_force_configure': False, 'cmake_target': None, 'cmake_target_skip_unavailable': False, 'install_base': '/home/victor/Caramelo_workspace/install/caramelo_exemples', 'merge_install': False, 'path': '/home/victor/Caramelo_workspace/src/caramelo_exemples', 'symlink_install': False, 'test_result_base': None}
[0.375s] Level 5:colcon.colcon_core.verb:set package 'caramelo_localization' build argument 'cmake_args' from command line to 'None'
[0.375s] Level 5:colcon.colcon_core.verb:set package 'caramelo_localization' build argument 'cmake_target' from command line to 'None'
[0.375s] Level 5:colcon.colcon_core.verb:set package 'caramelo_localization' build argument 'cmake_target_skip_unavailable' from command line to 'False'
[0.375s] Level 5:colcon.colcon_core.verb:set package 'caramelo_localization' build argument 'cmake_clean_cache' from command line to 'False'
[0.375s] Level 5:colcon.colcon_core.verb:set package 'caramelo_localization' build argument 'cmake_clean_first' from command line to 'False'
[0.375s] Level 5:colcon.colcon_core.verb:set package 'caramelo_localization' build argument 'cmake_force_configure' from command line to 'False'
[0.375s] Level 5:colcon.colcon_core.verb:set package 'caramelo_localization' build argument 'ament_cmake_args' from command line to 'None'
[0.375s] Level 5:colcon.colcon_core.verb:set package 'caramelo_localization' build argument 'catkin_cmake_args' from command line to 'None'
[0.375s] Level 5:colcon.colcon_core.verb:set package 'caramelo_localization' build argument 'catkin_skip_building_tests' from command line to 'False'
[0.375s] DEBUG:colcon.colcon_core.verb:Building package 'caramelo_localization' with the following arguments: {'ament_cmake_args': None, 'build_base': '/home/victor/Caramelo_workspace/build/caramelo_localization', 'catkin_cmake_args': None, 'catkin_skip_building_tests': False, 'cmake_args': None, 'cmake_clean_cache': False, 'cmake_clean_first': False, 'cmake_force_configure': False, 'cmake_target': None, 'cmake_target_skip_unavailable': False, 'install_base': '/home/victor/Caramelo_workspace/install/caramelo_localization', 'merge_install': False, 'path': '/home/victor/Caramelo_workspace/src/caramelo_localization', 'symlink_install': False, 'test_result_base': None}
[0.375s] Level 5:colcon.colcon_core.verb:set package 'caramelo_simulation' build argument 'cmake_args' from command line to 'None'
[0.375s] Level 5:colcon.colcon_core.verb:set package 'caramelo_simulation' build argument 'cmake_target' from command line to 'None'
[0.376s] Level 5:colcon.colcon_core.verb:set package 'caramelo_simulation' build argument 'cmake_target_skip_unavailable' from command line to 'False'
[0.376s] Level 5:colcon.colcon_core.verb:set package 'caramelo_simulation' build argument 'cmake_clean_cache' from command line to 'False'
[0.376s] Level 5:colcon.colcon_core.verb:set package 'caramelo_simulation' build argument 'cmake_clean_first' from command line to 'False'
[0.376s] Level 5:colcon.colcon_core.verb:set package 'caramelo_simulation' build argument 'cmake_force_configure' from command line to 'False'
[0.376s] Level 5:colcon.colcon_core.verb:set package 'caramelo_simulation' build argument 'ament_cmake_args' from command line to 'None'
[0.376s] Level 5:colcon.colcon_core.verb:set package 'caramelo_simulation' build argument 'catkin_cmake_args' from command line to 'None'
[0.376s] Level 5:colcon.colcon_core.verb:set package 'caramelo_simulation' build argument 'catkin_skip_building_tests' from command line to 'False'
[0.376s] DEBUG:colcon.colcon_core.verb:Building package 'caramelo_simulation' with the following arguments: {'ament_cmake_args': None, 'build_base': '/home/victor/Caramelo_workspace/build/caramelo_simulation', 'catkin_cmake_args': None, 'catkin_skip_building_tests': False, 'cmake_args': None, 'cmake_clean_cache': False, 'cmake_clean_first': False, 'cmake_force_configure': False, 'cmake_target': None, 'cmake_target_skip_unavailable': False, 'install_base': '/home/victor/Caramelo_workspace/install/caramelo_simulation', 'merge_install': False, 'path': '/home/victor/Caramelo_workspace/src/caramelo_simulation', 'symlink_install': False, 'test_result_base': None}
[0.376s] INFO:colcon.colcon_core.executor:Executing jobs using 'parallel' executor
[0.377s] DEBUG:colcon.colcon_parallel_executor.executor.parallel:run_until_complete
[0.377s] INFO:colcon.colcon_ros.task.ament_python.build:Building ROS package in '/home/victor/Caramelo_workspace/src/caramelo_exemples' with build type 'ament_python'
[0.377s] Level 1:colcon.colcon_core.shell:create_environment_hook('caramelo_exemples', 'ament_prefix_path')
[0.379s] INFO:colcon.colcon_core.plugin_system:Skipping extension 'colcon_core.shell.bat': Not used on non-Windows systems
[0.380s] INFO:colcon.colcon_core.shell:Creating environment hook '/home/victor/Caramelo_workspace/install/caramelo_exemples/share/caramelo_exemples/hook/ament_prefix_path.ps1'
[0.380s] INFO:colcon.colcon_core.shell:Creating environment descriptor '/home/victor/Caramelo_workspace/install/caramelo_exemples/share/caramelo_exemples/hook/ament_prefix_path.dsv'
[0.381s] INFO:colcon.colcon_core.shell:Creating environment hook '/home/victor/Caramelo_workspace/install/caramelo_exemples/share/caramelo_exemples/hook/ament_prefix_path.sh'
[0.381s] INFO:colcon.colcon_core.shell:Skip shell extension 'powershell' for command environment: Not usable outside of PowerShell
[0.381s] DEBUG:colcon.colcon_core.shell:Skip shell extension 'dsv' for command environment
[0.385s] INFO:colcon.colcon_ros.task.ament_python.build:Building ROS package in '/home/victor/Caramelo_workspace/src/caramelo_localization' with build type 'ament_python'
[0.385s] Level 1:colcon.colcon_core.shell:create_environment_hook('caramelo_localization', 'ament_prefix_path')
[0.385s] INFO:colcon.colcon_core.shell:Creating environment hook '/home/victor/Caramelo_workspace/install/caramelo_localization/share/caramelo_localization/hook/ament_prefix_path.ps1'
[0.386s] INFO:colcon.colcon_core.shell:Creating environment descriptor '/home/victor/Caramelo_workspace/install/caramelo_localization/share/caramelo_localization/hook/ament_prefix_path.dsv'
[0.386s] INFO:colcon.colcon_core.shell:Creating environment hook '/home/victor/Caramelo_workspace/install/caramelo_localization/share/caramelo_localization/hook/ament_prefix_path.sh'
[0.387s] INFO:colcon.colcon_core.shell:Skip shell extension 'powershell' for command environment: Not usable outside of PowerShell
[0.387s] DEBUG:colcon.colcon_core.shell:Skip shell extension 'dsv' for command environment
[0.391s] INFO:colcon.colcon_ros.task.ament_python.build:Building ROS package in '/home/victor/Caramelo_workspace/src/caramelo_simulation' with build type 'ament_python'
[0.391s] Level 1:colcon.colcon_core.shell:create_environment_hook('caramelo_simulation', 'ament_prefix_path')
[0.391s] INFO:colcon.colcon_core.shell:Creating environment hook '/home/victor/Caramelo_workspace/install/caramelo_simulation/share/caramelo_simulation/hook/ament_prefix_path.ps1'
[0.392s] INFO:colcon.colcon_core.shell:Creating environment descriptor '/home/victor/Caramelo_workspace/install/caramelo_simulation/share/caramelo_simulation/hook/ament_prefix_path.dsv'
[0.392s] INFO:colcon.colcon_core.shell:Creating environment hook '/home/victor/Caramelo_workspace/install/caramelo_simulation/share/caramelo_simulation/hook/ament_prefix_path.sh'
[0.393s] INFO:colcon.colcon_core.shell:Skip shell extension 'powershell' for command environment: Not usable outside of PowerShell
[0.393s] DEBUG:colcon.colcon_core.shell:Skip shell extension 'dsv' for command environment
[0.648s] INFO:colcon.colcon_core.task.python.build:Building Python package in '/home/victor/Caramelo_workspace/src/caramelo_exemples'
[0.649s] INFO:colcon.colcon_core.shell:Skip shell extension 'powershell' for command environment: Not usable outside of PowerShell
[0.649s] DEBUG:colcon.colcon_core.shell:Skip shell extension 'dsv' for command environment
[0.920s] INFO:colcon.colcon_core.task.python.build:Building Python package in '/home/victor/Caramelo_workspace/src/caramelo_localization'
[0.920s] INFO:colcon.colcon_core.shell:Skip shell extension 'powershell' for command environment: Not usable outside of PowerShell
[0.920s] DEBUG:colcon.colcon_core.shell:Skip shell extension 'dsv' for command environment
[1.166s] INFO:colcon.colcon_core.task.python.build:Building Python package in '/home/victor/Caramelo_workspace/src/caramelo_simulation'
[1.166s] INFO:colcon.colcon_core.shell:Skip shell extension 'powershell' for command environment: Not usable outside of PowerShell
[1.166s] DEBUG:colcon.colcon_core.shell:Skip shell extension 'dsv' for command environment
[1.631s] DEBUG:colcon.colcon_core.event_handler.log_command:Invoking command in '/home/victor/Caramelo_workspace/src/caramelo_localization': PYTHONPATH=/home/victor/Caramelo_workspace/build/caramelo_localization/prefix_override:/usr/lib/python3/dist-packages/colcon_core/task/python/colcon_distutils_commands:/home/victor/Caramelo_workspace/install/caramelo_localization/lib/python3.10/site-packages:${PYTHONPATH} /usr/bin/python3 -W ignore:setup.py install is deprecated -W ignore:easy_install command is deprecated setup.py egg_info --egg-base ../../build/caramelo_localization build --build-base /home/victor/Caramelo_workspace/build/caramelo_localization/build install --record /home/victor/Caramelo_workspace/build/caramelo_localization/install.log --single-version-externally-managed install_data
[1.633s] DEBUG:colcon.colcon_core.event_handler.log_command:Invoking command in '/home/victor/Caramelo_workspace/src/caramelo_exemples': PYTHONPATH=/home/victor/Caramelo_workspace/build/caramelo_exemples/prefix_override:/usr/lib/python3/dist-packages/colcon_core/task/python/colcon_distutils_commands:/home/victor/Caramelo_workspace/install/caramelo_exemples/lib/python3.10/site-packages:${PYTHONPATH} /usr/bin/python3 -W ignore:setup.py install is deprecated -W ignore:easy_install command is deprecated setup.py egg_info --egg-base ../../build/caramelo_exemples build --build-base /home/victor/Caramelo_workspace/build/caramelo_exemples/build install --record /home/victor/Caramelo_workspace/build/caramelo_exemples/install.log --single-version-externally-managed install_data
[1.636s] DEBUG:colcon.colcon_core.event_handler.log_command:Invoking command in '/home/victor/Caramelo_workspace/src/caramelo_simulation': PYTHONPATH=/home/victor/Caramelo_workspace/build/caramelo_simulation/prefix_override:/usr/lib/python3/dist-packages/colcon_core/task/python/colcon_distutils_commands:/home/victor/Caramelo_workspace/install/caramelo_simulation/lib/python3.10/site-packages:${PYTHONPATH} /usr/bin/python3 -W ignore:setup.py install is deprecated -W ignore:easy_install command is deprecated setup.py egg_info --egg-base ../../build/caramelo_simulation build --build-base /home/victor/Caramelo_workspace/build/caramelo_simulation/build install --record /home/victor/Caramelo_workspace/build/caramelo_simulation/install.log --single-version-externally-managed install_data
[1.933s] DEBUG:colcon.colcon_core.event_handler.log_command:Invoked command in '/home/victor/Caramelo_workspace/src/caramelo_localization' returned '0': PYTHONPATH=/home/victor/Caramelo_workspace/build/caramelo_localization/prefix_override:/usr/lib/python3/dist-packages/colcon_core/task/python/colcon_distutils_commands:/home/victor/Caramelo_workspace/install/caramelo_localization/lib/python3.10/site-packages:${PYTHONPATH} /usr/bin/python3 -W ignore:setup.py install is deprecated -W ignore:easy_install command is deprecated setup.py egg_info --egg-base ../../build/caramelo_localization build --build-base /home/victor/Caramelo_workspace/build/caramelo_localization/build install --record /home/victor/Caramelo_workspace/build/caramelo_localization/install.log --single-version-externally-managed install_data
[1.935s] Level 1:colcon.colcon_core.environment:checking '/home/victor/Caramelo_workspace/install/caramelo_localization' for CMake module files
[1.936s] Level 1:colcon.colcon_core.environment:checking '/home/victor/Caramelo_workspace/install/caramelo_localization' for CMake config files
[1.937s] Level 1:colcon.colcon_core.environment:checking '/home/victor/Caramelo_workspace/install/caramelo_localization/lib'
[1.937s] Level 1:colcon.colcon_core.environment:checking '/home/victor/Caramelo_workspace/install/caramelo_localization/bin'
[1.937s] Level 1:colcon.colcon_core.environment:checking '/home/victor/Caramelo_workspace/install/caramelo_localization/lib/pkgconfig/caramelo_localization.pc'
[1.937s] Level 1:colcon.colcon_core.environment:checking '/home/victor/Caramelo_workspace/install/caramelo_localization/lib/python3.10/site-packages'
[1.937s] Level 1:colcon.colcon_core.shell:create_environment_hook('caramelo_localization', 'pythonpath')
[1.938s] INFO:colcon.colcon_core.shell:Creating environment hook '/home/victor/Caramelo_workspace/install/caramelo_localization/share/caramelo_localization/hook/pythonpath.ps1'
[1.938s] INFO:colcon.colcon_core.shell:Creating environment descriptor '/home/victor/Caramelo_workspace/install/caramelo_localization/share/caramelo_localization/hook/pythonpath.dsv'
[1.939s] INFO:colcon.colcon_core.shell:Creating environment hook '/home/victor/Caramelo_workspace/install/caramelo_localization/share/caramelo_localization/hook/pythonpath.sh'
[1.939s] Level 1:colcon.colcon_core.environment:checking '/home/victor/Caramelo_workspace/install/caramelo_localization/bin'
[1.939s] Level 1:colcon.colcon_core.environment:create_environment_scripts_only(caramelo_localization)
[1.939s] INFO:colcon.colcon_core.shell:Creating package script '/home/victor/Caramelo_workspace/install/caramelo_localization/share/caramelo_localization/package.ps1'
[1.940s] INFO:colcon.colcon_core.shell:Creating package descriptor '/home/victor/Caramelo_workspace/install/caramelo_localization/share/caramelo_localization/package.dsv'
[1.941s] INFO:colcon.colcon_core.shell:Creating package script '/home/victor/Caramelo_workspace/install/caramelo_localization/share/caramelo_localization/package.sh'
[1.941s] INFO:colcon.colcon_core.shell:Creating package script '/home/victor/Caramelo_workspace/install/caramelo_localization/share/caramelo_localization/package.bash'
[1.942s] INFO:colcon.colcon_core.shell:Creating package script '/home/victor/Caramelo_workspace/install/caramelo_localization/share/caramelo_localization/package.zsh'
[1.943s] Level 1:colcon.colcon_core.environment:create_file_with_runtime_dependencies(/home/victor/Caramelo_workspace/install/caramelo_localization/share/colcon-core/packages/caramelo_localization)
[1.944s] Level 1:colcon.colcon_core.environment:checking '/home/victor/Caramelo_workspace/install/caramelo_exemples' for CMake module files
[1.945s] Level 1:colcon.colcon_core.environment:checking '/home/victor/Caramelo_workspace/install/caramelo_exemples' for CMake config files
[1.945s] DEBUG:colcon.colcon_core.event_handler.log_command:Invoked command in '/home/victor/Caramelo_workspace/src/caramelo_exemples' returned '0': PYTHONPATH=/home/victor/Caramelo_workspace/build/caramelo_exemples/prefix_override:/usr/lib/python3/dist-packages/colcon_core/task/python/colcon_distutils_commands:/home/victor/Caramelo_workspace/install/caramelo_exemples/lib/python3.10/site-packages:${PYTHONPATH} /usr/bin/python3 -W ignore:setup.py install is deprecated -W ignore:easy_install command is deprecated setup.py egg_info --egg-base ../../build/caramelo_exemples build --build-base /home/victor/Caramelo_workspace/build/caramelo_exemples/build install --record /home/victor/Caramelo_workspace/build/caramelo_exemples/install.log --single-version-externally-managed install_data
[1.946s] Level 1:colcon.colcon_core.environment:checking '/home/victor/Caramelo_workspace/install/caramelo_exemples/lib'
[1.946s] Level 1:colcon.colcon_core.environment:checking '/home/victor/Caramelo_workspace/install/caramelo_exemples/bin'
[1.946s] Level 1:colcon.colcon_core.environment:checking '/home/victor/Caramelo_workspace/install/caramelo_exemples/lib/pkgconfig/caramelo_exemples.pc'
[1.946s] Level 1:colcon.colcon_core.environment:checking '/home/victor/Caramelo_workspace/install/caramelo_exemples/lib/python3.10/site-packages'
[1.946s] Level 1:colcon.colcon_core.shell:create_environment_hook('caramelo_exemples', 'pythonpath')
[1.947s] INFO:colcon.colcon_core.shell:Creating environment hook '/home/victor/Caramelo_workspace/install/caramelo_exemples/share/caramelo_exemples/hook/pythonpath.ps1'
[1.947s] INFO:colcon.colcon_core.shell:Creating environment descriptor '/home/victor/Caramelo_workspace/install/caramelo_exemples/share/caramelo_exemples/hook/pythonpath.dsv'
[1.947s] INFO:colcon.colcon_core.shell:Creating environment hook '/home/victor/Caramelo_workspace/install/caramelo_exemples/share/caramelo_exemples/hook/pythonpath.sh'
[1.948s] Level 1:colcon.colcon_core.environment:checking '/home/victor/Caramelo_workspace/install/caramelo_exemples/bin'
[1.948s] Level 1:colcon.colcon_core.environment:create_environment_scripts_only(caramelo_exemples)
[1.949s] INFO:colcon.colcon_core.shell:Creating package script '/home/victor/Caramelo_workspace/install/caramelo_exemples/share/caramelo_exemples/package.ps1'
[1.949s] INFO:colcon.colcon_core.shell:Creating package descriptor '/home/victor/Caramelo_workspace/install/caramelo_exemples/share/caramelo_exemples/package.dsv'
[1.950s] INFO:colcon.colcon_core.shell:Creating package script '/home/victor/Caramelo_workspace/install/caramelo_exemples/share/caramelo_exemples/package.sh'
[1.950s] INFO:colcon.colcon_core.shell:Creating package script '/home/victor/Caramelo_workspace/install/caramelo_exemples/share/caramelo_exemples/package.bash'
[1.950s] INFO:colcon.colcon_core.shell:Creating package script '/home/victor/Caramelo_workspace/install/caramelo_exemples/share/caramelo_exemples/package.zsh'
[1.951s] Level 1:colcon.colcon_core.environment:create_file_with_runtime_dependencies(/home/victor/Caramelo_workspace/install/caramelo_exemples/share/colcon-core/packages/caramelo_exemples)
[1.951s] Level 1:colcon.colcon_core.environment:checking '/home/victor/Caramelo_workspace/install/caramelo_simulation' for CMake module files
[1.952s] Level 1:colcon.colcon_core.environment:checking '/home/victor/Caramelo_workspace/install/caramelo_simulation' for CMake config files
[1.953s] DEBUG:colcon.colcon_core.event_handler.log_command:Invoked command in '/home/victor/Caramelo_workspace/src/caramelo_simulation' returned '0': PYTHONPATH=/home/victor/Caramelo_workspace/build/caramelo_simulation/prefix_override:/usr/lib/python3/dist-packages/colcon_core/task/python/colcon_distutils_commands:/home/victor/Caramelo_workspace/install/caramelo_simulation/lib/python3.10/site-packages:${PYTHONPATH} /usr/bin/python3 -W ignore:setup.py install is deprecated -W ignore:easy_install command is deprecated setup.py egg_info --egg-base ../../build/caramelo_simulation build --build-base /home/victor/Caramelo_workspace/build/caramelo_simulation/build install --record /home/victor/Caramelo_workspace/build/caramelo_simulation/install.log --single-version-externally-managed install_data
[1.953s] Level 1:colcon.colcon_core.environment:checking '/home/victor/Caramelo_workspace/install/caramelo_simulation/lib'
[1.953s] Level 1:colcon.colcon_core.environment:checking '/home/victor/Caramelo_workspace/install/caramelo_simulation/bin'
[1.953s] Level 1:colcon.colcon_core.environment:checking '/home/victor/Caramelo_workspace/install/caramelo_simulation/lib/pkgconfig/caramelo_simulation.pc'
[1.954s] Level 1:colcon.colcon_core.environment:checking '/home/victor/Caramelo_workspace/install/caramelo_simulation/lib/python3.10/site-packages'
[1.954s] Level 1:colcon.colcon_core.shell:create_environment_hook('caramelo_simulation', 'pythonpath')
[1.954s] INFO:colcon.colcon_core.shell:Creating environment hook '/home/victor/Caramelo_workspace/install/caramelo_simulation/share/caramelo_simulation/hook/pythonpath.ps1'
[1.955s] INFO:colcon.colcon_core.shell:Creating environment descriptor '/home/victor/Caramelo_workspace/install/caramelo_simulation/share/caramelo_simulation/hook/pythonpath.dsv'
[1.955s] INFO:colcon.colcon_core.shell:Creating environment hook '/home/victor/Caramelo_workspace/install/caramelo_simulation/share/caramelo_simulation/hook/pythonpath.sh'
[1.956s] Level 1:colcon.colcon_core.environment:checking '/home/victor/Caramelo_workspace/install/caramelo_simulation/bin'
[1.956s] Level 1:colcon.colcon_core.environment:create_environment_scripts_only(caramelo_simulation)
[1.956s] INFO:colcon.colcon_core.shell:Creating package script '/home/victor/Caramelo_workspace/install/caramelo_simulation/share/caramelo_simulation/package.ps1'
[1.957s] INFO:colcon.colcon_core.shell:Creating package descriptor '/home/victor/Caramelo_workspace/install/caramelo_simulation/share/caramelo_simulation/package.dsv'
[1.957s] INFO:colcon.colcon_core.shell:Creating package script '/home/victor/Caramelo_workspace/install/caramelo_simulation/share/caramelo_simulation/package.sh'
[1.958s] INFO:colcon.colcon_core.shell:Creating package script '/home/victor/Caramelo_workspace/install/caramelo_simulation/share/caramelo_simulation/package.bash'
[1.958s] INFO:colcon.colcon_core.shell:Creating package script '/home/victor/Caramelo_workspace/install/caramelo_simulation/share/caramelo_simulation/package.zsh'
[1.959s] Level 1:colcon.colcon_core.environment:create_file_with_runtime_dependencies(/home/victor/Caramelo_workspace/install/caramelo_simulation/share/colcon-core/packages/caramelo_simulation)
[1.959s] DEBUG:colcon.colcon_parallel_executor.executor.parallel:closing loop
[1.959s] DEBUG:colcon.colcon_parallel_executor.executor.parallel:loop closed
[1.960s] DEBUG:colcon.colcon_parallel_executor.executor.parallel:run_until_complete finished with '0'
[1.960s] DEBUG:colcon.colcon_core.event_reactor:joining thread
[1.964s] INFO:colcon.colcon_core.plugin_system:Skipping extension 'colcon_notification.desktop_notification.terminal_notifier': Not used on non-Darwin systems
[1.965s] INFO:colcon.colcon_core.plugin_system:Skipping extension 'colcon_notification.desktop_notification.win32': Not used on non-Windows systems
[1.965s] INFO:colcon.colcon_notification.desktop_notification:Sending desktop notification using 'notify2'
[1.974s] DEBUG:colcon.colcon_core.event_reactor:joined thread
[1.975s] INFO:colcon.colcon_core.shell:Creating prefix script '/home/victor/Caramelo_workspace/install/local_setup.ps1'
[1.976s] INFO:colcon.colcon_core.shell:Creating prefix util module '/home/victor/Caramelo_workspace/install/_local_setup_util_ps1.py'
[1.977s] INFO:colcon.colcon_core.shell:Creating prefix chain script '/home/victor/Caramelo_workspace/install/setup.ps1'
[1.978s] INFO:colcon.colcon_core.shell:Creating prefix script '/home/victor/Caramelo_workspace/install/local_setup.sh'
[1.979s] INFO:colcon.colcon_core.shell:Creating prefix util module '/home/victor/Caramelo_workspace/install/_local_setup_util_sh.py'
[1.980s] INFO:colcon.colcon_core.shell:Creating prefix chain script '/home/victor/Caramelo_workspace/install/setup.sh'
[1.981s] INFO:colcon.colcon_core.shell:Creating prefix script '/home/victor/Caramelo_workspace/install/local_setup.bash'
[1.982s] INFO:colcon.colcon_core.shell:Creating prefix chain script '/home/victor/Caramelo_workspace/install/setup.bash'
[1.983s] INFO:colcon.colcon_core.shell:Creating prefix script '/home/victor/Caramelo_workspace/install/local_setup.zsh'
[1.984s] INFO:colcon.colcon_core.shell:Creating prefix chain script '/home/victor/Caramelo_workspace/install/setup.zsh'
