[0.710s] Invoking command in '/home/victor/Caramelo_workspace/src/caramelo_simulation': PYTHONPATH=/home/victor/Caramelo_workspace/build/caramelo_simulation/prefix_override:/usr/lib/python3/dist-packages/colcon_core/task/python/colcon_distutils_commands:/home/victor/Caramelo_workspace/install/caramelo_simulation/lib/python3.10/site-packages:${PYTHONPATH} /usr/bin/python3 -W ignore:setup.py install is deprecated setup.py egg_info --egg-base ../../build/caramelo_simulation build --build-base /home/victor/Caramelo_workspace/build/caramelo_simulation/build install --record /home/victor/Caramelo_workspace/build/caramelo_simulation/install.log --single-version-externally-managed install_data
[0.936s] running egg_info
[0.936s] creating ../../build/caramelo_simulation/caramelo_simulation.egg-info
[0.937s] writing ../../build/caramelo_simulation/caramelo_simulation.egg-info/PKG-INFO
[0.937s] writing dependency_links to ../../build/caramelo_simulation/caramelo_simulation.egg-info/dependency_links.txt
[0.937s] writing entry points to ../../build/caramelo_simulation/caramelo_simulation.egg-info/entry_points.txt
[0.937s] writing requirements to ../../build/caramelo_simulation/caramelo_simulation.egg-info/requires.txt
[0.937s] writing top-level names to ../../build/caramelo_simulation/caramelo_simulation.egg-info/top_level.txt
[0.937s] writing manifest file '../../build/caramelo_simulation/caramelo_simulation.egg-info/SOURCES.txt'
[0.939s] reading manifest file '../../build/caramelo_simulation/caramelo_simulation.egg-info/SOURCES.txt'
[0.939s] writing manifest file '../../build/caramelo_simulation/caramelo_simulation.egg-info/SOURCES.txt'
[0.940s] running build
[0.940s] running build_py
[0.940s] creating /home/victor/Caramelo_workspace/build/caramelo_simulation/build
[0.940s] creating /home/victor/Caramelo_workspace/build/caramelo_simulation/build/lib
[0.940s] creating /home/victor/Caramelo_workspace/build/caramelo_simulation/build/lib/caramelo_simulation
[0.940s] copying caramelo_simulation/__init__.py -> /home/victor/Caramelo_workspace/build/caramelo_simulation/build/lib/caramelo_simulation
[0.940s] running install
[0.940s] running install_lib
[0.941s] creating /home/victor/Caramelo_workspace/install/caramelo_simulation/lib/python3.10/site-packages/caramelo_simulation
[0.941s] copying /home/victor/Caramelo_workspace/build/caramelo_simulation/build/lib/caramelo_simulation/__init__.py -> /home/victor/Caramelo_workspace/install/caramelo_simulation/lib/python3.10/site-packages/caramelo_simulation
[0.941s] byte-compiling /home/victor/Caramelo_workspace/install/caramelo_simulation/lib/python3.10/site-packages/caramelo_simulation/__init__.py to __init__.cpython-310.pyc
[0.942s] running install_data
[0.942s] copying package.xml -> /home/victor/Caramelo_workspace/install/caramelo_simulation/share/caramelo_simulation
[0.942s] creating /home/victor/Caramelo_workspace/install/caramelo_simulation/share/caramelo_simulation/config
[0.942s] copying config/mapper_params_online_async.yaml -> /home/victor/Caramelo_workspace/install/caramelo_simulation/share/caramelo_simulation/config
[0.942s] copying config/view_robot.rviz -> /home/victor/Caramelo_workspace/install/caramelo_simulation/share/caramelo_simulation/config
[0.942s] creating /home/victor/Caramelo_workspace/install/caramelo_simulation/share/caramelo_simulation/description
[0.942s] copying description/inertial_macros.xacro -> /home/victor/Caramelo_workspace/install/caramelo_simulation/share/caramelo_simulation/description
[0.942s] copying description/laser.xacro -> /home/victor/Caramelo_workspace/install/caramelo_simulation/share/caramelo_simulation/description
[0.942s] copying description/robot.urdf.xacro -> /home/victor/Caramelo_workspace/install/caramelo_simulation/share/caramelo_simulation/description
[0.942s] copying description/camera.xacro -> /home/victor/Caramelo_workspace/install/caramelo_simulation/share/caramelo_simulation/description
[0.942s] copying description/robot_core.xacro -> /home/victor/Caramelo_workspace/install/caramelo_simulation/share/caramelo_simulation/description
[0.943s] copying description/gazebo_control.xacro -> /home/victor/Caramelo_workspace/install/caramelo_simulation/share/caramelo_simulation/description
[0.943s] creating /home/victor/Caramelo_workspace/install/caramelo_simulation/share/caramelo_simulation/launch
[0.943s] copying launch/launch_worldsim.launch.py -> /home/victor/Caramelo_workspace/install/caramelo_simulation/share/caramelo_simulation/launch
[0.943s] copying launch/rplidar.launch.py -> /home/victor/Caramelo_workspace/install/caramelo_simulation/share/caramelo_simulation/launch
[0.943s] copying launch/rsp.launch.py -> /home/victor/Caramelo_workspace/install/caramelo_simulation/share/caramelo_simulation/launch
[0.943s] copying launch/launch_sim.launch.py -> /home/victor/Caramelo_workspace/install/caramelo_simulation/share/caramelo_simulation/launch
[0.943s] copying launch/camera.launch..py -> /home/victor/Caramelo_workspace/install/caramelo_simulation/share/caramelo_simulation/launch
[0.943s] creating /home/victor/Caramelo_workspace/install/caramelo_simulation/share/caramelo_simulation/worlds
[0.943s] copying worlds/simple_room_with_fixed_boxes.world -> /home/victor/Caramelo_workspace/install/caramelo_simulation/share/caramelo_simulation/worlds
[0.943s] copying worlds/empty.world -> /home/victor/Caramelo_workspace/install/caramelo_simulation/share/caramelo_simulation/worlds
[0.943s] creating /home/victor/Caramelo_workspace/install/caramelo_simulation/share/caramelo_simulation/models
[0.943s] creating /home/victor/Caramelo_workspace/install/caramelo_simulation/share/caramelo_simulation/photos
[0.943s] running install_egg_info
[0.945s] Copying ../../build/caramelo_simulation/caramelo_simulation.egg-info to /home/victor/Caramelo_workspace/install/caramelo_simulation/lib/python3.10/site-packages/caramelo_simulation-0.0.1-py3.10.egg-info
[0.946s] running install_scripts
[0.964s] writing list of installed files to '/home/victor/Caramelo_workspace/build/caramelo_simulation/install.log'
[0.982s] Invoked command in '/home/victor/Caramelo_workspace/src/caramelo_simulation' returned '0': PYTHONPATH=/home/victor/Caramelo_workspace/build/caramelo_simulation/prefix_override:/usr/lib/python3/dist-packages/colcon_core/task/python/colcon_distutils_commands:/home/victor/Caramelo_workspace/install/caramelo_simulation/lib/python3.10/site-packages:${PYTHONPATH} /usr/bin/python3 -W ignore:setup.py install is deprecated setup.py egg_info --egg-base ../../build/caramelo_simulation build --build-base /home/victor/Caramelo_workspace/build/caramelo_simulation/build install --record /home/victor/Caramelo_workspace/build/caramelo_simulation/install.log --single-version-externally-managed install_data
