[0.922s] Invoking command in '/home/victor/Caramelo_workspace/build/caramelo_simulation': PYTHONPATH=/home/victor/Caramelo_workspace/build/caramelo_simulation/prefix_override:/usr/lib/python3/dist-packages/colcon_core/task/python/colcon_distutils_commands:/home/victor/Caramelo_workspace/install/caramelo_simulation/lib/python3.10/site-packages:${PYTHONPATH} /usr/bin/python3 -W ignore:setup.py install is deprecated setup.py develop --uninstall --editable --build-directory /home/victor/Caramelo_workspace/build/caramelo_simulation/build
[1.166s] running develop
[1.166s] /usr/lib/python3/dist-packages/setuptools/command/easy_install.py:158: EasyInstallDeprecationWarning: easy_install command is deprecated. Use build and pip and other standards-based tools.
[1.166s]   warnings.warn(
[1.346s] Removing /home/victor/Caramelo_workspace/install/caramelo_simulation/lib/python3.10/site-packages/caramelo-simulation.egg-link (link to .)
[1.369s] Invoked command in '/home/victor/Caramelo_workspace/build/caramelo_simulation' returned '0': PYTHONPATH=/home/victor/Caramelo_workspace/build/caramelo_simulation/prefix_override:/usr/lib/python3/dist-packages/colcon_core/task/python/colcon_distutils_commands:/home/victor/Caramelo_workspace/install/caramelo_simulation/lib/python3.10/site-packages:${PYTHONPATH} /usr/bin/python3 -W ignore:setup.py install is deprecated setup.py develop --uninstall --editable --build-directory /home/victor/Caramelo_workspace/build/caramelo_simulation/build
[1.370s] Invoking command in '/home/victor/Caramelo_workspace/src/caramelo_simulation': PYTHONPATH=/home/victor/Caramelo_workspace/build/caramelo_simulation/prefix_override:/usr/lib/python3/dist-packages/colcon_core/task/python/colcon_distutils_commands:/home/victor/Caramelo_workspace/install/caramelo_simulation/lib/python3.10/site-packages:${PYTHONPATH} /usr/bin/python3 -W ignore:setup.py install is deprecated setup.py egg_info --egg-base ../../build/caramelo_simulation build --build-base /home/victor/Caramelo_workspace/build/caramelo_simulation/build install --record /home/victor/Caramelo_workspace/build/caramelo_simulation/install.log --single-version-externally-managed install_data --force
[1.607s] running egg_info
[1.607s] writing ../../build/caramelo_simulation/caramelo_simulation.egg-info/PKG-INFO
[1.608s] writing dependency_links to ../../build/caramelo_simulation/caramelo_simulation.egg-info/dependency_links.txt
[1.608s] writing entry points to ../../build/caramelo_simulation/caramelo_simulation.egg-info/entry_points.txt
[1.608s] writing requirements to ../../build/caramelo_simulation/caramelo_simulation.egg-info/requires.txt
[1.608s] writing top-level names to ../../build/caramelo_simulation/caramelo_simulation.egg-info/top_level.txt
[1.610s] reading manifest file '../../build/caramelo_simulation/caramelo_simulation.egg-info/SOURCES.txt'
[1.611s] writing manifest file '../../build/caramelo_simulation/caramelo_simulation.egg-info/SOURCES.txt'
[1.611s] running build
[1.612s] running build_py
[1.612s] creating /home/victor/Caramelo_workspace/build/caramelo_simulation/build
[1.612s] creating /home/victor/Caramelo_workspace/build/caramelo_simulation/build/lib
[1.612s] creating /home/victor/Caramelo_workspace/build/caramelo_simulation/build/lib/caramelo_simulation
[1.612s] copying caramelo_simulation/__init__.py -> /home/victor/Caramelo_workspace/build/caramelo_simulation/build/lib/caramelo_simulation
[1.612s] running install
[1.612s] running install_lib
[1.613s] creating /home/victor/Caramelo_workspace/install/caramelo_simulation/lib/python3.10/site-packages/caramelo_simulation
[1.613s] copying /home/victor/Caramelo_workspace/build/caramelo_simulation/build/lib/caramelo_simulation/__init__.py -> /home/victor/Caramelo_workspace/install/caramelo_simulation/lib/python3.10/site-packages/caramelo_simulation
[1.614s] byte-compiling /home/victor/Caramelo_workspace/install/caramelo_simulation/lib/python3.10/site-packages/caramelo_simulation/__init__.py to __init__.cpython-310.pyc
[1.614s] running install_data
[1.614s] copying resource/caramelo_simulation -> /home/victor/Caramelo_workspace/install/caramelo_simulation/share/ament_index/resource_index/packages
[1.614s] copying package.xml -> /home/victor/Caramelo_workspace/install/caramelo_simulation/share/caramelo_simulation
[1.614s] copying config/mapper_params_online_async.yaml -> /home/victor/Caramelo_workspace/install/caramelo_simulation/share/caramelo_simulation/config
[1.615s] copying config/view_robot.rviz -> /home/victor/Caramelo_workspace/install/caramelo_simulation/share/caramelo_simulation/config
[1.615s] copying description/inertial_macros.xacro -> /home/victor/Caramelo_workspace/install/caramelo_simulation/share/caramelo_simulation/description
[1.615s] copying description/laser.xacro -> /home/victor/Caramelo_workspace/install/caramelo_simulation/share/caramelo_simulation/description
[1.615s] copying description/robot.urdf.xacro -> /home/victor/Caramelo_workspace/install/caramelo_simulation/share/caramelo_simulation/description
[1.615s] copying description/camera.xacro -> /home/victor/Caramelo_workspace/install/caramelo_simulation/share/caramelo_simulation/description
[1.615s] copying description/robot_core.xacro -> /home/victor/Caramelo_workspace/install/caramelo_simulation/share/caramelo_simulation/description
[1.616s] copying description/gazebo_control.xacro -> /home/victor/Caramelo_workspace/install/caramelo_simulation/share/caramelo_simulation/description
[1.616s] copying launch/launch_worldsim.launch.py -> /home/victor/Caramelo_workspace/install/caramelo_simulation/share/caramelo_simulation/launch
[1.616s] copying launch/rplidar.launch.py -> /home/victor/Caramelo_workspace/install/caramelo_simulation/share/caramelo_simulation/launch
[1.616s] copying launch/rsp.launch.py -> /home/victor/Caramelo_workspace/install/caramelo_simulation/share/caramelo_simulation/launch
[1.616s] copying launch/launch_sim.launch.py -> /home/victor/Caramelo_workspace/install/caramelo_simulation/share/caramelo_simulation/launch
[1.616s] copying launch/camera.launch..py -> /home/victor/Caramelo_workspace/install/caramelo_simulation/share/caramelo_simulation/launch
[1.616s] copying worlds/simple_room_with_fixed_boxes.world -> /home/victor/Caramelo_workspace/install/caramelo_simulation/share/caramelo_simulation/worlds
[1.617s] copying worlds/small_warehouse.world -> /home/victor/Caramelo_workspace/install/caramelo_simulation/share/caramelo_simulation/worlds
[1.617s] copying worlds/empty.world -> /home/victor/Caramelo_workspace/install/caramelo_simulation/share/caramelo_simulation/worlds
[1.617s] copying worlds/small_house.world -> /home/victor/Caramelo_workspace/install/caramelo_simulation/share/caramelo_simulation/worlds
[1.617s] error: can't copy 'models/aws_robomaker_residential_Carpet_01': doesn't exist or not a regular file
[1.637s] Invoked command in '/home/victor/Caramelo_workspace/src/caramelo_simulation' returned '1': PYTHONPATH=/home/victor/Caramelo_workspace/build/caramelo_simulation/prefix_override:/usr/lib/python3/dist-packages/colcon_core/task/python/colcon_distutils_commands:/home/victor/Caramelo_workspace/install/caramelo_simulation/lib/python3.10/site-packages:${PYTHONPATH} /usr/bin/python3 -W ignore:setup.py install is deprecated setup.py egg_info --egg-base ../../build/caramelo_simulation build --build-base /home/victor/Caramelo_workspace/build/caramelo_simulation/build install --record /home/victor/Caramelo_workspace/build/caramelo_simulation/install.log --single-version-externally-managed install_data --force
